{"uid":"3991c78bd219b85d","name":"test_leave_community_baseline","fullName":"tests.test_leave_community.TestLeaveCommunity#test_leave_community_baseline","historyId":"ba5f179862c2394ab88a56b56e94ab6d","time":{"start":1739320674047,"stop":1739320716269,"duration":42222},"status":"failed","statusMessage":"AssertionError: Response does not contain 'result' key.","statusTrace":"tests/test_leave_community.py:13: in test_leave_community_baseline\n    self.join_created_communities()\nsrc/steps/common.py:176: in join_created_communities\n    response_to_join = self.first_node.request_to_join_community(community_id)\nsrc/node/status_node.py:197: in request_to_join_community\n    return self.api.send_rpc_request(\"wakuext_requestToJoinCommunity\", params)\n/opt/hostedtoolcache/Python/3.12.8/x64/lib/python3.12/site-packages/tenacity/__init__.py:289: in wrapped_f\n    return self(f, *args, **kw)\n/opt/hostedtoolcache/Python/3.12.8/x64/lib/python3.12/site-packages/tenacity/__init__.py:379: in __call__\n    do = self.iter(retry_state=retry_state)\n/opt/hostedtoolcache/Python/3.12.8/x64/lib/python3.12/site-packages/tenacity/__init__.py:325: in iter\n    raise retry_exc.reraise()\n/opt/hostedtoolcache/Python/3.12.8/x64/lib/python3.12/site-packages/tenacity/__init__.py:158: in reraise\n    raise self.last_attempt.result()\n/opt/hostedtoolcache/Python/3.12.8/x64/lib/python3.12/concurrent/futures/_base.py:449: in result\n    return self.__get_result()\n/opt/hostedtoolcache/Python/3.12.8/x64/lib/python3.12/concurrent/futures/_base.py:401: in __get_result\n    raise self._exception\n/opt/hostedtoolcache/Python/3.12.8/x64/lib/python3.12/site-packages/tenacity/__init__.py:382: in __call__\n    result = fn(*args, **kwargs)\nsrc/node/rpc_client.py:27: in send_rpc_request\n    assert \"result\" in response.json(), \"Response does not contain 'result' key.\"\nE   AssertionError: Response does not contain 'result' key.","flaky":false,"newFailed":false,"newBroken":false,"newPassed":false,"retriesCount":2,"retriesStatusChange":false,"beforeStages":[{"name":"set_allure_env_variables","time":{"start":1739319389336,"stop":1739319389336,"duration":0},"status":"passed","steps":[],"attachments":[],"parameters":[],"shouldDisplayMessage":false,"stepsCount":0,"attachmentsCount":0,"hasContent":false,"attachmentStep":false},{"name":"save_node_logs_on_fail","time":{"start":1739320666236,"stop":1739320666236,"duration":0},"status":"passed","steps":[],"attachments":[],"parameters":[],"shouldDisplayMessage":false,"stepsCount":0,"attachmentsCount":0,"hasContent":false,"attachmentStep":false},{"name":"clear_open_nodes","time":{"start":1739320666236,"stop":1739320666236,"duration":0},"status":"passed","steps":[],"attachments":[],"parameters":[],"shouldDisplayMessage":false,"stepsCount":0,"attachmentsCount":0,"hasContent":false,"attachmentStep":false},{"name":"start_1_node","time":{"start":1739320666236,"stop":1739320674046,"duration":7810},"status":"passed","steps":[],"attachments":[],"parameters":[],"shouldDisplayMessage":false,"stepsCount":0,"attachmentsCount":0,"hasContent":false,"attachmentStep":false}],"testStage":{"status":"failed","statusMessage":"AssertionError: Response does not contain 'result' key.","statusTrace":"tests/test_leave_community.py:13: in test_leave_community_baseline\n    self.join_created_communities()\nsrc/steps/common.py:176: in join_created_communities\n    response_to_join = self.first_node.request_to_join_community(community_id)\nsrc/node/status_node.py:197: in request_to_join_community\n    return self.api.send_rpc_request(\"wakuext_requestToJoinCommunity\", params)\n/opt/hostedtoolcache/Python/3.12.8/x64/lib/python3.12/site-packages/tenacity/__init__.py:289: in wrapped_f\n    return self(f, *args, **kw)\n/opt/hostedtoolcache/Python/3.12.8/x64/lib/python3.12/site-packages/tenacity/__init__.py:379: in __call__\n    do = self.iter(retry_state=retry_state)\n/opt/hostedtoolcache/Python/3.12.8/x64/lib/python3.12/site-packages/tenacity/__init__.py:325: in iter\n    raise retry_exc.reraise()\n/opt/hostedtoolcache/Python/3.12.8/x64/lib/python3.12/site-packages/tenacity/__init__.py:158: in reraise\n    raise self.last_attempt.result()\n/opt/hostedtoolcache/Python/3.12.8/x64/lib/python3.12/concurrent/futures/_base.py:449: in result\n    return self.__get_result()\n/opt/hostedtoolcache/Python/3.12.8/x64/lib/python3.12/concurrent/futures/_base.py:401: in __get_result\n    raise self._exception\n/opt/hostedtoolcache/Python/3.12.8/x64/lib/python3.12/site-packages/tenacity/__init__.py:382: in __call__\n    result = fn(*args, **kwargs)\nsrc/node/rpc_client.py:27: in send_rpc_request\n    assert \"result\" in response.json(), \"Response does not contain 'result' key.\"\nE   AssertionError: Response does not contain 'result' key.","steps":[],"attachments":[{"uid":"a5b27b84ed82ea5c","name":"log","source":"a5b27b84ed82ea5c.txt","type":"text/plain","size":653446}],"parameters":[],"shouldDisplayMessage":true,"stepsCount":0,"attachmentsCount":1,"hasContent":true,"attachmentStep":false},"afterStages":[{"name":"save_node_logs_on_fail::0","time":{"start":1739320716309,"stop":1739320716312,"duration":3},"status":"passed","steps":[],"attachments":[],"parameters":[],"shouldDisplayMessage":false,"stepsCount":0,"attachmentsCount":0,"hasContent":false,"attachmentStep":false},{"name":"clear_open_nodes::0","time":{"start":1739320716312,"stop":1739320716444,"duration":132},"status":"passed","steps":[],"attachments":[],"parameters":[],"shouldDisplayMessage":false,"stepsCount":0,"attachmentsCount":0,"hasContent":false,"attachmentStep":false},{"name":"set_allure_env_variables::0","time":{"start":1739321031074,"stop":1739321031074,"duration":0},"status":"passed","steps":[],"attachments":[],"parameters":[],"shouldDisplayMessage":false,"stepsCount":0,"attachmentsCount":0,"hasContent":false,"attachmentStep":false}],"labels":[{"name":"tag","value":"flaky(reruns=2)"},{"name":"tag","value":"@pytest.mark.usefixtures('start_1_node')"},{"name":"parentSuite","value":"tests"},{"name":"suite","value":"test_leave_community"},{"name":"subSuite","value":"TestLeaveCommunity"},{"name":"host","value":"fv-az1279-21"},{"name":"thread","value":"60462-MainThread"},{"name":"framework","value":"pytest"},{"name":"language","value":"cpython3"},{"name":"package","value":"tests.test_leave_community"},{"name":"resultFormat","value":"allure2"}],"parameters":[],"links":[],"hidden":false,"retry":false,"extra":{"severity":"normal","retries":[{"uid":"9d0bc1b09829c25a","status":"failed","statusDetails":"AssertionError: Response does not contain 'result' key.","time":{"start":1739320623737,"stop":1739320666031,"duration":42294}},{"uid":"4a00a6a72bb3cec4","status":"failed","statusDetails":"AssertionError: Response does not contain 'result' key.","time":{"start":1739320568754,"stop":1739320615650,"duration":46896}}],"categories":[{"name":"Product defects","matchedStatuses":[],"flaky":false}],"history":{"statistic":{"failed":93,"broken":4,"skipped":0,"passed":30,"unknown":0,"total":127},"items":[{"uid":"638dfcaed7e18ed9","reportUrl":"https://status-im.github.io/status-cli-tests/365//#testresult/638dfcaed7e18ed9","status":"failed","statusDetails":"AssertionError: Response does not contain 'result' key.","time":{"start":1739234174091,"stop":1739234216210,"duration":42119}},{"uid":"a697cec307df3700","reportUrl":"https://status-im.github.io/status-cli-tests/364//#testresult/a697cec307df3700","status":"failed","statusDetails":"AssertionError: Response does not contain 'result' key.","time":{"start":1739147801722,"stop":1739147842542,"duration":40820}},{"uid":"7d21fa438d156910","reportUrl":"https://status-im.github.io/status-cli-tests/363//#testresult/7d21fa438d156910","status":"failed","statusDetails":"AssertionError: Response does not contain 'result' key.","time":{"start":1739061509732,"stop":1739061555792,"duration":46060}},{"uid":"d7658041231a153c","reportUrl":"https://status-im.github.io/status-cli-tests/362//#testresult/d7658041231a153c","status":"passed","time":{"start":1738975165595,"stop":1738975209714,"duration":44119}},{"uid":"31ddf9da6d86cbf4","reportUrl":"https://status-im.github.io/status-cli-tests/361//#testresult/31ddf9da6d86cbf4","status":"passed","time":{"start":1738888728928,"stop":1738888779398,"duration":50470}},{"uid":"1d11b55dcc909141","reportUrl":"https://status-im.github.io/status-cli-tests/360//#testresult/1d11b55dcc909141","status":"passed","time":{"start":1738802277295,"stop":1738802321918,"duration":44623}},{"uid":"614d87a96bf0d91d","reportUrl":"https://status-im.github.io/status-cli-tests/359//#testresult/614d87a96bf0d91d","status":"passed","time":{"start":1738715817754,"stop":1738715863461,"duration":45707}},{"uid":"5185c8e11353b61f","reportUrl":"https://status-im.github.io/status-cli-tests/358//#testresult/5185c8e11353b61f","status":"failed","statusDetails":"AssertionError: Response does not contain 'result' key.","time":{"start":1738629594610,"stop":1738629641501,"duration":46891}},{"uid":"e891ea01c393eb47","reportUrl":"https://status-im.github.io/status-cli-tests/357//#testresult/e891ea01c393eb47","status":"failed","statusDetails":"AssertionError: Response does not contain 'result' key.","time":{"start":1738543161446,"stop":1738543201626,"duration":40180}},{"uid":"6ebe26a5f480f573","reportUrl":"https://status-im.github.io/status-cli-tests/356//#testresult/6ebe26a5f480f573","status":"failed","statusDetails":"AssertionError: Response does not contain 'result' key.","time":{"start":1738456744980,"stop":1738456791508,"duration":46528}},{"uid":"7879de59a0261a81","reportUrl":"https://status-im.github.io/status-cli-tests/355//#testresult/7879de59a0261a81","status":"failed","statusDetails":"AssertionError: Response does not contain 'result' key.","time":{"start":1738370258612,"stop":1738370298845,"duration":40233}},{"uid":"a5bf6b03521d1932","reportUrl":"https://status-im.github.io/status-cli-tests/354//#testresult/a5bf6b03521d1932","status":"failed","statusDetails":"AssertionError: Response does not contain 'result' key.","time":{"start":1738283786903,"stop":1738283827574,"duration":40671}},{"uid":"e2e69854de52c136","reportUrl":"https://status-im.github.io/status-cli-tests/353//#testresult/e2e69854de52c136","status":"failed","statusDetails":"AssertionError: Response does not contain 'result' key.","time":{"start":1738197520739,"stop":1738197561804,"duration":41065}},{"uid":"294919f0c9caa516","reportUrl":"https://status-im.github.io/status-cli-tests/352//#testresult/294919f0c9caa516","status":"passed","time":{"start":1738111104145,"stop":1738111175887,"duration":71742}},{"uid":"64b28fee937f67a9","reportUrl":"https://status-im.github.io/status-cli-tests/351//#testresult/64b28fee937f67a9","status":"passed","time":{"start":1738024675268,"stop":1738024720284,"duration":45016}},{"uid":"1c8f29ec9766d03","reportUrl":"https://status-im.github.io/status-cli-tests/350//#testresult/1c8f29ec9766d03","status":"passed","time":{"start":1737938260521,"stop":1737938308144,"duration":47623}},{"uid":"51935553f27e004a","reportUrl":"https://status-im.github.io/status-cli-tests/349//#testresult/51935553f27e004a","status":"failed","statusDetails":"AssertionError: Response does not contain 'result' key.","time":{"start":1737852069069,"stop":1737852112348,"duration":43279}},{"uid":"621edf6de23bf455","reportUrl":"https://status-im.github.io/status-cli-tests/348//#testresult/621edf6de23bf455","status":"passed","time":{"start":1737765323844,"stop":1737765367184,"duration":43340}},{"uid":"b093c1f01ed1ac4a","reportUrl":"https://status-im.github.io/status-cli-tests/347//#testresult/b093c1f01ed1ac4a","status":"failed","statusDetails":"AssertionError: Response does not contain 'result' key.","time":{"start":1737679095267,"stop":1737679142104,"duration":46837}},{"uid":"68e48aab3b31c84d","reportUrl":"https://status-im.github.io/status-cli-tests/346//#testresult/68e48aab3b31c84d","status":"failed","statusDetails":"AssertionError: Response does not contain 'result' key.","time":{"start":1737592620129,"stop":1737592662358,"duration":42229}}]},"tags":["@pytest.mark.usefixtures('start_1_node')","flaky(reruns=2)"]},"source":"3991c78bd219b85d.json","parameterValues":[]}