{"uid":"7e150362d3858439","name":"test_community_messages_with_node_pause_10_seconds","fullName":"tests.test_community_messages.TestCommunityMessages#test_community_messages_with_node_pause_10_seconds","historyId":"9d5c5c19a9c20059f4a5d5c182032b2c","time":{"start":1734135611348,"stop":1734135641991,"duration":30643},"status":"failed","statusMessage":"AssertionError: Response does not contain 'result' key.","statusTrace":"tests/test_community_messages.py:79: in test_community_messages_with_node_pause_10_seconds\n    self.first_node.send_community_chat_message(message_chat_id, message)\nsrc/node/status_node.py:205: in send_community_chat_message\n    return self.api.send_rpc_request(\"wakuext_sendChatMessage\", params)\n/opt/hostedtoolcache/Python/3.12.8/x64/lib/python3.12/site-packages/tenacity/__init__.py:289: in wrapped_f\n    return self(f, *args, **kw)\n/opt/hostedtoolcache/Python/3.12.8/x64/lib/python3.12/site-packages/tenacity/__init__.py:379: in __call__\n    do = self.iter(retry_state=retry_state)\n/opt/hostedtoolcache/Python/3.12.8/x64/lib/python3.12/site-packages/tenacity/__init__.py:325: in iter\n    raise retry_exc.reraise()\n/opt/hostedtoolcache/Python/3.12.8/x64/lib/python3.12/site-packages/tenacity/__init__.py:158: in reraise\n    raise self.last_attempt.result()\n/opt/hostedtoolcache/Python/3.12.8/x64/lib/python3.12/concurrent/futures/_base.py:449: in result\n    return self.__get_result()\n/opt/hostedtoolcache/Python/3.12.8/x64/lib/python3.12/concurrent/futures/_base.py:401: in __get_result\n    raise self._exception\n/opt/hostedtoolcache/Python/3.12.8/x64/lib/python3.12/site-packages/tenacity/__init__.py:382: in __call__\n    result = fn(*args, **kwargs)\nsrc/node/rpc_client.py:27: in send_rpc_request\n    assert \"result\" in response.json(), \"Response does not contain 'result' key.\"\nE   AssertionError: Response does not contain 'result' key.","flaky":false,"newFailed":false,"newBroken":false,"newPassed":false,"retriesCount":2,"retriesStatusChange":false,"beforeStages":[{"name":"set_allure_env_variables","time":{"start":1734135408091,"stop":1734135408091,"duration":0},"status":"passed","steps":[],"attachments":[],"parameters":[],"shouldDisplayMessage":false,"stepsCount":0,"attachmentsCount":0,"hasContent":false,"attachmentStep":false},{"name":"clear_open_nodes","time":{"start":1734135603538,"stop":1734135603538,"duration":0},"status":"passed","steps":[],"attachments":[],"parameters":[],"shouldDisplayMessage":false,"stepsCount":0,"attachmentsCount":0,"hasContent":false,"attachmentStep":false},{"name":"save_node_logs_on_fail","time":{"start":1734135603538,"stop":1734135603539,"duration":1},"status":"passed","steps":[],"attachments":[],"parameters":[],"shouldDisplayMessage":false,"stepsCount":0,"attachmentsCount":0,"hasContent":false,"attachmentStep":false},{"name":"start_1_node","time":{"start":1734135603539,"stop":1734135611348,"duration":7809},"status":"passed","steps":[],"attachments":[],"parameters":[],"shouldDisplayMessage":false,"stepsCount":0,"attachmentsCount":0,"hasContent":false,"attachmentStep":false}],"testStage":{"status":"failed","statusMessage":"AssertionError: Response does not contain 'result' key.","statusTrace":"tests/test_community_messages.py:79: in test_community_messages_with_node_pause_10_seconds\n    self.first_node.send_community_chat_message(message_chat_id, message)\nsrc/node/status_node.py:205: in send_community_chat_message\n    return self.api.send_rpc_request(\"wakuext_sendChatMessage\", params)\n/opt/hostedtoolcache/Python/3.12.8/x64/lib/python3.12/site-packages/tenacity/__init__.py:289: in wrapped_f\n    return self(f, *args, **kw)\n/opt/hostedtoolcache/Python/3.12.8/x64/lib/python3.12/site-packages/tenacity/__init__.py:379: in __call__\n    do = self.iter(retry_state=retry_state)\n/opt/hostedtoolcache/Python/3.12.8/x64/lib/python3.12/site-packages/tenacity/__init__.py:325: in iter\n    raise retry_exc.reraise()\n/opt/hostedtoolcache/Python/3.12.8/x64/lib/python3.12/site-packages/tenacity/__init__.py:158: in reraise\n    raise self.last_attempt.result()\n/opt/hostedtoolcache/Python/3.12.8/x64/lib/python3.12/concurrent/futures/_base.py:449: in result\n    return self.__get_result()\n/opt/hostedtoolcache/Python/3.12.8/x64/lib/python3.12/concurrent/futures/_base.py:401: in __get_result\n    raise self._exception\n/opt/hostedtoolcache/Python/3.12.8/x64/lib/python3.12/site-packages/tenacity/__init__.py:382: in __call__\n    result = fn(*args, **kwargs)\nsrc/node/rpc_client.py:27: in send_rpc_request\n    assert \"result\" in response.json(), \"Response does not contain 'result' key.\"\nE   AssertionError: Response does not contain 'result' key.","steps":[],"attachments":[{"uid":"ca13721af63f9e83","name":"log","source":"ca13721af63f9e83.txt","type":"text/plain","size":457348}],"parameters":[],"shouldDisplayMessage":true,"stepsCount":0,"attachmentsCount":1,"hasContent":true,"attachmentStep":false},"afterStages":[{"name":"save_node_logs_on_fail::0","time":{"start":1734135642026,"stop":1734135642027,"duration":1},"status":"passed","steps":[],"attachments":[],"parameters":[],"shouldDisplayMessage":false,"stepsCount":0,"attachmentsCount":0,"hasContent":false,"attachmentStep":false},{"name":"clear_open_nodes::0","time":{"start":1734135642027,"stop":1734135642053,"duration":26},"status":"passed","steps":[],"attachments":[],"parameters":[],"shouldDisplayMessage":false,"stepsCount":0,"attachmentsCount":0,"hasContent":false,"attachmentStep":false},{"name":"set_allure_env_variables::0","time":{"start":1734137523114,"stop":1734137523114,"duration":0},"status":"passed","steps":[],"attachments":[],"parameters":[],"shouldDisplayMessage":false,"stepsCount":0,"attachmentsCount":0,"hasContent":false,"attachmentStep":false}],"labels":[{"name":"tag","value":"flaky(reruns=2)"},{"name":"tag","value":"@pytest.mark.usefixtures('start_1_node')"},{"name":"parentSuite","value":"tests"},{"name":"suite","value":"test_community_messages"},{"name":"subSuite","value":"TestCommunityMessages"},{"name":"host","value":"fv-az1120-575"},{"name":"thread","value":"60470-MainThread"},{"name":"framework","value":"pytest"},{"name":"language","value":"cpython3"},{"name":"package","value":"tests.test_community_messages"},{"name":"resultFormat","value":"allure2"}],"parameters":[],"links":[],"hidden":false,"retry":false,"extra":{"severity":"normal","retries":[{"uid":"934bd8070d52aab4","status":"failed","statusDetails":"AssertionError: Response does not contain 'result' key.","time":{"start":1734135573114,"stop":1734135603472,"duration":30358}},{"uid":"e15947954815a820","status":"failed","statusDetails":"AssertionError: Response does not contain 'result' key.","time":{"start":1734135534946,"stop":1734135565243,"duration":30297}}],"categories":[{"name":"Product defects","matchedStatuses":[],"flaky":false}],"history":{"statistic":{"failed":47,"broken":11,"skipped":0,"passed":8,"unknown":0,"total":66},"items":[{"uid":"164ec24beef3350a","reportUrl":"https://status-im.github.io/status-cli-tests/303//#testresult/164ec24beef3350a","status":"failed","statusDetails":"AssertionError: Response does not contain 'result' key.","time":{"start":1734049232383,"stop":1734049262905,"duration":30522}},{"uid":"774753d01aaafa26","reportUrl":"https://status-im.github.io/status-cli-tests/302//#testresult/774753d01aaafa26","status":"passed","time":{"start":1733962809560,"stop":1733962840180,"duration":30620}},{"uid":"ae81912741a1f623","reportUrl":"https://status-im.github.io/status-cli-tests/301//#testresult/ae81912741a1f623","status":"passed","time":{"start":1733876301981,"stop":1733876335364,"duration":33383}},{"uid":"2347b777f08183c5","reportUrl":"https://status-im.github.io/status-cli-tests/300//#testresult/2347b777f08183c5","status":"passed","time":{"start":1733789911611,"stop":1733789933079,"duration":21468}},{"uid":"7cafeb6084509b3f","reportUrl":"https://status-im.github.io/status-cli-tests/299//#testresult/7cafeb6084509b3f","status":"passed","time":{"start":1733703527283,"stop":1733703548072,"duration":20789}},{"uid":"d6e54db6e345d723","reportUrl":"https://status-im.github.io/status-cli-tests/298//#testresult/d6e54db6e345d723","status":"failed","statusDetails":"AssertionError: Response does not contain 'result' key.","time":{"start":1733617241099,"stop":1733617262144,"duration":21045}},{"uid":"716ce8066c78a85","reportUrl":"https://status-im.github.io/status-cli-tests/297//#testresult/716ce8066c78a85","status":"failed","statusDetails":"AssertionError: Response does not contain 'result' key.","time":{"start":1733530788536,"stop":1733530809557,"duration":21021}},{"uid":"795c6d16d68f227c","reportUrl":"https://status-im.github.io/status-cli-tests/296//#testresult/795c6d16d68f227c","status":"failed","statusDetails":"AssertionError: Response does not contain 'result' key.","time":{"start":1733444403573,"stop":1733444424026,"duration":20453}},{"uid":"75a99c2c8c3aacd4","reportUrl":"https://status-im.github.io/status-cli-tests/295//#testresult/75a99c2c8c3aacd4","status":"failed","statusDetails":"AssertionError: Response does not contain 'result' key.","time":{"start":1733357999100,"stop":1733358020052,"duration":20952}},{"uid":"9d697c8cc0a63b0f","reportUrl":"https://status-im.github.io/status-cli-tests/294//#testresult/9d697c8cc0a63b0f","status":"failed","statusDetails":"AssertionError: Response does not contain 'result' key.","time":{"start":1733271615044,"stop":1733271645853,"duration":30809}},{"uid":"a130113e37c794b5","reportUrl":"https://status-im.github.io/status-cli-tests/293//#testresult/a130113e37c794b5","status":"failed","statusDetails":"AssertionError: Response does not contain 'result' key.","time":{"start":1733185263218,"stop":1733185293696,"duration":30478}},{"uid":"a265503cf33db275","reportUrl":"https://status-im.github.io/status-cli-tests/292//#testresult/a265503cf33db275","status":"failed","statusDetails":"AssertionError: Response does not contain 'result' key.","time":{"start":1733098816286,"stop":1733098837055,"duration":20769}},{"uid":"503477eb2a86d91e","reportUrl":"https://status-im.github.io/status-cli-tests/291//#testresult/503477eb2a86d91e","status":"failed","statusDetails":"AssertionError: Response does not contain 'result' key.","time":{"start":1733012520366,"stop":1733012551190,"duration":30824}},{"uid":"c0c3a3c0541a81f0","reportUrl":"https://status-im.github.io/status-cli-tests/290//#testresult/c0c3a3c0541a81f0","status":"failed","statusDetails":"AssertionError: Response does not contain 'result' key.","time":{"start":1732926016722,"stop":1732926037418,"duration":20696}},{"uid":"7c56e11ea95b2295","reportUrl":"https://status-im.github.io/status-cli-tests/289//#testresult/7c56e11ea95b2295","status":"failed","statusDetails":"AssertionError: Response does not contain 'result' key.","time":{"start":1732839568143,"stop":1732839599857,"duration":31714}},{"uid":"38a0405fbf52d631","reportUrl":"https://status-im.github.io/status-cli-tests/288//#testresult/38a0405fbf52d631","status":"failed","statusDetails":"AssertionError: Response does not contain 'result' key.","time":{"start":1732753255449,"stop":1732753279671,"duration":24222}},{"uid":"d48d92707ec131b0","reportUrl":"https://status-im.github.io/status-cli-tests/287//#testresult/d48d92707ec131b0","status":"failed","statusDetails":"AssertionError: Response does not contain 'result' key.","time":{"start":1732666827569,"stop":1732666866291,"duration":38722}},{"uid":"ac258eb8ad3baa5a","reportUrl":"https://status-im.github.io/status-cli-tests/286//#testresult/ac258eb8ad3baa5a","status":"failed","statusDetails":"AssertionError: Response does not contain 'result' key.","time":{"start":1732580441098,"stop":1732580463000,"duration":21902}},{"uid":"ab9a105924e98f27","reportUrl":"https://status-im.github.io/status-cli-tests/285//#testresult/ab9a105924e98f27","status":"failed","statusDetails":"AssertionError: Response does not contain 'result' key.","time":{"start":1732493976633,"stop":1732493998070,"duration":21437}},{"uid":"eaa35446b9ceffb1","reportUrl":"https://status-im.github.io/status-cli-tests/284//#testresult/eaa35446b9ceffb1","status":"failed","statusDetails":"AssertionError: Response does not contain 'result' key.","time":{"start":1732407636854,"stop":1732407658250,"duration":21396}}]},"tags":["@pytest.mark.usefixtures('start_1_node')","flaky(reruns=2)"]},"source":"7e150362d3858439.json","parameterValues":[]}