{"uid":"cc3f87ea81aae698","name":"test_join_community_baseline","fullName":"tests.test_join_community.TestJoinCommunity#test_join_community_baseline","historyId":"0045b227df045106355999bb08fb6547","time":{"start":1734136754530,"stop":1734136810612,"duration":56082},"status":"failed","statusMessage":"AssertionError: Response does not contain 'result' key.","statusTrace":"tests/test_join_community.py:20: in test_join_community_baseline\n    response_to_join = self.first_node.request_to_join_community(community_id)\nsrc/node/status_node.py:197: in request_to_join_community\n    return self.api.send_rpc_request(\"wakuext_requestToJoinCommunity\", params)\n/opt/hostedtoolcache/Python/3.12.8/x64/lib/python3.12/site-packages/tenacity/__init__.py:289: in wrapped_f\n    return self(f, *args, **kw)\n/opt/hostedtoolcache/Python/3.12.8/x64/lib/python3.12/site-packages/tenacity/__init__.py:379: in __call__\n    do = self.iter(retry_state=retry_state)\n/opt/hostedtoolcache/Python/3.12.8/x64/lib/python3.12/site-packages/tenacity/__init__.py:325: in iter\n    raise retry_exc.reraise()\n/opt/hostedtoolcache/Python/3.12.8/x64/lib/python3.12/site-packages/tenacity/__init__.py:158: in reraise\n    raise self.last_attempt.result()\n/opt/hostedtoolcache/Python/3.12.8/x64/lib/python3.12/concurrent/futures/_base.py:449: in result\n    return self.__get_result()\n/opt/hostedtoolcache/Python/3.12.8/x64/lib/python3.12/concurrent/futures/_base.py:401: in __get_result\n    raise self._exception\n/opt/hostedtoolcache/Python/3.12.8/x64/lib/python3.12/site-packages/tenacity/__init__.py:382: in __call__\n    result = fn(*args, **kwargs)\nsrc/node/rpc_client.py:27: in send_rpc_request\n    assert \"result\" in response.json(), \"Response does not contain 'result' key.\"\nE   AssertionError: Response does not contain 'result' key.","flaky":false,"newFailed":false,"newBroken":false,"newPassed":false,"retriesCount":2,"retriesStatusChange":false,"beforeStages":[{"name":"set_allure_env_variables","time":{"start":1734135408091,"stop":1734135408091,"duration":0},"status":"passed","steps":[],"attachments":[],"parameters":[],"shouldDisplayMessage":false,"stepsCount":0,"attachmentsCount":0,"hasContent":false,"attachmentStep":false},{"name":"start_1_node","time":{"start":1734136746720,"stop":1734136754529,"duration":7809},"status":"passed","steps":[],"attachments":[],"parameters":[],"shouldDisplayMessage":false,"stepsCount":0,"attachmentsCount":0,"hasContent":false,"attachmentStep":false},{"name":"clear_open_nodes","time":{"start":1734136746720,"stop":1734136746720,"duration":0},"status":"passed","steps":[],"attachments":[],"parameters":[],"shouldDisplayMessage":false,"stepsCount":0,"attachmentsCount":0,"hasContent":false,"attachmentStep":false},{"name":"save_node_logs_on_fail","time":{"start":1734136746720,"stop":1734136746720,"duration":0},"status":"passed","steps":[],"attachments":[],"parameters":[],"shouldDisplayMessage":false,"stepsCount":0,"attachmentsCount":0,"hasContent":false,"attachmentStep":false}],"testStage":{"status":"failed","statusMessage":"AssertionError: Response does not contain 'result' key.","statusTrace":"tests/test_join_community.py:20: in test_join_community_baseline\n    response_to_join = self.first_node.request_to_join_community(community_id)\nsrc/node/status_node.py:197: in request_to_join_community\n    return self.api.send_rpc_request(\"wakuext_requestToJoinCommunity\", params)\n/opt/hostedtoolcache/Python/3.12.8/x64/lib/python3.12/site-packages/tenacity/__init__.py:289: in wrapped_f\n    return self(f, *args, **kw)\n/opt/hostedtoolcache/Python/3.12.8/x64/lib/python3.12/site-packages/tenacity/__init__.py:379: in __call__\n    do = self.iter(retry_state=retry_state)\n/opt/hostedtoolcache/Python/3.12.8/x64/lib/python3.12/site-packages/tenacity/__init__.py:325: in iter\n    raise retry_exc.reraise()\n/opt/hostedtoolcache/Python/3.12.8/x64/lib/python3.12/site-packages/tenacity/__init__.py:158: in reraise\n    raise self.last_attempt.result()\n/opt/hostedtoolcache/Python/3.12.8/x64/lib/python3.12/concurrent/futures/_base.py:449: in result\n    return self.__get_result()\n/opt/hostedtoolcache/Python/3.12.8/x64/lib/python3.12/concurrent/futures/_base.py:401: in __get_result\n    raise self._exception\n/opt/hostedtoolcache/Python/3.12.8/x64/lib/python3.12/site-packages/tenacity/__init__.py:382: in __call__\n    result = fn(*args, **kwargs)\nsrc/node/rpc_client.py:27: in send_rpc_request\n    assert \"result\" in response.json(), \"Response does not contain 'result' key.\"\nE   AssertionError: Response does not contain 'result' key.","steps":[],"attachments":[{"uid":"2798934024b1788e","name":"log","source":"2798934024b1788e.txt","type":"text/plain","size":792302}],"parameters":[],"shouldDisplayMessage":true,"stepsCount":0,"attachmentsCount":1,"hasContent":true,"attachmentStep":false},"afterStages":[{"name":"save_node_logs_on_fail::0","time":{"start":1734136810653,"stop":1734136810655,"duration":2},"status":"passed","steps":[],"attachments":[],"parameters":[],"shouldDisplayMessage":false,"stepsCount":0,"attachmentsCount":0,"hasContent":false,"attachmentStep":false},{"name":"clear_open_nodes::0","time":{"start":1734136810656,"stop":1734136810798,"duration":142},"status":"passed","steps":[],"attachments":[],"parameters":[],"shouldDisplayMessage":false,"stepsCount":0,"attachmentsCount":0,"hasContent":false,"attachmentStep":false},{"name":"set_allure_env_variables::0","time":{"start":1734137523114,"stop":1734137523114,"duration":0},"status":"passed","steps":[],"attachments":[],"parameters":[],"shouldDisplayMessage":false,"stepsCount":0,"attachmentsCount":0,"hasContent":false,"attachmentStep":false}],"labels":[{"name":"tag","value":"flaky(reruns=2)"},{"name":"tag","value":"@pytest.mark.usefixtures('start_1_node')"},{"name":"parentSuite","value":"tests"},{"name":"suite","value":"test_join_community"},{"name":"subSuite","value":"TestJoinCommunity"},{"name":"host","value":"fv-az1120-575"},{"name":"thread","value":"60470-MainThread"},{"name":"framework","value":"pytest"},{"name":"language","value":"cpython3"},{"name":"package","value":"tests.test_join_community"},{"name":"resultFormat","value":"allure2"}],"parameters":[],"links":[],"hidden":false,"retry":false,"extra":{"severity":"normal","retries":[{"uid":"3facaf1c34cfab9e","status":"failed","statusDetails":"AssertionError: Response does not contain 'result' key.","time":{"start":1734136700855,"stop":1734136746546,"duration":45691}},{"uid":"a93c51a64c8fbc2a","status":"failed","statusDetails":"AssertionError: Response does not contain 'result' key.","time":{"start":1734136647143,"stop":1734136692873,"duration":45730}}],"categories":[{"name":"Product defects","matchedStatuses":[],"flaky":false}],"history":{"statistic":{"failed":36,"broken":7,"skipped":0,"passed":23,"unknown":0,"total":66},"items":[{"uid":"6e6379287e9fee0d","reportUrl":"https://status-im.github.io/status-cli-tests/303//#testresult/6e6379287e9fee0d","status":"failed","statusDetails":"AssertionError: Response does not contain 'result' key.","time":{"start":1734050138548,"stop":1734050187637,"duration":49089}},{"uid":"8da472314ae2b422","reportUrl":"https://status-im.github.io/status-cli-tests/302//#testresult/8da472314ae2b422","status":"failed","statusDetails":"AssertionError: Response does not contain 'result' key.","time":{"start":1733963831939,"stop":1733963878037,"duration":46098}},{"uid":"32894389e8ad55df","reportUrl":"https://status-im.github.io/status-cli-tests/301//#testresult/32894389e8ad55df","status":"failed","statusDetails":"AssertionError: Response does not contain 'result' key.","time":{"start":1733877731641,"stop":1733877823705,"duration":92064}},{"uid":"5a5b4476675d3021","reportUrl":"https://status-im.github.io/status-cli-tests/300//#testresult/5a5b4476675d3021","status":"failed","statusDetails":"AssertionError: Response does not contain 'result' key.","time":{"start":1733790792800,"stop":1733790842755,"duration":49955}},{"uid":"2ac0258dfb57be3d","reportUrl":"https://status-im.github.io/status-cli-tests/299//#testresult/2ac0258dfb57be3d","status":"failed","statusDetails":"AssertionError: Response does not contain 'result' key.","time":{"start":1733704390589,"stop":1733704443448,"duration":52859}},{"uid":"6da0a152122e07b","reportUrl":"https://status-im.github.io/status-cli-tests/298//#testresult/6da0a152122e07b","status":"failed","statusDetails":"AssertionError: Response does not contain 'result' key.","time":{"start":1733618205443,"stop":1733618253098,"duration":47655}},{"uid":"70bf04a415d0d7fd","reportUrl":"https://status-im.github.io/status-cli-tests/297//#testresult/70bf04a415d0d7fd","status":"failed","statusDetails":"AssertionError: Response does not contain 'result' key.","time":{"start":1733531823175,"stop":1733531871090,"duration":47915}},{"uid":"64438772c9e2adeb","reportUrl":"https://status-im.github.io/status-cli-tests/296//#testresult/64438772c9e2adeb","status":"failed","statusDetails":"AssertionError: Response does not contain 'result' key.","time":{"start":1733445586309,"stop":1733445656880,"duration":70571}},{"uid":"476239bd68fd148c","reportUrl":"https://status-im.github.io/status-cli-tests/295//#testresult/476239bd68fd148c","status":"failed","statusDetails":"AssertionError: Response does not contain 'result' key.","time":{"start":1733359204826,"stop":1733359283461,"duration":78635}},{"uid":"c0287d652be84dff","reportUrl":"https://status-im.github.io/status-cli-tests/294//#testresult/c0287d652be84dff","status":"failed","statusDetails":"AssertionError: Response does not contain 'result' key.","time":{"start":1733272852923,"stop":1733272921340,"duration":68417}},{"uid":"d003d1f6663fb402","reportUrl":"https://status-im.github.io/status-cli-tests/293//#testresult/d003d1f6663fb402","status":"broken","statusDetails":"RuntimeError: Request to http://127.0.0.1:12318 usig method wakuext_fetchCommunity timed out after 10 seconds. Node: first_node","time":{"start":1733186393366,"stop":1733186463506,"duration":70140}},{"uid":"e90640aa7d85cd82","reportUrl":"https://status-im.github.io/status-cli-tests/292//#testresult/e90640aa7d85cd82","status":"failed","statusDetails":"AssertionError: Response does not contain 'result' key.","time":{"start":1733099950076,"stop":1733100017127,"duration":67051}},{"uid":"3b778e53fe541c6f","reportUrl":"https://status-im.github.io/status-cli-tests/291//#testresult/3b778e53fe541c6f","status":"failed","statusDetails":"AssertionError: Response does not contain 'result' key.","time":{"start":1733013682412,"stop":1733013750367,"duration":67955}},{"uid":"88f77f2263d2c76","reportUrl":"https://status-im.github.io/status-cli-tests/290//#testresult/88f77f2263d2c76","status":"failed","statusDetails":"AssertionError: Response does not contain 'result' key.","time":{"start":1732927192348,"stop":1732927277798,"duration":85450}},{"uid":"72f129b417e0d9eb","reportUrl":"https://status-im.github.io/status-cli-tests/289//#testresult/72f129b417e0d9eb","status":"failed","statusDetails":"AssertionError: Response does not contain 'result' key.","time":{"start":1732840782647,"stop":1732840849474,"duration":66827}},{"uid":"db8f4d24dc713fa","reportUrl":"https://status-im.github.io/status-cli-tests/288//#testresult/db8f4d24dc713fa","status":"failed","statusDetails":"AssertionError: Response does not contain 'result' key.","time":{"start":1732754407324,"stop":1732754477759,"duration":70435}},{"uid":"9dea5e9a224226de","reportUrl":"https://status-im.github.io/status-cli-tests/287//#testresult/9dea5e9a224226de","status":"passed","time":{"start":1732667911142,"stop":1732667982281,"duration":71139}},{"uid":"10f69a51225bb46d","reportUrl":"https://status-im.github.io/status-cli-tests/286//#testresult/10f69a51225bb46d","status":"failed","statusDetails":"AssertionError: Response does not contain 'result' key.","time":{"start":1732581460687,"stop":1732581532632,"duration":71945}},{"uid":"afe6c51fcf684336","reportUrl":"https://status-im.github.io/status-cli-tests/285//#testresult/afe6c51fcf684336","status":"failed","statusDetails":"AssertionError: Response does not contain 'result' key.","time":{"start":1732494833938,"stop":1732494900368,"duration":66430}},{"uid":"e5c5a418946272a5","reportUrl":"https://status-im.github.io/status-cli-tests/284//#testresult/e5c5a418946272a5","status":"failed","statusDetails":"AssertionError: Response does not contain 'result' key.","time":{"start":1732408506191,"stop":1732408560753,"duration":54562}}]},"tags":["@pytest.mark.usefixtures('start_1_node')","flaky(reruns=2)"]},"source":"cc3f87ea81aae698.json","parameterValues":[]}