{"uid":"5fb5edd9b7193d5e","name":"test_leave_community_baseline","fullName":"tests.test_leave_community.TestLeaveCommunity#test_leave_community_baseline","historyId":"ba5f179862c2394ab88a56b56e94ab6d","time":{"start":1734914817924,"stop":1734914873630,"duration":55706},"status":"failed","statusMessage":"AssertionError: Response does not contain 'result' key.","statusTrace":"tests/test_leave_community.py:13: in test_leave_community_baseline\n    self.join_created_communities()\nsrc/steps/common.py:176: in join_created_communities\n    response_to_join = self.first_node.request_to_join_community(community_id)\nsrc/node/status_node.py:197: in request_to_join_community\n    return self.api.send_rpc_request(\"wakuext_requestToJoinCommunity\", params)\n/opt/hostedtoolcache/Python/3.12.8/x64/lib/python3.12/site-packages/tenacity/__init__.py:289: in wrapped_f\n    return self(f, *args, **kw)\n/opt/hostedtoolcache/Python/3.12.8/x64/lib/python3.12/site-packages/tenacity/__init__.py:379: in __call__\n    do = self.iter(retry_state=retry_state)\n/opt/hostedtoolcache/Python/3.12.8/x64/lib/python3.12/site-packages/tenacity/__init__.py:325: in iter\n    raise retry_exc.reraise()\n/opt/hostedtoolcache/Python/3.12.8/x64/lib/python3.12/site-packages/tenacity/__init__.py:158: in reraise\n    raise self.last_attempt.result()\n/opt/hostedtoolcache/Python/3.12.8/x64/lib/python3.12/concurrent/futures/_base.py:449: in result\n    return self.__get_result()\n/opt/hostedtoolcache/Python/3.12.8/x64/lib/python3.12/concurrent/futures/_base.py:401: in __get_result\n    raise self._exception\n/opt/hostedtoolcache/Python/3.12.8/x64/lib/python3.12/site-packages/tenacity/__init__.py:382: in __call__\n    result = fn(*args, **kwargs)\nsrc/node/rpc_client.py:27: in send_rpc_request\n    assert \"result\" in response.json(), \"Response does not contain 'result' key.\"\nE   AssertionError: Response does not contain 'result' key.","flaky":false,"newFailed":false,"newBroken":false,"newPassed":false,"retriesCount":2,"retriesStatusChange":false,"beforeStages":[{"name":"set_allure_env_variables","time":{"start":1734913001635,"stop":1734913001635,"duration":0},"status":"passed","steps":[],"attachments":[],"parameters":[],"shouldDisplayMessage":false,"stepsCount":0,"attachmentsCount":0,"hasContent":false,"attachmentStep":false},{"name":"clear_open_nodes","time":{"start":1734914810115,"stop":1734914810115,"duration":0},"status":"passed","steps":[],"attachments":[],"parameters":[],"shouldDisplayMessage":false,"stepsCount":0,"attachmentsCount":0,"hasContent":false,"attachmentStep":false},{"name":"save_node_logs_on_fail","time":{"start":1734914810115,"stop":1734914810115,"duration":0},"status":"passed","steps":[],"attachments":[],"parameters":[],"shouldDisplayMessage":false,"stepsCount":0,"attachmentsCount":0,"hasContent":false,"attachmentStep":false},{"name":"start_1_node","time":{"start":1734914810115,"stop":1734914817924,"duration":7809},"status":"passed","steps":[],"attachments":[],"parameters":[],"shouldDisplayMessage":false,"stepsCount":0,"attachmentsCount":0,"hasContent":false,"attachmentStep":false}],"testStage":{"status":"failed","statusMessage":"AssertionError: Response does not contain 'result' key.","statusTrace":"tests/test_leave_community.py:13: in test_leave_community_baseline\n    self.join_created_communities()\nsrc/steps/common.py:176: in join_created_communities\n    response_to_join = self.first_node.request_to_join_community(community_id)\nsrc/node/status_node.py:197: in request_to_join_community\n    return self.api.send_rpc_request(\"wakuext_requestToJoinCommunity\", params)\n/opt/hostedtoolcache/Python/3.12.8/x64/lib/python3.12/site-packages/tenacity/__init__.py:289: in wrapped_f\n    return self(f, *args, **kw)\n/opt/hostedtoolcache/Python/3.12.8/x64/lib/python3.12/site-packages/tenacity/__init__.py:379: in __call__\n    do = self.iter(retry_state=retry_state)\n/opt/hostedtoolcache/Python/3.12.8/x64/lib/python3.12/site-packages/tenacity/__init__.py:325: in iter\n    raise retry_exc.reraise()\n/opt/hostedtoolcache/Python/3.12.8/x64/lib/python3.12/site-packages/tenacity/__init__.py:158: in reraise\n    raise self.last_attempt.result()\n/opt/hostedtoolcache/Python/3.12.8/x64/lib/python3.12/concurrent/futures/_base.py:449: in result\n    return self.__get_result()\n/opt/hostedtoolcache/Python/3.12.8/x64/lib/python3.12/concurrent/futures/_base.py:401: in __get_result\n    raise self._exception\n/opt/hostedtoolcache/Python/3.12.8/x64/lib/python3.12/site-packages/tenacity/__init__.py:382: in __call__\n    result = fn(*args, **kwargs)\nsrc/node/rpc_client.py:27: in send_rpc_request\n    assert \"result\" in response.json(), \"Response does not contain 'result' key.\"\nE   AssertionError: Response does not contain 'result' key.","steps":[],"attachments":[{"uid":"f1c419944b8db7a7","name":"log","source":"f1c419944b8db7a7.txt","type":"text/plain","size":670347}],"parameters":[],"shouldDisplayMessage":true,"stepsCount":0,"attachmentsCount":1,"hasContent":true,"attachmentStep":false},"afterStages":[{"name":"save_node_logs_on_fail::0","time":{"start":1734914873672,"stop":1734914873674,"duration":2},"status":"passed","steps":[],"attachments":[],"parameters":[],"shouldDisplayMessage":false,"stepsCount":0,"attachmentsCount":0,"hasContent":false,"attachmentStep":false},{"name":"clear_open_nodes::0","time":{"start":1734914873675,"stop":1734914873797,"duration":122},"status":"passed","steps":[],"attachments":[],"parameters":[],"shouldDisplayMessage":false,"stepsCount":0,"attachmentsCount":0,"hasContent":false,"attachmentStep":false},{"name":"set_allure_env_variables::0","time":{"start":1734915132009,"stop":1734915132009,"duration":0},"status":"passed","steps":[],"attachments":[],"parameters":[],"shouldDisplayMessage":false,"stepsCount":0,"attachmentsCount":0,"hasContent":false,"attachmentStep":false}],"labels":[{"name":"tag","value":"flaky(reruns=2)"},{"name":"tag","value":"@pytest.mark.usefixtures('start_1_node')"},{"name":"parentSuite","value":"tests"},{"name":"suite","value":"test_leave_community"},{"name":"subSuite","value":"TestLeaveCommunity"},{"name":"host","value":"fv-az797-752"},{"name":"thread","value":"60463-MainThread"},{"name":"framework","value":"pytest"},{"name":"language","value":"cpython3"},{"name":"package","value":"tests.test_leave_community"},{"name":"resultFormat","value":"allure2"}],"parameters":[],"links":[],"hidden":false,"retry":false,"extra":{"severity":"normal","retries":[{"uid":"2a398795c373aa3","status":"failed","statusDetails":"AssertionError: Response does not contain 'result' key.","time":{"start":1734914754383,"stop":1734914809941,"duration":55558}},{"uid":"b58dbf44a9213557","status":"failed","statusDetails":"AssertionError: Response does not contain 'result' key.","time":{"start":1734914690996,"stop":1734914746413,"duration":55417}}],"categories":[{"name":"Product defects","matchedStatuses":[],"flaky":false}],"history":{"statistic":{"failed":62,"broken":4,"skipped":0,"passed":9,"unknown":0,"total":75},"items":[{"uid":"b44638d2cc9bcbe9","reportUrl":"https://status-im.github.io/status-cli-tests/312//#testresult/b44638d2cc9bcbe9","status":"failed","statusDetails":"AssertionError: Response does not contain 'result' key.","time":{"start":1734828408733,"stop":1734828457716,"duration":48983}},{"uid":"381190ef1df8df2f","reportUrl":"https://status-im.github.io/status-cli-tests/311//#testresult/381190ef1df8df2f","status":"failed","statusDetails":"AssertionError: Response does not contain 'result' key.","time":{"start":1734741905359,"stop":1734741954393,"duration":49034}},{"uid":"84dadcb6d047bb59","reportUrl":"https://status-im.github.io/status-cli-tests/310//#testresult/84dadcb6d047bb59","status":"failed","statusDetails":"AssertionError: Response does not contain 'result' key.","time":{"start":1734655367519,"stop":1734655428759,"duration":61240}},{"uid":"9c7c07f3ef33056d","reportUrl":"https://status-im.github.io/status-cli-tests/309//#testresult/9c7c07f3ef33056d","status":"failed","statusDetails":"AssertionError: Response does not contain 'result' key.","time":{"start":1734568994851,"stop":1734569047025,"duration":52174}},{"uid":"e2060ef42e30904b","reportUrl":"https://status-im.github.io/status-cli-tests/308//#testresult/e2060ef42e30904b","status":"failed","statusDetails":"AssertionError: Response does not contain 'result' key.","time":{"start":1734482878453,"stop":1734482927982,"duration":49529}},{"uid":"2212162be13ff26a","reportUrl":"https://status-im.github.io/status-cli-tests/307//#testresult/2212162be13ff26a","status":"failed","statusDetails":"AssertionError: Response does not contain 'result' key.","time":{"start":1734396229512,"stop":1734396276338,"duration":46826}},{"uid":"5445c5ce9384b967","reportUrl":"https://status-im.github.io/status-cli-tests/306//#testresult/5445c5ce9384b967","status":"failed","statusDetails":"AssertionError: Response does not contain 'result' key.","time":{"start":1734310101770,"stop":1734310154642,"duration":52872}},{"uid":"2e44d50ef577baf","reportUrl":"https://status-im.github.io/status-cli-tests/305//#testresult/2e44d50ef577baf","status":"failed","statusDetails":"AssertionError: Response does not contain 'result' key.","time":{"start":1734223625606,"stop":1734223680437,"duration":54831}},{"uid":"a104d3d4fa55447f","reportUrl":"https://status-im.github.io/status-cli-tests/304//#testresult/a104d3d4fa55447f","status":"failed","statusDetails":"AssertionError: Response does not contain 'result' key.","time":{"start":1734137200786,"stop":1734137256765,"duration":55979}},{"uid":"2a80884bf72b7746","reportUrl":"https://status-im.github.io/status-cli-tests/303//#testresult/2a80884bf72b7746","status":"failed","statusDetails":"AssertionError: Response does not contain 'result' key.","time":{"start":1734050638812,"stop":1734050688008,"duration":49196}},{"uid":"ec7f67c70a60d36d","reportUrl":"https://status-im.github.io/status-cli-tests/302//#testresult/ec7f67c70a60d36d","status":"failed","statusDetails":"AssertionError: Response does not contain 'result' key.","time":{"start":1733964249273,"stop":1733964302239,"duration":52966}},{"uid":"4e2785b2d5c7a6aa","reportUrl":"https://status-im.github.io/status-cli-tests/301//#testresult/4e2785b2d5c7a6aa","status":"broken","statusDetails":"RuntimeError: Request to http://127.0.0.1:1821 usig method wakuext_fetchCommunity timed out after 10 seconds. Node: first_node","time":{"start":1733878310320,"stop":1733878436265,"duration":125945}},{"uid":"2cf66d7f2bcb0975","reportUrl":"https://status-im.github.io/status-cli-tests/300//#testresult/2cf66d7f2bcb0975","status":"failed","statusDetails":"AssertionError: Response does not contain 'result' key.","time":{"start":1733791211819,"stop":1733791261405,"duration":49586}},{"uid":"6cda1f9806569825","reportUrl":"https://status-im.github.io/status-cli-tests/299//#testresult/6cda1f9806569825","status":"failed","statusDetails":"AssertionError: Response does not contain 'result' key.","time":{"start":1733704788071,"stop":1733704831523,"duration":43452}},{"uid":"87107ba238ac1a2e","reportUrl":"https://status-im.github.io/status-cli-tests/298//#testresult/87107ba238ac1a2e","status":"failed","statusDetails":"AssertionError: Response does not contain 'result' key.","time":{"start":1733618711376,"stop":1733618769569,"duration":58193}},{"uid":"bef1615bb21088f4","reportUrl":"https://status-im.github.io/status-cli-tests/297//#testresult/bef1615bb21088f4","status":"failed","statusDetails":"AssertionError: Response does not contain 'result' key.","time":{"start":1733532362113,"stop":1733532429250,"duration":67137}},{"uid":"a7d517f2f6d5686d","reportUrl":"https://status-im.github.io/status-cli-tests/296//#testresult/a7d517f2f6d5686d","status":"failed","statusDetails":"AssertionError: Response does not contain 'result' key.","time":{"start":1733446330229,"stop":1733446404780,"duration":74551}},{"uid":"11ceee790d1db5d2","reportUrl":"https://status-im.github.io/status-cli-tests/295//#testresult/11ceee790d1db5d2","status":"failed","statusDetails":"AssertionError: Response does not contain 'result' key.","time":{"start":1733359934042,"stop":1733360012269,"duration":78227}},{"uid":"f24e110835a7d0a7","reportUrl":"https://status-im.github.io/status-cli-tests/294//#testresult/f24e110835a7d0a7","status":"failed","statusDetails":"AssertionError: Response does not contain 'result' key.","time":{"start":1733273580786,"stop":1733273648948,"duration":68162}},{"uid":"590c84d798f1711c","reportUrl":"https://status-im.github.io/status-cli-tests/293//#testresult/590c84d798f1711c","status":"failed","statusDetails":"AssertionError: Response does not contain 'result' key.","time":{"start":1733186959786,"stop":1733187027495,"duration":67709}}]},"tags":["@pytest.mark.usefixtures('start_1_node')","flaky(reruns=2)"]},"source":"5fb5edd9b7193d5e.json","parameterValues":[]}