{"uid":"938aaf6b732157d0","name":"test_join_community_with_latency","fullName":"tests.test_join_community.TestJoinCommunity#test_join_community_with_latency","historyId":"c03b8c5d33abbf92b5cd45f8a8de165b","time":{"start":1727793077160,"stop":1727793145774,"duration":68614},"status":"failed","statusMessage":"AssertionError: Response does not contain 'result' key.","statusTrace":"tests/test_join_community.py:55: in test_join_community_with_latency\n    self.test_join_community_baseline()\ntests/test_join_community.py:33: in test_join_community_baseline\n    response_accept_to_join = status_node.accept_request_to_join_community(request_to_join_id)\nsrc/node/status_node.py:184: in accept_request_to_join_community\n    return self.api.send_rpc_request(\"wakuext_acceptRequestToJoinCommunity\", params)\n/opt/hostedtoolcache/Python/3.12.6/x64/lib/python3.12/site-packages/tenacity/__init__.py:289: in wrapped_f\n    return self(f, *args, **kw)\n/opt/hostedtoolcache/Python/3.12.6/x64/lib/python3.12/site-packages/tenacity/__init__.py:379: in __call__\n    do = self.iter(retry_state=retry_state)\n/opt/hostedtoolcache/Python/3.12.6/x64/lib/python3.12/site-packages/tenacity/__init__.py:325: in iter\n    raise retry_exc.reraise()\n/opt/hostedtoolcache/Python/3.12.6/x64/lib/python3.12/site-packages/tenacity/__init__.py:158: in reraise\n    raise self.last_attempt.result()\n/opt/hostedtoolcache/Python/3.12.6/x64/lib/python3.12/concurrent/futures/_base.py:449: in result\n    return self.__get_result()\n/opt/hostedtoolcache/Python/3.12.6/x64/lib/python3.12/concurrent/futures/_base.py:401: in __get_result\n    raise self._exception\n/opt/hostedtoolcache/Python/3.12.6/x64/lib/python3.12/site-packages/tenacity/__init__.py:382: in __call__\n    result = fn(*args, **kwargs)\nsrc/node/rpc_client.py:27: in send_rpc_request\n    assert \"result\" in response.json(), \"Response does not contain 'result' key.\"\nE   AssertionError: Response does not contain 'result' key.","flaky":false,"newFailed":false,"newBroken":false,"newPassed":false,"retriesCount":0,"retriesStatusChange":false,"beforeStages":[{"name":"set_allure_env_variables","time":{"start":1727791956570,"stop":1727791956571,"duration":1},"status":"passed","steps":[],"attachments":[],"parameters":[],"shouldDisplayMessage":false,"stepsCount":0,"attachmentsCount":0,"hasContent":false,"attachmentStep":false},{"name":"clear_open_nodes","time":{"start":1727793069350,"stop":1727793069350,"duration":0},"status":"passed","steps":[],"attachments":[],"parameters":[],"shouldDisplayMessage":false,"stepsCount":0,"attachmentsCount":0,"hasContent":false,"attachmentStep":false},{"name":"start_1_node","time":{"start":1727793069351,"stop":1727793077160,"duration":7809},"status":"passed","steps":[],"attachments":[],"parameters":[],"shouldDisplayMessage":false,"stepsCount":0,"attachmentsCount":0,"hasContent":false,"attachmentStep":false},{"name":"save_node_logs_on_fail","time":{"start":1727793069351,"stop":1727793069351,"duration":0},"status":"passed","steps":[],"attachments":[],"parameters":[],"shouldDisplayMessage":false,"stepsCount":0,"attachmentsCount":0,"hasContent":false,"attachmentStep":false}],"testStage":{"status":"failed","statusMessage":"AssertionError: Response does not contain 'result' key.","statusTrace":"tests/test_join_community.py:55: in test_join_community_with_latency\n    self.test_join_community_baseline()\ntests/test_join_community.py:33: in test_join_community_baseline\n    response_accept_to_join = status_node.accept_request_to_join_community(request_to_join_id)\nsrc/node/status_node.py:184: in accept_request_to_join_community\n    return self.api.send_rpc_request(\"wakuext_acceptRequestToJoinCommunity\", params)\n/opt/hostedtoolcache/Python/3.12.6/x64/lib/python3.12/site-packages/tenacity/__init__.py:289: in wrapped_f\n    return self(f, *args, **kw)\n/opt/hostedtoolcache/Python/3.12.6/x64/lib/python3.12/site-packages/tenacity/__init__.py:379: in __call__\n    do = self.iter(retry_state=retry_state)\n/opt/hostedtoolcache/Python/3.12.6/x64/lib/python3.12/site-packages/tenacity/__init__.py:325: in iter\n    raise retry_exc.reraise()\n/opt/hostedtoolcache/Python/3.12.6/x64/lib/python3.12/site-packages/tenacity/__init__.py:158: in reraise\n    raise self.last_attempt.result()\n/opt/hostedtoolcache/Python/3.12.6/x64/lib/python3.12/concurrent/futures/_base.py:449: in result\n    return self.__get_result()\n/opt/hostedtoolcache/Python/3.12.6/x64/lib/python3.12/concurrent/futures/_base.py:401: in __get_result\n    raise self._exception\n/opt/hostedtoolcache/Python/3.12.6/x64/lib/python3.12/site-packages/tenacity/__init__.py:382: in __call__\n    result = fn(*args, **kwargs)\nsrc/node/rpc_client.py:27: in send_rpc_request\n    assert \"result\" in response.json(), \"Response does not contain 'result' key.\"\nE   AssertionError: Response does not contain 'result' key.","steps":[],"attachments":[{"uid":"ed84f2e1494cf21e","name":"log","source":"ed84f2e1494cf21e.txt","type":"text/plain","size":327974}],"parameters":[],"shouldDisplayMessage":true,"stepsCount":0,"attachmentsCount":1,"hasContent":true,"attachmentStep":false},"afterStages":[{"name":"save_node_logs_on_fail::0","time":{"start":1727793145826,"stop":1727793145828,"duration":2},"status":"passed","steps":[],"attachments":[],"parameters":[],"shouldDisplayMessage":false,"stepsCount":0,"attachmentsCount":0,"hasContent":false,"attachmentStep":false},{"name":"clear_open_nodes::0","time":{"start":1727793145829,"stop":1727793145962,"duration":133},"status":"passed","steps":[],"attachments":[],"parameters":[],"shouldDisplayMessage":false,"stepsCount":0,"attachmentsCount":0,"hasContent":false,"attachmentStep":false},{"name":"set_allure_env_variables::0","time":{"start":1727794025266,"stop":1727794025267,"duration":1},"status":"passed","steps":[],"attachments":[],"parameters":[],"shouldDisplayMessage":false,"stepsCount":0,"attachmentsCount":0,"hasContent":false,"attachmentStep":false}],"labels":[{"name":"tag","value":"@pytest.mark.usefixtures('start_1_node')"},{"name":"parentSuite","value":"tests"},{"name":"suite","value":"test_join_community"},{"name":"subSuite","value":"TestJoinCommunity"},{"name":"host","value":"fv-az1110-75"},{"name":"thread","value":"10017-MainThread"},{"name":"framework","value":"pytest"},{"name":"language","value":"cpython3"},{"name":"package","value":"tests.test_join_community"},{"name":"resultFormat","value":"allure2"}],"parameters":[],"links":[],"hidden":false,"retry":false,"extra":{"severity":"normal","retries":[],"categories":[{"name":"Product defects","matchedStatuses":[],"flaky":false}],"history":{"statistic":{"failed":39,"broken":29,"skipped":0,"passed":22,"unknown":0,"total":90},"items":[{"uid":"ef6f6a803617e88d","reportUrl":"https://status-im.github.io/status-cli-tests/222//#testresult/ef6f6a803617e88d","status":"failed","statusDetails":"AssertionError: Response does not contain 'result' key.","time":{"start":1727790644246,"stop":1727790712594,"duration":68348}},{"uid":"1036bce2a470c77d","reportUrl":"https://status-im.github.io/status-cli-tests/221//#testresult/1036bce2a470c77d","status":"failed","statusDetails":"AssertionError: Response does not contain 'result' key.","time":{"start":1727742910274,"stop":1727742989048,"duration":78774}},{"uid":"b3b4340ecf204ab2","reportUrl":"https://status-im.github.io/status-cli-tests/220//#testresult/b3b4340ecf204ab2","status":"broken","statusDetails":"RuntimeError: Request to http://127.0.0.1:54757 usig method wakuext_fetchCommunity timed out after 10 seconds. Node: first_node","time":{"start":1727656437494,"stop":1727656503176,"duration":65682}},{"uid":"cc662832e96445e3","reportUrl":"https://status-im.github.io/status-cli-tests/219//#testresult/cc662832e96445e3","status":"failed","statusDetails":"AssertionError: Response does not contain 'result' key.","time":{"start":1727569997737,"stop":1727570066226,"duration":68489}},{"uid":"7b2c11365fffaf91","reportUrl":"https://status-im.github.io/status-cli-tests/218//#testresult/7b2c11365fffaf91","status":"failed","statusDetails":"AssertionError: Response does not contain 'result' key.","time":{"start":1727483607038,"stop":1727483675876,"duration":68838}},{"uid":"6ea756336e48f6f3","reportUrl":"https://status-im.github.io/status-cli-tests/217//#testresult/6ea756336e48f6f3","status":"failed","statusDetails":"AssertionError: Response does not contain 'result' key.","time":{"start":1727397221782,"stop":1727397305572,"duration":83790}},{"uid":"a621b09da6a57faf","reportUrl":"https://status-im.github.io/status-cli-tests/216//#testresult/a621b09da6a57faf","status":"failed","statusDetails":"AssertionError: Response does not contain 'result' key.","time":{"start":1727310744477,"stop":1727310843606,"duration":99129}},{"uid":"ced29a982184e7e9","reportUrl":"https://status-im.github.io/status-cli-tests/215//#testresult/ced29a982184e7e9","status":"broken","statusDetails":"RuntimeError: Request to http://127.0.0.1:3796 usig method wakuext_fetchCommunity timed out after 10 seconds. Node: first_node","time":{"start":1727224252663,"stop":1727224314979,"duration":62316}},{"uid":"277cd572cef5e4b3","reportUrl":"https://status-im.github.io/status-cli-tests/214//#testresult/277cd572cef5e4b3","status":"passed","time":{"start":1727137939513,"stop":1727138012180,"duration":72667}},{"uid":"3e04b8f8413c30fa","reportUrl":"https://status-im.github.io/status-cli-tests/213//#testresult/3e04b8f8413c30fa","status":"failed","statusDetails":"AssertionError: Response does not contain 'result' key.","time":{"start":1727085833215,"stop":1727085903403,"duration":70188}},{"uid":"966d553b41b12c56","reportUrl":"https://status-im.github.io/status-cli-tests/212//#testresult/966d553b41b12c56","status":"failed","statusDetails":"AssertionError: Response does not contain 'result' key.","time":{"start":1727079655931,"stop":1727079755113,"duration":99182}},{"uid":"b24cd6c073f25c57","reportUrl":"https://status-im.github.io/status-cli-tests/211//#testresult/b24cd6c073f25c57","status":"passed","time":{"start":1727051385537,"stop":1727051443142,"duration":57605}},{"uid":"6d1e8489dc735c54","reportUrl":"https://status-im.github.io/status-cli-tests/210//#testresult/6d1e8489dc735c54","status":"passed","time":{"start":1726964981905,"stop":1726965062191,"duration":80286}},{"uid":"b88e7bce30afcf35","reportUrl":"https://status-im.github.io/status-cli-tests/209//#testresult/b88e7bce30afcf35","status":"passed","time":{"start":1726878560804,"stop":1726878639565,"duration":78761}},{"uid":"34792852540012d0","reportUrl":"https://status-im.github.io/status-cli-tests/208//#testresult/34792852540012d0","status":"passed","time":{"start":1726792175079,"stop":1726792235681,"duration":60602}},{"uid":"826723d918e18821","reportUrl":"https://status-im.github.io/status-cli-tests/207//#testresult/826723d918e18821","status":"passed","time":{"start":1726705818017,"stop":1726705878623,"duration":60606}},{"uid":"198817d40776cbd7","reportUrl":"https://status-im.github.io/status-cli-tests/206//#testresult/198817d40776cbd7","status":"failed","statusDetails":"AssertionError: Response does not contain 'result' key.","time":{"start":1726619410689,"stop":1726619447983,"duration":37294}},{"uid":"b867d74e7bb0a96c","reportUrl":"https://status-im.github.io/status-cli-tests/205//#testresult/b867d74e7bb0a96c","status":"passed","time":{"start":1726553130995,"stop":1726553201953,"duration":70958}},{"uid":"e60760d523c4a8a7","reportUrl":"https://status-im.github.io/status-cli-tests/204//#testresult/e60760d523c4a8a7","status":"failed","statusDetails":"AssertionError: Response does not contain 'result' key.","time":{"start":1726533014242,"stop":1726533051071,"duration":36829}},{"uid":"734602536261961a","reportUrl":"https://status-im.github.io/status-cli-tests/203//#testresult/734602536261961a","status":"failed","statusDetails":"AssertionError: Response does not contain 'result' key.","time":{"start":1726446640916,"stop":1726446678370,"duration":37454}}]},"tags":["@pytest.mark.usefixtures('start_1_node')"]},"source":"938aaf6b732157d0.json","parameterValues":[]}