{"uid":"89ade76c9c618d9","name":"test_join_community_with_low_bandwith","fullName":"tests.test_join_community.TestJoinCommunity#test_join_community_with_low_bandwith","historyId":"acec66a9fe6a2fbcbf702c9ea545d881","time":{"start":1732063019886,"stop":1732063071918,"duration":52032},"status":"failed","statusMessage":"AssertionError: Response does not contain 'result' key.","statusTrace":"tests/test_join_community.py:65: in test_join_community_with_low_bandwith\n    self.test_join_community_baseline()\ntests/test_join_community.py:33: in test_join_community_baseline\n    response_accept_to_join = status_node.accept_request_to_join_community(request_to_join_id)\nsrc/node/status_node.py:201: in accept_request_to_join_community\n    return self.api.send_rpc_request(\"wakuext_acceptRequestToJoinCommunity\", params)\n/opt/hostedtoolcache/Python/3.12.7/x64/lib/python3.12/site-packages/tenacity/__init__.py:289: in wrapped_f\n    return self(f, *args, **kw)\n/opt/hostedtoolcache/Python/3.12.7/x64/lib/python3.12/site-packages/tenacity/__init__.py:379: in __call__\n    do = self.iter(retry_state=retry_state)\n/opt/hostedtoolcache/Python/3.12.7/x64/lib/python3.12/site-packages/tenacity/__init__.py:325: in iter\n    raise retry_exc.reraise()\n/opt/hostedtoolcache/Python/3.12.7/x64/lib/python3.12/site-packages/tenacity/__init__.py:158: in reraise\n    raise self.last_attempt.result()\n/opt/hostedtoolcache/Python/3.12.7/x64/lib/python3.12/concurrent/futures/_base.py:449: in result\n    return self.__get_result()\n/opt/hostedtoolcache/Python/3.12.7/x64/lib/python3.12/concurrent/futures/_base.py:401: in __get_result\n    raise self._exception\n/opt/hostedtoolcache/Python/3.12.7/x64/lib/python3.12/site-packages/tenacity/__init__.py:382: in __call__\n    result = fn(*args, **kwargs)\nsrc/node/rpc_client.py:27: in send_rpc_request\n    assert \"result\" in response.json(), \"Response does not contain 'result' key.\"\nE   AssertionError: Response does not contain 'result' key.","flaky":false,"newFailed":true,"newBroken":false,"newPassed":false,"retriesCount":0,"retriesStatusChange":false,"beforeStages":[{"name":"set_allure_env_variables","time":{"start":1732061810036,"stop":1732061810037,"duration":1},"status":"passed","steps":[],"attachments":[],"parameters":[],"shouldDisplayMessage":false,"stepsCount":0,"attachmentsCount":0,"hasContent":false,"attachmentStep":false},{"name":"clear_open_nodes","time":{"start":1732063012175,"stop":1732063012175,"duration":0},"status":"passed","steps":[],"attachments":[],"parameters":[],"shouldDisplayMessage":false,"stepsCount":0,"attachmentsCount":0,"hasContent":false,"attachmentStep":false},{"name":"start_1_node","time":{"start":1732063012176,"stop":1732063019886,"duration":7710},"status":"passed","steps":[],"attachments":[],"parameters":[],"shouldDisplayMessage":false,"stepsCount":0,"attachmentsCount":0,"hasContent":false,"attachmentStep":false},{"name":"save_node_logs_on_fail","time":{"start":1732063012176,"stop":1732063012176,"duration":0},"status":"passed","steps":[],"attachments":[],"parameters":[],"shouldDisplayMessage":false,"stepsCount":0,"attachmentsCount":0,"hasContent":false,"attachmentStep":false}],"testStage":{"status":"failed","statusMessage":"AssertionError: Response does not contain 'result' key.","statusTrace":"tests/test_join_community.py:65: in test_join_community_with_low_bandwith\n    self.test_join_community_baseline()\ntests/test_join_community.py:33: in test_join_community_baseline\n    response_accept_to_join = status_node.accept_request_to_join_community(request_to_join_id)\nsrc/node/status_node.py:201: in accept_request_to_join_community\n    return self.api.send_rpc_request(\"wakuext_acceptRequestToJoinCommunity\", params)\n/opt/hostedtoolcache/Python/3.12.7/x64/lib/python3.12/site-packages/tenacity/__init__.py:289: in wrapped_f\n    return self(f, *args, **kw)\n/opt/hostedtoolcache/Python/3.12.7/x64/lib/python3.12/site-packages/tenacity/__init__.py:379: in __call__\n    do = self.iter(retry_state=retry_state)\n/opt/hostedtoolcache/Python/3.12.7/x64/lib/python3.12/site-packages/tenacity/__init__.py:325: in iter\n    raise retry_exc.reraise()\n/opt/hostedtoolcache/Python/3.12.7/x64/lib/python3.12/site-packages/tenacity/__init__.py:158: in reraise\n    raise self.last_attempt.result()\n/opt/hostedtoolcache/Python/3.12.7/x64/lib/python3.12/concurrent/futures/_base.py:449: in result\n    return self.__get_result()\n/opt/hostedtoolcache/Python/3.12.7/x64/lib/python3.12/concurrent/futures/_base.py:401: in __get_result\n    raise self._exception\n/opt/hostedtoolcache/Python/3.12.7/x64/lib/python3.12/site-packages/tenacity/__init__.py:382: in __call__\n    result = fn(*args, **kwargs)\nsrc/node/rpc_client.py:27: in send_rpc_request\n    assert \"result\" in response.json(), \"Response does not contain 'result' key.\"\nE   AssertionError: Response does not contain 'result' key.","steps":[],"attachments":[{"uid":"c3648db8c696b5ad","name":"log","source":"c3648db8c696b5ad.txt","type":"text/plain","size":205340}],"parameters":[],"shouldDisplayMessage":true,"stepsCount":0,"attachmentsCount":1,"hasContent":true,"attachmentStep":false},"afterStages":[{"name":"save_node_logs_on_fail::0","time":{"start":1732063071972,"stop":1732063071974,"duration":2},"status":"passed","steps":[],"attachments":[],"parameters":[],"shouldDisplayMessage":false,"stepsCount":0,"attachmentsCount":0,"hasContent":false,"attachmentStep":false},{"name":"clear_open_nodes::0","time":{"start":1732063071974,"stop":1732063072196,"duration":222},"status":"passed","steps":[],"attachments":[],"parameters":[],"shouldDisplayMessage":false,"stepsCount":0,"attachmentsCount":0,"hasContent":false,"attachmentStep":false},{"name":"set_allure_env_variables::0","time":{"start":1732063549021,"stop":1732063549021,"duration":0},"status":"passed","steps":[],"attachments":[],"parameters":[],"shouldDisplayMessage":false,"stepsCount":0,"attachmentsCount":0,"hasContent":false,"attachmentStep":false}],"labels":[{"name":"tag","value":"@pytest.mark.usefixtures('start_1_node')"},{"name":"parentSuite","value":"tests"},{"name":"suite","value":"test_join_community"},{"name":"subSuite","value":"TestJoinCommunity"},{"name":"host","value":"fv-az1196-415"},{"name":"thread","value":"60972-MainThread"},{"name":"framework","value":"pytest"},{"name":"language","value":"cpython3"},{"name":"package","value":"tests.test_join_community"},{"name":"resultFormat","value":"allure2"}],"parameters":[],"links":[],"hidden":false,"retry":false,"extra":{"severity":"normal","retries":[],"categories":[{"name":"Product defects","matchedStatuses":[],"flaky":false}],"history":{"statistic":{"failed":15,"broken":5,"skipped":0,"passed":22,"unknown":0,"total":42},"items":[{"uid":"80a7c8ec4bdc689e","reportUrl":"https://status-im.github.io/status-cli-tests/279//#testresult/80a7c8ec4bdc689e","status":"passed","time":{"start":1731976560540,"stop":1731976604768,"duration":44228}},{"uid":"18eaa775d5195230","reportUrl":"https://status-im.github.io/status-cli-tests/278//#testresult/18eaa775d5195230","status":"passed","time":{"start":1731890177830,"stop":1731890219342,"duration":41512}},{"uid":"54cda5e2fe16b57f","reportUrl":"https://status-im.github.io/status-cli-tests/277//#testresult/54cda5e2fe16b57f","status":"passed","time":{"start":1731803810260,"stop":1731803851177,"duration":40917}},{"uid":"b0243d0a48e21ab9","reportUrl":"https://status-im.github.io/status-cli-tests/276//#testresult/b0243d0a48e21ab9","status":"passed","time":{"start":1731717356914,"stop":1731717407770,"duration":50856}},{"uid":"8abeaedeb3d6284","reportUrl":"https://status-im.github.io/status-cli-tests/275//#testresult/8abeaedeb3d6284","status":"passed","time":{"start":1731630986268,"stop":1731631028901,"duration":42633}},{"uid":"78ce8e059ef8c9da","reportUrl":"https://status-im.github.io/status-cli-tests/274//#testresult/78ce8e059ef8c9da","status":"passed","time":{"start":1731544598191,"stop":1731544642033,"duration":43842}},{"uid":"87b625dcbf69a52d","reportUrl":"https://status-im.github.io/status-cli-tests/273//#testresult/87b625dcbf69a52d","status":"passed","time":{"start":1731458649935,"stop":1731458722342,"duration":72407}},{"uid":"bac0afdfd5078ac1","reportUrl":"https://status-im.github.io/status-cli-tests/272//#testresult/bac0afdfd5078ac1","status":"broken","statusDetails":"RuntimeError: Request to http://127.0.0.1:54619 usig method wakuext_fetchCommunity timed out after 10 seconds. Node: first_node","time":{"start":1731372113748,"stop":1731372172961,"duration":59213}},{"uid":"cecb6079a182271f","reportUrl":"https://status-im.github.io/status-cli-tests/271//#testresult/cecb6079a182271f","status":"broken","statusDetails":"RuntimeError: Request to http://127.0.0.1:5279 usig method wakuext_fetchCommunity timed out after 10 seconds. Node: first_node","time":{"start":1731285843835,"stop":1731285905687,"duration":61852}},{"uid":"4ec436b5202d1c10","reportUrl":"https://status-im.github.io/status-cli-tests/270//#testresult/4ec436b5202d1c10","status":"broken","statusDetails":"RuntimeError: Request to http://127.0.0.1:41716 usig method wakuext_fetchCommunity timed out after 10 seconds. Node: first_node","time":{"start":1731199335456,"stop":1731199410290,"duration":74834}},{"uid":"a236a36a3d695ae0","reportUrl":"https://status-im.github.io/status-cli-tests/269//#testresult/a236a36a3d695ae0","status":"broken","statusDetails":"RuntimeError: Request to http://127.0.0.1:53499 usig method wakuext_fetchCommunity timed out after 10 seconds. Node: first_node","time":{"start":1731112598121,"stop":1731112657299,"duration":59178}},{"uid":"bbe2f55ce2964078","reportUrl":"https://status-im.github.io/status-cli-tests/268//#testresult/bbe2f55ce2964078","status":"passed","time":{"start":1731026265064,"stop":1731026319914,"duration":54850}},{"uid":"68ddb93a9ade08e","reportUrl":"https://status-im.github.io/status-cli-tests/267//#testresult/68ddb93a9ade08e","status":"passed","time":{"start":1730939923315,"stop":1730939973113,"duration":49798}},{"uid":"eafda7bd138f19be","reportUrl":"https://status-im.github.io/status-cli-tests/266//#testresult/eafda7bd138f19be","status":"passed","time":{"start":1730853514345,"stop":1730853575341,"duration":60996}},{"uid":"90a07e72192106bc","reportUrl":"https://status-im.github.io/status-cli-tests/265//#testresult/90a07e72192106bc","status":"passed","time":{"start":1730767184799,"stop":1730767252706,"duration":67907}},{"uid":"3ec7b5da77d7045","reportUrl":"https://status-im.github.io/status-cli-tests/264//#testresult/3ec7b5da77d7045","status":"failed","statusDetails":"AssertionError: Response does not contain 'result' key.","time":{"start":1730680639253,"stop":1730680698457,"duration":59204}},{"uid":"55f701521f357578","reportUrl":"https://status-im.github.io/status-cli-tests/263//#testresult/55f701521f357578","status":"passed","time":{"start":1730594534592,"stop":1730594587964,"duration":53372}},{"uid":"4f49424621db8ea3","reportUrl":"https://status-im.github.io/status-cli-tests/262//#testresult/4f49424621db8ea3","status":"broken","statusDetails":"RuntimeError: Request to http://127.0.0.1:59980 usig method wakuext_fetchCommunity timed out after 10 seconds. Node: first_node","time":{"start":1730508277378,"stop":1730508331887,"duration":54509}},{"uid":"219b185c392ccc68","reportUrl":"https://status-im.github.io/status-cli-tests/261//#testresult/219b185c392ccc68","status":"failed","statusDetails":"AssertionError: Response does not contain 'result' key.","time":{"start":1730421830766,"stop":1730421886300,"duration":55534}},{"uid":"2560b23fb638b264","reportUrl":"https://status-im.github.io/status-cli-tests/260//#testresult/2560b23fb638b264","status":"failed","statusDetails":"AssertionError: Response does not contain 'result' key.","time":{"start":1730335249028,"stop":1730335304783,"duration":55755}}]},"tags":["@pytest.mark.usefixtures('start_1_node')"]},"source":"89ade76c9c618d9.json","parameterValues":[]}