{"uid":"db2680e9eca170a3","name":"test_leave_community_baseline","fullName":"tests.test_leave_community.TestLeaveCommunity#test_leave_community_baseline","historyId":"ba5f179862c2394ab88a56b56e94ab6d","time":{"start":1731112878573,"stop":1731112946420,"duration":67847},"status":"failed","statusMessage":"AssertionError: Response does not contain 'result' key.","statusTrace":"tests/test_leave_community.py:20: in test_leave_community_baseline\n    response_accept_to_join = self.first_node.leave_community(community_id)\nsrc/node/status_node.py:209: in leave_community\n    return self.api.send_rpc_request(\"wakuext_leaveCommunity\", params)\n/opt/hostedtoolcache/Python/3.12.7/x64/lib/python3.12/site-packages/tenacity/__init__.py:289: in wrapped_f\n    return self(f, *args, **kw)\n/opt/hostedtoolcache/Python/3.12.7/x64/lib/python3.12/site-packages/tenacity/__init__.py:379: in __call__\n    do = self.iter(retry_state=retry_state)\n/opt/hostedtoolcache/Python/3.12.7/x64/lib/python3.12/site-packages/tenacity/__init__.py:325: in iter\n    raise retry_exc.reraise()\n/opt/hostedtoolcache/Python/3.12.7/x64/lib/python3.12/site-packages/tenacity/__init__.py:158: in reraise\n    raise self.last_attempt.result()\n/opt/hostedtoolcache/Python/3.12.7/x64/lib/python3.12/concurrent/futures/_base.py:449: in result\n    return self.__get_result()\n/opt/hostedtoolcache/Python/3.12.7/x64/lib/python3.12/concurrent/futures/_base.py:401: in __get_result\n    raise self._exception\n/opt/hostedtoolcache/Python/3.12.7/x64/lib/python3.12/site-packages/tenacity/__init__.py:382: in __call__\n    result = fn(*args, **kwargs)\nsrc/node/rpc_client.py:27: in send_rpc_request\n    assert \"result\" in response.json(), \"Response does not contain 'result' key.\"\nE   AssertionError: Response does not contain 'result' key.","flaky":false,"newFailed":false,"newBroken":false,"newPassed":false,"retriesCount":2,"retriesStatusChange":false,"beforeStages":[{"name":"set_allure_env_variables","time":{"start":1731111354731,"stop":1731111354731,"duration":0},"status":"passed","steps":[],"attachments":[],"parameters":[],"shouldDisplayMessage":false,"stepsCount":0,"attachmentsCount":0,"hasContent":false,"attachmentStep":false},{"name":"clear_open_nodes","time":{"start":1731112870761,"stop":1731112870761,"duration":0},"status":"passed","steps":[],"attachments":[],"parameters":[],"shouldDisplayMessage":false,"stepsCount":0,"attachmentsCount":0,"hasContent":false,"attachmentStep":false},{"name":"save_node_logs_on_fail","time":{"start":1731112870761,"stop":1731112870761,"duration":0},"status":"passed","steps":[],"attachments":[],"parameters":[],"shouldDisplayMessage":false,"stepsCount":0,"attachmentsCount":0,"hasContent":false,"attachmentStep":false},{"name":"start_1_node","time":{"start":1731112870761,"stop":1731112878573,"duration":7812},"status":"passed","steps":[],"attachments":[],"parameters":[],"shouldDisplayMessage":false,"stepsCount":0,"attachmentsCount":0,"hasContent":false,"attachmentStep":false}],"testStage":{"status":"failed","statusMessage":"AssertionError: Response does not contain 'result' key.","statusTrace":"tests/test_leave_community.py:20: in test_leave_community_baseline\n    response_accept_to_join = self.first_node.leave_community(community_id)\nsrc/node/status_node.py:209: in leave_community\n    return self.api.send_rpc_request(\"wakuext_leaveCommunity\", params)\n/opt/hostedtoolcache/Python/3.12.7/x64/lib/python3.12/site-packages/tenacity/__init__.py:289: in wrapped_f\n    return self(f, *args, **kw)\n/opt/hostedtoolcache/Python/3.12.7/x64/lib/python3.12/site-packages/tenacity/__init__.py:379: in __call__\n    do = self.iter(retry_state=retry_state)\n/opt/hostedtoolcache/Python/3.12.7/x64/lib/python3.12/site-packages/tenacity/__init__.py:325: in iter\n    raise retry_exc.reraise()\n/opt/hostedtoolcache/Python/3.12.7/x64/lib/python3.12/site-packages/tenacity/__init__.py:158: in reraise\n    raise self.last_attempt.result()\n/opt/hostedtoolcache/Python/3.12.7/x64/lib/python3.12/concurrent/futures/_base.py:449: in result\n    return self.__get_result()\n/opt/hostedtoolcache/Python/3.12.7/x64/lib/python3.12/concurrent/futures/_base.py:401: in __get_result\n    raise self._exception\n/opt/hostedtoolcache/Python/3.12.7/x64/lib/python3.12/site-packages/tenacity/__init__.py:382: in __call__\n    result = fn(*args, **kwargs)\nsrc/node/rpc_client.py:27: in send_rpc_request\n    assert \"result\" in response.json(), \"Response does not contain 'result' key.\"\nE   AssertionError: Response does not contain 'result' key.","steps":[],"attachments":[{"uid":"cb7426edb3accd36","name":"log","source":"cb7426edb3accd36.txt","type":"text/plain","size":722439}],"parameters":[],"shouldDisplayMessage":true,"stepsCount":0,"attachmentsCount":1,"hasContent":true,"attachmentStep":false},"afterStages":[{"name":"save_node_logs_on_fail::0","time":{"start":1731112946473,"stop":1731112946491,"duration":18},"status":"passed","steps":[],"attachments":[],"parameters":[],"shouldDisplayMessage":false,"stepsCount":0,"attachmentsCount":0,"hasContent":false,"attachmentStep":false},{"name":"clear_open_nodes::0","time":{"start":1731112946491,"stop":1731112946726,"duration":235},"status":"passed","steps":[],"attachments":[],"parameters":[],"shouldDisplayMessage":false,"stepsCount":0,"attachmentsCount":0,"hasContent":false,"attachmentStep":false},{"name":"set_allure_env_variables::0","time":{"start":1731113201486,"stop":1731113201486,"duration":0},"status":"passed","steps":[],"attachments":[],"parameters":[],"shouldDisplayMessage":false,"stepsCount":0,"attachmentsCount":0,"hasContent":false,"attachmentStep":false}],"labels":[{"name":"tag","value":"flaky(reruns=2)"},{"name":"tag","value":"@pytest.mark.usefixtures('start_1_node')"},{"name":"parentSuite","value":"tests"},{"name":"suite","value":"test_leave_community"},{"name":"subSuite","value":"TestLeaveCommunity"},{"name":"host","value":"fv-az1208-809"},{"name":"thread","value":"60975-MainThread"},{"name":"framework","value":"pytest"},{"name":"language","value":"cpython3"},{"name":"package","value":"tests.test_leave_community"},{"name":"resultFormat","value":"allure2"}],"parameters":[],"links":[],"hidden":false,"retry":false,"extra":{"severity":"normal","retries":[{"uid":"77fc794417cb0ec0","status":"failed","statusDetails":"AssertionError: Response does not contain 'result' key.","time":{"start":1731112806259,"stop":1731112870431,"duration":64172}},{"uid":"98061d1bd7b9778b","status":"failed","statusDetails":"AssertionError: Response does not contain 'result' key.","time":{"start":1731112723609,"stop":1731112798179,"duration":74570}}],"categories":[{"name":"Product defects","matchedStatuses":[],"flaky":false}],"history":{"statistic":{"failed":29,"broken":0,"skipped":0,"passed":2,"unknown":0,"total":31},"items":[{"uid":"7a0180a454800e6","reportUrl":"https://status-im.github.io/status-cli-tests/268//#testresult/7a0180a454800e6","status":"failed","statusDetails":"AssertionError: Response does not contain 'result' key.","time":{"start":1731026548765,"stop":1731026617881,"duration":69116}},{"uid":"f94fa3a74a67f60e","reportUrl":"https://status-im.github.io/status-cli-tests/267//#testresult/f94fa3a74a67f60e","status":"failed","statusDetails":"AssertionError: Response does not contain 'result' key.","time":{"start":1730940188647,"stop":1730940249790,"duration":61143}},{"uid":"ed9939a697a2f59c","reportUrl":"https://status-im.github.io/status-cli-tests/266//#testresult/ed9939a697a2f59c","status":"failed","statusDetails":"AssertionError: Response does not contain 'result' key.","time":{"start":1730853798901,"stop":1730853862126,"duration":63225}},{"uid":"3b59ca668272af54","reportUrl":"https://status-im.github.io/status-cli-tests/265//#testresult/3b59ca668272af54","status":"failed","statusDetails":"AssertionError: Response does not contain 'result' key.","time":{"start":1730767476998,"stop":1730767546137,"duration":69139}},{"uid":"22fe1fc2b272df54","reportUrl":"https://status-im.github.io/status-cli-tests/264//#testresult/22fe1fc2b272df54","status":"failed","statusDetails":"AssertionError: Response does not contain 'result' key.","time":{"start":1730680881857,"stop":1730680935610,"duration":53753}},{"uid":"7f4722c5dc827754","reportUrl":"https://status-im.github.io/status-cli-tests/263//#testresult/7f4722c5dc827754","status":"failed","statusDetails":"AssertionError: Response does not contain 'result' key.","time":{"start":1730594770067,"stop":1730594826688,"duration":56621}},{"uid":"9b9541a27afea58d","reportUrl":"https://status-im.github.io/status-cli-tests/262//#testresult/9b9541a27afea58d","status":"failed","statusDetails":"AssertionError: Response does not contain 'result' key.","time":{"start":1730508703895,"stop":1730508759425,"duration":55530}},{"uid":"79d889c0ebcaa401","reportUrl":"https://status-im.github.io/status-cli-tests/261//#testresult/79d889c0ebcaa401","status":"failed","statusDetails":"AssertionError: Response does not contain 'result' key.","time":{"start":1730422249694,"stop":1730422309865,"duration":60171}},{"uid":"f39d2face76231ac","reportUrl":"https://status-im.github.io/status-cli-tests/260//#testresult/f39d2face76231ac","status":"failed","statusDetails":"AssertionError: Response does not contain 'result' key.","time":{"start":1730335624745,"stop":1730335674936,"duration":50191}},{"uid":"fb21c7bfef39e9b","reportUrl":"https://status-im.github.io/status-cli-tests/259//#testresult/fb21c7bfef39e9b","status":"failed","statusDetails":"AssertionError: Response does not contain 'result' key.","time":{"start":1730249212023,"stop":1730249260804,"duration":48781}},{"uid":"cf0c4a17e5fa4161","reportUrl":"https://status-im.github.io/status-cli-tests/258//#testresult/cf0c4a17e5fa4161","status":"failed","statusDetails":"AssertionError: Response does not contain 'result' key.","time":{"start":1730162579204,"stop":1730162629390,"duration":50186}},{"uid":"ff2128109847b5b0","reportUrl":"https://status-im.github.io/status-cli-tests/257//#testresult/ff2128109847b5b0","status":"failed","statusDetails":"AssertionError: Response does not contain 'result' key.","time":{"start":1730076217413,"stop":1730076265859,"duration":48446}},{"uid":"66d856f5737de40c","reportUrl":"https://status-im.github.io/status-cli-tests/256//#testresult/66d856f5737de40c","status":"failed","statusDetails":"AssertionError: Response does not contain 'result' key.","time":{"start":1729989707466,"stop":1729989755786,"duration":48320}},{"uid":"8e135095c63498b9","reportUrl":"https://status-im.github.io/status-cli-tests/255//#testresult/8e135095c63498b9","status":"failed","statusDetails":"AssertionError: Response does not contain 'result' key.","time":{"start":1729903413189,"stop":1729903461372,"duration":48183}},{"uid":"73e5aa6ca71db97","reportUrl":"https://status-im.github.io/status-cli-tests/254//#testresult/73e5aa6ca71db97","status":"failed","statusDetails":"AssertionError: Response does not contain 'result' key.","time":{"start":1729817074259,"stop":1729817121029,"duration":46770}},{"uid":"63938786ac3636a9","reportUrl":"https://status-im.github.io/status-cli-tests/253//#testresult/63938786ac3636a9","status":"failed","statusDetails":"AssertionError: Response does not contain 'result' key.","time":{"start":1729730506794,"stop":1729730552647,"duration":45853}},{"uid":"fabce3b672bc7c5d","reportUrl":"https://status-im.github.io/status-cli-tests/252//#testresult/fabce3b672bc7c5d","status":"failed","statusDetails":"AssertionError: Response does not contain 'result' key.","time":{"start":1729643994560,"stop":1729644071874,"duration":77314}},{"uid":"c5288c03df22eeb7","reportUrl":"https://status-im.github.io/status-cli-tests/251//#testresult/c5288c03df22eeb7","status":"failed","statusDetails":"AssertionError: Response does not contain 'result' key.","time":{"start":1729557717032,"stop":1729557762247,"duration":45215}},{"uid":"63ff839b383ae4dc","reportUrl":"https://status-im.github.io/status-cli-tests/250//#testresult/63ff839b383ae4dc","status":"failed","statusDetails":"AssertionError: Response does not contain 'result' key.","time":{"start":1729471374265,"stop":1729471418647,"duration":44382}},{"uid":"779a24b4bfc3bf84","reportUrl":"https://status-im.github.io/status-cli-tests/249//#testresult/779a24b4bfc3bf84","status":"failed","statusDetails":"AssertionError: Response does not contain 'result' key.","time":{"start":1729384905218,"stop":1729384949854,"duration":44636}}]},"tags":["@pytest.mark.usefixtures('start_1_node')","flaky(reruns=2)"]},"source":"db2680e9eca170a3.json","parameterValues":[]}