{"uid":"545d852afcb350c2","name":"test_community_messages_baseline","fullName":"tests.test_community_messages.TestCommunityMessages#test_community_messages_baseline","historyId":"f81ba855c3f5610f48a9dff9cb031738","time":{"start":1735258632534,"stop":1735258653772,"duration":21238},"status":"failed","statusMessage":"AssertionError: Response does not contain 'result' key.","statusTrace":"tests/test_community_messages.py:14: in test_community_messages_baseline\n    self.join_created_communities()\nsrc/steps/common.py:186: in join_created_communities\n    response = community_node.accept_request_to_join_community(request_to_join_id)\nsrc/node/status_node.py:201: in accept_request_to_join_community\n    return self.api.send_rpc_request(\"wakuext_acceptRequestToJoinCommunity\", params)\n/opt/hostedtoolcache/Python/3.12.8/x64/lib/python3.12/site-packages/tenacity/__init__.py:289: in wrapped_f\n    return self(f, *args, **kw)\n/opt/hostedtoolcache/Python/3.12.8/x64/lib/python3.12/site-packages/tenacity/__init__.py:379: in __call__\n    do = self.iter(retry_state=retry_state)\n/opt/hostedtoolcache/Python/3.12.8/x64/lib/python3.12/site-packages/tenacity/__init__.py:325: in iter\n    raise retry_exc.reraise()\n/opt/hostedtoolcache/Python/3.12.8/x64/lib/python3.12/site-packages/tenacity/__init__.py:158: in reraise\n    raise self.last_attempt.result()\n/opt/hostedtoolcache/Python/3.12.8/x64/lib/python3.12/concurrent/futures/_base.py:449: in result\n    return self.__get_result()\n/opt/hostedtoolcache/Python/3.12.8/x64/lib/python3.12/concurrent/futures/_base.py:401: in __get_result\n    raise self._exception\n/opt/hostedtoolcache/Python/3.12.8/x64/lib/python3.12/site-packages/tenacity/__init__.py:382: in __call__\n    result = fn(*args, **kwargs)\nsrc/node/rpc_client.py:27: in send_rpc_request\n    assert \"result\" in response.json(), \"Response does not contain 'result' key.\"\nE   AssertionError: Response does not contain 'result' key.","flaky":false,"newFailed":false,"newBroken":false,"newPassed":false,"retriesCount":2,"retriesStatusChange":false,"beforeStages":[{"name":"set_allure_env_variables","time":{"start":1735258565782,"stop":1735258565782,"duration":0},"status":"passed","steps":[],"attachments":[],"parameters":[],"shouldDisplayMessage":false,"stepsCount":0,"attachmentsCount":0,"hasContent":false,"attachmentStep":false},{"name":"save_node_logs_on_fail","time":{"start":1735258624723,"stop":1735258624723,"duration":0},"status":"passed","steps":[],"attachments":[],"parameters":[],"shouldDisplayMessage":false,"stepsCount":0,"attachmentsCount":0,"hasContent":false,"attachmentStep":false},{"name":"clear_open_nodes","time":{"start":1735258624723,"stop":1735258624723,"duration":0},"status":"passed","steps":[],"attachments":[],"parameters":[],"shouldDisplayMessage":false,"stepsCount":0,"attachmentsCount":0,"hasContent":false,"attachmentStep":false},{"name":"start_1_node","time":{"start":1735258624723,"stop":1735258632534,"duration":7811},"status":"passed","steps":[],"attachments":[],"parameters":[],"shouldDisplayMessage":false,"stepsCount":0,"attachmentsCount":0,"hasContent":false,"attachmentStep":false}],"testStage":{"status":"failed","statusMessage":"AssertionError: Response does not contain 'result' key.","statusTrace":"tests/test_community_messages.py:14: in test_community_messages_baseline\n    self.join_created_communities()\nsrc/steps/common.py:186: in join_created_communities\n    response = community_node.accept_request_to_join_community(request_to_join_id)\nsrc/node/status_node.py:201: in accept_request_to_join_community\n    return self.api.send_rpc_request(\"wakuext_acceptRequestToJoinCommunity\", params)\n/opt/hostedtoolcache/Python/3.12.8/x64/lib/python3.12/site-packages/tenacity/__init__.py:289: in wrapped_f\n    return self(f, *args, **kw)\n/opt/hostedtoolcache/Python/3.12.8/x64/lib/python3.12/site-packages/tenacity/__init__.py:379: in __call__\n    do = self.iter(retry_state=retry_state)\n/opt/hostedtoolcache/Python/3.12.8/x64/lib/python3.12/site-packages/tenacity/__init__.py:325: in iter\n    raise retry_exc.reraise()\n/opt/hostedtoolcache/Python/3.12.8/x64/lib/python3.12/site-packages/tenacity/__init__.py:158: in reraise\n    raise self.last_attempt.result()\n/opt/hostedtoolcache/Python/3.12.8/x64/lib/python3.12/concurrent/futures/_base.py:449: in result\n    return self.__get_result()\n/opt/hostedtoolcache/Python/3.12.8/x64/lib/python3.12/concurrent/futures/_base.py:401: in __get_result\n    raise self._exception\n/opt/hostedtoolcache/Python/3.12.8/x64/lib/python3.12/site-packages/tenacity/__init__.py:382: in __call__\n    result = fn(*args, **kwargs)\nsrc/node/rpc_client.py:27: in send_rpc_request\n    assert \"result\" in response.json(), \"Response does not contain 'result' key.\"\nE   AssertionError: Response does not contain 'result' key.","steps":[],"attachments":[{"uid":"5999a0292438480d","name":"log","source":"5999a0292438480d.txt","type":"text/plain","size":378041}],"parameters":[],"shouldDisplayMessage":true,"stepsCount":0,"attachmentsCount":1,"hasContent":true,"attachmentStep":false},"afterStages":[{"name":"save_node_logs_on_fail::0","time":{"start":1735258653813,"stop":1735258653814,"duration":1},"status":"passed","steps":[],"attachments":[],"parameters":[],"shouldDisplayMessage":false,"stepsCount":0,"attachmentsCount":0,"hasContent":false,"attachmentStep":false},{"name":"clear_open_nodes::0","time":{"start":1735258653814,"stop":1735258653841,"duration":27},"status":"passed","steps":[],"attachments":[],"parameters":[],"shouldDisplayMessage":false,"stepsCount":0,"attachmentsCount":0,"hasContent":false,"attachmentStep":false},{"name":"set_allure_env_variables::0","time":{"start":1735260892214,"stop":1735260892214,"duration":0},"status":"passed","steps":[],"attachments":[],"parameters":[],"shouldDisplayMessage":false,"stepsCount":0,"attachmentsCount":0,"hasContent":false,"attachmentStep":false}],"labels":[{"name":"tag","value":"flaky(reruns=2)"},{"name":"tag","value":"@pytest.mark.usefixtures('start_1_node')"},{"name":"parentSuite","value":"tests"},{"name":"suite","value":"test_community_messages"},{"name":"subSuite","value":"TestCommunityMessages"},{"name":"host","value":"fv-az1441-24"},{"name":"thread","value":"60582-MainThread"},{"name":"framework","value":"pytest"},{"name":"language","value":"cpython3"},{"name":"package","value":"tests.test_community_messages"},{"name":"resultFormat","value":"allure2"}],"parameters":[],"links":[],"hidden":false,"retry":false,"extra":{"severity":"normal","retries":[{"uid":"9d3fe0b774381464","status":"failed","statusDetails":"AssertionError: Response does not contain 'result' key.","time":{"start":1735258603356,"stop":1735258624650,"duration":21294}},{"uid":"f9e793da133fa49e","status":"failed","statusDetails":"AssertionError: Response does not contain 'result' key.","time":{"start":1735258574194,"stop":1735258595450,"duration":21256}}],"categories":[{"name":"Product defects","matchedStatuses":[],"flaky":false}],"history":{"statistic":{"failed":56,"broken":15,"skipped":0,"passed":8,"unknown":0,"total":79},"items":[{"uid":"2dbf33111745f9b1","reportUrl":"https://status-im.github.io/status-cli-tests/316//#testresult/2dbf33111745f9b1","status":"failed","statusDetails":"AssertionError: Response does not contain 'result' key.","time":{"start":1735172238632,"stop":1735172260322,"duration":21690}},{"uid":"b4d0bfde33dd86cc","reportUrl":"https://status-im.github.io/status-cli-tests/315//#testresult/b4d0bfde33dd86cc","status":"failed","statusDetails":"AssertionError: Response does not contain 'result' key.","time":{"start":1735085834481,"stop":1735085857084,"duration":22603}},{"uid":"db3f51ee762bc709","reportUrl":"https://status-im.github.io/status-cli-tests/314//#testresult/db3f51ee762bc709","status":"failed","statusDetails":"AssertionError: Response does not contain 'result' key.","time":{"start":1734999444517,"stop":1734999465364,"duration":20847}},{"uid":"b40fd7a2fc7d34c2","reportUrl":"https://status-im.github.io/status-cli-tests/313//#testresult/b40fd7a2fc7d34c2","status":"failed","statusDetails":"AssertionError: Response does not contain 'result' key.","time":{"start":1734913067475,"stop":1734913088481,"duration":21006}},{"uid":"a664c3114a92b1d4","reportUrl":"https://status-im.github.io/status-cli-tests/312//#testresult/a664c3114a92b1d4","status":"failed","statusDetails":"AssertionError: Response does not contain 'result' key.","time":{"start":1734826689214,"stop":1734826710017,"duration":20803}},{"uid":"490d62598b59d628","reportUrl":"https://status-im.github.io/status-cli-tests/311//#testresult/490d62598b59d628","status":"failed","statusDetails":"AssertionError: Response does not contain 'result' key.","time":{"start":1734740220361,"stop":1734740240799,"duration":20438}},{"uid":"f0e30b07d6fd0ce5","reportUrl":"https://status-im.github.io/status-cli-tests/310//#testresult/f0e30b07d6fd0ce5","status":"failed","statusDetails":"AssertionError: Response does not contain 'result' key.","time":{"start":1734653867622,"stop":1734653888036,"duration":20414}},{"uid":"6e73f7d9b9730884","reportUrl":"https://status-im.github.io/status-cli-tests/309//#testresult/6e73f7d9b9730884","status":"failed","statusDetails":"AssertionError: Response does not contain 'result' key.","time":{"start":1734567482790,"stop":1734567503352,"duration":20562}},{"uid":"b09f23ac562411ce","reportUrl":"https://status-im.github.io/status-cli-tests/308//#testresult/b09f23ac562411ce","status":"failed","statusDetails":"AssertionError: Response does not contain 'result' key.","time":{"start":1734481068012,"stop":1734481099685,"duration":31673}},{"uid":"c073a1533c0962d","reportUrl":"https://status-im.github.io/status-cli-tests/307//#testresult/c073a1533c0962d","status":"failed","statusDetails":"AssertionError: Response does not contain 'result' key.","time":{"start":1734394683156,"stop":1734394704085,"duration":20929}},{"uid":"b0317cf289711b5d","reportUrl":"https://status-im.github.io/status-cli-tests/306//#testresult/b0317cf289711b5d","status":"failed","statusDetails":"AssertionError: Response does not contain 'result' key.","time":{"start":1734308321722,"stop":1734308342197,"duration":20475}},{"uid":"b2abedd35cba15a2","reportUrl":"https://status-im.github.io/status-cli-tests/305//#testresult/b2abedd35cba15a2","status":"failed","statusDetails":"AssertionError: Response does not contain 'result' key.","time":{"start":1734221973099,"stop":1734222004817,"duration":31718}},{"uid":"bccb2efb9e4715cd","reportUrl":"https://status-im.github.io/status-cli-tests/304//#testresult/bccb2efb9e4715cd","status":"failed","statusDetails":"AssertionError: Response does not contain 'result' key.","time":{"start":1734135495176,"stop":1734135527074,"duration":31898}},{"uid":"32437ca86924daab","reportUrl":"https://status-im.github.io/status-cli-tests/303//#testresult/32437ca86924daab","status":"failed","statusDetails":"AssertionError: Response does not contain 'result' key.","time":{"start":1734049115970,"stop":1734049147617,"duration":31647}},{"uid":"492d5d1c173e0fcf","reportUrl":"https://status-im.github.io/status-cli-tests/302//#testresult/492d5d1c173e0fcf","status":"passed","time":{"start":1733962739408,"stop":1733962801722,"duration":62314}},{"uid":"95624bd022c5d2c6","reportUrl":"https://status-im.github.io/status-cli-tests/301//#testresult/95624bd022c5d2c6","status":"passed","time":{"start":1733876233381,"stop":1733876294112,"duration":60731}},{"uid":"5822afc99da42ce7","reportUrl":"https://status-im.github.io/status-cli-tests/300//#testresult/5822afc99da42ce7","status":"passed","time":{"start":1733789848034,"stop":1733789903771,"duration":55737}},{"uid":"761bfbd94f345498","reportUrl":"https://status-im.github.io/status-cli-tests/299//#testresult/761bfbd94f345498","status":"passed","time":{"start":1733703460477,"stop":1733703519342,"duration":58865}},{"uid":"7e43e696a77d7b42","reportUrl":"https://status-im.github.io/status-cli-tests/298//#testresult/7e43e696a77d7b42","status":"failed","statusDetails":"AssertionError: Response does not contain 'result' key.","time":{"start":1733617133274,"stop":1733617164909,"duration":31635}},{"uid":"49a1668572d0dc66","reportUrl":"https://status-im.github.io/status-cli-tests/297//#testresult/49a1668572d0dc66","status":"failed","statusDetails":"AssertionError: Response does not contain 'result' key.","time":{"start":1733530699543,"stop":1733530720121,"duration":20578}}]},"tags":["@pytest.mark.usefixtures('start_1_node')","flaky(reruns=2)"]},"source":"545d852afcb350c2.json","parameterValues":[]}