{"uid":"58c57404e1683c3e","name":"test_join_community_baseline","fullName":"tests.test_join_community.TestJoinCommunity#test_join_community_baseline","historyId":"0045b227df045106355999bb08fb6547","time":{"start":1735259878157,"stop":1735259946059,"duration":67902},"status":"failed","statusMessage":"AssertionError: Response does not contain 'result' key.","statusTrace":"tests/test_join_community.py:20: in test_join_community_baseline\n    response_to_join = self.first_node.request_to_join_community(community_id)\nsrc/node/status_node.py:197: in request_to_join_community\n    return self.api.send_rpc_request(\"wakuext_requestToJoinCommunity\", params)\n/opt/hostedtoolcache/Python/3.12.8/x64/lib/python3.12/site-packages/tenacity/__init__.py:289: in wrapped_f\n    return self(f, *args, **kw)\n/opt/hostedtoolcache/Python/3.12.8/x64/lib/python3.12/site-packages/tenacity/__init__.py:379: in __call__\n    do = self.iter(retry_state=retry_state)\n/opt/hostedtoolcache/Python/3.12.8/x64/lib/python3.12/site-packages/tenacity/__init__.py:325: in iter\n    raise retry_exc.reraise()\n/opt/hostedtoolcache/Python/3.12.8/x64/lib/python3.12/site-packages/tenacity/__init__.py:158: in reraise\n    raise self.last_attempt.result()\n/opt/hostedtoolcache/Python/3.12.8/x64/lib/python3.12/concurrent/futures/_base.py:449: in result\n    return self.__get_result()\n/opt/hostedtoolcache/Python/3.12.8/x64/lib/python3.12/concurrent/futures/_base.py:401: in __get_result\n    raise self._exception\n/opt/hostedtoolcache/Python/3.12.8/x64/lib/python3.12/site-packages/tenacity/__init__.py:382: in __call__\n    result = fn(*args, **kwargs)\nsrc/node/rpc_client.py:27: in send_rpc_request\n    assert \"result\" in response.json(), \"Response does not contain 'result' key.\"\nE   AssertionError: Response does not contain 'result' key.","flaky":false,"newFailed":false,"newBroken":false,"newPassed":false,"retriesCount":2,"retriesStatusChange":false,"beforeStages":[{"name":"set_allure_env_variables","time":{"start":1735258565782,"stop":1735258565782,"duration":0},"status":"passed","steps":[],"attachments":[],"parameters":[],"shouldDisplayMessage":false,"stepsCount":0,"attachmentsCount":0,"hasContent":false,"attachmentStep":false},{"name":"save_node_logs_on_fail","time":{"start":1735259870247,"stop":1735259870247,"duration":0},"status":"passed","steps":[],"attachments":[],"parameters":[],"shouldDisplayMessage":false,"stepsCount":0,"attachmentsCount":0,"hasContent":false,"attachmentStep":false},{"name":"start_1_node","time":{"start":1735259870247,"stop":1735259878157,"duration":7910},"status":"passed","steps":[],"attachments":[],"parameters":[],"shouldDisplayMessage":false,"stepsCount":0,"attachmentsCount":0,"hasContent":false,"attachmentStep":false},{"name":"clear_open_nodes","time":{"start":1735259870247,"stop":1735259870247,"duration":0},"status":"passed","steps":[],"attachments":[],"parameters":[],"shouldDisplayMessage":false,"stepsCount":0,"attachmentsCount":0,"hasContent":false,"attachmentStep":false}],"testStage":{"status":"failed","statusMessage":"AssertionError: Response does not contain 'result' key.","statusTrace":"tests/test_join_community.py:20: in test_join_community_baseline\n    response_to_join = self.first_node.request_to_join_community(community_id)\nsrc/node/status_node.py:197: in request_to_join_community\n    return self.api.send_rpc_request(\"wakuext_requestToJoinCommunity\", params)\n/opt/hostedtoolcache/Python/3.12.8/x64/lib/python3.12/site-packages/tenacity/__init__.py:289: in wrapped_f\n    return self(f, *args, **kw)\n/opt/hostedtoolcache/Python/3.12.8/x64/lib/python3.12/site-packages/tenacity/__init__.py:379: in __call__\n    do = self.iter(retry_state=retry_state)\n/opt/hostedtoolcache/Python/3.12.8/x64/lib/python3.12/site-packages/tenacity/__init__.py:325: in iter\n    raise retry_exc.reraise()\n/opt/hostedtoolcache/Python/3.12.8/x64/lib/python3.12/site-packages/tenacity/__init__.py:158: in reraise\n    raise self.last_attempt.result()\n/opt/hostedtoolcache/Python/3.12.8/x64/lib/python3.12/concurrent/futures/_base.py:449: in result\n    return self.__get_result()\n/opt/hostedtoolcache/Python/3.12.8/x64/lib/python3.12/concurrent/futures/_base.py:401: in __get_result\n    raise self._exception\n/opt/hostedtoolcache/Python/3.12.8/x64/lib/python3.12/site-packages/tenacity/__init__.py:382: in __call__\n    result = fn(*args, **kwargs)\nsrc/node/rpc_client.py:27: in send_rpc_request\n    assert \"result\" in response.json(), \"Response does not contain 'result' key.\"\nE   AssertionError: Response does not contain 'result' key.","steps":[],"attachments":[{"uid":"f68fd413617c6a8b","name":"log","source":"f68fd413617c6a8b.txt","type":"text/plain","size":666113}],"parameters":[],"shouldDisplayMessage":true,"stepsCount":0,"attachmentsCount":1,"hasContent":true,"attachmentStep":false},"afterStages":[{"name":"save_node_logs_on_fail::0","time":{"start":1735259946097,"stop":1735259946099,"duration":2},"status":"passed","steps":[],"attachments":[],"parameters":[],"shouldDisplayMessage":false,"stepsCount":0,"attachmentsCount":0,"hasContent":false,"attachmentStep":false},{"name":"clear_open_nodes::0","time":{"start":1735259946099,"stop":1735259946215,"duration":116},"status":"passed","steps":[],"attachments":[],"parameters":[],"shouldDisplayMessage":false,"stepsCount":0,"attachmentsCount":0,"hasContent":false,"attachmentStep":false},{"name":"set_allure_env_variables::0","time":{"start":1735260892214,"stop":1735260892214,"duration":0},"status":"passed","steps":[],"attachments":[],"parameters":[],"shouldDisplayMessage":false,"stepsCount":0,"attachmentsCount":0,"hasContent":false,"attachmentStep":false}],"labels":[{"name":"tag","value":"flaky(reruns=2)"},{"name":"tag","value":"@pytest.mark.usefixtures('start_1_node')"},{"name":"parentSuite","value":"tests"},{"name":"suite","value":"test_join_community"},{"name":"subSuite","value":"TestJoinCommunity"},{"name":"host","value":"fv-az1441-24"},{"name":"thread","value":"60582-MainThread"},{"name":"framework","value":"pytest"},{"name":"language","value":"cpython3"},{"name":"package","value":"tests.test_join_community"},{"name":"resultFormat","value":"allure2"}],"parameters":[],"links":[],"hidden":false,"retry":false,"extra":{"severity":"normal","retries":[{"uid":"5d2ca1230f950da5","status":"failed","statusDetails":"AssertionError: Response does not contain 'result' key.","time":{"start":1735259818507,"stop":1735259870069,"duration":51562}},{"uid":"c745da02cccbe237","status":"failed","statusDetails":"AssertionError: Response does not contain 'result' key.","time":{"start":1735259740616,"stop":1735259810528,"duration":69912}}],"categories":[{"name":"Product defects","matchedStatuses":[],"flaky":false}],"history":{"statistic":{"failed":49,"broken":7,"skipped":0,"passed":23,"unknown":0,"total":79},"items":[{"uid":"72bd367aca37286c","reportUrl":"https://status-im.github.io/status-cli-tests/316//#testresult/72bd367aca37286c","status":"failed","statusDetails":"AssertionError: Response does not contain 'result' key.","time":{"start":1735173340605,"stop":1735173397147,"duration":56542}},{"uid":"aeb9ea21814ae741","reportUrl":"https://status-im.github.io/status-cli-tests/315//#testresult/aeb9ea21814ae741","status":"failed","statusDetails":"AssertionError: Response does not contain 'result' key.","time":{"start":1735087012381,"stop":1735087078111,"duration":65730}},{"uid":"5a74a8566bc7ea58","reportUrl":"https://status-im.github.io/status-cli-tests/314//#testresult/5a74a8566bc7ea58","status":"failed","statusDetails":"AssertionError: Response does not contain 'result' key.","time":{"start":1735000565927,"stop":1735000623588,"duration":57661}},{"uid":"e77362c88dbcb472","reportUrl":"https://status-im.github.io/status-cli-tests/313//#testresult/e77362c88dbcb472","status":"failed","statusDetails":"AssertionError: Response does not contain 'result' key.","time":{"start":1734914189135,"stop":1734914246554,"duration":57419}},{"uid":"c9ae3d323efcf2da","reportUrl":"https://status-im.github.io/status-cli-tests/312//#testresult/c9ae3d323efcf2da","status":"failed","statusDetails":"AssertionError: Response does not contain 'result' key.","time":{"start":1734827831340,"stop":1734827885406,"duration":54066}},{"uid":"a22026d964de1a13","reportUrl":"https://status-im.github.io/status-cli-tests/311//#testresult/a22026d964de1a13","status":"failed","statusDetails":"AssertionError: Response does not contain 'result' key.","time":{"start":1734741341873,"stop":1734741390706,"duration":48833}},{"uid":"d2a15f95e122c2e5","reportUrl":"https://status-im.github.io/status-cli-tests/310//#testresult/d2a15f95e122c2e5","status":"failed","statusDetails":"AssertionError: Response does not contain 'result' key.","time":{"start":1734654903585,"stop":1734654962486,"duration":58901}},{"uid":"9df1f2b68b9d48fe","reportUrl":"https://status-im.github.io/status-cli-tests/309//#testresult/9df1f2b68b9d48fe","status":"failed","statusDetails":"AssertionError: Response does not contain 'result' key.","time":{"start":1734568501744,"stop":1734568553832,"duration":52088}},{"uid":"73ad247c78b46129","reportUrl":"https://status-im.github.io/status-cli-tests/308//#testresult/73ad247c78b46129","status":"failed","statusDetails":"AssertionError: Response does not contain 'result' key.","time":{"start":1734482316811,"stop":1734482364257,"duration":47446}},{"uid":"5b105096fbc2bc6b","reportUrl":"https://status-im.github.io/status-cli-tests/307//#testresult/5b105096fbc2bc6b","status":"failed","statusDetails":"AssertionError: Response does not contain 'result' key.","time":{"start":1734395744480,"stop":1734395791374,"duration":46894}},{"uid":"26420c650b1bf40e","reportUrl":"https://status-im.github.io/status-cli-tests/306//#testresult/26420c650b1bf40e","status":"failed","statusDetails":"AssertionError: Response does not contain 'result' key.","time":{"start":1734309574135,"stop":1734309625052,"duration":50917}},{"uid":"aa858d56c46e1e9b","reportUrl":"https://status-im.github.io/status-cli-tests/305//#testresult/aa858d56c46e1e9b","status":"failed","statusDetails":"AssertionError: Response does not contain 'result' key.","time":{"start":1734223123683,"stop":1734223178653,"duration":54970}},{"uid":"cc3f87ea81aae698","reportUrl":"https://status-im.github.io/status-cli-tests/304//#testresult/cc3f87ea81aae698","status":"failed","statusDetails":"AssertionError: Response does not contain 'result' key.","time":{"start":1734136754530,"stop":1734136810612,"duration":56082}},{"uid":"6e6379287e9fee0d","reportUrl":"https://status-im.github.io/status-cli-tests/303//#testresult/6e6379287e9fee0d","status":"failed","statusDetails":"AssertionError: Response does not contain 'result' key.","time":{"start":1734050138548,"stop":1734050187637,"duration":49089}},{"uid":"8da472314ae2b422","reportUrl":"https://status-im.github.io/status-cli-tests/302//#testresult/8da472314ae2b422","status":"failed","statusDetails":"AssertionError: Response does not contain 'result' key.","time":{"start":1733963831939,"stop":1733963878037,"duration":46098}},{"uid":"32894389e8ad55df","reportUrl":"https://status-im.github.io/status-cli-tests/301//#testresult/32894389e8ad55df","status":"failed","statusDetails":"AssertionError: Response does not contain 'result' key.","time":{"start":1733877731641,"stop":1733877823705,"duration":92064}},{"uid":"5a5b4476675d3021","reportUrl":"https://status-im.github.io/status-cli-tests/300//#testresult/5a5b4476675d3021","status":"failed","statusDetails":"AssertionError: Response does not contain 'result' key.","time":{"start":1733790792800,"stop":1733790842755,"duration":49955}},{"uid":"2ac0258dfb57be3d","reportUrl":"https://status-im.github.io/status-cli-tests/299//#testresult/2ac0258dfb57be3d","status":"failed","statusDetails":"AssertionError: Response does not contain 'result' key.","time":{"start":1733704390589,"stop":1733704443448,"duration":52859}},{"uid":"6da0a152122e07b","reportUrl":"https://status-im.github.io/status-cli-tests/298//#testresult/6da0a152122e07b","status":"failed","statusDetails":"AssertionError: Response does not contain 'result' key.","time":{"start":1733618205443,"stop":1733618253098,"duration":47655}},{"uid":"70bf04a415d0d7fd","reportUrl":"https://status-im.github.io/status-cli-tests/297//#testresult/70bf04a415d0d7fd","status":"failed","statusDetails":"AssertionError: Response does not contain 'result' key.","time":{"start":1733531823175,"stop":1733531871090,"duration":47915}}]},"tags":["@pytest.mark.usefixtures('start_1_node')","flaky(reruns=2)"]},"source":"58c57404e1683c3e.json","parameterValues":[]}