{"uid":"609e48f84ef3f6c1","name":"test_join_community_baseline","fullName":"tests.test_join_community.TestJoinCommunity#test_join_community_baseline","historyId":"0045b227df045106355999bb08fb6547","time":{"start":1739665941697,"stop":1739665985114,"duration":43417},"status":"failed","statusMessage":"AssertionError: Response does not contain 'result' key.","statusTrace":"tests/test_join_community.py:20: in test_join_community_baseline\n    response_to_join = self.first_node.request_to_join_community(community_id)\nsrc/node/status_node.py:197: in request_to_join_community\n    return self.api.send_rpc_request(\"wakuext_requestToJoinCommunity\", params)\n/opt/hostedtoolcache/Python/3.12.9/x64/lib/python3.12/site-packages/tenacity/__init__.py:289: in wrapped_f\n    return self(f, *args, **kw)\n/opt/hostedtoolcache/Python/3.12.9/x64/lib/python3.12/site-packages/tenacity/__init__.py:379: in __call__\n    do = self.iter(retry_state=retry_state)\n/opt/hostedtoolcache/Python/3.12.9/x64/lib/python3.12/site-packages/tenacity/__init__.py:325: in iter\n    raise retry_exc.reraise()\n/opt/hostedtoolcache/Python/3.12.9/x64/lib/python3.12/site-packages/tenacity/__init__.py:158: in reraise\n    raise self.last_attempt.result()\n/opt/hostedtoolcache/Python/3.12.9/x64/lib/python3.12/concurrent/futures/_base.py:449: in result\n    return self.__get_result()\n/opt/hostedtoolcache/Python/3.12.9/x64/lib/python3.12/concurrent/futures/_base.py:401: in __get_result\n    raise self._exception\n/opt/hostedtoolcache/Python/3.12.9/x64/lib/python3.12/site-packages/tenacity/__init__.py:382: in __call__\n    result = fn(*args, **kwargs)\nsrc/node/rpc_client.py:27: in send_rpc_request\n    assert \"result\" in response.json(), \"Response does not contain 'result' key.\"\nE   AssertionError: Response does not contain 'result' key.","flaky":false,"newFailed":false,"newBroken":false,"newPassed":false,"retriesCount":2,"retriesStatusChange":false,"beforeStages":[{"name":"set_allure_env_variables","time":{"start":1739665029319,"stop":1739665029319,"duration":0},"status":"passed","steps":[],"attachments":[],"parameters":[],"shouldDisplayMessage":false,"stepsCount":0,"attachmentsCount":0,"hasContent":false,"attachmentStep":false},{"name":"save_node_logs_on_fail","time":{"start":1739665933885,"stop":1739665933885,"duration":0},"status":"passed","steps":[],"attachments":[],"parameters":[],"shouldDisplayMessage":false,"stepsCount":0,"attachmentsCount":0,"hasContent":false,"attachmentStep":false},{"name":"clear_open_nodes","time":{"start":1739665933885,"stop":1739665933885,"duration":0},"status":"passed","steps":[],"attachments":[],"parameters":[],"shouldDisplayMessage":false,"stepsCount":0,"attachmentsCount":0,"hasContent":false,"attachmentStep":false},{"name":"start_1_node","time":{"start":1739665933885,"stop":1739665941696,"duration":7811},"status":"passed","steps":[],"attachments":[],"parameters":[],"shouldDisplayMessage":false,"stepsCount":0,"attachmentsCount":0,"hasContent":false,"attachmentStep":false}],"testStage":{"status":"failed","statusMessage":"AssertionError: Response does not contain 'result' key.","statusTrace":"tests/test_join_community.py:20: in test_join_community_baseline\n    response_to_join = self.first_node.request_to_join_community(community_id)\nsrc/node/status_node.py:197: in request_to_join_community\n    return self.api.send_rpc_request(\"wakuext_requestToJoinCommunity\", params)\n/opt/hostedtoolcache/Python/3.12.9/x64/lib/python3.12/site-packages/tenacity/__init__.py:289: in wrapped_f\n    return self(f, *args, **kw)\n/opt/hostedtoolcache/Python/3.12.9/x64/lib/python3.12/site-packages/tenacity/__init__.py:379: in __call__\n    do = self.iter(retry_state=retry_state)\n/opt/hostedtoolcache/Python/3.12.9/x64/lib/python3.12/site-packages/tenacity/__init__.py:325: in iter\n    raise retry_exc.reraise()\n/opt/hostedtoolcache/Python/3.12.9/x64/lib/python3.12/site-packages/tenacity/__init__.py:158: in reraise\n    raise self.last_attempt.result()\n/opt/hostedtoolcache/Python/3.12.9/x64/lib/python3.12/concurrent/futures/_base.py:449: in result\n    return self.__get_result()\n/opt/hostedtoolcache/Python/3.12.9/x64/lib/python3.12/concurrent/futures/_base.py:401: in __get_result\n    raise self._exception\n/opt/hostedtoolcache/Python/3.12.9/x64/lib/python3.12/site-packages/tenacity/__init__.py:382: in __call__\n    result = fn(*args, **kwargs)\nsrc/node/rpc_client.py:27: in send_rpc_request\n    assert \"result\" in response.json(), \"Response does not contain 'result' key.\"\nE   AssertionError: Response does not contain 'result' key.","steps":[],"attachments":[{"uid":"b9c5c91dbfeda908","name":"log","source":"b9c5c91dbfeda908.txt","type":"text/plain","size":468271}],"parameters":[],"shouldDisplayMessage":true,"stepsCount":0,"attachmentsCount":1,"hasContent":true,"attachmentStep":false},"afterStages":[{"name":"save_node_logs_on_fail::0","time":{"start":1739665985155,"stop":1739665985157,"duration":2},"status":"passed","steps":[],"attachments":[],"parameters":[],"shouldDisplayMessage":false,"stepsCount":0,"attachmentsCount":0,"hasContent":false,"attachmentStep":false},{"name":"clear_open_nodes::0","time":{"start":1739665985157,"stop":1739665985290,"duration":133},"status":"passed","steps":[],"attachments":[],"parameters":[],"shouldDisplayMessage":false,"stepsCount":0,"attachmentsCount":0,"hasContent":false,"attachmentStep":false},{"name":"set_allure_env_variables::0","time":{"start":1739666538796,"stop":1739666538797,"duration":1},"status":"passed","steps":[],"attachments":[],"parameters":[],"shouldDisplayMessage":false,"stepsCount":0,"attachmentsCount":0,"hasContent":false,"attachmentStep":false}],"labels":[{"name":"tag","value":"flaky(reruns=2)"},{"name":"tag","value":"@pytest.mark.usefixtures('start_1_node')"},{"name":"parentSuite","value":"tests"},{"name":"suite","value":"test_join_community"},{"name":"subSuite","value":"TestJoinCommunity"},{"name":"host","value":"fv-az1755-505"},{"name":"thread","value":"60548-MainThread"},{"name":"framework","value":"pytest"},{"name":"language","value":"cpython3"},{"name":"package","value":"tests.test_join_community"},{"name":"resultFormat","value":"allure2"}],"parameters":[],"links":[],"hidden":false,"retry":false,"extra":{"severity":"normal","retries":[{"uid":"965d393bd27d63fc","status":"failed","statusDetails":"AssertionError: Response does not contain 'result' key.","time":{"start":1739665895484,"stop":1739665933723,"duration":38239}},{"uid":"88fcdce33731bb57","status":"failed","statusDetails":"AssertionError: Response does not contain 'result' key.","time":{"start":1739665849272,"stop":1739665887509,"duration":38237}}],"categories":[{"name":"Product defects","matchedStatuses":[],"flaky":false}],"history":{"statistic":{"failed":82,"broken":7,"skipped":0,"passed":42,"unknown":0,"total":131},"items":[{"uid":"77d1ba45d6e5ec0e","reportUrl":"https://status-im.github.io/status-cli-tests/369//#testresult/77d1ba45d6e5ec0e","status":"failed","statusDetails":"AssertionError: Response does not contain 'result' key.","time":{"start":1739579396042,"stop":1739579434318,"duration":38276}},{"uid":"557a1c2fdccca8f7","reportUrl":"https://status-im.github.io/status-cli-tests/368//#testresult/557a1c2fdccca8f7","status":"failed","statusDetails":"AssertionError: Response does not contain 'result' key.","time":{"start":1739493032352,"stop":1739493070590,"duration":38238}},{"uid":"d7c03157eeb0c368","reportUrl":"https://status-im.github.io/status-cli-tests/367//#testresult/d7c03157eeb0c368","status":"failed","statusDetails":"AssertionError: Response does not contain 'result' key.","time":{"start":1739406621648,"stop":1739406659818,"duration":38170}},{"uid":"6740c82fb528a483","reportUrl":"https://status-im.github.io/status-cli-tests/366//#testresult/6740c82fb528a483","status":"passed","time":{"start":1739320240461,"stop":1739320282908,"duration":42447}},{"uid":"89527ffdb805d7e2","reportUrl":"https://status-im.github.io/status-cli-tests/365//#testresult/89527ffdb805d7e2","status":"passed","time":{"start":1739233791201,"stop":1739233837940,"duration":46739}},{"uid":"693ac63608c6a3c9","reportUrl":"https://status-im.github.io/status-cli-tests/364//#testresult/693ac63608c6a3c9","status":"passed","time":{"start":1739147344455,"stop":1739147384987,"duration":40532}},{"uid":"fa8ac4dec36a58a0","reportUrl":"https://status-im.github.io/status-cli-tests/363//#testresult/fa8ac4dec36a58a0","status":"failed","statusDetails":"AssertionError: Response does not contain 'result' key.","time":{"start":1739061081786,"stop":1739061125193,"duration":43407}},{"uid":"269fbcf4edee2785","reportUrl":"https://status-im.github.io/status-cli-tests/362//#testresult/269fbcf4edee2785","status":"failed","statusDetails":"AssertionError: Response does not contain 'result' key.","time":{"start":1738974726748,"stop":1738974770846,"duration":44098}},{"uid":"b592fea343270078","reportUrl":"https://status-im.github.io/status-cli-tests/361//#testresult/b592fea343270078","status":"failed","statusDetails":"AssertionError: Response does not contain 'result' key.","time":{"start":1738888343587,"stop":1738888390574,"duration":46987}},{"uid":"f25c675eacf1237f","reportUrl":"https://status-im.github.io/status-cli-tests/360//#testresult/f25c675eacf1237f","status":"failed","statusDetails":"AssertionError: Response does not contain 'result' key.","time":{"start":1738801911468,"stop":1738801958793,"duration":47325}},{"uid":"e96e06dee0240396","reportUrl":"https://status-im.github.io/status-cli-tests/359//#testresult/e96e06dee0240396","status":"failed","statusDetails":"AssertionError: Response does not contain 'result' key.","time":{"start":1738715463679,"stop":1738715512363,"duration":48684}},{"uid":"72ce36135df580fc","reportUrl":"https://status-im.github.io/status-cli-tests/358//#testresult/72ce36135df580fc","status":"failed","statusDetails":"AssertionError: Response does not contain 'result' key.","time":{"start":1738629170732,"stop":1738629211416,"duration":40684}},{"uid":"810d08f4a0b3974d","reportUrl":"https://status-im.github.io/status-cli-tests/357//#testresult/810d08f4a0b3974d","status":"failed","statusDetails":"AssertionError: Response does not contain 'result' key.","time":{"start":1738542705608,"stop":1738542752580,"duration":46972}},{"uid":"af63f3d123d920d4","reportUrl":"https://status-im.github.io/status-cli-tests/356//#testresult/af63f3d123d920d4","status":"passed","time":{"start":1738456302897,"stop":1738456342540,"duration":39643}},{"uid":"e1f25b788532ecf8","reportUrl":"https://status-im.github.io/status-cli-tests/355//#testresult/e1f25b788532ecf8","status":"passed","time":{"start":1738369839077,"stop":1738369883620,"duration":44543}},{"uid":"15833b4891cbb04b","reportUrl":"https://status-im.github.io/status-cli-tests/354//#testresult/15833b4891cbb04b","status":"passed","time":{"start":1738283352127,"stop":1738283391587,"duration":39460}},{"uid":"b56198a63852423a","reportUrl":"https://status-im.github.io/status-cli-tests/353//#testresult/b56198a63852423a","status":"failed","statusDetails":"AssertionError: Response does not contain 'result' key.","time":{"start":1738197103210,"stop":1738197143781,"duration":40571}},{"uid":"ea6d6f747376c774","reportUrl":"https://status-im.github.io/status-cli-tests/352//#testresult/ea6d6f747376c774","status":"failed","statusDetails":"AssertionError: Response does not contain 'result' key.","time":{"start":1738110685518,"stop":1738110740781,"duration":55263}},{"uid":"a4a24e4278bcc4d9","reportUrl":"https://status-im.github.io/status-cli-tests/351//#testresult/a4a24e4278bcc4d9","status":"failed","statusDetails":"AssertionError: Response does not contain 'result' key.","time":{"start":1738024308488,"stop":1738024348723,"duration":40235}},{"uid":"7b120ec7307495ca","reportUrl":"https://status-im.github.io/status-cli-tests/350//#testresult/7b120ec7307495ca","status":"failed","statusDetails":"AssertionError: Response does not contain 'result' key.","time":{"start":1737937871993,"stop":1737937912212,"duration":40219}}]},"tags":["@pytest.mark.usefixtures('start_1_node')","flaky(reruns=2)"]},"source":"609e48f84ef3f6c1.json","parameterValues":[]}