{"uid":"fa9ebe2fc5d38a25","name":"test_community_messages_with_node_pause_10_seconds","fullName":"tests.test_community_messages.TestCommunityMessages#test_community_messages_with_node_pause_10_seconds","historyId":"9d5c5c19a9c20059f4a5d5c182032b2c","time":{"start":1729210779174,"stop":1729210809990,"duration":30816},"status":"failed","statusMessage":"AssertionError: Response does not contain 'result' key.","statusTrace":"tests/test_community_messages.py:79: in test_community_messages_with_node_pause_10_seconds\n    self.first_node.send_community_chat_message(message_chat_id, message)\nsrc/node/status_node.py:205: in send_community_chat_message\n    return self.api.send_rpc_request(\"wakuext_sendChatMessage\", params)\n/opt/hostedtoolcache/Python/3.12.7/x64/lib/python3.12/site-packages/tenacity/__init__.py:289: in wrapped_f\n    return self(f, *args, **kw)\n/opt/hostedtoolcache/Python/3.12.7/x64/lib/python3.12/site-packages/tenacity/__init__.py:379: in __call__\n    do = self.iter(retry_state=retry_state)\n/opt/hostedtoolcache/Python/3.12.7/x64/lib/python3.12/site-packages/tenacity/__init__.py:325: in iter\n    raise retry_exc.reraise()\n/opt/hostedtoolcache/Python/3.12.7/x64/lib/python3.12/site-packages/tenacity/__init__.py:158: in reraise\n    raise self.last_attempt.result()\n/opt/hostedtoolcache/Python/3.12.7/x64/lib/python3.12/concurrent/futures/_base.py:449: in result\n    return self.__get_result()\n/opt/hostedtoolcache/Python/3.12.7/x64/lib/python3.12/concurrent/futures/_base.py:401: in __get_result\n    raise self._exception\n/opt/hostedtoolcache/Python/3.12.7/x64/lib/python3.12/site-packages/tenacity/__init__.py:382: in __call__\n    result = fn(*args, **kwargs)\nsrc/node/rpc_client.py:27: in send_rpc_request\n    assert \"result\" in response.json(), \"Response does not contain 'result' key.\"\nE   AssertionError: Response does not contain 'result' key.","flaky":true,"newFailed":true,"newBroken":false,"newPassed":false,"retriesCount":2,"retriesStatusChange":false,"beforeStages":[{"name":"set_allure_env_variables","time":{"start":1729210570371,"stop":1729210570371,"duration":0},"status":"passed","steps":[],"attachments":[],"parameters":[],"shouldDisplayMessage":false,"stepsCount":0,"attachmentsCount":0,"hasContent":false,"attachmentStep":false},{"name":"clear_open_nodes","time":{"start":1729210771361,"stop":1729210771362,"duration":1},"status":"passed","steps":[],"attachments":[],"parameters":[],"shouldDisplayMessage":false,"stepsCount":0,"attachmentsCount":0,"hasContent":false,"attachmentStep":false},{"name":"save_node_logs_on_fail","time":{"start":1729210771362,"stop":1729210771362,"duration":0},"status":"passed","steps":[],"attachments":[],"parameters":[],"shouldDisplayMessage":false,"stepsCount":0,"attachmentsCount":0,"hasContent":false,"attachmentStep":false},{"name":"start_1_node","time":{"start":1729210771362,"stop":1729210779173,"duration":7811},"status":"passed","steps":[],"attachments":[],"parameters":[],"shouldDisplayMessage":false,"stepsCount":0,"attachmentsCount":0,"hasContent":false,"attachmentStep":false}],"testStage":{"status":"failed","statusMessage":"AssertionError: Response does not contain 'result' key.","statusTrace":"tests/test_community_messages.py:79: in test_community_messages_with_node_pause_10_seconds\n    self.first_node.send_community_chat_message(message_chat_id, message)\nsrc/node/status_node.py:205: in send_community_chat_message\n    return self.api.send_rpc_request(\"wakuext_sendChatMessage\", params)\n/opt/hostedtoolcache/Python/3.12.7/x64/lib/python3.12/site-packages/tenacity/__init__.py:289: in wrapped_f\n    return self(f, *args, **kw)\n/opt/hostedtoolcache/Python/3.12.7/x64/lib/python3.12/site-packages/tenacity/__init__.py:379: in __call__\n    do = self.iter(retry_state=retry_state)\n/opt/hostedtoolcache/Python/3.12.7/x64/lib/python3.12/site-packages/tenacity/__init__.py:325: in iter\n    raise retry_exc.reraise()\n/opt/hostedtoolcache/Python/3.12.7/x64/lib/python3.12/site-packages/tenacity/__init__.py:158: in reraise\n    raise self.last_attempt.result()\n/opt/hostedtoolcache/Python/3.12.7/x64/lib/python3.12/concurrent/futures/_base.py:449: in result\n    return self.__get_result()\n/opt/hostedtoolcache/Python/3.12.7/x64/lib/python3.12/concurrent/futures/_base.py:401: in __get_result\n    raise self._exception\n/opt/hostedtoolcache/Python/3.12.7/x64/lib/python3.12/site-packages/tenacity/__init__.py:382: in __call__\n    result = fn(*args, **kwargs)\nsrc/node/rpc_client.py:27: in send_rpc_request\n    assert \"result\" in response.json(), \"Response does not contain 'result' key.\"\nE   AssertionError: Response does not contain 'result' key.","steps":[],"attachments":[{"uid":"b03a939447931c97","name":"log","source":"b03a939447931c97.txt","type":"text/plain","size":207806}],"parameters":[],"shouldDisplayMessage":true,"stepsCount":0,"attachmentsCount":1,"hasContent":true,"attachmentStep":false},"afterStages":[{"name":"save_node_logs_on_fail::0","time":{"start":1729210810032,"stop":1729210810034,"duration":2},"status":"passed","steps":[],"attachments":[],"parameters":[],"shouldDisplayMessage":false,"stepsCount":0,"attachmentsCount":0,"hasContent":false,"attachmentStep":false},{"name":"clear_open_nodes::0","time":{"start":1729210810034,"stop":1729210810071,"duration":37},"status":"passed","steps":[],"attachments":[],"parameters":[],"shouldDisplayMessage":false,"stepsCount":0,"attachmentsCount":0,"hasContent":false,"attachmentStep":false},{"name":"set_allure_env_variables::0","time":{"start":1729212418448,"stop":1729212418448,"duration":0},"status":"passed","steps":[],"attachments":[],"parameters":[],"shouldDisplayMessage":false,"stepsCount":0,"attachmentsCount":0,"hasContent":false,"attachmentStep":false}],"labels":[{"name":"tag","value":"flaky(reruns=2)"},{"name":"tag","value":"@pytest.mark.usefixtures('start_1_node')"},{"name":"parentSuite","value":"tests"},{"name":"suite","value":"test_community_messages"},{"name":"subSuite","value":"TestCommunityMessages"},{"name":"host","value":"fv-az1535-618"},{"name":"thread","value":"76809-MainThread"},{"name":"framework","value":"pytest"},{"name":"language","value":"cpython3"},{"name":"package","value":"tests.test_community_messages"},{"name":"resultFormat","value":"allure2"}],"parameters":[],"links":[],"hidden":false,"retry":false,"extra":{"severity":"normal","retries":[{"uid":"4fad2abc36157491","status":"failed","statusDetails":"AssertionError: Response does not contain 'result' key.","time":{"start":1729210740541,"stop":1729210771262,"duration":30721}},{"uid":"f00936bf799138cf","status":"failed","statusDetails":"AssertionError: Response does not contain 'result' key.","time":{"start":1729210702166,"stop":1729210732763,"duration":30597}}],"categories":[{"name":"Product defects","matchedStatuses":[],"flaky":false}],"history":{"statistic":{"failed":5,"broken":0,"skipped":0,"passed":4,"unknown":0,"total":9},"items":[{"uid":"a2e8b8e9d69549c4","reportUrl":"https://status-im.github.io/status-cli-tests/246//#testresult/a2e8b8e9d69549c4","status":"passed","time":{"start":1729124306566,"stop":1729124328132,"duration":21566}},{"uid":"85406c2540b9ac93","reportUrl":"https://status-im.github.io/status-cli-tests/245//#testresult/85406c2540b9ac93","status":"failed","statusDetails":"AssertionError: Response does not contain 'result' key.","time":{"start":1729067376546,"stop":1729067407618,"duration":31072}},{"uid":"28048bdead2e1b39","reportUrl":"https://status-im.github.io/status-cli-tests/244//#testresult/28048bdead2e1b39","status":"failed","statusDetails":"AssertionError: Response does not contain 'result' key.","time":{"start":1729038121745,"stop":1729038152543,"duration":30798}},{"uid":"84fe8106f7e81706","reportUrl":"https://status-im.github.io/status-cli-tests/243//#testresult/84fe8106f7e81706","status":"failed","statusDetails":"AssertionError: Response does not contain 'result' key.","time":{"start":1729005623918,"stop":1729005655846,"duration":31928}},{"uid":"382725cb4f4d08d7","reportUrl":"https://status-im.github.io/status-cli-tests/242//#testresult/382725cb4f4d08d7","status":"failed","statusDetails":"AssertionError: Response does not contain 'result' key.","time":{"start":1729002998947,"stop":1729003029457,"duration":30510}},{"uid":"2c3c91b829467752","reportUrl":"https://status-im.github.io/status-cli-tests/241//#testresult/2c3c91b829467752","status":"passed","time":{"start":1728989230316,"stop":1728989260949,"duration":30633}},{"uid":"9b492c9e39e3ca6c","reportUrl":"https://status-im.github.io/status-cli-tests/240//#testresult/9b492c9e39e3ca6c","status":"passed","time":{"start":1728951681519,"stop":1728951711979,"duration":30460}},{"uid":"249dba10918cbe8e","reportUrl":"https://status-im.github.io/status-cli-tests/239//#testresult/249dba10918cbe8e","status":"passed","time":{"start":1728888003361,"stop":1728888043382,"duration":40021}}]},"tags":["@pytest.mark.usefixtures('start_1_node')","flaky(reruns=2)"]},"source":"fa9ebe2fc5d38a25.json","parameterValues":[]}