{"uid":"b2abedd35cba15a2","name":"test_community_messages_baseline","fullName":"tests.test_community_messages.TestCommunityMessages#test_community_messages_baseline","historyId":"f81ba855c3f5610f48a9dff9cb031738","time":{"start":1734221973099,"stop":1734222004817,"duration":31718},"status":"failed","statusMessage":"AssertionError: Response does not contain 'result' key.","statusTrace":"tests/test_community_messages.py:30: in test_community_messages_baseline\n    timestamp, message_id = self.send_with_timestamp(sending_node.send_community_chat_message, message_chat_id, message)\nsrc/steps/common.py:79: in send_with_timestamp\n    response = send_method(id, message)\nsrc/node/status_node.py:205: in send_community_chat_message\n    return self.api.send_rpc_request(\"wakuext_sendChatMessage\", params)\n/opt/hostedtoolcache/Python/3.12.8/x64/lib/python3.12/site-packages/tenacity/__init__.py:289: in wrapped_f\n    return self(f, *args, **kw)\n/opt/hostedtoolcache/Python/3.12.8/x64/lib/python3.12/site-packages/tenacity/__init__.py:379: in __call__\n    do = self.iter(retry_state=retry_state)\n/opt/hostedtoolcache/Python/3.12.8/x64/lib/python3.12/site-packages/tenacity/__init__.py:325: in iter\n    raise retry_exc.reraise()\n/opt/hostedtoolcache/Python/3.12.8/x64/lib/python3.12/site-packages/tenacity/__init__.py:158: in reraise\n    raise self.last_attempt.result()\n/opt/hostedtoolcache/Python/3.12.8/x64/lib/python3.12/concurrent/futures/_base.py:449: in result\n    return self.__get_result()\n/opt/hostedtoolcache/Python/3.12.8/x64/lib/python3.12/concurrent/futures/_base.py:401: in __get_result\n    raise self._exception\n/opt/hostedtoolcache/Python/3.12.8/x64/lib/python3.12/site-packages/tenacity/__init__.py:382: in __call__\n    result = fn(*args, **kwargs)\nsrc/node/rpc_client.py:27: in send_rpc_request\n    assert \"result\" in response.json(), \"Response does not contain 'result' key.\"\nE   AssertionError: Response does not contain 'result' key.","flaky":false,"newFailed":false,"newBroken":false,"newPassed":false,"retriesCount":2,"retriesStatusChange":false,"beforeStages":[{"name":"set_allure_env_variables","time":{"start":1734221885513,"stop":1734221885513,"duration":0},"status":"passed","steps":[],"attachments":[],"parameters":[],"shouldDisplayMessage":false,"stepsCount":0,"attachmentsCount":0,"hasContent":false,"attachmentStep":false},{"name":"clear_open_nodes","time":{"start":1734221965289,"stop":1734221965289,"duration":0},"status":"passed","steps":[],"attachments":[],"parameters":[],"shouldDisplayMessage":false,"stepsCount":0,"attachmentsCount":0,"hasContent":false,"attachmentStep":false},{"name":"start_1_node","time":{"start":1734221965289,"stop":1734221973099,"duration":7810},"status":"passed","steps":[],"attachments":[],"parameters":[],"shouldDisplayMessage":false,"stepsCount":0,"attachmentsCount":0,"hasContent":false,"attachmentStep":false},{"name":"save_node_logs_on_fail","time":{"start":1734221965289,"stop":1734221965289,"duration":0},"status":"passed","steps":[],"attachments":[],"parameters":[],"shouldDisplayMessage":false,"stepsCount":0,"attachmentsCount":0,"hasContent":false,"attachmentStep":false}],"testStage":{"status":"failed","statusMessage":"AssertionError: Response does not contain 'result' key.","statusTrace":"tests/test_community_messages.py:30: in test_community_messages_baseline\n    timestamp, message_id = self.send_with_timestamp(sending_node.send_community_chat_message, message_chat_id, message)\nsrc/steps/common.py:79: in send_with_timestamp\n    response = send_method(id, message)\nsrc/node/status_node.py:205: in send_community_chat_message\n    return self.api.send_rpc_request(\"wakuext_sendChatMessage\", params)\n/opt/hostedtoolcache/Python/3.12.8/x64/lib/python3.12/site-packages/tenacity/__init__.py:289: in wrapped_f\n    return self(f, *args, **kw)\n/opt/hostedtoolcache/Python/3.12.8/x64/lib/python3.12/site-packages/tenacity/__init__.py:379: in __call__\n    do = self.iter(retry_state=retry_state)\n/opt/hostedtoolcache/Python/3.12.8/x64/lib/python3.12/site-packages/tenacity/__init__.py:325: in iter\n    raise retry_exc.reraise()\n/opt/hostedtoolcache/Python/3.12.8/x64/lib/python3.12/site-packages/tenacity/__init__.py:158: in reraise\n    raise self.last_attempt.result()\n/opt/hostedtoolcache/Python/3.12.8/x64/lib/python3.12/concurrent/futures/_base.py:449: in result\n    return self.__get_result()\n/opt/hostedtoolcache/Python/3.12.8/x64/lib/python3.12/concurrent/futures/_base.py:401: in __get_result\n    raise self._exception\n/opt/hostedtoolcache/Python/3.12.8/x64/lib/python3.12/site-packages/tenacity/__init__.py:382: in __call__\n    result = fn(*args, **kwargs)\nsrc/node/rpc_client.py:27: in send_rpc_request\n    assert \"result\" in response.json(), \"Response does not contain 'result' key.\"\nE   AssertionError: Response does not contain 'result' key.","steps":[],"attachments":[{"uid":"95594e573ea2c7ca","name":"log","source":"95594e573ea2c7ca.txt","type":"text/plain","size":488074}],"parameters":[],"shouldDisplayMessage":true,"stepsCount":0,"attachmentsCount":1,"hasContent":true,"attachmentStep":false},"afterStages":[{"name":"save_node_logs_on_fail::0","time":{"start":1734222004856,"stop":1734222004857,"duration":1},"status":"passed","steps":[],"attachments":[],"parameters":[],"shouldDisplayMessage":false,"stepsCount":0,"attachmentsCount":0,"hasContent":false,"attachmentStep":false},{"name":"clear_open_nodes::0","time":{"start":1734222004857,"stop":1734222004881,"duration":24},"status":"passed","steps":[],"attachments":[],"parameters":[],"shouldDisplayMessage":false,"stepsCount":0,"attachmentsCount":0,"hasContent":false,"attachmentStep":false},{"name":"set_allure_env_variables::0","time":{"start":1734224028822,"stop":1734224028822,"duration":0},"status":"passed","steps":[],"attachments":[],"parameters":[],"shouldDisplayMessage":false,"stepsCount":0,"attachmentsCount":0,"hasContent":false,"attachmentStep":false}],"labels":[{"name":"tag","value":"flaky(reruns=2)"},{"name":"tag","value":"@pytest.mark.usefixtures('start_1_node')"},{"name":"parentSuite","value":"tests"},{"name":"suite","value":"test_community_messages"},{"name":"subSuite","value":"TestCommunityMessages"},{"name":"host","value":"fv-az788-895"},{"name":"thread","value":"60440-MainThread"},{"name":"framework","value":"pytest"},{"name":"language","value":"cpython3"},{"name":"package","value":"tests.test_community_messages"},{"name":"resultFormat","value":"allure2"}],"parameters":[],"links":[],"hidden":false,"retry":false,"extra":{"severity":"normal","retries":[{"uid":"1aa8a9d7e7ec3e60","status":"failed","statusDetails":"AssertionError: Response does not contain 'result' key.","time":{"start":1734221933549,"stop":1734221965216,"duration":31667}},{"uid":"39018a85a4121791","status":"failed","statusDetails":"AssertionError: Response does not contain 'result' key.","time":{"start":1734221894327,"stop":1734221925644,"duration":31317}}],"categories":[{"name":"Product defects","matchedStatuses":[],"flaky":false}],"history":{"statistic":{"failed":44,"broken":15,"skipped":0,"passed":8,"unknown":0,"total":67},"items":[{"uid":"bccb2efb9e4715cd","reportUrl":"https://status-im.github.io/status-cli-tests/304//#testresult/bccb2efb9e4715cd","status":"failed","statusDetails":"AssertionError: Response does not contain 'result' key.","time":{"start":1734135495176,"stop":1734135527074,"duration":31898}},{"uid":"32437ca86924daab","reportUrl":"https://status-im.github.io/status-cli-tests/303//#testresult/32437ca86924daab","status":"failed","statusDetails":"AssertionError: Response does not contain 'result' key.","time":{"start":1734049115970,"stop":1734049147617,"duration":31647}},{"uid":"492d5d1c173e0fcf","reportUrl":"https://status-im.github.io/status-cli-tests/302//#testresult/492d5d1c173e0fcf","status":"passed","time":{"start":1733962739408,"stop":1733962801722,"duration":62314}},{"uid":"95624bd022c5d2c6","reportUrl":"https://status-im.github.io/status-cli-tests/301//#testresult/95624bd022c5d2c6","status":"passed","time":{"start":1733876233381,"stop":1733876294112,"duration":60731}},{"uid":"5822afc99da42ce7","reportUrl":"https://status-im.github.io/status-cli-tests/300//#testresult/5822afc99da42ce7","status":"passed","time":{"start":1733789848034,"stop":1733789903771,"duration":55737}},{"uid":"761bfbd94f345498","reportUrl":"https://status-im.github.io/status-cli-tests/299//#testresult/761bfbd94f345498","status":"passed","time":{"start":1733703460477,"stop":1733703519342,"duration":58865}},{"uid":"7e43e696a77d7b42","reportUrl":"https://status-im.github.io/status-cli-tests/298//#testresult/7e43e696a77d7b42","status":"failed","statusDetails":"AssertionError: Response does not contain 'result' key.","time":{"start":1733617133274,"stop":1733617164909,"duration":31635}},{"uid":"49a1668572d0dc66","reportUrl":"https://status-im.github.io/status-cli-tests/297//#testresult/49a1668572d0dc66","status":"failed","statusDetails":"AssertionError: Response does not contain 'result' key.","time":{"start":1733530699543,"stop":1733530720121,"duration":20578}},{"uid":"4cfba9cccf1e16a3","reportUrl":"https://status-im.github.io/status-cli-tests/296//#testresult/4cfba9cccf1e16a3","status":"failed","statusDetails":"AssertionError: Response does not contain 'result' key.","time":{"start":1733444296738,"stop":1733444328559,"duration":31821}},{"uid":"6f492784a2e585c1","reportUrl":"https://status-im.github.io/status-cli-tests/295//#testresult/6f492784a2e585c1","status":"failed","statusDetails":"AssertionError: Response does not contain 'result' key.","time":{"start":1733357913303,"stop":1733357934171,"duration":20868}},{"uid":"79c9f2124ed8ead2","reportUrl":"https://status-im.github.io/status-cli-tests/294//#testresult/79c9f2124ed8ead2","status":"failed","statusDetails":"AssertionError: Response does not contain 'result' key.","time":{"start":1733271508125,"stop":1733271539674,"duration":31549}},{"uid":"4cc6779924b61c65","reportUrl":"https://status-im.github.io/status-cli-tests/293//#testresult/4cc6779924b61c65","status":"failed","statusDetails":"AssertionError: Response does not contain 'result' key.","time":{"start":1733185166803,"stop":1733185198598,"duration":31795}},{"uid":"4ab58499eaa1206c","reportUrl":"https://status-im.github.io/status-cli-tests/292//#testresult/4ab58499eaa1206c","status":"failed","statusDetails":"AssertionError: Response does not contain 'result' key.","time":{"start":1733098720826,"stop":1733098741607,"duration":20781}},{"uid":"61b79b0f13bb12f1","reportUrl":"https://status-im.github.io/status-cli-tests/291//#testresult/61b79b0f13bb12f1","status":"failed","statusDetails":"AssertionError: Response does not contain 'result' key.","time":{"start":1733012415205,"stop":1733012435719,"duration":20514}},{"uid":"950c8108ba8ebacf","reportUrl":"https://status-im.github.io/status-cli-tests/290//#testresult/950c8108ba8ebacf","status":"failed","statusDetails":"AssertionError: Response does not contain 'result' key.","time":{"start":1732925910346,"stop":1732925942072,"duration":31726}},{"uid":"d23344becbfe56ce","reportUrl":"https://status-im.github.io/status-cli-tests/289//#testresult/d23344becbfe56ce","status":"failed","statusDetails":"AssertionError: Response does not contain 'result' key.","time":{"start":1732839476455,"stop":1732839500043,"duration":23588}},{"uid":"97accea475291c2c","reportUrl":"https://status-im.github.io/status-cli-tests/288//#testresult/97accea475291c2c","status":"failed","statusDetails":"AssertionError: Response does not contain 'result' key.","time":{"start":1732753120237,"stop":1732753159020,"duration":38783}},{"uid":"b2d192b20ae0ef35","reportUrl":"https://status-im.github.io/status-cli-tests/287//#testresult/b2d192b20ae0ef35","status":"broken","statusDetails":"RuntimeError: Request to http://127.0.0.1:65466 usig method wakuext_fetchCommunity timed out after 10 seconds. Node: first_node","time":{"start":1732666715712,"stop":1732666752014,"duration":36302}},{"uid":"ff8cb4d206cb477b","reportUrl":"https://status-im.github.io/status-cli-tests/286//#testresult/ff8cb4d206cb477b","status":"broken","statusDetails":"RuntimeError: Request to http://127.0.0.1:24015 usig method wakuext_fetchCommunity timed out after 10 seconds. Node: first_node","time":{"start":1732580318257,"stop":1732580354551,"duration":36294}},{"uid":"7ab94b70ee661bbc","reportUrl":"https://status-im.github.io/status-cli-tests/285//#testresult/7ab94b70ee661bbc","status":"failed","statusDetails":"AssertionError: Response does not contain 'result' key.","time":{"start":1732493888576,"stop":1732493910024,"duration":21448}}]},"tags":["@pytest.mark.usefixtures('start_1_node')","flaky(reruns=2)"]},"source":"b2abedd35cba15a2.json","parameterValues":[]}