{"uid":"55b05d0d408a93d3","name":"test_join_community_with_low_bandwith","fullName":"tests.test_join_community.TestJoinCommunity#test_join_community_with_low_bandwith","historyId":"acec66a9fe6a2fbcbf702c9ea545d881","time":{"start":1733186673611,"stop":1733186745495,"duration":71884},"status":"failed","statusMessage":"AssertionError: Response does not contain 'result' key.","statusTrace":"tests/test_join_community.py:65: in test_join_community_with_low_bandwith\n    self.test_join_community_baseline()\ntests/test_join_community.py:19: in test_join_community_baseline\n    self.first_node.fetch_community(community_id)\n/opt/hostedtoolcache/Python/3.12.7/x64/lib/python3.12/site-packages/tenacity/__init__.py:289: in wrapped_f\n    return self(f, *args, **kw)\n/opt/hostedtoolcache/Python/3.12.7/x64/lib/python3.12/site-packages/tenacity/__init__.py:379: in __call__\n    do = self.iter(retry_state=retry_state)\n/opt/hostedtoolcache/Python/3.12.7/x64/lib/python3.12/site-packages/tenacity/__init__.py:325: in iter\n    raise retry_exc.reraise()\n/opt/hostedtoolcache/Python/3.12.7/x64/lib/python3.12/site-packages/tenacity/__init__.py:158: in reraise\n    raise self.last_attempt.result()\n/opt/hostedtoolcache/Python/3.12.7/x64/lib/python3.12/concurrent/futures/_base.py:449: in result\n    return self.__get_result()\n/opt/hostedtoolcache/Python/3.12.7/x64/lib/python3.12/concurrent/futures/_base.py:401: in __get_result\n    raise self._exception\n/opt/hostedtoolcache/Python/3.12.7/x64/lib/python3.12/site-packages/tenacity/__init__.py:382: in __call__\n    result = fn(*args, **kwargs)\nsrc/node/status_node.py:193: in fetch_community\n    return self.api.send_rpc_request(\"wakuext_fetchCommunity\", params, timeout=10)\n/opt/hostedtoolcache/Python/3.12.7/x64/lib/python3.12/site-packages/tenacity/__init__.py:289: in wrapped_f\n    return self(f, *args, **kw)\n/opt/hostedtoolcache/Python/3.12.7/x64/lib/python3.12/site-packages/tenacity/__init__.py:379: in __call__\n    do = self.iter(retry_state=retry_state)\n/opt/hostedtoolcache/Python/3.12.7/x64/lib/python3.12/site-packages/tenacity/__init__.py:325: in iter\n    raise retry_exc.reraise()\n/opt/hostedtoolcache/Python/3.12.7/x64/lib/python3.12/site-packages/tenacity/__init__.py:158: in reraise\n    raise self.last_attempt.result()\n/opt/hostedtoolcache/Python/3.12.7/x64/lib/python3.12/concurrent/futures/_base.py:449: in result\n    return self.__get_result()\n/opt/hostedtoolcache/Python/3.12.7/x64/lib/python3.12/concurrent/futures/_base.py:401: in __get_result\n    raise self._exception\n/opt/hostedtoolcache/Python/3.12.7/x64/lib/python3.12/site-packages/tenacity/__init__.py:382: in __call__\n    result = fn(*args, **kwargs)\nsrc/node/rpc_client.py:27: in send_rpc_request\n    assert \"result\" in response.json(), \"Response does not contain 'result' key.\"\nE   AssertionError: Response does not contain 'result' key.","flaky":false,"newFailed":false,"newBroken":false,"newPassed":false,"retriesCount":0,"retriesStatusChange":false,"beforeStages":[{"name":"set_allure_env_variables","time":{"start":1733185090126,"stop":1733185090126,"duration":0},"status":"passed","steps":[],"attachments":[],"parameters":[],"shouldDisplayMessage":false,"stepsCount":0,"attachmentsCount":0,"hasContent":false,"attachmentStep":false},{"name":"start_1_node","time":{"start":1733186665800,"stop":1733186673610,"duration":7810},"status":"passed","steps":[],"attachments":[],"parameters":[],"shouldDisplayMessage":false,"stepsCount":0,"attachmentsCount":0,"hasContent":false,"attachmentStep":false},{"name":"save_node_logs_on_fail","time":{"start":1733186665800,"stop":1733186665800,"duration":0},"status":"passed","steps":[],"attachments":[],"parameters":[],"shouldDisplayMessage":false,"stepsCount":0,"attachmentsCount":0,"hasContent":false,"attachmentStep":false},{"name":"clear_open_nodes","time":{"start":1733186665800,"stop":1733186665800,"duration":0},"status":"passed","steps":[],"attachments":[],"parameters":[],"shouldDisplayMessage":false,"stepsCount":0,"attachmentsCount":0,"hasContent":false,"attachmentStep":false}],"testStage":{"status":"failed","statusMessage":"AssertionError: Response does not contain 'result' key.","statusTrace":"tests/test_join_community.py:65: in test_join_community_with_low_bandwith\n    self.test_join_community_baseline()\ntests/test_join_community.py:19: in test_join_community_baseline\n    self.first_node.fetch_community(community_id)\n/opt/hostedtoolcache/Python/3.12.7/x64/lib/python3.12/site-packages/tenacity/__init__.py:289: in wrapped_f\n    return self(f, *args, **kw)\n/opt/hostedtoolcache/Python/3.12.7/x64/lib/python3.12/site-packages/tenacity/__init__.py:379: in __call__\n    do = self.iter(retry_state=retry_state)\n/opt/hostedtoolcache/Python/3.12.7/x64/lib/python3.12/site-packages/tenacity/__init__.py:325: in iter\n    raise retry_exc.reraise()\n/opt/hostedtoolcache/Python/3.12.7/x64/lib/python3.12/site-packages/tenacity/__init__.py:158: in reraise\n    raise self.last_attempt.result()\n/opt/hostedtoolcache/Python/3.12.7/x64/lib/python3.12/concurrent/futures/_base.py:449: in result\n    return self.__get_result()\n/opt/hostedtoolcache/Python/3.12.7/x64/lib/python3.12/concurrent/futures/_base.py:401: in __get_result\n    raise self._exception\n/opt/hostedtoolcache/Python/3.12.7/x64/lib/python3.12/site-packages/tenacity/__init__.py:382: in __call__\n    result = fn(*args, **kwargs)\nsrc/node/status_node.py:193: in fetch_community\n    return self.api.send_rpc_request(\"wakuext_fetchCommunity\", params, timeout=10)\n/opt/hostedtoolcache/Python/3.12.7/x64/lib/python3.12/site-packages/tenacity/__init__.py:289: in wrapped_f\n    return self(f, *args, **kw)\n/opt/hostedtoolcache/Python/3.12.7/x64/lib/python3.12/site-packages/tenacity/__init__.py:379: in __call__\n    do = self.iter(retry_state=retry_state)\n/opt/hostedtoolcache/Python/3.12.7/x64/lib/python3.12/site-packages/tenacity/__init__.py:325: in iter\n    raise retry_exc.reraise()\n/opt/hostedtoolcache/Python/3.12.7/x64/lib/python3.12/site-packages/tenacity/__init__.py:158: in reraise\n    raise self.last_attempt.result()\n/opt/hostedtoolcache/Python/3.12.7/x64/lib/python3.12/concurrent/futures/_base.py:449: in result\n    return self.__get_result()\n/opt/hostedtoolcache/Python/3.12.7/x64/lib/python3.12/concurrent/futures/_base.py:401: in __get_result\n    raise self._exception\n/opt/hostedtoolcache/Python/3.12.7/x64/lib/python3.12/site-packages/tenacity/__init__.py:382: in __call__\n    result = fn(*args, **kwargs)\nsrc/node/rpc_client.py:27: in send_rpc_request\n    assert \"result\" in response.json(), \"Response does not contain 'result' key.\"\nE   AssertionError: Response does not contain 'result' key.","steps":[],"attachments":[{"uid":"378254624d21a1b3","name":"log","source":"378254624d21a1b3.txt","type":"text/plain","size":219785}],"parameters":[],"shouldDisplayMessage":true,"stepsCount":0,"attachmentsCount":1,"hasContent":true,"attachmentStep":false},"afterStages":[{"name":"save_node_logs_on_fail::0","time":{"start":1733186745585,"stop":1733186745587,"duration":2},"status":"passed","steps":[],"attachments":[],"parameters":[],"shouldDisplayMessage":false,"stepsCount":0,"attachmentsCount":0,"hasContent":false,"attachmentStep":false},{"name":"clear_open_nodes::0","time":{"start":1733186745587,"stop":1733186745747,"duration":160},"status":"passed","steps":[],"attachments":[],"parameters":[],"shouldDisplayMessage":false,"stepsCount":0,"attachmentsCount":0,"hasContent":false,"attachmentStep":false},{"name":"set_allure_env_variables::0","time":{"start":1733187283570,"stop":1733187283570,"duration":0},"status":"passed","steps":[],"attachments":[],"parameters":[],"shouldDisplayMessage":false,"stepsCount":0,"attachmentsCount":0,"hasContent":false,"attachmentStep":false}],"labels":[{"name":"tag","value":"@pytest.mark.usefixtures('start_1_node')"},{"name":"parentSuite","value":"tests"},{"name":"suite","value":"test_join_community"},{"name":"subSuite","value":"TestJoinCommunity"},{"name":"host","value":"fv-az1393-586"},{"name":"thread","value":"60956-MainThread"},{"name":"framework","value":"pytest"},{"name":"language","value":"cpython3"},{"name":"package","value":"tests.test_join_community"},{"name":"resultFormat","value":"allure2"}],"parameters":[],"links":[],"hidden":false,"retry":false,"extra":{"severity":"normal","retries":[],"categories":[{"name":"Product defects","matchedStatuses":[],"flaky":false}],"history":{"statistic":{"failed":26,"broken":7,"skipped":0,"passed":22,"unknown":0,"total":55},"items":[{"uid":"385dc3d0ab0fe31","reportUrl":"https://status-im.github.io/status-cli-tests/292//#testresult/385dc3d0ab0fe31","status":"failed","statusDetails":"AssertionError: Response does not contain 'result' key.","time":{"start":1733100213972,"stop":1733100281638,"duration":67666}},{"uid":"fe00404370c6c819","reportUrl":"https://status-im.github.io/status-cli-tests/291//#testresult/fe00404370c6c819","status":"failed","statusDetails":"AssertionError: Response does not contain 'result' key.","time":{"start":1733013951852,"stop":1733014019216,"duration":67364}},{"uid":"1c96411821aa79a0","reportUrl":"https://status-im.github.io/status-cli-tests/290//#testresult/1c96411821aa79a0","status":"failed","statusDetails":"AssertionError: Response does not contain 'result' key.","time":{"start":1732927459372,"stop":1732927527766,"duration":68394}},{"uid":"e1534dc8462ed1c8","reportUrl":"https://status-im.github.io/status-cli-tests/289//#testresult/e1534dc8462ed1c8","status":"failed","statusDetails":"AssertionError: Response does not contain 'result' key.","time":{"start":1732841018705,"stop":1732841084429,"duration":65724}},{"uid":"5c2889a73c49ca3d","reportUrl":"https://status-im.github.io/status-cli-tests/288//#testresult/5c2889a73c49ca3d","status":"broken","statusDetails":"RuntimeError: Request to http://127.0.0.1:40928 usig method wakuext_fetchCommunity timed out after 10 seconds. Node: first_node","time":{"start":1732754648992,"stop":1732754711520,"duration":62528}},{"uid":"74e32136666d4e49","reportUrl":"https://status-im.github.io/status-cli-tests/287//#testresult/74e32136666d4e49","status":"failed","statusDetails":"AssertionError: Response does not contain 'result' key.","time":{"start":1732668115678,"stop":1732668189212,"duration":73534}},{"uid":"6cd8617e2a063490","reportUrl":"https://status-im.github.io/status-cli-tests/286//#testresult/6cd8617e2a063490","status":"broken","statusDetails":"RuntimeError: Request to http://127.0.0.1:49590 usig method wakuext_fetchCommunity timed out after 10 seconds. Node: first_node","time":{"start":1732581758058,"stop":1732581819656,"duration":61598}},{"uid":"3a742307c8739e92","reportUrl":"https://status-im.github.io/status-cli-tests/285//#testresult/3a742307c8739e92","status":"failed","statusDetails":"AssertionError: Response does not contain 'result' key.","time":{"start":1732495075017,"stop":1732495129488,"duration":54471}},{"uid":"f82800e1ae07d32e","reportUrl":"https://status-im.github.io/status-cli-tests/284//#testresult/f82800e1ae07d32e","status":"failed","statusDetails":"AssertionError: Response does not contain 'result' key.","time":{"start":1732408717205,"stop":1732408772132,"duration":54927}},{"uid":"1fe58fe531f16a2c","reportUrl":"https://status-im.github.io/status-cli-tests/283//#testresult/1fe58fe531f16a2c","status":"failed","statusDetails":"AssertionError: Response does not contain 'result' key.","time":{"start":1732322242432,"stop":1732322299021,"duration":56589}},{"uid":"738b7dabccb02ff2","reportUrl":"https://status-im.github.io/status-cli-tests/282//#testresult/738b7dabccb02ff2","status":"failed","statusDetails":"AssertionError: Response does not contain 'result' key.","time":{"start":1732236071608,"stop":1732236124730,"duration":53122}},{"uid":"de46d8c640010c9f","reportUrl":"https://status-im.github.io/status-cli-tests/281//#testresult/de46d8c640010c9f","status":"failed","statusDetails":"AssertionError: Response does not contain 'result' key.","time":{"start":1732149567507,"stop":1732149620963,"duration":53456}},{"uid":"89ade76c9c618d9","reportUrl":"https://status-im.github.io/status-cli-tests/280//#testresult/89ade76c9c618d9","status":"failed","statusDetails":"AssertionError: Response does not contain 'result' key.","time":{"start":1732063019886,"stop":1732063071918,"duration":52032}},{"uid":"80a7c8ec4bdc689e","reportUrl":"https://status-im.github.io/status-cli-tests/279//#testresult/80a7c8ec4bdc689e","status":"passed","time":{"start":1731976560540,"stop":1731976604768,"duration":44228}},{"uid":"18eaa775d5195230","reportUrl":"https://status-im.github.io/status-cli-tests/278//#testresult/18eaa775d5195230","status":"passed","time":{"start":1731890177830,"stop":1731890219342,"duration":41512}},{"uid":"54cda5e2fe16b57f","reportUrl":"https://status-im.github.io/status-cli-tests/277//#testresult/54cda5e2fe16b57f","status":"passed","time":{"start":1731803810260,"stop":1731803851177,"duration":40917}},{"uid":"b0243d0a48e21ab9","reportUrl":"https://status-im.github.io/status-cli-tests/276//#testresult/b0243d0a48e21ab9","status":"passed","time":{"start":1731717356914,"stop":1731717407770,"duration":50856}},{"uid":"8abeaedeb3d6284","reportUrl":"https://status-im.github.io/status-cli-tests/275//#testresult/8abeaedeb3d6284","status":"passed","time":{"start":1731630986268,"stop":1731631028901,"duration":42633}},{"uid":"78ce8e059ef8c9da","reportUrl":"https://status-im.github.io/status-cli-tests/274//#testresult/78ce8e059ef8c9da","status":"passed","time":{"start":1731544598191,"stop":1731544642033,"duration":43842}},{"uid":"87b625dcbf69a52d","reportUrl":"https://status-im.github.io/status-cli-tests/273//#testresult/87b625dcbf69a52d","status":"passed","time":{"start":1731458649935,"stop":1731458722342,"duration":72407}}]},"tags":["@pytest.mark.usefixtures('start_1_node')"]},"source":"55b05d0d408a93d3.json","parameterValues":[]}