{"uid":"103261929b1eaff2","name":"test_join_community_with_low_bandwith","fullName":"tests.test_join_community.TestJoinCommunity#test_join_community_with_low_bandwith","historyId":"acec66a9fe6a2fbcbf702c9ea545d881","time":{"start":1736124032237,"stop":1736124070842,"duration":38605},"status":"failed","statusMessage":"AssertionError: Response does not contain 'result' key.","statusTrace":"tests/test_join_community.py:65: in test_join_community_with_low_bandwith\n    self.test_join_community_baseline()\ntests/test_join_community.py:20: in test_join_community_baseline\n    response_to_join = self.first_node.request_to_join_community(community_id)\nsrc/node/status_node.py:197: in request_to_join_community\n    return self.api.send_rpc_request(\"wakuext_requestToJoinCommunity\", params)\n/opt/hostedtoolcache/Python/3.12.8/x64/lib/python3.12/site-packages/tenacity/__init__.py:289: in wrapped_f\n    return self(f, *args, **kw)\n/opt/hostedtoolcache/Python/3.12.8/x64/lib/python3.12/site-packages/tenacity/__init__.py:379: in __call__\n    do = self.iter(retry_state=retry_state)\n/opt/hostedtoolcache/Python/3.12.8/x64/lib/python3.12/site-packages/tenacity/__init__.py:325: in iter\n    raise retry_exc.reraise()\n/opt/hostedtoolcache/Python/3.12.8/x64/lib/python3.12/site-packages/tenacity/__init__.py:158: in reraise\n    raise self.last_attempt.result()\n/opt/hostedtoolcache/Python/3.12.8/x64/lib/python3.12/concurrent/futures/_base.py:449: in result\n    return self.__get_result()\n/opt/hostedtoolcache/Python/3.12.8/x64/lib/python3.12/concurrent/futures/_base.py:401: in __get_result\n    raise self._exception\n/opt/hostedtoolcache/Python/3.12.8/x64/lib/python3.12/site-packages/tenacity/__init__.py:382: in __call__\n    result = fn(*args, **kwargs)\nsrc/node/rpc_client.py:27: in send_rpc_request\n    assert \"result\" in response.json(), \"Response does not contain 'result' key.\"\nE   AssertionError: Response does not contain 'result' key.","flaky":false,"newFailed":false,"newBroken":false,"newPassed":false,"retriesCount":0,"retriesStatusChange":false,"beforeStages":[{"name":"set_allure_env_variables","time":{"start":1736122616099,"stop":1736122616099,"duration":0},"status":"passed","steps":[],"attachments":[],"parameters":[],"shouldDisplayMessage":false,"stepsCount":0,"attachmentsCount":0,"hasContent":false,"attachmentStep":false},{"name":"clear_open_nodes","time":{"start":1736124024427,"stop":1736124024427,"duration":0},"status":"passed","steps":[],"attachments":[],"parameters":[],"shouldDisplayMessage":false,"stepsCount":0,"attachmentsCount":0,"hasContent":false,"attachmentStep":false},{"name":"save_node_logs_on_fail","time":{"start":1736124024428,"stop":1736124024428,"duration":0},"status":"passed","steps":[],"attachments":[],"parameters":[],"shouldDisplayMessage":false,"stepsCount":0,"attachmentsCount":0,"hasContent":false,"attachmentStep":false},{"name":"start_1_node","time":{"start":1736124024428,"stop":1736124032236,"duration":7808},"status":"passed","steps":[],"attachments":[],"parameters":[],"shouldDisplayMessage":false,"stepsCount":0,"attachmentsCount":0,"hasContent":false,"attachmentStep":false}],"testStage":{"status":"failed","statusMessage":"AssertionError: Response does not contain 'result' key.","statusTrace":"tests/test_join_community.py:65: in test_join_community_with_low_bandwith\n    self.test_join_community_baseline()\ntests/test_join_community.py:20: in test_join_community_baseline\n    response_to_join = self.first_node.request_to_join_community(community_id)\nsrc/node/status_node.py:197: in request_to_join_community\n    return self.api.send_rpc_request(\"wakuext_requestToJoinCommunity\", params)\n/opt/hostedtoolcache/Python/3.12.8/x64/lib/python3.12/site-packages/tenacity/__init__.py:289: in wrapped_f\n    return self(f, *args, **kw)\n/opt/hostedtoolcache/Python/3.12.8/x64/lib/python3.12/site-packages/tenacity/__init__.py:379: in __call__\n    do = self.iter(retry_state=retry_state)\n/opt/hostedtoolcache/Python/3.12.8/x64/lib/python3.12/site-packages/tenacity/__init__.py:325: in iter\n    raise retry_exc.reraise()\n/opt/hostedtoolcache/Python/3.12.8/x64/lib/python3.12/site-packages/tenacity/__init__.py:158: in reraise\n    raise self.last_attempt.result()\n/opt/hostedtoolcache/Python/3.12.8/x64/lib/python3.12/concurrent/futures/_base.py:449: in result\n    return self.__get_result()\n/opt/hostedtoolcache/Python/3.12.8/x64/lib/python3.12/concurrent/futures/_base.py:401: in __get_result\n    raise self._exception\n/opt/hostedtoolcache/Python/3.12.8/x64/lib/python3.12/site-packages/tenacity/__init__.py:382: in __call__\n    result = fn(*args, **kwargs)\nsrc/node/rpc_client.py:27: in send_rpc_request\n    assert \"result\" in response.json(), \"Response does not contain 'result' key.\"\nE   AssertionError: Response does not contain 'result' key.","steps":[],"attachments":[{"uid":"ff1be14bf7b00fff","name":"log","source":"ff1be14bf7b00fff.txt","type":"text/plain","size":175744}],"parameters":[],"shouldDisplayMessage":true,"stepsCount":0,"attachmentsCount":1,"hasContent":true,"attachmentStep":false},"afterStages":[{"name":"save_node_logs_on_fail::0","time":{"start":1736124070884,"stop":1736124070886,"duration":2},"status":"passed","steps":[],"attachments":[],"parameters":[],"shouldDisplayMessage":false,"stepsCount":0,"attachmentsCount":0,"hasContent":false,"attachmentStep":false},{"name":"clear_open_nodes::0","time":{"start":1736124070886,"stop":1736124071022,"duration":136},"status":"passed","steps":[],"attachments":[],"parameters":[],"shouldDisplayMessage":false,"stepsCount":0,"attachmentsCount":0,"hasContent":false,"attachmentStep":false},{"name":"set_allure_env_variables::0","time":{"start":1736124588916,"stop":1736124588916,"duration":0},"status":"passed","steps":[],"attachments":[],"parameters":[],"shouldDisplayMessage":false,"stepsCount":0,"attachmentsCount":0,"hasContent":false,"attachmentStep":false}],"labels":[{"name":"tag","value":"@pytest.mark.usefixtures('start_1_node')"},{"name":"parentSuite","value":"tests"},{"name":"suite","value":"test_join_community"},{"name":"subSuite","value":"TestJoinCommunity"},{"name":"host","value":"fv-az1680-128"},{"name":"thread","value":"60552-MainThread"},{"name":"framework","value":"pytest"},{"name":"language","value":"cpython3"},{"name":"package","value":"tests.test_join_community"},{"name":"resultFormat","value":"allure2"}],"parameters":[],"links":[],"hidden":false,"retry":false,"extra":{"severity":"normal","retries":[],"categories":[{"name":"Product defects","matchedStatuses":[],"flaky":false}],"history":{"statistic":{"failed":59,"broken":8,"skipped":0,"passed":22,"unknown":0,"total":89},"items":[{"uid":"b4d5a6f40222fb48","reportUrl":"https://status-im.github.io/status-cli-tests/326//#testresult/b4d5a6f40222fb48","status":"failed","statusDetails":"AssertionError: Response does not contain 'result' key.","time":{"start":1736037720685,"stop":1736037763529,"duration":42844}},{"uid":"c67461f7532cd791","reportUrl":"https://status-im.github.io/status-cli-tests/325//#testresult/c67461f7532cd791","status":"failed","statusDetails":"AssertionError: Response does not contain 'result' key.","time":{"start":1735951189145,"stop":1735951227619,"duration":38474}},{"uid":"7be91d9a07c437bf","reportUrl":"https://status-im.github.io/status-cli-tests/324//#testresult/7be91d9a07c437bf","status":"failed","statusDetails":"AssertionError: Response does not contain 'result' key.","time":{"start":1735864741130,"stop":1735864784181,"duration":43051}},{"uid":"f5694442a20415de","reportUrl":"https://status-im.github.io/status-cli-tests/323//#testresult/f5694442a20415de","status":"failed","statusDetails":"AssertionError: Response does not contain 'result' key.","time":{"start":1735778306553,"stop":1735778347951,"duration":41398}},{"uid":"84c989961bb58a5b","reportUrl":"https://status-im.github.io/status-cli-tests/322//#testresult/84c989961bb58a5b","status":"failed","statusDetails":"AssertionError: Response does not contain 'result' key.","time":{"start":1735692033581,"stop":1735692076334,"duration":42753}},{"uid":"4349209087f79117","reportUrl":"https://status-im.github.io/status-cli-tests/321//#testresult/4349209087f79117","status":"failed","statusDetails":"AssertionError: Response does not contain 'result' key.","time":{"start":1735605547801,"stop":1735605586339,"duration":38538}},{"uid":"c537963881a2bcab","reportUrl":"https://status-im.github.io/status-cli-tests/320//#testresult/c537963881a2bcab","status":"failed","statusDetails":"AssertionError: Response does not contain 'result' key.","time":{"start":1735519190162,"stop":1735519228629,"duration":38467}},{"uid":"e1612edffd379ba0","reportUrl":"https://status-im.github.io/status-cli-tests/319//#testresult/e1612edffd379ba0","status":"failed","statusDetails":"AssertionError: Response does not contain 'result' key.","time":{"start":1735432816586,"stop":1735432868102,"duration":51516}},{"uid":"35485a155c3d6fed","reportUrl":"https://status-im.github.io/status-cli-tests/318//#testresult/35485a155c3d6fed","status":"failed","statusDetails":"AssertionError: Response does not contain 'result' key.","time":{"start":1735346423247,"stop":1735346487122,"duration":63875}},{"uid":"d3b6686e59a1e821","reportUrl":"https://status-im.github.io/status-cli-tests/317//#testresult/d3b6686e59a1e821","status":"failed","statusDetails":"AssertionError: Response does not contain 'result' key.","time":{"start":1735260111260,"stop":1735260179524,"duration":68264}},{"uid":"abf28ce099d0fc35","reportUrl":"https://status-im.github.io/status-cli-tests/316//#testresult/abf28ce099d0fc35","status":"failed","statusDetails":"AssertionError: Response does not contain 'result' key.","time":{"start":1735173550568,"stop":1735173610565,"duration":59997}},{"uid":"3d42da68c15b5a57","reportUrl":"https://status-im.github.io/status-cli-tests/315//#testresult/3d42da68c15b5a57","status":"failed","statusDetails":"AssertionError: Response does not contain 'result' key.","time":{"start":1735087300924,"stop":1735087369409,"duration":68485}},{"uid":"7ad9ffcc827cfb76","reportUrl":"https://status-im.github.io/status-cli-tests/314//#testresult/7ad9ffcc827cfb76","status":"failed","statusDetails":"AssertionError: Response does not contain 'result' key.","time":{"start":1735000772395,"stop":1735000828109,"duration":55714}},{"uid":"335579b28355fdec","reportUrl":"https://status-im.github.io/status-cli-tests/313//#testresult/335579b28355fdec","status":"failed","statusDetails":"AssertionError: Response does not contain 'result' key.","time":{"start":1734914421248,"stop":1734914487542,"duration":66294}},{"uid":"f3c88d3857367251","reportUrl":"https://status-im.github.io/status-cli-tests/312//#testresult/f3c88d3857367251","status":"failed","statusDetails":"AssertionError: Response does not contain 'result' key.","time":{"start":1734828028312,"stop":1734828086663,"duration":58351}},{"uid":"8e5a82ace569397d","reportUrl":"https://status-im.github.io/status-cli-tests/311//#testresult/8e5a82ace569397d","status":"failed","statusDetails":"AssertionError: Response does not contain 'result' key.","time":{"start":1734741527840,"stop":1734741577284,"duration":49444}},{"uid":"c4975601890f66a4","reportUrl":"https://status-im.github.io/status-cli-tests/310//#testresult/c4975601890f66a4","status":"failed","statusDetails":"AssertionError: Response does not contain 'result' key.","time":{"start":1734655100624,"stop":1734655162043,"duration":61419}},{"uid":"4e8040f863d88d","reportUrl":"https://status-im.github.io/status-cli-tests/309//#testresult/4e8040f863d88d","status":"failed","statusDetails":"AssertionError: Response does not contain 'result' key.","time":{"start":1734568691691,"stop":1734568746211,"duration":54520}},{"uid":"739e1c162e10d22e","reportUrl":"https://status-im.github.io/status-cli-tests/308//#testresult/739e1c162e10d22e","status":"failed","statusDetails":"AssertionError: Response does not contain 'result' key.","time":{"start":1734482502083,"stop":1734482561781,"duration":59698}},{"uid":"e5eba591593ae2a6","reportUrl":"https://status-im.github.io/status-cli-tests/307//#testresult/e5eba591593ae2a6","status":"failed","statusDetails":"AssertionError: Response does not contain 'result' key.","time":{"start":1734396011318,"stop":1734396057844,"duration":46526}}]},"tags":["@pytest.mark.usefixtures('start_1_node')"]},"source":"103261929b1eaff2.json","parameterValues":[]}