{"uid":"1af0a8ecff60a083","name":"test_community_messages_baseline","fullName":"tests.test_community_messages.TestCommunityMessages#test_community_messages_baseline","historyId":"f81ba855c3f5610f48a9dff9cb031738","time":{"start":1736122681108,"stop":1736122712425,"duration":31317},"status":"failed","statusMessage":"AssertionError: Response does not contain 'result' key.","statusTrace":"tests/test_community_messages.py:30: in test_community_messages_baseline\n    timestamp, message_id = self.send_with_timestamp(sending_node.send_community_chat_message, message_chat_id, message)\nsrc/steps/common.py:79: in send_with_timestamp\n    response = send_method(id, message)\nsrc/node/status_node.py:205: in send_community_chat_message\n    return self.api.send_rpc_request(\"wakuext_sendChatMessage\", params)\n/opt/hostedtoolcache/Python/3.12.8/x64/lib/python3.12/site-packages/tenacity/__init__.py:289: in wrapped_f\n    return self(f, *args, **kw)\n/opt/hostedtoolcache/Python/3.12.8/x64/lib/python3.12/site-packages/tenacity/__init__.py:379: in __call__\n    do = self.iter(retry_state=retry_state)\n/opt/hostedtoolcache/Python/3.12.8/x64/lib/python3.12/site-packages/tenacity/__init__.py:325: in iter\n    raise retry_exc.reraise()\n/opt/hostedtoolcache/Python/3.12.8/x64/lib/python3.12/site-packages/tenacity/__init__.py:158: in reraise\n    raise self.last_attempt.result()\n/opt/hostedtoolcache/Python/3.12.8/x64/lib/python3.12/concurrent/futures/_base.py:449: in result\n    return self.__get_result()\n/opt/hostedtoolcache/Python/3.12.8/x64/lib/python3.12/concurrent/futures/_base.py:401: in __get_result\n    raise self._exception\n/opt/hostedtoolcache/Python/3.12.8/x64/lib/python3.12/site-packages/tenacity/__init__.py:382: in __call__\n    result = fn(*args, **kwargs)\nsrc/node/rpc_client.py:27: in send_rpc_request\n    assert \"result\" in response.json(), \"Response does not contain 'result' key.\"\nE   AssertionError: Response does not contain 'result' key.","flaky":false,"newFailed":false,"newBroken":false,"newPassed":false,"retriesCount":2,"retriesStatusChange":false,"beforeStages":[{"name":"set_allure_env_variables","time":{"start":1736122616099,"stop":1736122616099,"duration":0},"status":"passed","steps":[],"attachments":[],"parameters":[],"shouldDisplayMessage":false,"stepsCount":0,"attachmentsCount":0,"hasContent":false,"attachmentStep":false},{"name":"clear_open_nodes","time":{"start":1736122673299,"stop":1736122673299,"duration":0},"status":"passed","steps":[],"attachments":[],"parameters":[],"shouldDisplayMessage":false,"stepsCount":0,"attachmentsCount":0,"hasContent":false,"attachmentStep":false},{"name":"start_1_node","time":{"start":1736122673299,"stop":1736122681108,"duration":7809},"status":"passed","steps":[],"attachments":[],"parameters":[],"shouldDisplayMessage":false,"stepsCount":0,"attachmentsCount":0,"hasContent":false,"attachmentStep":false},{"name":"save_node_logs_on_fail","time":{"start":1736122673299,"stop":1736122673299,"duration":0},"status":"passed","steps":[],"attachments":[],"parameters":[],"shouldDisplayMessage":false,"stepsCount":0,"attachmentsCount":0,"hasContent":false,"attachmentStep":false}],"testStage":{"status":"failed","statusMessage":"AssertionError: Response does not contain 'result' key.","statusTrace":"tests/test_community_messages.py:30: in test_community_messages_baseline\n    timestamp, message_id = self.send_with_timestamp(sending_node.send_community_chat_message, message_chat_id, message)\nsrc/steps/common.py:79: in send_with_timestamp\n    response = send_method(id, message)\nsrc/node/status_node.py:205: in send_community_chat_message\n    return self.api.send_rpc_request(\"wakuext_sendChatMessage\", params)\n/opt/hostedtoolcache/Python/3.12.8/x64/lib/python3.12/site-packages/tenacity/__init__.py:289: in wrapped_f\n    return self(f, *args, **kw)\n/opt/hostedtoolcache/Python/3.12.8/x64/lib/python3.12/site-packages/tenacity/__init__.py:379: in __call__\n    do = self.iter(retry_state=retry_state)\n/opt/hostedtoolcache/Python/3.12.8/x64/lib/python3.12/site-packages/tenacity/__init__.py:325: in iter\n    raise retry_exc.reraise()\n/opt/hostedtoolcache/Python/3.12.8/x64/lib/python3.12/site-packages/tenacity/__init__.py:158: in reraise\n    raise self.last_attempt.result()\n/opt/hostedtoolcache/Python/3.12.8/x64/lib/python3.12/concurrent/futures/_base.py:449: in result\n    return self.__get_result()\n/opt/hostedtoolcache/Python/3.12.8/x64/lib/python3.12/concurrent/futures/_base.py:401: in __get_result\n    raise self._exception\n/opt/hostedtoolcache/Python/3.12.8/x64/lib/python3.12/site-packages/tenacity/__init__.py:382: in __call__\n    result = fn(*args, **kwargs)\nsrc/node/rpc_client.py:27: in send_rpc_request\n    assert \"result\" in response.json(), \"Response does not contain 'result' key.\"\nE   AssertionError: Response does not contain 'result' key.","steps":[],"attachments":[{"uid":"ed8db0ca124d33ca","name":"log","source":"ed8db0ca124d33ca.txt","type":"text/plain","size":381369}],"parameters":[],"shouldDisplayMessage":true,"stepsCount":0,"attachmentsCount":1,"hasContent":true,"attachmentStep":false},"afterStages":[{"name":"save_node_logs_on_fail::0","time":{"start":1736122712464,"stop":1736122712464,"duration":0},"status":"passed","steps":[],"attachments":[],"parameters":[],"shouldDisplayMessage":false,"stepsCount":0,"attachmentsCount":0,"hasContent":false,"attachmentStep":false},{"name":"clear_open_nodes::0","time":{"start":1736122712465,"stop":1736122712485,"duration":20},"status":"passed","steps":[],"attachments":[],"parameters":[],"shouldDisplayMessage":false,"stepsCount":0,"attachmentsCount":0,"hasContent":false,"attachmentStep":false},{"name":"set_allure_env_variables::0","time":{"start":1736124588916,"stop":1736124588916,"duration":0},"status":"passed","steps":[],"attachments":[],"parameters":[],"shouldDisplayMessage":false,"stepsCount":0,"attachmentsCount":0,"hasContent":false,"attachmentStep":false}],"labels":[{"name":"tag","value":"flaky(reruns=2)"},{"name":"tag","value":"@pytest.mark.usefixtures('start_1_node')"},{"name":"parentSuite","value":"tests"},{"name":"suite","value":"test_community_messages"},{"name":"subSuite","value":"TestCommunityMessages"},{"name":"host","value":"fv-az1680-128"},{"name":"thread","value":"60552-MainThread"},{"name":"framework","value":"pytest"},{"name":"language","value":"cpython3"},{"name":"package","value":"tests.test_community_messages"},{"name":"resultFormat","value":"allure2"}],"parameters":[],"links":[],"hidden":false,"retry":false,"extra":{"severity":"normal","retries":[{"uid":"5e5a47117107c39f","status":"failed","statusDetails":"AssertionError: Response does not contain 'result' key.","time":{"start":1736122652637,"stop":1736122673218,"duration":20581}},{"uid":"2f6f1aba873d1ea2","status":"failed","statusDetails":"AssertionError: Response does not contain 'result' key.","time":{"start":1736122624410,"stop":1736122644731,"duration":20321}}],"categories":[{"name":"Product defects","matchedStatuses":[],"flaky":false}],"history":{"statistic":{"failed":65,"broken":15,"skipped":0,"passed":9,"unknown":0,"total":89},"items":[{"uid":"f3f25671e488b5d1","reportUrl":"https://status-im.github.io/status-cli-tests/326//#testresult/f3f25671e488b5d1","status":"failed","statusDetails":"AssertionError: Response does not contain 'result' key.","time":{"start":1736036299004,"stop":1736036330397,"duration":31393}},{"uid":"863a133e1edd14b7","reportUrl":"https://status-im.github.io/status-cli-tests/325//#testresult/863a133e1edd14b7","status":"failed","statusDetails":"AssertionError: Response does not contain 'result' key.","time":{"start":1735949835118,"stop":1735949866451,"duration":31333}},{"uid":"618b554ad99c64ab","reportUrl":"https://status-im.github.io/status-cli-tests/324//#testresult/618b554ad99c64ab","status":"failed","statusDetails":"AssertionError: Response does not contain 'result' key.","time":{"start":1735863446554,"stop":1735863477976,"duration":31422}},{"uid":"dcaf3c3cfa772907","reportUrl":"https://status-im.github.io/status-cli-tests/323//#testresult/dcaf3c3cfa772907","status":"failed","statusDetails":"AssertionError: Response does not contain 'result' key.","time":{"start":1735777045378,"stop":1735777065678,"duration":20300}},{"uid":"fb85581832b433ee","reportUrl":"https://status-im.github.io/status-cli-tests/322//#testresult/fb85581832b433ee","status":"failed","statusDetails":"AssertionError: Response does not contain 'result' key.","time":{"start":1735690710274,"stop":1735690741670,"duration":31396}},{"uid":"6319f49599557fc9","reportUrl":"https://status-im.github.io/status-cli-tests/321//#testresult/6319f49599557fc9","status":"failed","statusDetails":"AssertionError: Response does not contain 'result' key.","time":{"start":1735604230670,"stop":1735604262059,"duration":31389}},{"uid":"6d8f1ad747106c3e","reportUrl":"https://status-im.github.io/status-cli-tests/320//#testresult/6d8f1ad747106c3e","status":"failed","statusDetails":"AssertionError: Response does not contain 'result' key.","time":{"start":1735517889582,"stop":1735517920946,"duration":31364}},{"uid":"61382e6c486389e3","reportUrl":"https://status-im.github.io/status-cli-tests/319//#testresult/61382e6c486389e3","status":"failed","statusDetails":"AssertionError: Response does not contain 'result' key.","time":{"start":1735431507791,"stop":1735431528204,"duration":20413}},{"uid":"f6dc19c1f8216843","reportUrl":"https://status-im.github.io/status-cli-tests/318//#testresult/f6dc19c1f8216843","status":"passed","time":{"start":1735344976150,"stop":1735345035389,"duration":59239}},{"uid":"545d852afcb350c2","reportUrl":"https://status-im.github.io/status-cli-tests/317//#testresult/545d852afcb350c2","status":"failed","statusDetails":"AssertionError: Response does not contain 'result' key.","time":{"start":1735258632534,"stop":1735258653772,"duration":21238}},{"uid":"2dbf33111745f9b1","reportUrl":"https://status-im.github.io/status-cli-tests/316//#testresult/2dbf33111745f9b1","status":"failed","statusDetails":"AssertionError: Response does not contain 'result' key.","time":{"start":1735172238632,"stop":1735172260322,"duration":21690}},{"uid":"b4d0bfde33dd86cc","reportUrl":"https://status-im.github.io/status-cli-tests/315//#testresult/b4d0bfde33dd86cc","status":"failed","statusDetails":"AssertionError: Response does not contain 'result' key.","time":{"start":1735085834481,"stop":1735085857084,"duration":22603}},{"uid":"db3f51ee762bc709","reportUrl":"https://status-im.github.io/status-cli-tests/314//#testresult/db3f51ee762bc709","status":"failed","statusDetails":"AssertionError: Response does not contain 'result' key.","time":{"start":1734999444517,"stop":1734999465364,"duration":20847}},{"uid":"b40fd7a2fc7d34c2","reportUrl":"https://status-im.github.io/status-cli-tests/313//#testresult/b40fd7a2fc7d34c2","status":"failed","statusDetails":"AssertionError: Response does not contain 'result' key.","time":{"start":1734913067475,"stop":1734913088481,"duration":21006}},{"uid":"a664c3114a92b1d4","reportUrl":"https://status-im.github.io/status-cli-tests/312//#testresult/a664c3114a92b1d4","status":"failed","statusDetails":"AssertionError: Response does not contain 'result' key.","time":{"start":1734826689214,"stop":1734826710017,"duration":20803}},{"uid":"490d62598b59d628","reportUrl":"https://status-im.github.io/status-cli-tests/311//#testresult/490d62598b59d628","status":"failed","statusDetails":"AssertionError: Response does not contain 'result' key.","time":{"start":1734740220361,"stop":1734740240799,"duration":20438}},{"uid":"f0e30b07d6fd0ce5","reportUrl":"https://status-im.github.io/status-cli-tests/310//#testresult/f0e30b07d6fd0ce5","status":"failed","statusDetails":"AssertionError: Response does not contain 'result' key.","time":{"start":1734653867622,"stop":1734653888036,"duration":20414}},{"uid":"6e73f7d9b9730884","reportUrl":"https://status-im.github.io/status-cli-tests/309//#testresult/6e73f7d9b9730884","status":"failed","statusDetails":"AssertionError: Response does not contain 'result' key.","time":{"start":1734567482790,"stop":1734567503352,"duration":20562}},{"uid":"b09f23ac562411ce","reportUrl":"https://status-im.github.io/status-cli-tests/308//#testresult/b09f23ac562411ce","status":"failed","statusDetails":"AssertionError: Response does not contain 'result' key.","time":{"start":1734481068012,"stop":1734481099685,"duration":31673}},{"uid":"c073a1533c0962d","reportUrl":"https://status-im.github.io/status-cli-tests/307//#testresult/c073a1533c0962d","status":"failed","statusDetails":"AssertionError: Response does not contain 'result' key.","time":{"start":1734394683156,"stop":1734394704085,"duration":20929}}]},"tags":["@pytest.mark.usefixtures('start_1_node')","flaky(reruns=2)"]},"source":"1af0a8ecff60a083.json","parameterValues":[]}