{"uid":"a3fe8b85657c1d7d","name":"test_community_messages_with_node_pause_30_seconds","fullName":"tests.test_community_messages.TestCommunityMessages#test_community_messages_with_node_pause_30_seconds","historyId":"6b2d6dc00da0a51e504a132375754954","time":{"start":1736122871984,"stop":1736122892447,"duration":20463},"status":"failed","statusMessage":"AssertionError: Response does not contain 'result' key.","statusTrace":"tests/test_community_messages.py:85: in test_community_messages_with_node_pause_30_seconds\n    self.join_created_communities()\nsrc/steps/common.py:186: in join_created_communities\n    response = community_node.accept_request_to_join_community(request_to_join_id)\nsrc/node/status_node.py:201: in accept_request_to_join_community\n    return self.api.send_rpc_request(\"wakuext_acceptRequestToJoinCommunity\", params)\n/opt/hostedtoolcache/Python/3.12.8/x64/lib/python3.12/site-packages/tenacity/__init__.py:289: in wrapped_f\n    return self(f, *args, **kw)\n/opt/hostedtoolcache/Python/3.12.8/x64/lib/python3.12/site-packages/tenacity/__init__.py:379: in __call__\n    do = self.iter(retry_state=retry_state)\n/opt/hostedtoolcache/Python/3.12.8/x64/lib/python3.12/site-packages/tenacity/__init__.py:325: in iter\n    raise retry_exc.reraise()\n/opt/hostedtoolcache/Python/3.12.8/x64/lib/python3.12/site-packages/tenacity/__init__.py:158: in reraise\n    raise self.last_attempt.result()\n/opt/hostedtoolcache/Python/3.12.8/x64/lib/python3.12/concurrent/futures/_base.py:449: in result\n    return self.__get_result()\n/opt/hostedtoolcache/Python/3.12.8/x64/lib/python3.12/concurrent/futures/_base.py:401: in __get_result\n    raise self._exception\n/opt/hostedtoolcache/Python/3.12.8/x64/lib/python3.12/site-packages/tenacity/__init__.py:382: in __call__\n    result = fn(*args, **kwargs)\nsrc/node/rpc_client.py:27: in send_rpc_request\n    assert \"result\" in response.json(), \"Response does not contain 'result' key.\"\nE   AssertionError: Response does not contain 'result' key.","flaky":false,"newFailed":false,"newBroken":false,"newPassed":false,"retriesCount":2,"retriesStatusChange":false,"beforeStages":[{"name":"set_allure_env_variables","time":{"start":1736122616099,"stop":1736122616099,"duration":0},"status":"passed","steps":[],"attachments":[],"parameters":[],"shouldDisplayMessage":false,"stepsCount":0,"attachmentsCount":0,"hasContent":false,"attachmentStep":false},{"name":"save_node_logs_on_fail","time":{"start":1736122864175,"stop":1736122864175,"duration":0},"status":"passed","steps":[],"attachments":[],"parameters":[],"shouldDisplayMessage":false,"stepsCount":0,"attachmentsCount":0,"hasContent":false,"attachmentStep":false},{"name":"clear_open_nodes","time":{"start":1736122864175,"stop":1736122864175,"duration":0},"status":"passed","steps":[],"attachments":[],"parameters":[],"shouldDisplayMessage":false,"stepsCount":0,"attachmentsCount":0,"hasContent":false,"attachmentStep":false},{"name":"start_1_node","time":{"start":1736122864175,"stop":1736122871984,"duration":7809},"status":"passed","steps":[],"attachments":[],"parameters":[],"shouldDisplayMessage":false,"stepsCount":0,"attachmentsCount":0,"hasContent":false,"attachmentStep":false}],"testStage":{"status":"failed","statusMessage":"AssertionError: Response does not contain 'result' key.","statusTrace":"tests/test_community_messages.py:85: in test_community_messages_with_node_pause_30_seconds\n    self.join_created_communities()\nsrc/steps/common.py:186: in join_created_communities\n    response = community_node.accept_request_to_join_community(request_to_join_id)\nsrc/node/status_node.py:201: in accept_request_to_join_community\n    return self.api.send_rpc_request(\"wakuext_acceptRequestToJoinCommunity\", params)\n/opt/hostedtoolcache/Python/3.12.8/x64/lib/python3.12/site-packages/tenacity/__init__.py:289: in wrapped_f\n    return self(f, *args, **kw)\n/opt/hostedtoolcache/Python/3.12.8/x64/lib/python3.12/site-packages/tenacity/__init__.py:379: in __call__\n    do = self.iter(retry_state=retry_state)\n/opt/hostedtoolcache/Python/3.12.8/x64/lib/python3.12/site-packages/tenacity/__init__.py:325: in iter\n    raise retry_exc.reraise()\n/opt/hostedtoolcache/Python/3.12.8/x64/lib/python3.12/site-packages/tenacity/__init__.py:158: in reraise\n    raise self.last_attempt.result()\n/opt/hostedtoolcache/Python/3.12.8/x64/lib/python3.12/concurrent/futures/_base.py:449: in result\n    return self.__get_result()\n/opt/hostedtoolcache/Python/3.12.8/x64/lib/python3.12/concurrent/futures/_base.py:401: in __get_result\n    raise self._exception\n/opt/hostedtoolcache/Python/3.12.8/x64/lib/python3.12/site-packages/tenacity/__init__.py:382: in __call__\n    result = fn(*args, **kwargs)\nsrc/node/rpc_client.py:27: in send_rpc_request\n    assert \"result\" in response.json(), \"Response does not contain 'result' key.\"\nE   AssertionError: Response does not contain 'result' key.","steps":[],"attachments":[{"uid":"3d3a32c480d0a5b","name":"log","source":"3d3a32c480d0a5b.txt","type":"text/plain","size":377114}],"parameters":[],"shouldDisplayMessage":true,"stepsCount":0,"attachmentsCount":1,"hasContent":true,"attachmentStep":false},"afterStages":[{"name":"save_node_logs_on_fail::0","time":{"start":1736122892486,"stop":1736122892486,"duration":0},"status":"passed","steps":[],"attachments":[],"parameters":[],"shouldDisplayMessage":false,"stepsCount":0,"attachmentsCount":0,"hasContent":false,"attachmentStep":false},{"name":"clear_open_nodes::0","time":{"start":1736122892487,"stop":1736122892510,"duration":23},"status":"passed","steps":[],"attachments":[],"parameters":[],"shouldDisplayMessage":false,"stepsCount":0,"attachmentsCount":0,"hasContent":false,"attachmentStep":false},{"name":"set_allure_env_variables::0","time":{"start":1736124588916,"stop":1736124588916,"duration":0},"status":"passed","steps":[],"attachments":[],"parameters":[],"shouldDisplayMessage":false,"stepsCount":0,"attachmentsCount":0,"hasContent":false,"attachmentStep":false}],"labels":[{"name":"tag","value":"flaky(reruns=2)"},{"name":"tag","value":"@pytest.mark.usefixtures('start_1_node')"},{"name":"parentSuite","value":"tests"},{"name":"suite","value":"test_community_messages"},{"name":"subSuite","value":"TestCommunityMessages"},{"name":"host","value":"fv-az1680-128"},{"name":"thread","value":"60552-MainThread"},{"name":"framework","value":"pytest"},{"name":"language","value":"cpython3"},{"name":"package","value":"tests.test_community_messages"},{"name":"resultFormat","value":"allure2"}],"parameters":[],"links":[],"hidden":false,"retry":false,"extra":{"severity":"normal","retries":[{"uid":"bcdc8265ed1093b3","status":"failed","statusDetails":"AssertionError: Response does not contain 'result' key.","time":{"start":1736122843623,"stop":1736122864110,"duration":20487}},{"uid":"f3230e36a7b0e3ab","status":"failed","statusDetails":"AssertionError: Response does not contain 'result' key.","time":{"start":1736122815302,"stop":1736122835751,"duration":20449}}],"categories":[{"name":"Product defects","matchedStatuses":[],"flaky":false}],"history":{"statistic":{"failed":69,"broken":6,"skipped":0,"passed":14,"unknown":0,"total":89},"items":[{"uid":"e9f59a485bf55e75","reportUrl":"https://status-im.github.io/status-cli-tests/326//#testresult/e9f59a485bf55e75","status":"failed","statusDetails":"AssertionError: Response does not contain 'result' key.","time":{"start":1736036513677,"stop":1736036534103,"duration":20426}},{"uid":"1bf9f14f8eac01e","reportUrl":"https://status-im.github.io/status-cli-tests/325//#testresult/1bf9f14f8eac01e","status":"failed","statusDetails":"AssertionError: Response does not contain 'result' key.","time":{"start":1735950026160,"stop":1735950046478,"duration":20318}},{"uid":"b79e1779a2da1c53","reportUrl":"https://status-im.github.io/status-cli-tests/324//#testresult/b79e1779a2da1c53","status":"failed","statusDetails":"AssertionError: Response does not contain 'result' key.","time":{"start":1735863647883,"stop":1735863676477,"duration":28594}},{"uid":"ec55eae51a3fdb92","reportUrl":"https://status-im.github.io/status-cli-tests/323//#testresult/ec55eae51a3fdb92","status":"failed","statusDetails":"AssertionError: Response does not contain 'result' key.","time":{"start":1735777225080,"stop":1735777245391,"duration":20311}},{"uid":"f00f965ea09b4917","reportUrl":"https://status-im.github.io/status-cli-tests/322//#testresult/f00f965ea09b4917","status":"failed","statusDetails":"AssertionError: Response does not contain 'result' key.","time":{"start":1735690904891,"stop":1735690925204,"duration":20313}},{"uid":"a049cd88c928b9dd","reportUrl":"https://status-im.github.io/status-cli-tests/321//#testresult/a049cd88c928b9dd","status":"failed","statusDetails":"AssertionError: Response does not contain 'result' key.","time":{"start":1735604450988,"stop":1735604471350,"duration":20362}},{"uid":"56a468ac3a8eeddf","reportUrl":"https://status-im.github.io/status-cli-tests/320//#testresult/56a468ac3a8eeddf","status":"failed","statusDetails":"AssertionError: Response does not contain 'result' key.","time":{"start":1735518100381,"stop":1735518120693,"duration":20312}},{"uid":"79ad92bbeeb89c9b","reportUrl":"https://status-im.github.io/status-cli-tests/319//#testresult/79ad92bbeeb89c9b","status":"failed","statusDetails":"AssertionError: Response does not contain 'result' key.","time":{"start":1735431677826,"stop":1735431708490,"duration":30664}},{"uid":"1cd42ee0ed16d8ad","reportUrl":"https://status-im.github.io/status-cli-tests/318//#testresult/1cd42ee0ed16d8ad","status":"failed","statusDetails":"AssertionError: Response does not contain 'result' key.","time":{"start":1735345215416,"stop":1735345245707,"duration":30291}},{"uid":"a5cdfac939aa5783","reportUrl":"https://status-im.github.io/status-cli-tests/317//#testresult/a5cdfac939aa5783","status":"failed","statusDetails":"AssertionError: Response does not contain 'result' key.","time":{"start":1735258809381,"stop":1735258830612,"duration":21231}},{"uid":"3bf5aef36e6c1304","reportUrl":"https://status-im.github.io/status-cli-tests/316//#testresult/3bf5aef36e6c1304","status":"failed","statusDetails":"AssertionError: Response does not contain 'result' key.","time":{"start":1735172413886,"stop":1735172435536,"duration":21650}},{"uid":"23df8e562976c941","reportUrl":"https://status-im.github.io/status-cli-tests/315//#testresult/23df8e562976c941","status":"failed","statusDetails":"AssertionError: Response does not contain 'result' key.","time":{"start":1735086020947,"stop":1735086042817,"duration":21870}},{"uid":"df08e11a0dba5226","reportUrl":"https://status-im.github.io/status-cli-tests/314//#testresult/df08e11a0dba5226","status":"failed","statusDetails":"AssertionError: Response does not contain 'result' key.","time":{"start":1734999617405,"stop":1734999638633,"duration":21228}},{"uid":"fe151490227eac7f","reportUrl":"https://status-im.github.io/status-cli-tests/313//#testresult/fe151490227eac7f","status":"failed","statusDetails":"AssertionError: Response does not contain 'result' key.","time":{"start":1734913240831,"stop":1734913261824,"duration":20993}},{"uid":"181d5f66d9949a5e","reportUrl":"https://status-im.github.io/status-cli-tests/312//#testresult/181d5f66d9949a5e","status":"failed","statusDetails":"AssertionError: Response does not contain 'result' key.","time":{"start":1734826871726,"stop":1734826892287,"duration":20561}},{"uid":"cd7583920eee780e","reportUrl":"https://status-im.github.io/status-cli-tests/311//#testresult/cd7583920eee780e","status":"failed","statusDetails":"AssertionError: Response does not contain 'result' key.","time":{"start":1734740401611,"stop":1734740422007,"duration":20396}},{"uid":"bb26db28bc78dccd","reportUrl":"https://status-im.github.io/status-cli-tests/310//#testresult/bb26db28bc78dccd","status":"failed","statusDetails":"AssertionError: Response does not contain 'result' key.","time":{"start":1734654057637,"stop":1734654088341,"duration":30704}},{"uid":"3d58cc9ecb0dc2dc","reportUrl":"https://status-im.github.io/status-cli-tests/309//#testresult/3d58cc9ecb0dc2dc","status":"passed","time":{"start":1734567616167,"stop":1734567642736,"duration":26569}},{"uid":"cdfc6ffcc6fd0d8d","reportUrl":"https://status-im.github.io/status-cli-tests/308//#testresult/cdfc6ffcc6fd0d8d","status":"failed","statusDetails":"AssertionError: Response does not contain 'result' key.","time":{"start":1734481289102,"stop":1734481319425,"duration":30323}},{"uid":"fdd2bae495b8aac5","reportUrl":"https://status-im.github.io/status-cli-tests/307//#testresult/fdd2bae495b8aac5","status":"passed","time":{"start":1734394816551,"stop":1734394842062,"duration":25511}}]},"tags":["@pytest.mark.usefixtures('start_1_node')","flaky(reruns=2)"]},"source":"a3fe8b85657c1d7d.json","parameterValues":[]}