{"uid":"cc662832e96445e3","name":"test_join_community_with_latency","fullName":"tests.test_join_community.TestJoinCommunity#test_join_community_with_latency","historyId":"c03b8c5d33abbf92b5cd45f8a8de165b","time":{"start":1727569997737,"stop":1727570066226,"duration":68489},"status":"failed","statusMessage":"AssertionError: Response does not contain 'result' key.","statusTrace":"tests/test_join_community.py:55: in test_join_community_with_latency\n    self.test_join_community_baseline()\ntests/test_join_community.py:33: in test_join_community_baseline\n    response_accept_to_join = status_node.accept_request_to_join_community(request_to_join_id)\nsrc/node/status_node.py:184: in accept_request_to_join_community\n    return self.api.send_rpc_request(\"wakuext_acceptRequestToJoinCommunity\", params)\n/opt/hostedtoolcache/Python/3.12.6/x64/lib/python3.12/site-packages/tenacity/__init__.py:289: in wrapped_f\n    return self(f, *args, **kw)\n/opt/hostedtoolcache/Python/3.12.6/x64/lib/python3.12/site-packages/tenacity/__init__.py:379: in __call__\n    do = self.iter(retry_state=retry_state)\n/opt/hostedtoolcache/Python/3.12.6/x64/lib/python3.12/site-packages/tenacity/__init__.py:325: in iter\n    raise retry_exc.reraise()\n/opt/hostedtoolcache/Python/3.12.6/x64/lib/python3.12/site-packages/tenacity/__init__.py:158: in reraise\n    raise self.last_attempt.result()\n/opt/hostedtoolcache/Python/3.12.6/x64/lib/python3.12/concurrent/futures/_base.py:449: in result\n    return self.__get_result()\n/opt/hostedtoolcache/Python/3.12.6/x64/lib/python3.12/concurrent/futures/_base.py:401: in __get_result\n    raise self._exception\n/opt/hostedtoolcache/Python/3.12.6/x64/lib/python3.12/site-packages/tenacity/__init__.py:382: in __call__\n    result = fn(*args, **kwargs)\nsrc/node/rpc_client.py:27: in send_rpc_request\n    assert \"result\" in response.json(), \"Response does not contain 'result' key.\"\nE   AssertionError: Response does not contain 'result' key.","flaky":false,"newFailed":false,"newBroken":false,"newPassed":false,"retriesCount":0,"retriesStatusChange":false,"beforeStages":[{"name":"set_allure_env_variables","time":{"start":1727568761805,"stop":1727568761805,"duration":0},"status":"passed","steps":[],"attachments":[],"parameters":[],"shouldDisplayMessage":false,"hasContent":false,"attachmentStep":false,"stepsCount":0,"attachmentsCount":0},{"name":"save_node_logs_on_fail","time":{"start":1727569989925,"stop":1727569989925,"duration":0},"status":"passed","steps":[],"attachments":[],"parameters":[],"shouldDisplayMessage":false,"hasContent":false,"attachmentStep":false,"stepsCount":0,"attachmentsCount":0},{"name":"clear_open_nodes","time":{"start":1727569989925,"stop":1727569989925,"duration":0},"status":"passed","steps":[],"attachments":[],"parameters":[],"shouldDisplayMessage":false,"hasContent":false,"attachmentStep":false,"stepsCount":0,"attachmentsCount":0},{"name":"start_1_node","time":{"start":1727569989925,"stop":1727569997736,"duration":7811},"status":"passed","steps":[],"attachments":[],"parameters":[],"shouldDisplayMessage":false,"hasContent":false,"attachmentStep":false,"stepsCount":0,"attachmentsCount":0}],"testStage":{"status":"failed","statusMessage":"AssertionError: Response does not contain 'result' key.","statusTrace":"tests/test_join_community.py:55: in test_join_community_with_latency\n    self.test_join_community_baseline()\ntests/test_join_community.py:33: in test_join_community_baseline\n    response_accept_to_join = status_node.accept_request_to_join_community(request_to_join_id)\nsrc/node/status_node.py:184: in accept_request_to_join_community\n    return self.api.send_rpc_request(\"wakuext_acceptRequestToJoinCommunity\", params)\n/opt/hostedtoolcache/Python/3.12.6/x64/lib/python3.12/site-packages/tenacity/__init__.py:289: in wrapped_f\n    return self(f, *args, **kw)\n/opt/hostedtoolcache/Python/3.12.6/x64/lib/python3.12/site-packages/tenacity/__init__.py:379: in __call__\n    do = self.iter(retry_state=retry_state)\n/opt/hostedtoolcache/Python/3.12.6/x64/lib/python3.12/site-packages/tenacity/__init__.py:325: in iter\n    raise retry_exc.reraise()\n/opt/hostedtoolcache/Python/3.12.6/x64/lib/python3.12/site-packages/tenacity/__init__.py:158: in reraise\n    raise self.last_attempt.result()\n/opt/hostedtoolcache/Python/3.12.6/x64/lib/python3.12/concurrent/futures/_base.py:449: in result\n    return self.__get_result()\n/opt/hostedtoolcache/Python/3.12.6/x64/lib/python3.12/concurrent/futures/_base.py:401: in __get_result\n    raise self._exception\n/opt/hostedtoolcache/Python/3.12.6/x64/lib/python3.12/site-packages/tenacity/__init__.py:382: in __call__\n    result = fn(*args, **kwargs)\nsrc/node/rpc_client.py:27: in send_rpc_request\n    assert \"result\" in response.json(), \"Response does not contain 'result' key.\"\nE   AssertionError: Response does not contain 'result' key.","steps":[],"attachments":[{"uid":"29d02f9ba6e58e6a","name":"log","source":"29d02f9ba6e58e6a.txt","type":"text/plain","size":146529}],"parameters":[],"shouldDisplayMessage":true,"hasContent":true,"attachmentStep":false,"stepsCount":0,"attachmentsCount":1},"afterStages":[{"name":"save_node_logs_on_fail::0","time":{"start":1727570066276,"stop":1727570066278,"duration":2},"status":"passed","steps":[],"attachments":[],"parameters":[],"shouldDisplayMessage":false,"hasContent":false,"attachmentStep":false,"stepsCount":0,"attachmentsCount":0},{"name":"clear_open_nodes::0","time":{"start":1727570066279,"stop":1727570066401,"duration":122},"status":"passed","steps":[],"attachments":[],"parameters":[],"shouldDisplayMessage":false,"hasContent":false,"attachmentStep":false,"stepsCount":0,"attachmentsCount":0},{"name":"set_allure_env_variables::0","time":{"start":1727571126673,"stop":1727571126674,"duration":1},"status":"passed","steps":[],"attachments":[],"parameters":[],"shouldDisplayMessage":false,"hasContent":false,"attachmentStep":false,"stepsCount":0,"attachmentsCount":0}],"labels":[{"name":"tag","value":"@pytest.mark.usefixtures('start_1_node')"},{"name":"parentSuite","value":"tests"},{"name":"suite","value":"test_join_community"},{"name":"subSuite","value":"TestJoinCommunity"},{"name":"host","value":"fv-az568-860"},{"name":"thread","value":"10062-MainThread"},{"name":"framework","value":"pytest"},{"name":"language","value":"cpython3"},{"name":"package","value":"tests.test_join_community"},{"name":"resultFormat","value":"allure2"}],"parameters":[],"links":[],"hidden":false,"retry":false,"extra":{"severity":"normal","retries":[],"categories":[{"name":"Product defects","matchedStatuses":[],"flaky":false}],"history":{"statistic":{"failed":36,"broken":28,"skipped":0,"passed":22,"unknown":0,"total":86},"items":[{"uid":"7b2c11365fffaf91","reportUrl":"https://status-im.github.io/status-cli-tests/218//#testresult/7b2c11365fffaf91","status":"failed","statusDetails":"AssertionError: Response does not contain 'result' key.","time":{"start":1727483607038,"stop":1727483675876,"duration":68838}},{"uid":"6ea756336e48f6f3","reportUrl":"https://status-im.github.io/status-cli-tests/217//#testresult/6ea756336e48f6f3","status":"failed","statusDetails":"AssertionError: Response does not contain 'result' key.","time":{"start":1727397221782,"stop":1727397305572,"duration":83790}},{"uid":"a621b09da6a57faf","reportUrl":"https://status-im.github.io/status-cli-tests/216//#testresult/a621b09da6a57faf","status":"failed","statusDetails":"AssertionError: Response does not contain 'result' key.","time":{"start":1727310744477,"stop":1727310843606,"duration":99129}},{"uid":"ced29a982184e7e9","reportUrl":"https://status-im.github.io/status-cli-tests/215//#testresult/ced29a982184e7e9","status":"broken","statusDetails":"RuntimeError: Request to http://127.0.0.1:3796 usig method wakuext_fetchCommunity timed out after 10 seconds. Node: first_node","time":{"start":1727224252663,"stop":1727224314979,"duration":62316}},{"uid":"277cd572cef5e4b3","reportUrl":"https://status-im.github.io/status-cli-tests/214//#testresult/277cd572cef5e4b3","status":"passed","time":{"start":1727137939513,"stop":1727138012180,"duration":72667}},{"uid":"3e04b8f8413c30fa","reportUrl":"https://status-im.github.io/status-cli-tests/213//#testresult/3e04b8f8413c30fa","status":"failed","statusDetails":"AssertionError: Response does not contain 'result' key.","time":{"start":1727085833215,"stop":1727085903403,"duration":70188}},{"uid":"966d553b41b12c56","reportUrl":"https://status-im.github.io/status-cli-tests/212//#testresult/966d553b41b12c56","status":"failed","statusDetails":"AssertionError: Response does not contain 'result' key.","time":{"start":1727079655931,"stop":1727079755113,"duration":99182}},{"uid":"b24cd6c073f25c57","reportUrl":"https://status-im.github.io/status-cli-tests/211//#testresult/b24cd6c073f25c57","status":"passed","time":{"start":1727051385537,"stop":1727051443142,"duration":57605}},{"uid":"6d1e8489dc735c54","reportUrl":"https://status-im.github.io/status-cli-tests/210//#testresult/6d1e8489dc735c54","status":"passed","time":{"start":1726964981905,"stop":1726965062191,"duration":80286}},{"uid":"b88e7bce30afcf35","reportUrl":"https://status-im.github.io/status-cli-tests/209//#testresult/b88e7bce30afcf35","status":"passed","time":{"start":1726878560804,"stop":1726878639565,"duration":78761}},{"uid":"34792852540012d0","reportUrl":"https://status-im.github.io/status-cli-tests/208//#testresult/34792852540012d0","status":"passed","time":{"start":1726792175079,"stop":1726792235681,"duration":60602}},{"uid":"826723d918e18821","reportUrl":"https://status-im.github.io/status-cli-tests/207//#testresult/826723d918e18821","status":"passed","time":{"start":1726705818017,"stop":1726705878623,"duration":60606}},{"uid":"198817d40776cbd7","reportUrl":"https://status-im.github.io/status-cli-tests/206//#testresult/198817d40776cbd7","status":"failed","statusDetails":"AssertionError: Response does not contain 'result' key.","time":{"start":1726619410689,"stop":1726619447983,"duration":37294}},{"uid":"b867d74e7bb0a96c","reportUrl":"https://status-im.github.io/status-cli-tests/205//#testresult/b867d74e7bb0a96c","status":"passed","time":{"start":1726553130995,"stop":1726553201953,"duration":70958}},{"uid":"e60760d523c4a8a7","reportUrl":"https://status-im.github.io/status-cli-tests/204//#testresult/e60760d523c4a8a7","status":"failed","statusDetails":"AssertionError: Response does not contain 'result' key.","time":{"start":1726533014242,"stop":1726533051071,"duration":36829}},{"uid":"734602536261961a","reportUrl":"https://status-im.github.io/status-cli-tests/203//#testresult/734602536261961a","status":"failed","statusDetails":"AssertionError: Response does not contain 'result' key.","time":{"start":1726446640916,"stop":1726446678370,"duration":37454}},{"uid":"64c081d53025dbd4","reportUrl":"https://status-im.github.io/status-cli-tests/202//#testresult/64c081d53025dbd4","status":"failed","statusDetails":"AssertionError: Response does not contain 'result' key.","time":{"start":1726360221899,"stop":1726360258599,"duration":36700}},{"uid":"833363931f9d9d52","reportUrl":"https://status-im.github.io/status-cli-tests/201//#testresult/833363931f9d9d52","status":"failed","statusDetails":"AssertionError: Response does not contain 'result' key.","time":{"start":1726273783607,"stop":1726273832441,"duration":48834}},{"uid":"5bf9f91d6b45675a","reportUrl":"https://status-im.github.io/status-cli-tests/200//#testresult/5bf9f91d6b45675a","status":"failed","statusDetails":"AssertionError: Response does not contain 'result' key.","time":{"start":1726187373442,"stop":1726187410117,"duration":36675}},{"uid":"600993322bf36cb","reportUrl":"https://status-im.github.io/status-cli-tests/199//#testresult/600993322bf36cb","status":"failed","statusDetails":"AssertionError: Response does not contain 'result' key.","time":{"start":1726101030878,"stop":1726101106078,"duration":75200}}]},"tags":["@pytest.mark.usefixtures('start_1_node')"]},"source":"cc662832e96445e3.json","parameterValues":[]}