{"uid":"5185c8e11353b61f","name":"test_leave_community_baseline","fullName":"tests.test_leave_community.TestLeaveCommunity#test_leave_community_baseline","historyId":"ba5f179862c2394ab88a56b56e94ab6d","time":{"start":1738629594610,"stop":1738629641501,"duration":46891},"status":"failed","statusMessage":"AssertionError: Response does not contain 'result' key.","statusTrace":"tests/test_leave_community.py:13: in test_leave_community_baseline\n    self.join_created_communities()\nsrc/steps/common.py:176: in join_created_communities\n    response_to_join = self.first_node.request_to_join_community(community_id)\nsrc/node/status_node.py:197: in request_to_join_community\n    return self.api.send_rpc_request(\"wakuext_requestToJoinCommunity\", params)\n/opt/hostedtoolcache/Python/3.12.8/x64/lib/python3.12/site-packages/tenacity/__init__.py:289: in wrapped_f\n    return self(f, *args, **kw)\n/opt/hostedtoolcache/Python/3.12.8/x64/lib/python3.12/site-packages/tenacity/__init__.py:379: in __call__\n    do = self.iter(retry_state=retry_state)\n/opt/hostedtoolcache/Python/3.12.8/x64/lib/python3.12/site-packages/tenacity/__init__.py:325: in iter\n    raise retry_exc.reraise()\n/opt/hostedtoolcache/Python/3.12.8/x64/lib/python3.12/site-packages/tenacity/__init__.py:158: in reraise\n    raise self.last_attempt.result()\n/opt/hostedtoolcache/Python/3.12.8/x64/lib/python3.12/concurrent/futures/_base.py:449: in result\n    return self.__get_result()\n/opt/hostedtoolcache/Python/3.12.8/x64/lib/python3.12/concurrent/futures/_base.py:401: in __get_result\n    raise self._exception\n/opt/hostedtoolcache/Python/3.12.8/x64/lib/python3.12/site-packages/tenacity/__init__.py:382: in __call__\n    result = fn(*args, **kwargs)\nsrc/node/rpc_client.py:27: in send_rpc_request\n    assert \"result\" in response.json(), \"Response does not contain 'result' key.\"\nE   AssertionError: Response does not contain 'result' key.","flaky":false,"newFailed":false,"newBroken":false,"newPassed":false,"retriesCount":2,"retriesStatusChange":false,"beforeStages":[{"name":"set_allure_env_variables","time":{"start":1738628199944,"stop":1738628199944,"duration":0},"status":"passed","steps":[],"attachments":[],"parameters":[],"shouldDisplayMessage":false,"stepsCount":0,"attachmentsCount":0,"hasContent":false,"attachmentStep":false},{"name":"save_node_logs_on_fail","time":{"start":1738629586798,"stop":1738629586798,"duration":0},"status":"passed","steps":[],"attachments":[],"parameters":[],"shouldDisplayMessage":false,"stepsCount":0,"attachmentsCount":0,"hasContent":false,"attachmentStep":false},{"name":"clear_open_nodes","time":{"start":1738629586798,"stop":1738629586798,"duration":0},"status":"passed","steps":[],"attachments":[],"parameters":[],"shouldDisplayMessage":false,"stepsCount":0,"attachmentsCount":0,"hasContent":false,"attachmentStep":false},{"name":"start_1_node","time":{"start":1738629586798,"stop":1738629594610,"duration":7812},"status":"passed","steps":[],"attachments":[],"parameters":[],"shouldDisplayMessage":false,"stepsCount":0,"attachmentsCount":0,"hasContent":false,"attachmentStep":false}],"testStage":{"status":"failed","statusMessage":"AssertionError: Response does not contain 'result' key.","statusTrace":"tests/test_leave_community.py:13: in test_leave_community_baseline\n    self.join_created_communities()\nsrc/steps/common.py:176: in join_created_communities\n    response_to_join = self.first_node.request_to_join_community(community_id)\nsrc/node/status_node.py:197: in request_to_join_community\n    return self.api.send_rpc_request(\"wakuext_requestToJoinCommunity\", params)\n/opt/hostedtoolcache/Python/3.12.8/x64/lib/python3.12/site-packages/tenacity/__init__.py:289: in wrapped_f\n    return self(f, *args, **kw)\n/opt/hostedtoolcache/Python/3.12.8/x64/lib/python3.12/site-packages/tenacity/__init__.py:379: in __call__\n    do = self.iter(retry_state=retry_state)\n/opt/hostedtoolcache/Python/3.12.8/x64/lib/python3.12/site-packages/tenacity/__init__.py:325: in iter\n    raise retry_exc.reraise()\n/opt/hostedtoolcache/Python/3.12.8/x64/lib/python3.12/site-packages/tenacity/__init__.py:158: in reraise\n    raise self.last_attempt.result()\n/opt/hostedtoolcache/Python/3.12.8/x64/lib/python3.12/concurrent/futures/_base.py:449: in result\n    return self.__get_result()\n/opt/hostedtoolcache/Python/3.12.8/x64/lib/python3.12/concurrent/futures/_base.py:401: in __get_result\n    raise self._exception\n/opt/hostedtoolcache/Python/3.12.8/x64/lib/python3.12/site-packages/tenacity/__init__.py:382: in __call__\n    result = fn(*args, **kwargs)\nsrc/node/rpc_client.py:27: in send_rpc_request\n    assert \"result\" in response.json(), \"Response does not contain 'result' key.\"\nE   AssertionError: Response does not contain 'result' key.","steps":[],"attachments":[{"uid":"5217d32d2ebf7e1e","name":"log","source":"5217d32d2ebf7e1e.txt","type":"text/plain","size":673979}],"parameters":[],"shouldDisplayMessage":true,"stepsCount":0,"attachmentsCount":1,"hasContent":true,"attachmentStep":false},"afterStages":[{"name":"save_node_logs_on_fail::0","time":{"start":1738629641545,"stop":1738629641547,"duration":2},"status":"passed","steps":[],"attachments":[],"parameters":[],"shouldDisplayMessage":false,"stepsCount":0,"attachmentsCount":0,"hasContent":false,"attachmentStep":false},{"name":"clear_open_nodes::0","time":{"start":1738629641548,"stop":1738629641670,"duration":122},"status":"passed","steps":[],"attachments":[],"parameters":[],"shouldDisplayMessage":false,"stepsCount":0,"attachmentsCount":0,"hasContent":false,"attachmentStep":false},{"name":"set_allure_env_variables::0","time":{"start":1738629898000,"stop":1738629898000,"duration":0},"status":"passed","steps":[],"attachments":[],"parameters":[],"shouldDisplayMessage":false,"stepsCount":0,"attachmentsCount":0,"hasContent":false,"attachmentStep":false}],"labels":[{"name":"tag","value":"flaky(reruns=2)"},{"name":"tag","value":"@pytest.mark.usefixtures('start_1_node')"},{"name":"parentSuite","value":"tests"},{"name":"suite","value":"test_leave_community"},{"name":"subSuite","value":"TestLeaveCommunity"},{"name":"host","value":"fv-az1782-709"},{"name":"thread","value":"60624-MainThread"},{"name":"framework","value":"pytest"},{"name":"language","value":"cpython3"},{"name":"package","value":"tests.test_leave_community"},{"name":"resultFormat","value":"allure2"}],"parameters":[],"links":[],"hidden":false,"retry":false,"extra":{"severity":"normal","retries":[{"uid":"60e06c8f536ed9e3","status":"failed","statusDetails":"AssertionError: Response does not contain 'result' key.","time":{"start":1738629545774,"stop":1738629586623,"duration":40849}},{"uid":"122145546ff96db9","status":"failed","statusDetails":"AssertionError: Response does not contain 'result' key.","time":{"start":1738629497154,"stop":1738629537787,"duration":40633}}],"categories":[{"name":"Product defects","matchedStatuses":[],"flaky":false}],"history":{"statistic":{"failed":89,"broken":4,"skipped":0,"passed":26,"unknown":0,"total":119},"items":[{"uid":"e891ea01c393eb47","reportUrl":"https://status-im.github.io/status-cli-tests/357//#testresult/e891ea01c393eb47","status":"failed","statusDetails":"AssertionError: Response does not contain 'result' key.","time":{"start":1738543161446,"stop":1738543201626,"duration":40180}},{"uid":"6ebe26a5f480f573","reportUrl":"https://status-im.github.io/status-cli-tests/356//#testresult/6ebe26a5f480f573","status":"failed","statusDetails":"AssertionError: Response does not contain 'result' key.","time":{"start":1738456744980,"stop":1738456791508,"duration":46528}},{"uid":"7879de59a0261a81","reportUrl":"https://status-im.github.io/status-cli-tests/355//#testresult/7879de59a0261a81","status":"failed","statusDetails":"AssertionError: Response does not contain 'result' key.","time":{"start":1738370258612,"stop":1738370298845,"duration":40233}},{"uid":"a5bf6b03521d1932","reportUrl":"https://status-im.github.io/status-cli-tests/354//#testresult/a5bf6b03521d1932","status":"failed","statusDetails":"AssertionError: Response does not contain 'result' key.","time":{"start":1738283786903,"stop":1738283827574,"duration":40671}},{"uid":"e2e69854de52c136","reportUrl":"https://status-im.github.io/status-cli-tests/353//#testresult/e2e69854de52c136","status":"failed","statusDetails":"AssertionError: Response does not contain 'result' key.","time":{"start":1738197520739,"stop":1738197561804,"duration":41065}},{"uid":"294919f0c9caa516","reportUrl":"https://status-im.github.io/status-cli-tests/352//#testresult/294919f0c9caa516","status":"passed","time":{"start":1738111104145,"stop":1738111175887,"duration":71742}},{"uid":"64b28fee937f67a9","reportUrl":"https://status-im.github.io/status-cli-tests/351//#testresult/64b28fee937f67a9","status":"passed","time":{"start":1738024675268,"stop":1738024720284,"duration":45016}},{"uid":"1c8f29ec9766d03","reportUrl":"https://status-im.github.io/status-cli-tests/350//#testresult/1c8f29ec9766d03","status":"passed","time":{"start":1737938260521,"stop":1737938308144,"duration":47623}},{"uid":"51935553f27e004a","reportUrl":"https://status-im.github.io/status-cli-tests/349//#testresult/51935553f27e004a","status":"failed","statusDetails":"AssertionError: Response does not contain 'result' key.","time":{"start":1737852069069,"stop":1737852112348,"duration":43279}},{"uid":"621edf6de23bf455","reportUrl":"https://status-im.github.io/status-cli-tests/348//#testresult/621edf6de23bf455","status":"passed","time":{"start":1737765323844,"stop":1737765367184,"duration":43340}},{"uid":"b093c1f01ed1ac4a","reportUrl":"https://status-im.github.io/status-cli-tests/347//#testresult/b093c1f01ed1ac4a","status":"failed","statusDetails":"AssertionError: Response does not contain 'result' key.","time":{"start":1737679095267,"stop":1737679142104,"duration":46837}},{"uid":"68e48aab3b31c84d","reportUrl":"https://status-im.github.io/status-cli-tests/346//#testresult/68e48aab3b31c84d","status":"failed","statusDetails":"AssertionError: Response does not contain 'result' key.","time":{"start":1737592620129,"stop":1737592662358,"duration":42229}},{"uid":"1cf4ae79ffac9509","reportUrl":"https://status-im.github.io/status-cli-tests/345//#testresult/1cf4ae79ffac9509","status":"failed","statusDetails":"AssertionError: Response does not contain 'result' key.","time":{"start":1737506176500,"stop":1737506214761,"duration":38261}},{"uid":"5137b96f391c6521","reportUrl":"https://status-im.github.io/status-cli-tests/344//#testresult/5137b96f391c6521","status":"passed","time":{"start":1737419547260,"stop":1737419586109,"duration":38849}},{"uid":"5b7f9ae471be993e","reportUrl":"https://status-im.github.io/status-cli-tests/343//#testresult/5b7f9ae471be993e","status":"passed","time":{"start":1737333120853,"stop":1737333160132,"duration":39279}},{"uid":"208d8f2f79073183","reportUrl":"https://status-im.github.io/status-cli-tests/342//#testresult/208d8f2f79073183","status":"passed","time":{"start":1737246773939,"stop":1737246812694,"duration":38755}},{"uid":"1764c270ee038636","reportUrl":"https://status-im.github.io/status-cli-tests/341//#testresult/1764c270ee038636","status":"passed","time":{"start":1737160304037,"stop":1737160343104,"duration":39067}},{"uid":"e04c43180808ca51","reportUrl":"https://status-im.github.io/status-cli-tests/340//#testresult/e04c43180808ca51","status":"passed","time":{"start":1737073983243,"stop":1737074025329,"duration":42086}},{"uid":"395e6afc026c2636","reportUrl":"https://status-im.github.io/status-cli-tests/339//#testresult/395e6afc026c2636","status":"passed","time":{"start":1736987520320,"stop":1736987559486,"duration":39166}},{"uid":"6a17ebc69d74d488","reportUrl":"https://status-im.github.io/status-cli-tests/338//#testresult/6a17ebc69d74d488","status":"passed","time":{"start":1736901118108,"stop":1736901159726,"duration":41618}}]},"tags":["@pytest.mark.usefixtures('start_1_node')","flaky(reruns=2)"]},"source":"5185c8e11353b61f.json","parameterValues":[]}