{"uid":"39b6cd69fe5783d4","name":"test_leave_community_with_packet_loss","fullName":"tests.test_leave_community.TestLeaveCommunity#test_leave_community_with_packet_loss","historyId":"7605c8d6eaec387a64cae9ea4f104167","time":{"start":1727484126323,"stop":1727484190453,"duration":64130},"status":"failed","statusMessage":"AssertionError: Response does not contain 'result' key.","statusTrace":"tests/test_leave_community.py:47: in test_leave_community_with_packet_loss\n    self.test_leave_community_baseline()\ntests/test_leave_community.py:20: in test_leave_community_baseline\n    response_accept_to_join = self.first_node.leave_community(community_id)\nsrc/node/status_node.py:192: in leave_community\n    return self.api.send_rpc_request(\"wakuext_leaveCommunity\", params)\n/opt/hostedtoolcache/Python/3.12.6/x64/lib/python3.12/site-packages/tenacity/__init__.py:289: in wrapped_f\n    return self(f, *args, **kw)\n/opt/hostedtoolcache/Python/3.12.6/x64/lib/python3.12/site-packages/tenacity/__init__.py:379: in __call__\n    do = self.iter(retry_state=retry_state)\n/opt/hostedtoolcache/Python/3.12.6/x64/lib/python3.12/site-packages/tenacity/__init__.py:325: in iter\n    raise retry_exc.reraise()\n/opt/hostedtoolcache/Python/3.12.6/x64/lib/python3.12/site-packages/tenacity/__init__.py:158: in reraise\n    raise self.last_attempt.result()\n/opt/hostedtoolcache/Python/3.12.6/x64/lib/python3.12/concurrent/futures/_base.py:449: in result\n    return self.__get_result()\n/opt/hostedtoolcache/Python/3.12.6/x64/lib/python3.12/concurrent/futures/_base.py:401: in __get_result\n    raise self._exception\n/opt/hostedtoolcache/Python/3.12.6/x64/lib/python3.12/site-packages/tenacity/__init__.py:382: in __call__\n    result = fn(*args, **kwargs)\nsrc/node/rpc_client.py:27: in send_rpc_request\n    assert \"result\" in response.json(), \"Response does not contain 'result' key.\"\nE   AssertionError: Response does not contain 'result' key.","flaky":false,"newFailed":false,"newBroken":false,"newPassed":false,"retriesCount":0,"retriesStatusChange":false,"beforeStages":[{"name":"set_allure_env_variables","time":{"start":1727482278472,"stop":1727482278472,"duration":0},"status":"passed","steps":[],"attachments":[],"parameters":[],"shouldDisplayMessage":false,"stepsCount":0,"attachmentsCount":0,"hasContent":false,"attachmentStep":false},{"name":"save_node_logs_on_fail","time":{"start":1727484118513,"stop":1727484118513,"duration":0},"status":"passed","steps":[],"attachments":[],"parameters":[],"shouldDisplayMessage":false,"stepsCount":0,"attachmentsCount":0,"hasContent":false,"attachmentStep":false},{"name":"start_1_node","time":{"start":1727484118513,"stop":1727484126323,"duration":7810},"status":"passed","steps":[],"attachments":[],"parameters":[],"shouldDisplayMessage":false,"stepsCount":0,"attachmentsCount":0,"hasContent":false,"attachmentStep":false},{"name":"clear_open_nodes","time":{"start":1727484118513,"stop":1727484118513,"duration":0},"status":"passed","steps":[],"attachments":[],"parameters":[],"shouldDisplayMessage":false,"stepsCount":0,"attachmentsCount":0,"hasContent":false,"attachmentStep":false}],"testStage":{"status":"failed","statusMessage":"AssertionError: Response does not contain 'result' key.","statusTrace":"tests/test_leave_community.py:47: in test_leave_community_with_packet_loss\n    self.test_leave_community_baseline()\ntests/test_leave_community.py:20: in test_leave_community_baseline\n    response_accept_to_join = self.first_node.leave_community(community_id)\nsrc/node/status_node.py:192: in leave_community\n    return self.api.send_rpc_request(\"wakuext_leaveCommunity\", params)\n/opt/hostedtoolcache/Python/3.12.6/x64/lib/python3.12/site-packages/tenacity/__init__.py:289: in wrapped_f\n    return self(f, *args, **kw)\n/opt/hostedtoolcache/Python/3.12.6/x64/lib/python3.12/site-packages/tenacity/__init__.py:379: in __call__\n    do = self.iter(retry_state=retry_state)\n/opt/hostedtoolcache/Python/3.12.6/x64/lib/python3.12/site-packages/tenacity/__init__.py:325: in iter\n    raise retry_exc.reraise()\n/opt/hostedtoolcache/Python/3.12.6/x64/lib/python3.12/site-packages/tenacity/__init__.py:158: in reraise\n    raise self.last_attempt.result()\n/opt/hostedtoolcache/Python/3.12.6/x64/lib/python3.12/concurrent/futures/_base.py:449: in result\n    return self.__get_result()\n/opt/hostedtoolcache/Python/3.12.6/x64/lib/python3.12/concurrent/futures/_base.py:401: in __get_result\n    raise self._exception\n/opt/hostedtoolcache/Python/3.12.6/x64/lib/python3.12/site-packages/tenacity/__init__.py:382: in __call__\n    result = fn(*args, **kwargs)\nsrc/node/rpc_client.py:27: in send_rpc_request\n    assert \"result\" in response.json(), \"Response does not contain 'result' key.\"\nE   AssertionError: Response does not contain 'result' key.","steps":[],"attachments":[{"uid":"545ed77a3aab034e","name":"log","source":"545ed77a3aab034e.txt","type":"text/plain","size":226233}],"parameters":[],"shouldDisplayMessage":true,"stepsCount":0,"attachmentsCount":1,"hasContent":true,"attachmentStep":false},"afterStages":[{"name":"save_node_logs_on_fail::0","time":{"start":1727484190514,"stop":1727484190516,"duration":2},"status":"passed","steps":[],"attachments":[],"parameters":[],"shouldDisplayMessage":false,"stepsCount":0,"attachmentsCount":0,"hasContent":false,"attachmentStep":false},{"name":"clear_open_nodes::0","time":{"start":1727484190516,"stop":1727484190634,"duration":118},"status":"passed","steps":[],"attachments":[],"parameters":[],"shouldDisplayMessage":false,"stepsCount":0,"attachmentsCount":0,"hasContent":false,"attachmentStep":false},{"name":"set_allure_env_variables::0","time":{"start":1727484776546,"stop":1727484776547,"duration":1},"status":"passed","steps":[],"attachments":[],"parameters":[],"shouldDisplayMessage":false,"stepsCount":0,"attachmentsCount":0,"hasContent":false,"attachmentStep":false}],"labels":[{"name":"tag","value":"@pytest.mark.usefixtures('start_1_node')"},{"name":"parentSuite","value":"tests"},{"name":"suite","value":"test_leave_community"},{"name":"subSuite","value":"TestLeaveCommunity"},{"name":"host","value":"fv-az659-683"},{"name":"thread","value":"9999-MainThread"},{"name":"framework","value":"pytest"},{"name":"language","value":"cpython3"},{"name":"package","value":"tests.test_leave_community"},{"name":"resultFormat","value":"allure2"}],"parameters":[],"links":[],"hidden":false,"retry":false,"extra":{"severity":"normal","retries":[],"categories":[{"name":"Product defects","matchedStatuses":[],"flaky":false}],"history":{"statistic":{"failed":46,"broken":8,"skipped":0,"passed":31,"unknown":0,"total":85},"items":[{"uid":"6bdca9809c5b2174","reportUrl":"https://status-im.github.io/status-cli-tests/217//#testresult/6bdca9809c5b2174","status":"failed","statusDetails":"AssertionError: Response does not contain 'result' key.","time":{"start":1727397727967,"stop":1727397785616,"duration":57649}},{"uid":"caa61ee1adb37f53","reportUrl":"https://status-im.github.io/status-cli-tests/216//#testresult/caa61ee1adb37f53","status":"failed","statusDetails":"AssertionError: Response does not contain 'result' key.","time":{"start":1727311248851,"stop":1727311307547,"duration":58696}},{"uid":"4a6758916666d5e3","reportUrl":"https://status-im.github.io/status-cli-tests/215//#testresult/4a6758916666d5e3","status":"failed","statusDetails":"AssertionError: Response does not contain 'result' key.","time":{"start":1727224697132,"stop":1727224755845,"duration":58713}},{"uid":"c26b551d3b16660b","reportUrl":"https://status-im.github.io/status-cli-tests/214//#testresult/c26b551d3b16660b","status":"passed","time":{"start":1727138323561,"stop":1727138376712,"duration":53151}},{"uid":"1ada14cb31293fc9","reportUrl":"https://status-im.github.io/status-cli-tests/213//#testresult/1ada14cb31293fc9","status":"passed","time":{"start":1727086164949,"stop":1727086218091,"duration":53142}},{"uid":"42368cbc80cb33e3","reportUrl":"https://status-im.github.io/status-cli-tests/212//#testresult/42368cbc80cb33e3","status":"passed","time":{"start":1727080029208,"stop":1727080075807,"duration":46599}},{"uid":"75d42047e584ff6e","reportUrl":"https://status-im.github.io/status-cli-tests/211//#testresult/75d42047e584ff6e","status":"passed","time":{"start":1727051701299,"stop":1727051747946,"duration":46647}},{"uid":"25ef577a4dd45ba9","reportUrl":"https://status-im.github.io/status-cli-tests/210//#testresult/25ef577a4dd45ba9","status":"passed","time":{"start":1726965337868,"stop":1726965385453,"duration":47585}},{"uid":"d405843d0f9deb66","reportUrl":"https://status-im.github.io/status-cli-tests/209//#testresult/d405843d0f9deb66","status":"passed","time":{"start":1726878939451,"stop":1726878986144,"duration":46693}},{"uid":"288468a7de02929c","reportUrl":"https://status-im.github.io/status-cli-tests/208//#testresult/288468a7de02929c","status":"passed","time":{"start":1726792505678,"stop":1726792552284,"duration":46606}},{"uid":"6174ab8142b8a629","reportUrl":"https://status-im.github.io/status-cli-tests/207//#testresult/6174ab8142b8a629","status":"passed","time":{"start":1726706161075,"stop":1726706208735,"duration":47660}},{"uid":"3a344e14c0e7a7d","reportUrl":"https://status-im.github.io/status-cli-tests/206//#testresult/3a344e14c0e7a7d","status":"failed","statusDetails":"AssertionError: Response does not contain 'result' key.","time":{"start":1726619670791,"stop":1726619705286,"duration":34495}},{"uid":"5c57f6eba0786212","reportUrl":"https://status-im.github.io/status-cli-tests/205//#testresult/5c57f6eba0786212","status":"passed","time":{"start":1726553512808,"stop":1726553559487,"duration":46679}},{"uid":"9ac76cdda1127111","reportUrl":"https://status-im.github.io/status-cli-tests/204//#testresult/9ac76cdda1127111","status":"failed","statusDetails":"AssertionError: Response does not contain 'result' key.","time":{"start":1726533279959,"stop":1726533314585,"duration":34626}},{"uid":"adc4670ccb1c1dcc","reportUrl":"https://status-im.github.io/status-cli-tests/203//#testresult/adc4670ccb1c1dcc","status":"failed","statusDetails":"AssertionError: Response does not contain 'result' key.","time":{"start":1726446891981,"stop":1726446926522,"duration":34541}},{"uid":"57ca6c513ebf8e7e","reportUrl":"https://status-im.github.io/status-cli-tests/202//#testresult/57ca6c513ebf8e7e","status":"failed","statusDetails":"AssertionError: Response does not contain 'result' key.","time":{"start":1726360492543,"stop":1726360527097,"duration":34554}},{"uid":"1b1df9857f37f168","reportUrl":"https://status-im.github.io/status-cli-tests/201//#testresult/1b1df9857f37f168","status":"failed","statusDetails":"AssertionError: Response does not contain 'result' key.","time":{"start":1726274046624,"stop":1726274081186,"duration":34562}},{"uid":"523b311366951daa","reportUrl":"https://status-im.github.io/status-cli-tests/200//#testresult/523b311366951daa","status":"failed","statusDetails":"AssertionError: Response does not contain 'result' key.","time":{"start":1726187645089,"stop":1726187679657,"duration":34568}},{"uid":"2cdf76d03cd20ca4","reportUrl":"https://status-im.github.io/status-cli-tests/199//#testresult/2cdf76d03cd20ca4","status":"passed","time":{"start":1726101431496,"stop":1726101479137,"duration":47641}},{"uid":"89746f4584ba8601","reportUrl":"https://status-im.github.io/status-cli-tests/198//#testresult/89746f4584ba8601","status":"failed","statusDetails":"AssertionError: Response does not contain 'result' key.","time":{"start":1726067999879,"stop":1726068066116,"duration":66237}}]},"tags":["@pytest.mark.usefixtures('start_1_node')"]},"source":"39b6cd69fe5783d4.json","parameterValues":[]}