{"uid":"76fa21ea4891ce3c","name":"test_join_community_with_packet_loss","fullName":"tests.test_join_community.TestJoinCommunity#test_join_community_with_packet_loss","historyId":"447b5e60edf20b9d6546c17e4d82b687","time":{"start":1727483683850,"stop":1727483737823,"duration":53973},"status":"failed","statusMessage":"AssertionError: Response does not contain 'result' key.","statusTrace":"tests/test_join_community.py:60: in test_join_community_with_packet_loss\n    self.test_join_community_baseline()\ntests/test_join_community.py:33: in test_join_community_baseline\n    response_accept_to_join = status_node.accept_request_to_join_community(request_to_join_id)\nsrc/node/status_node.py:184: in accept_request_to_join_community\n    return self.api.send_rpc_request(\"wakuext_acceptRequestToJoinCommunity\", params)\n/opt/hostedtoolcache/Python/3.12.6/x64/lib/python3.12/site-packages/tenacity/__init__.py:289: in wrapped_f\n    return self(f, *args, **kw)\n/opt/hostedtoolcache/Python/3.12.6/x64/lib/python3.12/site-packages/tenacity/__init__.py:379: in __call__\n    do = self.iter(retry_state=retry_state)\n/opt/hostedtoolcache/Python/3.12.6/x64/lib/python3.12/site-packages/tenacity/__init__.py:325: in iter\n    raise retry_exc.reraise()\n/opt/hostedtoolcache/Python/3.12.6/x64/lib/python3.12/site-packages/tenacity/__init__.py:158: in reraise\n    raise self.last_attempt.result()\n/opt/hostedtoolcache/Python/3.12.6/x64/lib/python3.12/concurrent/futures/_base.py:449: in result\n    return self.__get_result()\n/opt/hostedtoolcache/Python/3.12.6/x64/lib/python3.12/concurrent/futures/_base.py:401: in __get_result\n    raise self._exception\n/opt/hostedtoolcache/Python/3.12.6/x64/lib/python3.12/site-packages/tenacity/__init__.py:382: in __call__\n    result = fn(*args, **kwargs)\nsrc/node/rpc_client.py:27: in send_rpc_request\n    assert \"result\" in response.json(), \"Response does not contain 'result' key.\"\nE   AssertionError: Response does not contain 'result' key.","flaky":false,"newFailed":true,"newBroken":false,"newPassed":false,"retriesCount":0,"retriesStatusChange":false,"beforeStages":[{"name":"set_allure_env_variables","time":{"start":1727482278472,"stop":1727482278472,"duration":0},"status":"passed","steps":[],"attachments":[],"parameters":[],"shouldDisplayMessage":false,"stepsCount":0,"attachmentsCount":0,"hasContent":false,"attachmentStep":false},{"name":"clear_open_nodes","time":{"start":1727483676038,"stop":1727483676039,"duration":1},"status":"passed","steps":[],"attachments":[],"parameters":[],"shouldDisplayMessage":false,"stepsCount":0,"attachmentsCount":0,"hasContent":false,"attachmentStep":false},{"name":"start_1_node","time":{"start":1727483676039,"stop":1727483683849,"duration":7810},"status":"passed","steps":[],"attachments":[],"parameters":[],"shouldDisplayMessage":false,"stepsCount":0,"attachmentsCount":0,"hasContent":false,"attachmentStep":false},{"name":"save_node_logs_on_fail","time":{"start":1727483676039,"stop":1727483676039,"duration":0},"status":"passed","steps":[],"attachments":[],"parameters":[],"shouldDisplayMessage":false,"stepsCount":0,"attachmentsCount":0,"hasContent":false,"attachmentStep":false}],"testStage":{"status":"failed","statusMessage":"AssertionError: Response does not contain 'result' key.","statusTrace":"tests/test_join_community.py:60: in test_join_community_with_packet_loss\n    self.test_join_community_baseline()\ntests/test_join_community.py:33: in test_join_community_baseline\n    response_accept_to_join = status_node.accept_request_to_join_community(request_to_join_id)\nsrc/node/status_node.py:184: in accept_request_to_join_community\n    return self.api.send_rpc_request(\"wakuext_acceptRequestToJoinCommunity\", params)\n/opt/hostedtoolcache/Python/3.12.6/x64/lib/python3.12/site-packages/tenacity/__init__.py:289: in wrapped_f\n    return self(f, *args, **kw)\n/opt/hostedtoolcache/Python/3.12.6/x64/lib/python3.12/site-packages/tenacity/__init__.py:379: in __call__\n    do = self.iter(retry_state=retry_state)\n/opt/hostedtoolcache/Python/3.12.6/x64/lib/python3.12/site-packages/tenacity/__init__.py:325: in iter\n    raise retry_exc.reraise()\n/opt/hostedtoolcache/Python/3.12.6/x64/lib/python3.12/site-packages/tenacity/__init__.py:158: in reraise\n    raise self.last_attempt.result()\n/opt/hostedtoolcache/Python/3.12.6/x64/lib/python3.12/concurrent/futures/_base.py:449: in result\n    return self.__get_result()\n/opt/hostedtoolcache/Python/3.12.6/x64/lib/python3.12/concurrent/futures/_base.py:401: in __get_result\n    raise self._exception\n/opt/hostedtoolcache/Python/3.12.6/x64/lib/python3.12/site-packages/tenacity/__init__.py:382: in __call__\n    result = fn(*args, **kwargs)\nsrc/node/rpc_client.py:27: in send_rpc_request\n    assert \"result\" in response.json(), \"Response does not contain 'result' key.\"\nE   AssertionError: Response does not contain 'result' key.","steps":[],"attachments":[{"uid":"ca7f21d9b4f65acb","name":"log","source":"ca7f21d9b4f65acb.txt","type":"text/plain","size":191929}],"parameters":[],"shouldDisplayMessage":true,"stepsCount":0,"attachmentsCount":1,"hasContent":true,"attachmentStep":false},"afterStages":[{"name":"save_node_logs_on_fail::0","time":{"start":1727483737871,"stop":1727483737873,"duration":2},"status":"passed","steps":[],"attachments":[],"parameters":[],"shouldDisplayMessage":false,"stepsCount":0,"attachmentsCount":0,"hasContent":false,"attachmentStep":false},{"name":"clear_open_nodes::0","time":{"start":1727483737873,"stop":1727483737998,"duration":125},"status":"passed","steps":[],"attachments":[],"parameters":[],"shouldDisplayMessage":false,"stepsCount":0,"attachmentsCount":0,"hasContent":false,"attachmentStep":false},{"name":"set_allure_env_variables::0","time":{"start":1727484776546,"stop":1727484776547,"duration":1},"status":"passed","steps":[],"attachments":[],"parameters":[],"shouldDisplayMessage":false,"stepsCount":0,"attachmentsCount":0,"hasContent":false,"attachmentStep":false}],"labels":[{"name":"tag","value":"@pytest.mark.usefixtures('start_1_node')"},{"name":"parentSuite","value":"tests"},{"name":"suite","value":"test_join_community"},{"name":"subSuite","value":"TestJoinCommunity"},{"name":"host","value":"fv-az659-683"},{"name":"thread","value":"9999-MainThread"},{"name":"framework","value":"pytest"},{"name":"language","value":"cpython3"},{"name":"package","value":"tests.test_join_community"},{"name":"resultFormat","value":"allure2"}],"parameters":[],"links":[],"hidden":false,"retry":false,"extra":{"severity":"normal","retries":[],"categories":[{"name":"Product defects","matchedStatuses":[],"flaky":false}],"history":{"statistic":{"failed":25,"broken":52,"skipped":0,"passed":8,"unknown":0,"total":85},"items":[{"uid":"bdc8e879cf304ea1","reportUrl":"https://status-im.github.io/status-cli-tests/217//#testresult/bdc8e879cf304ea1","status":"broken","statusDetails":"RuntimeError: Request to http://127.0.0.1:1261 usig method wakuext_fetchCommunity timed out after 10 seconds. Node: first_node","time":{"start":1727397313571,"stop":1727397368009,"duration":54438}},{"uid":"284d96999f02887e","reportUrl":"https://status-im.github.io/status-cli-tests/216//#testresult/284d96999f02887e","status":"broken","statusDetails":"RuntimeError: Request to http://127.0.0.1:47023 usig method wakuext_fetchCommunity timed out after 10 seconds. Node: first_node","time":{"start":1727310851594,"stop":1727310910058,"duration":58464}},{"uid":"5be1e73c04228830","reportUrl":"https://status-im.github.io/status-cli-tests/215//#testresult/5be1e73c04228830","status":"broken","statusDetails":"RuntimeError: Request to http://127.0.0.1:13823 usig method wakuext_fetchCommunity timed out after 10 seconds. Node: first_node","time":{"start":1727224323143,"stop":1727224401949,"duration":78806}},{"uid":"1a7c89ece0a649f7","reportUrl":"https://status-im.github.io/status-cli-tests/214//#testresult/1a7c89ece0a649f7","status":"broken","statusDetails":"RuntimeError: Request to http://127.0.0.1:6088 usig method wakuext_fetchCommunity timed out after 10 seconds. Node: first_node","time":{"start":1727138020143,"stop":1727138074586,"duration":54443}},{"uid":"5829e5cc169affc8","reportUrl":"https://status-im.github.io/status-cli-tests/213//#testresult/5829e5cc169affc8","status":"failed","statusDetails":"AssertionError: Response does not contain 'result' key.","time":{"start":1727085911389,"stop":1727085973399,"duration":62010}},{"uid":"62832568533923f3","reportUrl":"https://status-im.github.io/status-cli-tests/212//#testresult/62832568533923f3","status":"failed","statusDetails":"AssertionError: Response does not contain 'result' key.","time":{"start":1727079763107,"stop":1727079824198,"duration":61091}},{"uid":"847454c46137514f","reportUrl":"https://status-im.github.io/status-cli-tests/211//#testresult/847454c46137514f","status":"broken","statusDetails":"RuntimeError: Request to http://127.0.0.1:11531 usig method wakuext_fetchCommunity timed out after 10 seconds. Node: first_node","time":{"start":1727051451081,"stop":1727051515068,"duration":63987}},{"uid":"1f19bb1fbd29426a","reportUrl":"https://status-im.github.io/status-cli-tests/210//#testresult/1f19bb1fbd29426a","status":"broken","statusDetails":"RuntimeError: Request to http://127.0.0.1:1129 usig method wakuext_fetchCommunity timed out after 10 seconds. Node: first_node","time":{"start":1726965070138,"stop":1726965152699,"duration":82561}},{"uid":"363e6783d66290c4","reportUrl":"https://status-im.github.io/status-cli-tests/209//#testresult/363e6783d66290c4","status":"passed","time":{"start":1726878647524,"stop":1726878735525,"duration":88001}},{"uid":"66316b77fa71c783","reportUrl":"https://status-im.github.io/status-cli-tests/208//#testresult/66316b77fa71c783","status":"broken","statusDetails":"RuntimeError: Request to http://127.0.0.1:64269 usig method wakuext_fetchCommunity timed out after 10 seconds. Node: first_node","time":{"start":1726792243627,"stop":1726792320661,"duration":77034}},{"uid":"eef249d60f88d24f","reportUrl":"https://status-im.github.io/status-cli-tests/207//#testresult/eef249d60f88d24f","status":"broken","statusDetails":"RuntimeError: Request to http://127.0.0.1:58363 usig method wakuext_fetchCommunity timed out after 10 seconds. Node: first_node","time":{"start":1726705886566,"stop":1726705957097,"duration":70531}},{"uid":"1b4fd5aace1674b5","reportUrl":"https://status-im.github.io/status-cli-tests/206//#testresult/1b4fd5aace1674b5","status":"failed","statusDetails":"AssertionError: Response does not contain 'result' key.","time":{"start":1726619455965,"stop":1726619500133,"duration":44168}},{"uid":"4725a952ea49fc33","reportUrl":"https://status-im.github.io/status-cli-tests/205//#testresult/4725a952ea49fc33","status":"passed","time":{"start":1726553209912,"stop":1726553323965,"duration":114053}},{"uid":"9c5ff3b1ff67f97a","reportUrl":"https://status-im.github.io/status-cli-tests/204//#testresult/9c5ff3b1ff67f97a","status":"failed","statusDetails":"AssertionError: Response does not contain 'result' key.","time":{"start":1726533059119,"stop":1726533095740,"duration":36621}},{"uid":"421534dccf960db2","reportUrl":"https://status-im.github.io/status-cli-tests/203//#testresult/421534dccf960db2","status":"failed","statusDetails":"AssertionError: Response does not contain 'result' key.","time":{"start":1726446686461,"stop":1726446721099,"duration":34638}},{"uid":"39aa2ab8b37a9612","reportUrl":"https://status-im.github.io/status-cli-tests/202//#testresult/39aa2ab8b37a9612","status":"broken","statusDetails":"RuntimeError: Request to http://127.0.0.1:55595 usig method wakuext_fetchCommunity timed out after 10 seconds. Node: first_node","time":{"start":1726360266659,"stop":1726360321148,"duration":54489}},{"uid":"21c352a8250fca7c","reportUrl":"https://status-im.github.io/status-cli-tests/201//#testresult/21c352a8250fca7c","status":"failed","statusDetails":"AssertionError: Response does not contain 'result' key.","time":{"start":1726273840427,"stop":1726273875723,"duration":35296}},{"uid":"86c4c939e071ec9e","reportUrl":"https://status-im.github.io/status-cli-tests/200//#testresult/86c4c939e071ec9e","status":"failed","statusDetails":"AssertionError: Response does not contain 'result' key.","time":{"start":1726187418219,"stop":1726187454993,"duration":36774}},{"uid":"86dbc2f911a95610","reportUrl":"https://status-im.github.io/status-cli-tests/199//#testresult/86dbc2f911a95610","status":"broken","statusDetails":"RuntimeError: Request to http://127.0.0.1:26053 usig method wakuext_fetchCommunity timed out after 10 seconds. Node: first_node","time":{"start":1726101114146,"stop":1726101243734,"duration":129588}},{"uid":"3a7cf6380793fe5a","reportUrl":"https://status-im.github.io/status-cli-tests/198//#testresult/3a7cf6380793fe5a","status":"failed","statusDetails":"AssertionError: Response does not contain 'result' key.","time":{"start":1726067734374,"stop":1726067788022,"duration":53648}}]},"tags":["@pytest.mark.usefixtures('start_1_node')"]},"source":"76fa21ea4891ce3c.json","parameterValues":[]}