{"uid":"d95cc6fad8357277","name":"test_community_messages_with_node_pause_10_seconds","fullName":"tests.test_community_messages.TestCommunityMessages#test_community_messages_with_node_pause_10_seconds","historyId":"9d5c5c19a9c20059f4a5d5c182032b2c","time":{"start":1730766015347,"stop":1730766059871,"duration":44524},"status":"failed","statusMessage":"AssertionError: Response does not contain 'result' key.","statusTrace":"tests/test_community_messages.py:79: in test_community_messages_with_node_pause_10_seconds\n    self.first_node.send_community_chat_message(message_chat_id, message)\nsrc/node/status_node.py:205: in send_community_chat_message\n    return self.api.send_rpc_request(\"wakuext_sendChatMessage\", params)\n/opt/hostedtoolcache/Python/3.12.7/x64/lib/python3.12/site-packages/tenacity/__init__.py:289: in wrapped_f\n    return self(f, *args, **kw)\n/opt/hostedtoolcache/Python/3.12.7/x64/lib/python3.12/site-packages/tenacity/__init__.py:379: in __call__\n    do = self.iter(retry_state=retry_state)\n/opt/hostedtoolcache/Python/3.12.7/x64/lib/python3.12/site-packages/tenacity/__init__.py:325: in iter\n    raise retry_exc.reraise()\n/opt/hostedtoolcache/Python/3.12.7/x64/lib/python3.12/site-packages/tenacity/__init__.py:158: in reraise\n    raise self.last_attempt.result()\n/opt/hostedtoolcache/Python/3.12.7/x64/lib/python3.12/concurrent/futures/_base.py:449: in result\n    return self.__get_result()\n/opt/hostedtoolcache/Python/3.12.7/x64/lib/python3.12/concurrent/futures/_base.py:401: in __get_result\n    raise self._exception\n/opt/hostedtoolcache/Python/3.12.7/x64/lib/python3.12/site-packages/tenacity/__init__.py:382: in __call__\n    result = fn(*args, **kwargs)\nsrc/node/rpc_client.py:27: in send_rpc_request\n    assert \"result\" in response.json(), \"Response does not contain 'result' key.\"\nE   AssertionError: Response does not contain 'result' key.","flaky":false,"newFailed":false,"newBroken":false,"newPassed":false,"retriesCount":2,"retriesStatusChange":true,"beforeStages":[{"name":"set_allure_env_variables","time":{"start":1730765772530,"stop":1730765772530,"duration":0},"status":"passed","steps":[],"attachments":[],"parameters":[],"shouldDisplayMessage":false,"stepsCount":0,"attachmentsCount":0,"hasContent":false,"attachmentStep":false},{"name":"clear_open_nodes","time":{"start":1730766007535,"stop":1730766007536,"duration":1},"status":"passed","steps":[],"attachments":[],"parameters":[],"shouldDisplayMessage":false,"stepsCount":0,"attachmentsCount":0,"hasContent":false,"attachmentStep":false},{"name":"save_node_logs_on_fail","time":{"start":1730766007536,"stop":1730766007536,"duration":0},"status":"passed","steps":[],"attachments":[],"parameters":[],"shouldDisplayMessage":false,"stepsCount":0,"attachmentsCount":0,"hasContent":false,"attachmentStep":false},{"name":"start_1_node","time":{"start":1730766007536,"stop":1730766015347,"duration":7811},"status":"passed","steps":[],"attachments":[],"parameters":[],"shouldDisplayMessage":false,"stepsCount":0,"attachmentsCount":0,"hasContent":false,"attachmentStep":false}],"testStage":{"status":"failed","statusMessage":"AssertionError: Response does not contain 'result' key.","statusTrace":"tests/test_community_messages.py:79: in test_community_messages_with_node_pause_10_seconds\n    self.first_node.send_community_chat_message(message_chat_id, message)\nsrc/node/status_node.py:205: in send_community_chat_message\n    return self.api.send_rpc_request(\"wakuext_sendChatMessage\", params)\n/opt/hostedtoolcache/Python/3.12.7/x64/lib/python3.12/site-packages/tenacity/__init__.py:289: in wrapped_f\n    return self(f, *args, **kw)\n/opt/hostedtoolcache/Python/3.12.7/x64/lib/python3.12/site-packages/tenacity/__init__.py:379: in __call__\n    do = self.iter(retry_state=retry_state)\n/opt/hostedtoolcache/Python/3.12.7/x64/lib/python3.12/site-packages/tenacity/__init__.py:325: in iter\n    raise retry_exc.reraise()\n/opt/hostedtoolcache/Python/3.12.7/x64/lib/python3.12/site-packages/tenacity/__init__.py:158: in reraise\n    raise self.last_attempt.result()\n/opt/hostedtoolcache/Python/3.12.7/x64/lib/python3.12/concurrent/futures/_base.py:449: in result\n    return self.__get_result()\n/opt/hostedtoolcache/Python/3.12.7/x64/lib/python3.12/concurrent/futures/_base.py:401: in __get_result\n    raise self._exception\n/opt/hostedtoolcache/Python/3.12.7/x64/lib/python3.12/site-packages/tenacity/__init__.py:382: in __call__\n    result = fn(*args, **kwargs)\nsrc/node/rpc_client.py:27: in send_rpc_request\n    assert \"result\" in response.json(), \"Response does not contain 'result' key.\"\nE   AssertionError: Response does not contain 'result' key.","steps":[],"attachments":[{"uid":"8291cab430c384ff","name":"log","source":"8291cab430c384ff.txt","type":"text/plain","size":147282}],"parameters":[],"shouldDisplayMessage":true,"stepsCount":0,"attachmentsCount":1,"hasContent":true,"attachmentStep":false},"afterStages":[{"name":"save_node_logs_on_fail::0","time":{"start":1730766059915,"stop":1730766059918,"duration":3},"status":"passed","steps":[],"attachments":[],"parameters":[],"shouldDisplayMessage":false,"stepsCount":0,"attachmentsCount":0,"hasContent":false,"attachmentStep":false},{"name":"clear_open_nodes::0","time":{"start":1730766059918,"stop":1730766059936,"duration":18},"status":"passed","steps":[],"attachments":[],"parameters":[],"shouldDisplayMessage":false,"stepsCount":0,"attachmentsCount":0,"hasContent":false,"attachmentStep":false},{"name":"set_allure_env_variables::0","time":{"start":1730767802266,"stop":1730767802266,"duration":0},"status":"passed","steps":[],"attachments":[],"parameters":[],"shouldDisplayMessage":false,"stepsCount":0,"attachmentsCount":0,"hasContent":false,"attachmentStep":false}],"labels":[{"name":"tag","value":"flaky(reruns=2)"},{"name":"tag","value":"@pytest.mark.usefixtures('start_1_node')"},{"name":"parentSuite","value":"tests"},{"name":"suite","value":"test_community_messages"},{"name":"subSuite","value":"TestCommunityMessages"},{"name":"host","value":"fv-az1532-499"},{"name":"thread","value":"60793-MainThread"},{"name":"framework","value":"pytest"},{"name":"language","value":"cpython3"},{"name":"package","value":"tests.test_community_messages"},{"name":"resultFormat","value":"allure2"}],"parameters":[],"links":[],"hidden":false,"retry":false,"extra":{"severity":"normal","retries":[{"uid":"8bb6d129b37f1100","status":"failed","statusDetails":"AssertionError: Response does not contain 'result' key.","time":{"start":1730765958187,"stop":1730766007440,"duration":49253}},{"uid":"6bafd90c3109579f","status":"broken","statusDetails":"RuntimeError: Request to http://127.0.0.1:38087 usig method wakuext_fetchCommunity timed out after 10 seconds. Node: first_node","time":{"start":1730765913856,"stop":1730765950149,"duration":36293}}],"categories":[{"name":"Product defects","matchedStatuses":[],"flaky":false}],"history":{"statistic":{"failed":20,"broken":3,"skipped":0,"passed":4,"unknown":0,"total":27},"items":[{"uid":"82fe48e6f7e9eb3b","reportUrl":"https://status-im.github.io/status-cli-tests/264//#testresult/82fe48e6f7e9eb3b","status":"failed","statusDetails":"AssertionError: Response does not contain 'result' key.","time":{"start":1730679627912,"stop":1730679661800,"duration":33888}},{"uid":"ce4af529fe4c72da","reportUrl":"https://status-im.github.io/status-cli-tests/263//#testresult/ce4af529fe4c72da","status":"broken","statusDetails":"RuntimeError: Request to http://127.0.0.1:9990 usig method wakuext_fetchCommunity timed out after 10 seconds. Node: first_node","time":{"start":1730593282102,"stop":1730593318400,"duration":36298}},{"uid":"6946f310ccb100bb","reportUrl":"https://status-im.github.io/status-cli-tests/262//#testresult/6946f310ccb100bb","status":"broken","statusDetails":"RuntimeError: Request to http://127.0.0.1:55639 usig method wakuext_fetchCommunity timed out after 10 seconds. Node: first_node","time":{"start":1730506802211,"stop":1730506838498,"duration":36287}},{"uid":"954a267e69068f38","reportUrl":"https://status-im.github.io/status-cli-tests/261//#testresult/954a267e69068f38","status":"failed","statusDetails":"AssertionError: Response does not contain 'result' key.","time":{"start":1730420467466,"stop":1730420491310,"duration":23844}},{"uid":"fb05893771f7a7f","reportUrl":"https://status-im.github.io/status-cli-tests/260//#testresult/fb05893771f7a7f","status":"broken","statusDetails":"RuntimeError: Request to http://127.0.0.1:30963 usig method wakuext_fetchCommunity timed out after 10 seconds. Node: first_node","time":{"start":1730334025357,"stop":1730334061642,"duration":36285}},{"uid":"633f83aa951ccf6c","reportUrl":"https://status-im.github.io/status-cli-tests/259//#testresult/633f83aa951ccf6c","status":"failed","statusDetails":"AssertionError: Response does not contain 'result' key.","time":{"start":1730247608274,"stop":1730247635021,"duration":26747}},{"uid":"c194ab33cbc9df1","reportUrl":"https://status-im.github.io/status-cli-tests/258//#testresult/c194ab33cbc9df1","status":"failed","statusDetails":"AssertionError: Response does not contain 'result' key.","time":{"start":1730161186115,"stop":1730161207575,"duration":21460}},{"uid":"5fed73f959c5e5ed","reportUrl":"https://status-im.github.io/status-cli-tests/257//#testresult/5fed73f959c5e5ed","status":"failed","statusDetails":"AssertionError: Response does not contain 'result' key.","time":{"start":1730074793880,"stop":1730074815075,"duration":21195}},{"uid":"f52334dad7c339a3","reportUrl":"https://status-im.github.io/status-cli-tests/256//#testresult/f52334dad7c339a3","status":"failed","statusDetails":"AssertionError: Response does not contain 'result' key.","time":{"start":1729988426391,"stop":1729988447593,"duration":21202}},{"uid":"8d29bb2d5ba12234","reportUrl":"https://status-im.github.io/status-cli-tests/255//#testresult/8d29bb2d5ba12234","status":"failed","statusDetails":"AssertionError: Response does not contain 'result' key.","time":{"start":1729901984298,"stop":1729902005361,"duration":21063}},{"uid":"ce93689b144f4343","reportUrl":"https://status-im.github.io/status-cli-tests/254//#testresult/ce93689b144f4343","status":"failed","statusDetails":"AssertionError: Response does not contain 'result' key.","time":{"start":1729815580355,"stop":1729815601325,"duration":20970}},{"uid":"e8246a07e7159506","reportUrl":"https://status-im.github.io/status-cli-tests/253//#testresult/e8246a07e7159506","status":"failed","statusDetails":"AssertionError: Response does not contain 'result' key.","time":{"start":1729729164735,"stop":1729729195821,"duration":31086}},{"uid":"bea2cfa37934d987","reportUrl":"https://status-im.github.io/status-cli-tests/252//#testresult/bea2cfa37934d987","status":"failed","statusDetails":"AssertionError: Response does not contain 'result' key.","time":{"start":1729642749795,"stop":1729642770694,"duration":20899}},{"uid":"7aea20e7f78fd876","reportUrl":"https://status-im.github.io/status-cli-tests/251//#testresult/7aea20e7f78fd876","status":"failed","statusDetails":"AssertionError: Response does not contain 'result' key.","time":{"start":1729556355226,"stop":1729556376482,"duration":21256}},{"uid":"751dba4e8c0e1f51","reportUrl":"https://status-im.github.io/status-cli-tests/250//#testresult/751dba4e8c0e1f51","status":"failed","statusDetails":"AssertionError: Response does not contain 'result' key.","time":{"start":1729469968568,"stop":1729469989268,"duration":20700}},{"uid":"cf925b4e9ce5f0b8","reportUrl":"https://status-im.github.io/status-cli-tests/249//#testresult/cf925b4e9ce5f0b8","status":"failed","statusDetails":"AssertionError: Response does not contain 'result' key.","time":{"start":1729383637494,"stop":1729383658181,"duration":20687}},{"uid":"514382177f94a36b","reportUrl":"https://status-im.github.io/status-cli-tests/248//#testresult/514382177f94a36b","status":"failed","statusDetails":"AssertionError: Response does not contain 'result' key.","time":{"start":1729297158666,"stop":1729297189235,"duration":30569}},{"uid":"fa9ebe2fc5d38a25","reportUrl":"https://status-im.github.io/status-cli-tests/247//#testresult/fa9ebe2fc5d38a25","status":"failed","statusDetails":"AssertionError: Response does not contain 'result' key.","time":{"start":1729210779174,"stop":1729210809990,"duration":30816}},{"uid":"a2e8b8e9d69549c4","reportUrl":"https://status-im.github.io/status-cli-tests/246//#testresult/a2e8b8e9d69549c4","status":"passed","time":{"start":1729124306566,"stop":1729124328132,"duration":21566}},{"uid":"85406c2540b9ac93","reportUrl":"https://status-im.github.io/status-cli-tests/245//#testresult/85406c2540b9ac93","status":"failed","statusDetails":"AssertionError: Response does not contain 'result' key.","time":{"start":1729067376546,"stop":1729067407618,"duration":31072}}]},"tags":["@pytest.mark.usefixtures('start_1_node')","flaky(reruns=2)"]},"source":"d95cc6fad8357277.json","parameterValues":[]}