{"uid":"4df5f78a5e9869fd","name":"test_leave_community_with_low_bandwith","fullName":"tests.test_leave_community.TestLeaveCommunity#test_leave_community_with_low_bandwith","historyId":"002f4e0ce6059e6f50dfb45299dc7da2","time":{"start":1726360535156,"stop":1726360569704,"duration":34548},"status":"failed","statusMessage":"AssertionError: Response does not contain 'result' key.","statusTrace":"tests/test_leave_community.py:53: in test_leave_community_with_low_bandwith\n    self.join_created_communities()\nsrc/steps/common.py:176: in join_created_communities\n    response_to_join = self.first_node.request_to_join_community(community_id)\nsrc/node/status_node.py:174: in request_to_join_community\n    return self.api.send_rpc_request(\"wakuext_requestToJoinCommunity\", params)\n/opt/hostedtoolcache/Python/3.12.5/x64/lib/python3.12/site-packages/tenacity/__init__.py:289: in wrapped_f\n    return self(f, *args, **kw)\n/opt/hostedtoolcache/Python/3.12.5/x64/lib/python3.12/site-packages/tenacity/__init__.py:379: in __call__\n    do = self.iter(retry_state=retry_state)\n/opt/hostedtoolcache/Python/3.12.5/x64/lib/python3.12/site-packages/tenacity/__init__.py:325: in iter\n    raise retry_exc.reraise()\n/opt/hostedtoolcache/Python/3.12.5/x64/lib/python3.12/site-packages/tenacity/__init__.py:158: in reraise\n    raise self.last_attempt.result()\n/opt/hostedtoolcache/Python/3.12.5/x64/lib/python3.12/concurrent/futures/_base.py:449: in result\n    return self.__get_result()\n/opt/hostedtoolcache/Python/3.12.5/x64/lib/python3.12/concurrent/futures/_base.py:401: in __get_result\n    raise self._exception\n/opt/hostedtoolcache/Python/3.12.5/x64/lib/python3.12/site-packages/tenacity/__init__.py:382: in __call__\n    result = fn(*args, **kwargs)\nsrc/node/rpc_client.py:27: in send_rpc_request\n    assert \"result\" in response.json(), \"Response does not contain 'result' key.\"\nE   AssertionError: Response does not contain 'result' key.","flaky":true,"newFailed":false,"newBroken":false,"newPassed":false,"retriesCount":0,"retriesStatusChange":false,"beforeStages":[{"name":"set_allure_env_variables","time":{"start":1726359117415,"stop":1726359117415,"duration":0},"status":"passed","steps":[],"attachments":[],"parameters":[],"shouldDisplayMessage":false,"stepsCount":0,"attachmentsCount":0,"hasContent":false,"attachmentStep":false},{"name":"clear_open_nodes","time":{"start":1726360527345,"stop":1726360527346,"duration":1},"status":"passed","steps":[],"attachments":[],"parameters":[],"shouldDisplayMessage":false,"stepsCount":0,"attachmentsCount":0,"hasContent":false,"attachmentStep":false},{"name":"save_node_logs_on_fail","time":{"start":1726360527346,"stop":1726360527346,"duration":0},"status":"passed","steps":[],"attachments":[],"parameters":[],"shouldDisplayMessage":false,"stepsCount":0,"attachmentsCount":0,"hasContent":false,"attachmentStep":false},{"name":"start_1_node","time":{"start":1726360527346,"stop":1726360535155,"duration":7809},"status":"passed","steps":[],"attachments":[],"parameters":[],"shouldDisplayMessage":false,"stepsCount":0,"attachmentsCount":0,"hasContent":false,"attachmentStep":false}],"testStage":{"status":"failed","statusMessage":"AssertionError: Response does not contain 'result' key.","statusTrace":"tests/test_leave_community.py:53: in test_leave_community_with_low_bandwith\n    self.join_created_communities()\nsrc/steps/common.py:176: in join_created_communities\n    response_to_join = self.first_node.request_to_join_community(community_id)\nsrc/node/status_node.py:174: in request_to_join_community\n    return self.api.send_rpc_request(\"wakuext_requestToJoinCommunity\", params)\n/opt/hostedtoolcache/Python/3.12.5/x64/lib/python3.12/site-packages/tenacity/__init__.py:289: in wrapped_f\n    return self(f, *args, **kw)\n/opt/hostedtoolcache/Python/3.12.5/x64/lib/python3.12/site-packages/tenacity/__init__.py:379: in __call__\n    do = self.iter(retry_state=retry_state)\n/opt/hostedtoolcache/Python/3.12.5/x64/lib/python3.12/site-packages/tenacity/__init__.py:325: in iter\n    raise retry_exc.reraise()\n/opt/hostedtoolcache/Python/3.12.5/x64/lib/python3.12/site-packages/tenacity/__init__.py:158: in reraise\n    raise self.last_attempt.result()\n/opt/hostedtoolcache/Python/3.12.5/x64/lib/python3.12/concurrent/futures/_base.py:449: in result\n    return self.__get_result()\n/opt/hostedtoolcache/Python/3.12.5/x64/lib/python3.12/concurrent/futures/_base.py:401: in __get_result\n    raise self._exception\n/opt/hostedtoolcache/Python/3.12.5/x64/lib/python3.12/site-packages/tenacity/__init__.py:382: in __call__\n    result = fn(*args, **kwargs)\nsrc/node/rpc_client.py:27: in send_rpc_request\n    assert \"result\" in response.json(), \"Response does not contain 'result' key.\"\nE   AssertionError: Response does not contain 'result' key.","steps":[],"attachments":[{"uid":"4829b504d641a1df","name":"log","source":"4829b504d641a1df.txt","type":"text/plain","size":121662}],"parameters":[],"shouldDisplayMessage":true,"stepsCount":0,"attachmentsCount":1,"hasContent":true,"attachmentStep":false},"afterStages":[{"name":"save_node_logs_on_fail::0","time":{"start":1726360569760,"stop":1726360569762,"duration":2},"status":"passed","steps":[],"attachments":[],"parameters":[],"shouldDisplayMessage":false,"stepsCount":0,"attachmentsCount":0,"hasContent":false,"attachmentStep":false},{"name":"clear_open_nodes::0","time":{"start":1726360569763,"stop":1726360569991,"duration":228},"status":"passed","steps":[],"attachments":[],"parameters":[],"shouldDisplayMessage":false,"stepsCount":0,"attachmentsCount":0,"hasContent":false,"attachmentStep":false},{"name":"set_allure_env_variables::0","time":{"start":1726361089860,"stop":1726361089860,"duration":0},"status":"passed","steps":[],"attachments":[],"parameters":[],"shouldDisplayMessage":false,"stepsCount":0,"attachmentsCount":0,"hasContent":false,"attachmentStep":false}],"labels":[{"name":"tag","value":"@pytest.mark.usefixtures('start_1_node')"},{"name":"parentSuite","value":"tests"},{"name":"suite","value":"test_leave_community"},{"name":"subSuite","value":"TestLeaveCommunity"},{"name":"host","value":"fv-az529-656"},{"name":"thread","value":"10348-MainThread"},{"name":"framework","value":"pytest"},{"name":"language","value":"cpython3"},{"name":"package","value":"tests.test_leave_community"},{"name":"resultFormat","value":"allure2"}],"parameters":[],"links":[],"hidden":false,"retry":false,"extra":{"severity":"normal","retries":[],"categories":[{"name":"Product defects","matchedStatuses":[],"flaky":false}],"history":{"statistic":{"failed":36,"broken":12,"skipped":0,"passed":21,"unknown":0,"total":69},"items":[{"uid":"839582c3b7f6a5dc","reportUrl":"https://status-im.github.io/status-cli-tests/201//#testresult/839582c3b7f6a5dc","status":"failed","statusDetails":"AssertionError: Response does not contain 'result' key.","time":{"start":1726274089264,"stop":1726274125158,"duration":35894}},{"uid":"7d12579a857efa19","reportUrl":"https://status-im.github.io/status-cli-tests/200//#testresult/7d12579a857efa19","status":"broken","statusDetails":"RuntimeError: Request to http://127.0.0.1:36104 usig method wakuext_fetchCommunity timed out after 10 seconds. Node: first_node","time":{"start":1726187687767,"stop":1726187742273,"duration":54506}},{"uid":"d0c389a85caed8a","reportUrl":"https://status-im.github.io/status-cli-tests/199//#testresult/d0c389a85caed8a","status":"passed","time":{"start":1726101487155,"stop":1726101697278,"duration":210123}},{"uid":"7b0c417813a18944","reportUrl":"https://status-im.github.io/status-cli-tests/198//#testresult/7b0c417813a18944","status":"failed","statusDetails":"AssertionError: Response does not contain 'result' key.","time":{"start":1726068074219,"stop":1726068132930,"duration":58711}},{"uid":"d61793ad16968821","reportUrl":"https://status-im.github.io/status-cli-tests/197//#testresult/d61793ad16968821","status":"passed","time":{"start":1726050932053,"stop":1726050992406,"duration":60353}},{"uid":"d914f5d744184bf","reportUrl":"https://status-im.github.io/status-cli-tests/196//#testresult/d914f5d744184bf","status":"broken","statusDetails":"requests.exceptions.ReadTimeout: HTTPConnectionPool(host='127.0.0.1', port=5807): Read timed out. (read timeout=10)","time":{"start":1726015480667,"stop":1726015535172,"duration":54505}},{"uid":"8e0d825f4578531c","reportUrl":"https://status-im.github.io/status-cli-tests/195//#testresult/8e0d825f4578531c","status":"passed","time":{"start":1725929222728,"stop":1725929270976,"duration":48248}},{"uid":"a8fa4f86c6955c","reportUrl":"https://status-im.github.io/status-cli-tests/194//#testresult/a8fa4f86c6955c","status":"passed","time":{"start":1725842604506,"stop":1725842667578,"duration":63072}},{"uid":"b49c4fe9d4031244","reportUrl":"https://status-im.github.io/status-cli-tests/193//#testresult/b49c4fe9d4031244","status":"failed","statusDetails":"AssertionError","time":{"start":1725756467666,"stop":1725756531442,"duration":63776}},{"uid":"68bfe7347eff4ebf","reportUrl":"https://status-im.github.io/status-cli-tests/192//#testresult/68bfe7347eff4ebf","status":"failed","statusDetails":"AssertionError","time":{"start":1725669962643,"stop":1725670044385,"duration":81742}},{"uid":"8f3e0da6d963067d","reportUrl":"https://status-im.github.io/status-cli-tests/191//#testresult/8f3e0da6d963067d","status":"failed","statusDetails":"AssertionError","time":{"start":1725583556305,"stop":1725583613440,"duration":57135}},{"uid":"aab736f1524cd4a0","reportUrl":"https://status-im.github.io/status-cli-tests/190//#testresult/aab736f1524cd4a0","status":"failed","statusDetails":"AssertionError","time":{"start":1725497254029,"stop":1725497348768,"duration":94739}},{"uid":"50ef440925197eaa","reportUrl":"https://status-im.github.io/status-cli-tests/189//#testresult/50ef440925197eaa","status":"failed","statusDetails":"AssertionError","time":{"start":1725410581372,"stop":1725410638099,"duration":56727}},{"uid":"4b564c05b3980630","reportUrl":"https://status-im.github.io/status-cli-tests/188//#testresult/4b564c05b3980630","status":"failed","statusDetails":"AssertionError","time":{"start":1725324330533,"stop":1725324390295,"duration":59762}},{"uid":"e837b07cdf5c0b56","reportUrl":"https://status-im.github.io/status-cli-tests/187//#testresult/e837b07cdf5c0b56","status":"failed","statusDetails":"AssertionError","time":{"start":1725237753564,"stop":1725237810323,"duration":56759}},{"uid":"489e42f84c847761","reportUrl":"https://status-im.github.io/status-cli-tests/186//#testresult/489e42f84c847761","status":"passed","time":{"start":1725151555673,"stop":1725151603426,"duration":47753}},{"uid":"c0e1d39e080ba5f9","reportUrl":"https://status-im.github.io/status-cli-tests/185//#testresult/c0e1d39e080ba5f9","status":"failed","statusDetails":"AssertionError","time":{"start":1725065120523,"stop":1725065178312,"duration":57789}},{"uid":"14ae952418827c09","reportUrl":"https://status-im.github.io/status-cli-tests/184//#testresult/14ae952418827c09","status":"failed","statusDetails":"AssertionError","time":{"start":1724978712626,"stop":1724978753673,"duration":41047}},{"uid":"f1b6df1f9891698c","reportUrl":"https://status-im.github.io/status-cli-tests/183//#testresult/f1b6df1f9891698c","status":"broken","statusDetails":"requests.exceptions.ReadTimeout: HTTPConnectionPool(host='127.0.0.1', port=39078): Read timed out. (read timeout=10)","time":{"start":1724892351779,"stop":1724892406277,"duration":54498}},{"uid":"c398379ad0c65420","reportUrl":"https://status-im.github.io/status-cli-tests/182//#testresult/c398379ad0c65420","status":"passed","time":{"start":1724806124477,"stop":1724806172188,"duration":47711}}]},"tags":["@pytest.mark.usefixtures('start_1_node')"]},"source":"4df5f78a5e9869fd.json","parameterValues":[]}