{"uid":"aa247ebd6562b26d","name":"test_join_community_with_packet_loss","fullName":"tests.test_join_community.TestJoinCommunity#test_join_community_with_packet_loss","historyId":"447b5e60edf20b9d6546c17e4d82b687","time":{"start":1736900952093,"stop":1736901012493,"duration":60400},"status":"failed","statusMessage":"AssertionError: Response does not contain 'result' key.","statusTrace":"tests/test_join_community.py:60: in test_join_community_with_packet_loss\n    self.test_join_community_baseline()\ntests/test_join_community.py:33: in test_join_community_baseline\n    response_accept_to_join = status_node.accept_request_to_join_community(request_to_join_id)\nsrc/node/status_node.py:201: in accept_request_to_join_community\n    return self.api.send_rpc_request(\"wakuext_acceptRequestToJoinCommunity\", params)\n/opt/hostedtoolcache/Python/3.12.8/x64/lib/python3.12/site-packages/tenacity/__init__.py:289: in wrapped_f\n    return self(f, *args, **kw)\n/opt/hostedtoolcache/Python/3.12.8/x64/lib/python3.12/site-packages/tenacity/__init__.py:379: in __call__\n    do = self.iter(retry_state=retry_state)\n/opt/hostedtoolcache/Python/3.12.8/x64/lib/python3.12/site-packages/tenacity/__init__.py:325: in iter\n    raise retry_exc.reraise()\n/opt/hostedtoolcache/Python/3.12.8/x64/lib/python3.12/site-packages/tenacity/__init__.py:158: in reraise\n    raise self.last_attempt.result()\n/opt/hostedtoolcache/Python/3.12.8/x64/lib/python3.12/concurrent/futures/_base.py:449: in result\n    return self.__get_result()\n/opt/hostedtoolcache/Python/3.12.8/x64/lib/python3.12/concurrent/futures/_base.py:401: in __get_result\n    raise self._exception\n/opt/hostedtoolcache/Python/3.12.8/x64/lib/python3.12/site-packages/tenacity/__init__.py:382: in __call__\n    result = fn(*args, **kwargs)\nsrc/node/rpc_client.py:27: in send_rpc_request\n    assert \"result\" in response.json(), \"Response does not contain 'result' key.\"\nE   AssertionError: Response does not contain 'result' key.","flaky":false,"newFailed":true,"newBroken":false,"newPassed":false,"retriesCount":0,"retriesStatusChange":false,"beforeStages":[{"name":"set_allure_env_variables","time":{"start":1736900167411,"stop":1736900167411,"duration":0},"status":"passed","steps":[],"attachments":[],"parameters":[],"shouldDisplayMessage":false,"stepsCount":0,"attachmentsCount":0,"hasContent":false,"attachmentStep":false},{"name":"clear_open_nodes","time":{"start":1736900944281,"stop":1736900944281,"duration":0},"status":"passed","steps":[],"attachments":[],"parameters":[],"shouldDisplayMessage":false,"stepsCount":0,"attachmentsCount":0,"hasContent":false,"attachmentStep":false},{"name":"save_node_logs_on_fail","time":{"start":1736900944281,"stop":1736900944281,"duration":0},"status":"passed","steps":[],"attachments":[],"parameters":[],"shouldDisplayMessage":false,"stepsCount":0,"attachmentsCount":0,"hasContent":false,"attachmentStep":false},{"name":"start_1_node","time":{"start":1736900944282,"stop":1736900952093,"duration":7811},"status":"passed","steps":[],"attachments":[],"parameters":[],"shouldDisplayMessage":false,"stepsCount":0,"attachmentsCount":0,"hasContent":false,"attachmentStep":false}],"testStage":{"status":"failed","statusMessage":"AssertionError: Response does not contain 'result' key.","statusTrace":"tests/test_join_community.py:60: in test_join_community_with_packet_loss\n    self.test_join_community_baseline()\ntests/test_join_community.py:33: in test_join_community_baseline\n    response_accept_to_join = status_node.accept_request_to_join_community(request_to_join_id)\nsrc/node/status_node.py:201: in accept_request_to_join_community\n    return self.api.send_rpc_request(\"wakuext_acceptRequestToJoinCommunity\", params)\n/opt/hostedtoolcache/Python/3.12.8/x64/lib/python3.12/site-packages/tenacity/__init__.py:289: in wrapped_f\n    return self(f, *args, **kw)\n/opt/hostedtoolcache/Python/3.12.8/x64/lib/python3.12/site-packages/tenacity/__init__.py:379: in __call__\n    do = self.iter(retry_state=retry_state)\n/opt/hostedtoolcache/Python/3.12.8/x64/lib/python3.12/site-packages/tenacity/__init__.py:325: in iter\n    raise retry_exc.reraise()\n/opt/hostedtoolcache/Python/3.12.8/x64/lib/python3.12/site-packages/tenacity/__init__.py:158: in reraise\n    raise self.last_attempt.result()\n/opt/hostedtoolcache/Python/3.12.8/x64/lib/python3.12/concurrent/futures/_base.py:449: in result\n    return self.__get_result()\n/opt/hostedtoolcache/Python/3.12.8/x64/lib/python3.12/concurrent/futures/_base.py:401: in __get_result\n    raise self._exception\n/opt/hostedtoolcache/Python/3.12.8/x64/lib/python3.12/site-packages/tenacity/__init__.py:382: in __call__\n    result = fn(*args, **kwargs)\nsrc/node/rpc_client.py:27: in send_rpc_request\n    assert \"result\" in response.json(), \"Response does not contain 'result' key.\"\nE   AssertionError: Response does not contain 'result' key.","steps":[],"attachments":[{"uid":"82ca6d42345154d9","name":"log","source":"82ca6d42345154d9.txt","type":"text/plain","size":235309}],"parameters":[],"shouldDisplayMessage":true,"stepsCount":0,"attachmentsCount":1,"hasContent":true,"attachmentStep":false},"afterStages":[{"name":"save_node_logs_on_fail::0","time":{"start":1736901012566,"stop":1736901012568,"duration":2},"status":"passed","steps":[],"attachments":[],"parameters":[],"shouldDisplayMessage":false,"stepsCount":0,"attachmentsCount":0,"hasContent":false,"attachmentStep":false},{"name":"clear_open_nodes::0","time":{"start":1736901012568,"stop":1736901012688,"duration":120},"status":"passed","steps":[],"attachments":[],"parameters":[],"shouldDisplayMessage":false,"stepsCount":0,"attachmentsCount":0,"hasContent":false,"attachmentStep":false},{"name":"set_allure_env_variables::0","time":{"start":1736901417532,"stop":1736901417533,"duration":1},"status":"passed","steps":[],"attachments":[],"parameters":[],"shouldDisplayMessage":false,"stepsCount":0,"attachmentsCount":0,"hasContent":false,"attachmentStep":false}],"labels":[{"name":"tag","value":"@pytest.mark.usefixtures('start_1_node')"},{"name":"parentSuite","value":"tests"},{"name":"suite","value":"test_join_community"},{"name":"subSuite","value":"TestJoinCommunity"},{"name":"host","value":"fv-az790-169"},{"name":"thread","value":"60532-MainThread"},{"name":"framework","value":"pytest"},{"name":"language","value":"cpython3"},{"name":"package","value":"tests.test_join_community"},{"name":"resultFormat","value":"allure2"}],"parameters":[],"links":[],"hidden":false,"retry":false,"extra":{"severity":"normal","retries":[],"categories":[{"name":"Product defects","matchedStatuses":[],"flaky":false}],"history":{"statistic":{"failed":21,"broken":69,"skipped":0,"passed":9,"unknown":0,"total":99},"items":[{"uid":"883688c0bf9e80f","reportUrl":"https://status-im.github.io/status-cli-tests/336//#testresult/883688c0bf9e80f","status":"broken","statusDetails":"RuntimeError: Request to http://127.0.0.1:25202 usig method wakuext_fetchCommunity timed out after 10 seconds. Node: first_node","time":{"start":1736728183164,"stop":1736728236391,"duration":53227}},{"uid":"46b4575a29fa6d99","reportUrl":"https://status-im.github.io/status-cli-tests/335//#testresult/46b4575a29fa6d99","status":"passed","time":{"start":1736641831521,"stop":1736641886642,"duration":55121}},{"uid":"a8d91501661c3f24","reportUrl":"https://status-im.github.io/status-cli-tests/334//#testresult/a8d91501661c3f24","status":"passed","time":{"start":1736555355512,"stop":1736555453330,"duration":97818}},{"uid":"69932c3d337524e6","reportUrl":"https://status-im.github.io/status-cli-tests/333//#testresult/69932c3d337524e6","status":"broken","statusDetails":"RuntimeError: Request to http://127.0.0.1:48696 usig method wakuext_fetchCommunity timed out after 10 seconds. Node: first_node","time":{"start":1736468980894,"stop":1736469043722,"duration":62828}},{"uid":"dd860b71bf8c24ff","reportUrl":"https://status-im.github.io/status-cli-tests/332//#testresult/dd860b71bf8c24ff","status":"broken","statusDetails":"RuntimeError: Request to http://127.0.0.1:17033 usig method wakuext_fetchCommunity timed out after 10 seconds. Node: first_node","time":{"start":1736382623040,"stop":1736382695288,"duration":72248}},{"uid":"7bb142329a2df590","reportUrl":"https://status-im.github.io/status-cli-tests/331//#testresult/7bb142329a2df590","status":"passed","time":{"start":1736320409853,"stop":1736320467838,"duration":57985}},{"uid":"aa0fdca096a04466","reportUrl":"https://status-im.github.io/status-cli-tests/330//#testresult/aa0fdca096a04466","status":"broken","statusDetails":"RuntimeError: Request to http://127.0.0.1:7692 usig method wakuext_fetchCommunity timed out after 10 seconds. Node: first_node","time":{"start":1736317126128,"stop":1736317180568,"duration":54440}},{"uid":"4aac378bb67154e","reportUrl":"https://status-im.github.io/status-cli-tests/329//#testresult/4aac378bb67154e","status":"failed","statusDetails":"AssertionError: Response does not contain 'result' key.","time":{"start":1736296652233,"stop":1736296717976,"duration":65743}},{"uid":"f4a31cf8b8920100","reportUrl":"https://status-im.github.io/status-cli-tests/328//#testresult/f4a31cf8b8920100","status":"broken","statusDetails":"RuntimeError: Request to http://127.0.0.1:14773 usig method wakuext_fetchCommunity timed out after 10 seconds. Node: first_node","time":{"start":1736210447795,"stop":1736210506435,"duration":58640}},{"uid":"e3d232d9f037a42c","reportUrl":"https://status-im.github.io/status-cli-tests/327//#testresult/e3d232d9f037a42c","status":"broken","statusDetails":"RuntimeError: Request to http://127.0.0.1:36698 usig method wakuext_fetchCommunity timed out after 10 seconds. Node: first_node","time":{"start":1736123954911,"stop":1736124024110,"duration":69199}},{"uid":"6c1284994d98ef67","reportUrl":"https://status-im.github.io/status-cli-tests/326//#testresult/6c1284994d98ef67","status":"broken","statusDetails":"RuntimeError: Request to http://127.0.0.1:54635 usig method wakuext_fetchCommunity timed out after 10 seconds. Node: first_node","time":{"start":1736037654835,"stop":1736037712551,"duration":57716}},{"uid":"6db18bd5ed9f588d","reportUrl":"https://status-im.github.io/status-cli-tests/325//#testresult/6db18bd5ed9f588d","status":"broken","statusDetails":"RuntimeError: Request to http://127.0.0.1:8496 usig method wakuext_fetchCommunity timed out after 10 seconds. Node: first_node","time":{"start":1735951125264,"stop":1735951181038,"duration":55774}},{"uid":"d22f11c37908a499","reportUrl":"https://status-im.github.io/status-cli-tests/324//#testresult/d22f11c37908a499","status":"broken","statusDetails":"RuntimeError: Request to http://127.0.0.1:6106 usig method wakuext_fetchCommunity timed out after 10 seconds. Node: first_node","time":{"start":1735864677186,"stop":1735864733016,"duration":55830}},{"uid":"a9786dba5d1f4c2","reportUrl":"https://status-im.github.io/status-cli-tests/323//#testresult/a9786dba5d1f4c2","status":"failed","statusDetails":"AssertionError: Response does not contain 'result' key.","time":{"start":1735778236415,"stop":1735778298578,"duration":62163}},{"uid":"4aaf3e773089dba9","reportUrl":"https://status-im.github.io/status-cli-tests/322//#testresult/4aaf3e773089dba9","status":"broken","statusDetails":"RuntimeError: Request to http://127.0.0.1:60902 usig method wakuext_fetchCommunity timed out after 10 seconds. Node: first_node","time":{"start":1735691970992,"stop":1735692025463,"duration":54471}},{"uid":"f57ed462cc77e90b","reportUrl":"https://status-im.github.io/status-cli-tests/321//#testresult/f57ed462cc77e90b","status":"broken","statusDetails":"RuntimeError: Request to http://127.0.0.1:13969 usig method wakuext_fetchCommunity timed out after 10 seconds. Node: first_node","time":{"start":1735605480025,"stop":1735605539778,"duration":59753}},{"uid":"67372e45b4070b2a","reportUrl":"https://status-im.github.io/status-cli-tests/320//#testresult/67372e45b4070b2a","status":"broken","statusDetails":"RuntimeError: Request to http://127.0.0.1:47837 usig method wakuext_fetchCommunity timed out after 10 seconds. Node: first_node","time":{"start":1735519107371,"stop":1735519182049,"duration":74678}},{"uid":"7fc62eed54595703","reportUrl":"https://status-im.github.io/status-cli-tests/319//#testresult/7fc62eed54595703","status":"broken","statusDetails":"RuntimeError: Request to http://127.0.0.1:34775 usig method wakuext_fetchCommunity timed out after 10 seconds. Node: first_node","time":{"start":1735432754006,"stop":1735432808454,"duration":54448}},{"uid":"b3e247b0daac5050","reportUrl":"https://status-im.github.io/status-cli-tests/318//#testresult/b3e247b0daac5050","status":"broken","statusDetails":"RuntimeError: Request to http://127.0.0.1:37048 usig method wakuext_fetchCommunity timed out after 10 seconds. Node: first_node","time":{"start":1735346347623,"stop":1735346415136,"duration":67513}},{"uid":"23f2baef21d53a85","reportUrl":"https://status-im.github.io/status-cli-tests/317//#testresult/23f2baef21d53a85","status":"broken","statusDetails":"RuntimeError: Request to http://127.0.0.1:30014 usig method wakuext_fetchCommunity timed out after 10 seconds. Node: first_node","time":{"start":1735260030552,"stop":1735260103143,"duration":72591}}]},"tags":["@pytest.mark.usefixtures('start_1_node')"]},"source":"aa247ebd6562b26d.json","parameterValues":[]}