{"uid":"79ad92bbeeb89c9b","name":"test_community_messages_with_node_pause_30_seconds","fullName":"tests.test_community_messages.TestCommunityMessages#test_community_messages_with_node_pause_30_seconds","historyId":"6b2d6dc00da0a51e504a132375754954","time":{"start":1735431677826,"stop":1735431708490,"duration":30664},"status":"failed","statusMessage":"AssertionError: Response does not contain 'result' key.","statusTrace":"tests/test_community_messages.py:91: in test_community_messages_with_node_pause_30_seconds\n    self.first_node.send_community_chat_message(message_chat_id, message)\nsrc/node/status_node.py:205: in send_community_chat_message\n    return self.api.send_rpc_request(\"wakuext_sendChatMessage\", params)\n/opt/hostedtoolcache/Python/3.12.8/x64/lib/python3.12/site-packages/tenacity/__init__.py:289: in wrapped_f\n    return self(f, *args, **kw)\n/opt/hostedtoolcache/Python/3.12.8/x64/lib/python3.12/site-packages/tenacity/__init__.py:379: in __call__\n    do = self.iter(retry_state=retry_state)\n/opt/hostedtoolcache/Python/3.12.8/x64/lib/python3.12/site-packages/tenacity/__init__.py:325: in iter\n    raise retry_exc.reraise()\n/opt/hostedtoolcache/Python/3.12.8/x64/lib/python3.12/site-packages/tenacity/__init__.py:158: in reraise\n    raise self.last_attempt.result()\n/opt/hostedtoolcache/Python/3.12.8/x64/lib/python3.12/concurrent/futures/_base.py:449: in result\n    return self.__get_result()\n/opt/hostedtoolcache/Python/3.12.8/x64/lib/python3.12/concurrent/futures/_base.py:401: in __get_result\n    raise self._exception\n/opt/hostedtoolcache/Python/3.12.8/x64/lib/python3.12/site-packages/tenacity/__init__.py:382: in __call__\n    result = fn(*args, **kwargs)\nsrc/node/rpc_client.py:27: in send_rpc_request\n    assert \"result\" in response.json(), \"Response does not contain 'result' key.\"\nE   AssertionError: Response does not contain 'result' key.","flaky":false,"newFailed":false,"newBroken":false,"newPassed":false,"retriesCount":2,"retriesStatusChange":false,"beforeStages":[{"name":"set_allure_env_variables","time":{"start":1735431431065,"stop":1735431431065,"duration":0},"status":"passed","steps":[],"attachments":[],"parameters":[],"shouldDisplayMessage":false,"stepsCount":0,"attachmentsCount":0,"hasContent":false,"attachmentStep":false},{"name":"clear_open_nodes","time":{"start":1735431670015,"stop":1735431670015,"duration":0},"status":"passed","steps":[],"attachments":[],"parameters":[],"shouldDisplayMessage":false,"stepsCount":0,"attachmentsCount":0,"hasContent":false,"attachmentStep":false},{"name":"save_node_logs_on_fail","time":{"start":1735431670015,"stop":1735431670016,"duration":1},"status":"passed","steps":[],"attachments":[],"parameters":[],"shouldDisplayMessage":false,"stepsCount":0,"attachmentsCount":0,"hasContent":false,"attachmentStep":false},{"name":"start_1_node","time":{"start":1735431670016,"stop":1735431677825,"duration":7809},"status":"passed","steps":[],"attachments":[],"parameters":[],"shouldDisplayMessage":false,"stepsCount":0,"attachmentsCount":0,"hasContent":false,"attachmentStep":false}],"testStage":{"status":"failed","statusMessage":"AssertionError: Response does not contain 'result' key.","statusTrace":"tests/test_community_messages.py:91: in test_community_messages_with_node_pause_30_seconds\n    self.first_node.send_community_chat_message(message_chat_id, message)\nsrc/node/status_node.py:205: in send_community_chat_message\n    return self.api.send_rpc_request(\"wakuext_sendChatMessage\", params)\n/opt/hostedtoolcache/Python/3.12.8/x64/lib/python3.12/site-packages/tenacity/__init__.py:289: in wrapped_f\n    return self(f, *args, **kw)\n/opt/hostedtoolcache/Python/3.12.8/x64/lib/python3.12/site-packages/tenacity/__init__.py:379: in __call__\n    do = self.iter(retry_state=retry_state)\n/opt/hostedtoolcache/Python/3.12.8/x64/lib/python3.12/site-packages/tenacity/__init__.py:325: in iter\n    raise retry_exc.reraise()\n/opt/hostedtoolcache/Python/3.12.8/x64/lib/python3.12/site-packages/tenacity/__init__.py:158: in reraise\n    raise self.last_attempt.result()\n/opt/hostedtoolcache/Python/3.12.8/x64/lib/python3.12/concurrent/futures/_base.py:449: in result\n    return self.__get_result()\n/opt/hostedtoolcache/Python/3.12.8/x64/lib/python3.12/concurrent/futures/_base.py:401: in __get_result\n    raise self._exception\n/opt/hostedtoolcache/Python/3.12.8/x64/lib/python3.12/site-packages/tenacity/__init__.py:382: in __call__\n    result = fn(*args, **kwargs)\nsrc/node/rpc_client.py:27: in send_rpc_request\n    assert \"result\" in response.json(), \"Response does not contain 'result' key.\"\nE   AssertionError: Response does not contain 'result' key.","steps":[],"attachments":[{"uid":"f5f45a010db9a695","name":"log","source":"f5f45a010db9a695.txt","type":"text/plain","size":388645}],"parameters":[],"shouldDisplayMessage":true,"stepsCount":0,"attachmentsCount":1,"hasContent":true,"attachmentStep":false},"afterStages":[{"name":"save_node_logs_on_fail::0","time":{"start":1735431708526,"stop":1735431708527,"duration":1},"status":"passed","steps":[],"attachments":[],"parameters":[],"shouldDisplayMessage":false,"stepsCount":0,"attachmentsCount":0,"hasContent":false,"attachmentStep":false},{"name":"clear_open_nodes::0","time":{"start":1735431708527,"stop":1735431708548,"duration":21},"status":"passed","steps":[],"attachments":[],"parameters":[],"shouldDisplayMessage":false,"stepsCount":0,"attachmentsCount":0,"hasContent":false,"attachmentStep":false},{"name":"set_allure_env_variables::0","time":{"start":1735433519715,"stop":1735433519715,"duration":0},"status":"passed","steps":[],"attachments":[],"parameters":[],"shouldDisplayMessage":false,"stepsCount":0,"attachmentsCount":0,"hasContent":false,"attachmentStep":false}],"labels":[{"name":"tag","value":"flaky(reruns=2)"},{"name":"tag","value":"@pytest.mark.usefixtures('start_1_node')"},{"name":"parentSuite","value":"tests"},{"name":"suite","value":"test_community_messages"},{"name":"subSuite","value":"TestCommunityMessages"},{"name":"host","value":"fv-az1959-573"},{"name":"thread","value":"60494-MainThread"},{"name":"framework","value":"pytest"},{"name":"language","value":"cpython3"},{"name":"package","value":"tests.test_community_messages"},{"name":"resultFormat","value":"allure2"}],"parameters":[],"links":[],"hidden":false,"retry":false,"extra":{"severity":"normal","retries":[{"uid":"89988eec482883ab","status":"failed","statusDetails":"AssertionError: Response does not contain 'result' key.","time":{"start":1735431649582,"stop":1735431669949,"duration":20367}},{"uid":"4cea50015c0c75fa","status":"failed","statusDetails":"AssertionError: Response does not contain 'result' key.","time":{"start":1735431621048,"stop":1735431641703,"duration":20655}}],"categories":[{"name":"Product defects","matchedStatuses":[],"flaky":false}],"history":{"statistic":{"failed":61,"broken":6,"skipped":0,"passed":14,"unknown":0,"total":81},"items":[{"uid":"1cd42ee0ed16d8ad","reportUrl":"https://status-im.github.io/status-cli-tests/318//#testresult/1cd42ee0ed16d8ad","status":"failed","statusDetails":"AssertionError: Response does not contain 'result' key.","time":{"start":1735345215416,"stop":1735345245707,"duration":30291}},{"uid":"a5cdfac939aa5783","reportUrl":"https://status-im.github.io/status-cli-tests/317//#testresult/a5cdfac939aa5783","status":"failed","statusDetails":"AssertionError: Response does not contain 'result' key.","time":{"start":1735258809381,"stop":1735258830612,"duration":21231}},{"uid":"3bf5aef36e6c1304","reportUrl":"https://status-im.github.io/status-cli-tests/316//#testresult/3bf5aef36e6c1304","status":"failed","statusDetails":"AssertionError: Response does not contain 'result' key.","time":{"start":1735172413886,"stop":1735172435536,"duration":21650}},{"uid":"23df8e562976c941","reportUrl":"https://status-im.github.io/status-cli-tests/315//#testresult/23df8e562976c941","status":"failed","statusDetails":"AssertionError: Response does not contain 'result' key.","time":{"start":1735086020947,"stop":1735086042817,"duration":21870}},{"uid":"df08e11a0dba5226","reportUrl":"https://status-im.github.io/status-cli-tests/314//#testresult/df08e11a0dba5226","status":"failed","statusDetails":"AssertionError: Response does not contain 'result' key.","time":{"start":1734999617405,"stop":1734999638633,"duration":21228}},{"uid":"fe151490227eac7f","reportUrl":"https://status-im.github.io/status-cli-tests/313//#testresult/fe151490227eac7f","status":"failed","statusDetails":"AssertionError: Response does not contain 'result' key.","time":{"start":1734913240831,"stop":1734913261824,"duration":20993}},{"uid":"181d5f66d9949a5e","reportUrl":"https://status-im.github.io/status-cli-tests/312//#testresult/181d5f66d9949a5e","status":"failed","statusDetails":"AssertionError: Response does not contain 'result' key.","time":{"start":1734826871726,"stop":1734826892287,"duration":20561}},{"uid":"cd7583920eee780e","reportUrl":"https://status-im.github.io/status-cli-tests/311//#testresult/cd7583920eee780e","status":"failed","statusDetails":"AssertionError: Response does not contain 'result' key.","time":{"start":1734740401611,"stop":1734740422007,"duration":20396}},{"uid":"bb26db28bc78dccd","reportUrl":"https://status-im.github.io/status-cli-tests/310//#testresult/bb26db28bc78dccd","status":"failed","statusDetails":"AssertionError: Response does not contain 'result' key.","time":{"start":1734654057637,"stop":1734654088341,"duration":30704}},{"uid":"3d58cc9ecb0dc2dc","reportUrl":"https://status-im.github.io/status-cli-tests/309//#testresult/3d58cc9ecb0dc2dc","status":"passed","time":{"start":1734567616167,"stop":1734567642736,"duration":26569}},{"uid":"cdfc6ffcc6fd0d8d","reportUrl":"https://status-im.github.io/status-cli-tests/308//#testresult/cdfc6ffcc6fd0d8d","status":"failed","statusDetails":"AssertionError: Response does not contain 'result' key.","time":{"start":1734481289102,"stop":1734481319425,"duration":30323}},{"uid":"fdd2bae495b8aac5","reportUrl":"https://status-im.github.io/status-cli-tests/307//#testresult/fdd2bae495b8aac5","status":"passed","time":{"start":1734394816551,"stop":1734394842062,"duration":25511}},{"uid":"da1413cc401aed18","reportUrl":"https://status-im.github.io/status-cli-tests/306//#testresult/da1413cc401aed18","status":"failed","statusDetails":"AssertionError: Response does not contain 'result' key.","time":{"start":1734308501725,"stop":1734308532202,"duration":30477}},{"uid":"c8f29a1e1e03869","reportUrl":"https://status-im.github.io/status-cli-tests/305//#testresult/c8f29a1e1e03869","status":"passed","time":{"start":1734222205300,"stop":1734222230883,"duration":25583}},{"uid":"27ccda26a676a399","reportUrl":"https://status-im.github.io/status-cli-tests/304//#testresult/27ccda26a676a399","status":"failed","statusDetails":"AssertionError: Response does not contain 'result' key.","time":{"start":1734135726364,"stop":1734135756707,"duration":30343}},{"uid":"84757bf1a94fe7f","reportUrl":"https://status-im.github.io/status-cli-tests/303//#testresult/84757bf1a94fe7f","status":"passed","time":{"start":1734049270788,"stop":1734049292595,"duration":21807}},{"uid":"ca4215dae35c05e0","reportUrl":"https://status-im.github.io/status-cli-tests/302//#testresult/ca4215dae35c05e0","status":"passed","time":{"start":1733962848020,"stop":1733962879643,"duration":31623}},{"uid":"3a86f8a0599c2946","reportUrl":"https://status-im.github.io/status-cli-tests/301//#testresult/3a86f8a0599c2946","status":"passed","time":{"start":1733876372746,"stop":1733876395261,"duration":22515}},{"uid":"f5d696fab3a68bbb","reportUrl":"https://status-im.github.io/status-cli-tests/300//#testresult/f5d696fab3a68bbb","status":"passed","time":{"start":1733789940914,"stop":1733789962379,"duration":21465}},{"uid":"e85b8a42aadcaec5","reportUrl":"https://status-im.github.io/status-cli-tests/299//#testresult/e85b8a42aadcaec5","status":"passed","time":{"start":1733703555915,"stop":1733703577265,"duration":21350}}]},"tags":["@pytest.mark.usefixtures('start_1_node')","flaky(reruns=2)"]},"source":"79ad92bbeeb89c9b.json","parameterValues":[]}