{"uid":"21d00e0ea19c30a5","name":"test_leave_community_baseline","fullName":"tests.test_leave_community.TestLeaveCommunity#test_leave_community_baseline","historyId":"ba5f179862c2394ab88a56b56e94ab6d","time":{"start":1741567207027,"stop":1741567262656,"duration":55629},"status":"failed","statusMessage":"AssertionError: Response does not contain 'result' key.","statusTrace":"tests/test_leave_community.py:13: in test_leave_community_baseline\n    self.join_created_communities()\nsrc/steps/common.py:176: in join_created_communities\n    response_to_join = self.first_node.request_to_join_community(community_id)\nsrc/node/status_node.py:197: in request_to_join_community\n    return self.api.send_rpc_request(\"wakuext_requestToJoinCommunity\", params)\n/opt/hostedtoolcache/Python/3.12.9/x64/lib/python3.12/site-packages/tenacity/__init__.py:289: in wrapped_f\n    return self(f, *args, **kw)\n/opt/hostedtoolcache/Python/3.12.9/x64/lib/python3.12/site-packages/tenacity/__init__.py:379: in __call__\n    do = self.iter(retry_state=retry_state)\n/opt/hostedtoolcache/Python/3.12.9/x64/lib/python3.12/site-packages/tenacity/__init__.py:325: in iter\n    raise retry_exc.reraise()\n/opt/hostedtoolcache/Python/3.12.9/x64/lib/python3.12/site-packages/tenacity/__init__.py:158: in reraise\n    raise self.last_attempt.result()\n/opt/hostedtoolcache/Python/3.12.9/x64/lib/python3.12/concurrent/futures/_base.py:449: in result\n    return self.__get_result()\n/opt/hostedtoolcache/Python/3.12.9/x64/lib/python3.12/concurrent/futures/_base.py:401: in __get_result\n    raise self._exception\n/opt/hostedtoolcache/Python/3.12.9/x64/lib/python3.12/site-packages/tenacity/__init__.py:382: in __call__\n    result = fn(*args, **kwargs)\nsrc/node/rpc_client.py:27: in send_rpc_request\n    assert \"result\" in response.json(), \"Response does not contain 'result' key.\"\nE   AssertionError: Response does not contain 'result' key.","flaky":false,"newFailed":false,"newBroken":false,"newPassed":false,"retriesCount":2,"retriesStatusChange":false,"beforeStages":[{"name":"set_allure_env_variables","time":{"start":1741565676321,"stop":1741565676321,"duration":0},"status":"passed","steps":[],"attachments":[],"parameters":[],"shouldDisplayMessage":false,"stepsCount":0,"attachmentsCount":0,"hasContent":false,"attachmentStep":false},{"name":"clear_open_nodes","time":{"start":1741567199114,"stop":1741567199114,"duration":0},"status":"passed","steps":[],"attachments":[],"parameters":[],"shouldDisplayMessage":false,"stepsCount":0,"attachmentsCount":0,"hasContent":false,"attachmentStep":false},{"name":"save_node_logs_on_fail","time":{"start":1741567199114,"stop":1741567199114,"duration":0},"status":"passed","steps":[],"attachments":[],"parameters":[],"shouldDisplayMessage":false,"stepsCount":0,"attachmentsCount":0,"hasContent":false,"attachmentStep":false},{"name":"start_1_node","time":{"start":1741567199114,"stop":1741567207027,"duration":7913},"status":"passed","steps":[],"attachments":[],"parameters":[],"shouldDisplayMessage":false,"stepsCount":0,"attachmentsCount":0,"hasContent":false,"attachmentStep":false}],"testStage":{"status":"failed","statusMessage":"AssertionError: Response does not contain 'result' key.","statusTrace":"tests/test_leave_community.py:13: in test_leave_community_baseline\n    self.join_created_communities()\nsrc/steps/common.py:176: in join_created_communities\n    response_to_join = self.first_node.request_to_join_community(community_id)\nsrc/node/status_node.py:197: in request_to_join_community\n    return self.api.send_rpc_request(\"wakuext_requestToJoinCommunity\", params)\n/opt/hostedtoolcache/Python/3.12.9/x64/lib/python3.12/site-packages/tenacity/__init__.py:289: in wrapped_f\n    return self(f, *args, **kw)\n/opt/hostedtoolcache/Python/3.12.9/x64/lib/python3.12/site-packages/tenacity/__init__.py:379: in __call__\n    do = self.iter(retry_state=retry_state)\n/opt/hostedtoolcache/Python/3.12.9/x64/lib/python3.12/site-packages/tenacity/__init__.py:325: in iter\n    raise retry_exc.reraise()\n/opt/hostedtoolcache/Python/3.12.9/x64/lib/python3.12/site-packages/tenacity/__init__.py:158: in reraise\n    raise self.last_attempt.result()\n/opt/hostedtoolcache/Python/3.12.9/x64/lib/python3.12/concurrent/futures/_base.py:449: in result\n    return self.__get_result()\n/opt/hostedtoolcache/Python/3.12.9/x64/lib/python3.12/concurrent/futures/_base.py:401: in __get_result\n    raise self._exception\n/opt/hostedtoolcache/Python/3.12.9/x64/lib/python3.12/site-packages/tenacity/__init__.py:382: in __call__\n    result = fn(*args, **kwargs)\nsrc/node/rpc_client.py:27: in send_rpc_request\n    assert \"result\" in response.json(), \"Response does not contain 'result' key.\"\nE   AssertionError: Response does not contain 'result' key.","steps":[],"attachments":[{"uid":"a5d3ff2eef1eff03","name":"log","source":"a5d3ff2eef1eff03.txt","type":"text/plain","size":530164}],"parameters":[],"shouldDisplayMessage":true,"stepsCount":0,"attachmentsCount":1,"hasContent":true,"attachmentStep":false},"afterStages":[{"name":"save_node_logs_on_fail::0","time":{"start":1741567262702,"stop":1741567262711,"duration":9},"status":"passed","steps":[],"attachments":[],"parameters":[],"shouldDisplayMessage":false,"stepsCount":0,"attachmentsCount":0,"hasContent":false,"attachmentStep":false},{"name":"clear_open_nodes::0","time":{"start":1741567262711,"stop":1741567262835,"duration":124},"status":"passed","steps":[],"attachments":[],"parameters":[],"shouldDisplayMessage":false,"stepsCount":0,"attachmentsCount":0,"hasContent":false,"attachmentStep":false},{"name":"set_allure_env_variables::0","time":{"start":1741567522619,"stop":1741567522619,"duration":0},"status":"passed","steps":[],"attachments":[],"parameters":[],"shouldDisplayMessage":false,"stepsCount":0,"attachmentsCount":0,"hasContent":false,"attachmentStep":false}],"labels":[{"name":"tag","value":"flaky(reruns=2)"},{"name":"tag","value":"@pytest.mark.usefixtures('start_1_node')"},{"name":"parentSuite","value":"tests"},{"name":"suite","value":"test_leave_community"},{"name":"subSuite","value":"TestLeaveCommunity"},{"name":"host","value":"fv-az1670-531"},{"name":"thread","value":"50971-MainThread"},{"name":"framework","value":"pytest"},{"name":"language","value":"cpython3"},{"name":"package","value":"tests.test_leave_community"},{"name":"resultFormat","value":"allure2"}],"parameters":[],"links":[],"hidden":false,"retry":false,"extra":{"severity":"normal","retries":[{"uid":"c14cdb1c7af27047","status":"failed","statusDetails":"AssertionError: Response does not contain 'result' key.","time":{"start":1741567153062,"stop":1741567198931,"duration":45869}},{"uid":"ef36af27e6380af0","status":"failed","statusDetails":"AssertionError: Response does not contain 'result' key.","time":{"start":1741567099082,"stop":1741567144953,"duration":45871}}],"categories":[{"name":"Product defects","matchedStatuses":[],"flaky":false}],"history":{"statistic":{"failed":115,"broken":4,"skipped":0,"passed":34,"unknown":0,"total":153},"items":[{"uid":"90ef8e8890170455","reportUrl":"https://status-im.github.io/status-cli-tests/391//#testresult/90ef8e8890170455","status":"failed","statusDetails":"AssertionError: Response does not contain 'result' key.","time":{"start":1741480779628,"stop":1741480835508,"duration":55880}},{"uid":"bc02112988887a75","reportUrl":"https://status-im.github.io/status-cli-tests/390//#testresult/bc02112988887a75","status":"failed","statusDetails":"AssertionError: Response does not contain 'result' key.","time":{"start":1741394308471,"stop":1741394353999,"duration":45528}},{"uid":"993270ee6b363aa4","reportUrl":"https://status-im.github.io/status-cli-tests/389//#testresult/993270ee6b363aa4","status":"failed","statusDetails":"AssertionError: Response does not contain 'result' key.","time":{"start":1741307970775,"stop":1741308024855,"duration":54080}},{"uid":"72037047979af30e","reportUrl":"https://status-im.github.io/status-cli-tests/388//#testresult/72037047979af30e","status":"failed","statusDetails":"AssertionError: Response does not contain 'result' key.","time":{"start":1741221625755,"stop":1741221670346,"duration":44591}},{"uid":"b9db7c45241326c1","reportUrl":"https://status-im.github.io/status-cli-tests/387//#testresult/b9db7c45241326c1","status":"failed","statusDetails":"AssertionError: Response does not contain 'result' key.","time":{"start":1741135278807,"stop":1741135331919,"duration":53112}},{"uid":"5975bb6b9b5d4db1","reportUrl":"https://status-im.github.io/status-cli-tests/386//#testresult/5975bb6b9b5d4db1","status":"failed","statusDetails":"AssertionError: Response does not contain 'result' key.","time":{"start":1741049112972,"stop":1741049175788,"duration":62816}},{"uid":"40873e3e75b9937d","reportUrl":"https://status-im.github.io/status-cli-tests/385//#testresult/40873e3e75b9937d","status":"failed","statusDetails":"AssertionError: Response does not contain 'result' key.","time":{"start":1740962425034,"stop":1740962468043,"duration":43009}},{"uid":"62298d89a4b74393","reportUrl":"https://status-im.github.io/status-cli-tests/384//#testresult/62298d89a4b74393","status":"failed","statusDetails":"AssertionError: Response does not contain 'result' key.","time":{"start":1740876055676,"stop":1740876105210,"duration":49534}},{"uid":"ca087fb87ee26365","reportUrl":"https://status-im.github.io/status-cli-tests/383//#testresult/ca087fb87ee26365","status":"failed","statusDetails":"AssertionError: Response does not contain 'result' key.","time":{"start":1740789586609,"stop":1740789631708,"duration":45099}},{"uid":"41ff0109373cfb2b","reportUrl":"https://status-im.github.io/status-cli-tests/382//#testresult/41ff0109373cfb2b","status":"failed","statusDetails":"AssertionError: Response does not contain 'result' key.","time":{"start":1740703096658,"stop":1740703138488,"duration":41830}},{"uid":"44c0654dcbc9371d","reportUrl":"https://status-im.github.io/status-cli-tests/381//#testresult/44c0654dcbc9371d","status":"failed","statusDetails":"AssertionError: Response does not contain 'result' key.","time":{"start":1740616731078,"stop":1740616772939,"duration":41861}},{"uid":"5ebf65add7b1d5f8","reportUrl":"https://status-im.github.io/status-cli-tests/380//#testresult/5ebf65add7b1d5f8","status":"failed","statusDetails":"AssertionError: Response does not contain 'result' key.","time":{"start":1740530282302,"stop":1740530325858,"duration":43556}},{"uid":"f97933f2ae445772","reportUrl":"https://status-im.github.io/status-cli-tests/379//#testresult/f97933f2ae445772","status":"failed","statusDetails":"AssertionError: Response does not contain 'result' key.","time":{"start":1740443762151,"stop":1740443800327,"duration":38176}},{"uid":"21a735fa09b1a3a1","reportUrl":"https://status-im.github.io/status-cli-tests/378//#testresult/21a735fa09b1a3a1","status":"failed","statusDetails":"AssertionError: Response does not contain 'result' key.","time":{"start":1740357342798,"stop":1740357381023,"duration":38225}},{"uid":"2f0a1a4bd9be6da6","reportUrl":"https://status-im.github.io/status-cli-tests/377//#testresult/2f0a1a4bd9be6da6","status":"failed","statusDetails":"AssertionError: Response does not contain 'result' key.","time":{"start":1740271035886,"stop":1740271074157,"duration":38271}},{"uid":"36d87ca5b730cdfb","reportUrl":"https://status-im.github.io/status-cli-tests/376//#testresult/36d87ca5b730cdfb","status":"failed","statusDetails":"AssertionError: Response does not contain 'result' key.","time":{"start":1740184790593,"stop":1740184842551,"duration":51958}},{"uid":"8bf8cff87e545815","reportUrl":"https://status-im.github.io/status-cli-tests/375//#testresult/8bf8cff87e545815","status":"failed","statusDetails":"AssertionError: Response does not contain 'result' key.","time":{"start":1740098136622,"stop":1740098174847,"duration":38225}},{"uid":"9c54796a675f45ef","reportUrl":"https://status-im.github.io/status-cli-tests/374//#testresult/9c54796a675f45ef","status":"failed","statusDetails":"AssertionError: Response does not contain 'result' key.","time":{"start":1740011723532,"stop":1740011765859,"duration":42327}},{"uid":"d4532e70a700396d","reportUrl":"https://status-im.github.io/status-cli-tests/373//#testresult/d4532e70a700396d","status":"failed","statusDetails":"AssertionError: Response does not contain 'result' key.","time":{"start":1739925133922,"stop":1739925172399,"duration":38477}},{"uid":"31bda53e67188416","reportUrl":"https://status-im.github.io/status-cli-tests/372//#testresult/31bda53e67188416","status":"failed","statusDetails":"AssertionError: Response does not contain 'result' key.","time":{"start":1739838941612,"stop":1739838979867,"duration":38255}}]},"tags":["@pytest.mark.usefixtures('start_1_node')","flaky(reruns=2)"]},"source":"21d00e0ea19c30a5.json","parameterValues":[]}