{"uid":"be37d579c70ef257","name":"test_community_messages_with_node_pause_30_seconds","fullName":"tests.test_community_messages.TestCommunityMessages#test_community_messages_with_node_pause_30_seconds","historyId":"6b2d6dc00da0a51e504a132375754954","time":{"start":1729988523574,"stop":1729988554780,"duration":31206},"status":"failed","statusMessage":"AssertionError: Response does not contain 'result' key.","statusTrace":"tests/test_community_messages.py:91: in test_community_messages_with_node_pause_30_seconds\n    self.first_node.send_community_chat_message(message_chat_id, message)\nsrc/node/status_node.py:205: in send_community_chat_message\n    return self.api.send_rpc_request(\"wakuext_sendChatMessage\", params)\n/opt/hostedtoolcache/Python/3.12.7/x64/lib/python3.12/site-packages/tenacity/__init__.py:289: in wrapped_f\n    return self(f, *args, **kw)\n/opt/hostedtoolcache/Python/3.12.7/x64/lib/python3.12/site-packages/tenacity/__init__.py:379: in __call__\n    do = self.iter(retry_state=retry_state)\n/opt/hostedtoolcache/Python/3.12.7/x64/lib/python3.12/site-packages/tenacity/__init__.py:325: in iter\n    raise retry_exc.reraise()\n/opt/hostedtoolcache/Python/3.12.7/x64/lib/python3.12/site-packages/tenacity/__init__.py:158: in reraise\n    raise self.last_attempt.result()\n/opt/hostedtoolcache/Python/3.12.7/x64/lib/python3.12/concurrent/futures/_base.py:449: in result\n    return self.__get_result()\n/opt/hostedtoolcache/Python/3.12.7/x64/lib/python3.12/concurrent/futures/_base.py:401: in __get_result\n    raise self._exception\n/opt/hostedtoolcache/Python/3.12.7/x64/lib/python3.12/site-packages/tenacity/__init__.py:382: in __call__\n    result = fn(*args, **kwargs)\nsrc/node/rpc_client.py:27: in send_rpc_request\n    assert \"result\" in response.json(), \"Response does not contain 'result' key.\"\nE   AssertionError: Response does not contain 'result' key.","flaky":false,"newFailed":false,"newBroken":false,"newPassed":false,"retriesCount":2,"retriesStatusChange":false,"beforeStages":[{"name":"set_allure_env_variables","time":{"start":1729988242630,"stop":1729988242630,"duration":0},"status":"passed","steps":[],"attachments":[],"parameters":[],"shouldDisplayMessage":false,"stepsCount":0,"attachmentsCount":0,"hasContent":false,"attachmentStep":false},{"name":"clear_open_nodes","time":{"start":1729988515764,"stop":1729988515764,"duration":0},"status":"passed","steps":[],"attachments":[],"parameters":[],"shouldDisplayMessage":false,"stepsCount":0,"attachmentsCount":0,"hasContent":false,"attachmentStep":false},{"name":"save_node_logs_on_fail","time":{"start":1729988515764,"stop":1729988515764,"duration":0},"status":"passed","steps":[],"attachments":[],"parameters":[],"shouldDisplayMessage":false,"stepsCount":0,"attachmentsCount":0,"hasContent":false,"attachmentStep":false},{"name":"start_1_node","time":{"start":1729988515764,"stop":1729988523574,"duration":7810},"status":"passed","steps":[],"attachments":[],"parameters":[],"shouldDisplayMessage":false,"stepsCount":0,"attachmentsCount":0,"hasContent":false,"attachmentStep":false}],"testStage":{"status":"failed","statusMessage":"AssertionError: Response does not contain 'result' key.","statusTrace":"tests/test_community_messages.py:91: in test_community_messages_with_node_pause_30_seconds\n    self.first_node.send_community_chat_message(message_chat_id, message)\nsrc/node/status_node.py:205: in send_community_chat_message\n    return self.api.send_rpc_request(\"wakuext_sendChatMessage\", params)\n/opt/hostedtoolcache/Python/3.12.7/x64/lib/python3.12/site-packages/tenacity/__init__.py:289: in wrapped_f\n    return self(f, *args, **kw)\n/opt/hostedtoolcache/Python/3.12.7/x64/lib/python3.12/site-packages/tenacity/__init__.py:379: in __call__\n    do = self.iter(retry_state=retry_state)\n/opt/hostedtoolcache/Python/3.12.7/x64/lib/python3.12/site-packages/tenacity/__init__.py:325: in iter\n    raise retry_exc.reraise()\n/opt/hostedtoolcache/Python/3.12.7/x64/lib/python3.12/site-packages/tenacity/__init__.py:158: in reraise\n    raise self.last_attempt.result()\n/opt/hostedtoolcache/Python/3.12.7/x64/lib/python3.12/concurrent/futures/_base.py:449: in result\n    return self.__get_result()\n/opt/hostedtoolcache/Python/3.12.7/x64/lib/python3.12/concurrent/futures/_base.py:401: in __get_result\n    raise self._exception\n/opt/hostedtoolcache/Python/3.12.7/x64/lib/python3.12/site-packages/tenacity/__init__.py:382: in __call__\n    result = fn(*args, **kwargs)\nsrc/node/rpc_client.py:27: in send_rpc_request\n    assert \"result\" in response.json(), \"Response does not contain 'result' key.\"\nE   AssertionError: Response does not contain 'result' key.","steps":[],"attachments":[{"uid":"cc8cc184c6d84e2a","name":"log","source":"cc8cc184c6d84e2a.txt","type":"text/plain","size":203120}],"parameters":[],"shouldDisplayMessage":true,"stepsCount":0,"attachmentsCount":1,"hasContent":true,"attachmentStep":false},"afterStages":[{"name":"save_node_logs_on_fail::0","time":{"start":1729988554822,"stop":1729988554825,"duration":3},"status":"passed","steps":[],"attachments":[],"parameters":[],"shouldDisplayMessage":false,"stepsCount":0,"attachmentsCount":0,"hasContent":false,"attachmentStep":false},{"name":"clear_open_nodes::0","time":{"start":1729988554825,"stop":1729988554878,"duration":53},"status":"passed","steps":[],"attachments":[],"parameters":[],"shouldDisplayMessage":false,"stepsCount":0,"attachmentsCount":0,"hasContent":false,"attachmentStep":false},{"name":"set_allure_env_variables::0","time":{"start":1729990014482,"stop":1729990014482,"duration":0},"status":"passed","steps":[],"attachments":[],"parameters":[],"shouldDisplayMessage":false,"stepsCount":0,"attachmentsCount":0,"hasContent":false,"attachmentStep":false}],"labels":[{"name":"tag","value":"flaky(reruns=2)"},{"name":"tag","value":"@pytest.mark.usefixtures('start_1_node')"},{"name":"parentSuite","value":"tests"},{"name":"suite","value":"test_community_messages"},{"name":"subSuite","value":"TestCommunityMessages"},{"name":"host","value":"fv-az1535-978"},{"name":"thread","value":"76778-MainThread"},{"name":"framework","value":"pytest"},{"name":"language","value":"cpython3"},{"name":"package","value":"tests.test_community_messages"},{"name":"resultFormat","value":"allure2"}],"parameters":[],"links":[],"hidden":false,"retry":false,"extra":{"severity":"normal","retries":[{"uid":"88f2cd9697775a66","status":"failed","statusDetails":"AssertionError: Response does not contain 'result' key.","time":{"start":1729988484548,"stop":1729988515675,"duration":31127}},{"uid":"1b846efb0f753501","status":"failed","statusDetails":"AssertionError: Response does not contain 'result' key.","time":{"start":1729988455499,"stop":1729988476631,"duration":21132}}],"categories":[{"name":"Product defects","matchedStatuses":[],"flaky":false}],"history":{"statistic":{"failed":14,"broken":0,"skipped":0,"passed":4,"unknown":0,"total":18},"items":[{"uid":"ae1f12717b675a14","reportUrl":"https://status-im.github.io/status-cli-tests/255//#testresult/ae1f12717b675a14","status":"failed","statusDetails":"AssertionError: Response does not contain 'result' key.","time":{"start":1729902071359,"stop":1729902092421,"duration":21062}},{"uid":"b77227616064cff4","reportUrl":"https://status-im.github.io/status-cli-tests/254//#testresult/b77227616064cff4","status":"failed","statusDetails":"AssertionError: Response does not contain 'result' key.","time":{"start":1729815676921,"stop":1729815707887,"duration":30966}},{"uid":"4112fec374c861b","reportUrl":"https://status-im.github.io/status-cli-tests/253//#testresult/4112fec374c861b","status":"failed","statusDetails":"AssertionError: Response does not contain 'result' key.","time":{"start":1729729281515,"stop":1729729312435,"duration":30920}},{"uid":"3a8f04ef7ae0770a","reportUrl":"https://status-im.github.io/status-cli-tests/252//#testresult/3a8f04ef7ae0770a","status":"failed","statusDetails":"AssertionError: Response does not contain 'result' key.","time":{"start":1729642836358,"stop":1729642857148,"duration":20790}},{"uid":"c4129eef7ad8aebc","reportUrl":"https://status-im.github.io/status-cli-tests/251//#testresult/c4129eef7ad8aebc","status":"failed","statusDetails":"AssertionError: Response does not contain 'result' key.","time":{"start":1729556452347,"stop":1729556473104,"duration":20757}},{"uid":"f817018e52635616","reportUrl":"https://status-im.github.io/status-cli-tests/250//#testresult/f817018e52635616","status":"failed","statusDetails":"AssertionError: Response does not contain 'result' key.","time":{"start":1729470054363,"stop":1729470075182,"duration":20819}},{"uid":"faee91916992e551","reportUrl":"https://status-im.github.io/status-cli-tests/249//#testresult/faee91916992e551","status":"passed","time":{"start":1729383704739,"stop":1729383729285,"duration":24546}},{"uid":"ec7b44dda996587","reportUrl":"https://status-im.github.io/status-cli-tests/248//#testresult/ec7b44dda996587","status":"failed","statusDetails":"AssertionError: Response does not contain 'result' key.","time":{"start":1729297274166,"stop":1729297304816,"duration":30650}},{"uid":"9bd6c796cf3062a9","reportUrl":"https://status-im.github.io/status-cli-tests/247//#testresult/9bd6c796cf3062a9","status":"failed","statusDetails":"AssertionError: Response does not contain 'result' key.","time":{"start":1729210894846,"stop":1729210925472,"duration":30626}},{"uid":"84cfc677e131c4c1","reportUrl":"https://status-im.github.io/status-cli-tests/246//#testresult/84cfc677e131c4c1","status":"failed","statusDetails":"AssertionError: Response does not contain 'result' key.","time":{"start":1729124412621,"stop":1729124443103,"duration":30482}},{"uid":"b940f5c7bb732746","reportUrl":"https://status-im.github.io/status-cli-tests/245//#testresult/b940f5c7bb732746","status":"failed","statusDetails":"AssertionError: Response does not contain 'result' key.","time":{"start":1729067492621,"stop":1729067523073,"duration":30452}},{"uid":"80dfc9b84698fe86","reportUrl":"https://status-im.github.io/status-cli-tests/244//#testresult/80dfc9b84698fe86","status":"failed","statusDetails":"AssertionError: Response does not contain 'result' key.","time":{"start":1729038237804,"stop":1729038274676,"duration":36872}},{"uid":"b5f27c8875745dea","reportUrl":"https://status-im.github.io/status-cli-tests/243//#testresult/b5f27c8875745dea","status":"failed","statusDetails":"AssertionError: Response does not contain 'result' key.","time":{"start":1729005740922,"stop":1729005771426,"duration":30504}},{"uid":"8035b07413381757","reportUrl":"https://status-im.github.io/status-cli-tests/242//#testresult/8035b07413381757","status":"passed","time":{"start":1729003075740,"stop":1729003133877,"duration":58137}},{"uid":"c54c9bed30a1c430","reportUrl":"https://status-im.github.io/status-cli-tests/241//#testresult/c54c9bed30a1c430","status":"failed","statusDetails":"AssertionError: Response does not contain 'result' key.","time":{"start":1728989345475,"stop":1728989375931,"duration":30456}},{"uid":"b66b12a16642f55e","reportUrl":"https://status-im.github.io/status-cli-tests/240//#testresult/b66b12a16642f55e","status":"passed","time":{"start":1728951719821,"stop":1728951770285,"duration":50464}},{"uid":"42b1862353344a36","reportUrl":"https://status-im.github.io/status-cli-tests/239//#testresult/42b1862353344a36","status":"passed","time":{"start":1728888051215,"stop":1728888110245,"duration":59030}}]},"tags":["@pytest.mark.usefixtures('start_1_node')","flaky(reruns=2)"]},"source":"be37d579c70ef257.json","parameterValues":[]}