{"uid":"f52334dad7c339a3","name":"test_community_messages_with_node_pause_10_seconds","fullName":"tests.test_community_messages.TestCommunityMessages#test_community_messages_with_node_pause_10_seconds","historyId":"9d5c5c19a9c20059f4a5d5c182032b2c","time":{"start":1729988426391,"stop":1729988447593,"duration":21202},"status":"failed","statusMessage":"AssertionError: Response does not contain 'result' key.","statusTrace":"tests/test_community_messages.py:73: in test_community_messages_with_node_pause_10_seconds\n    self.join_created_communities()\nsrc/steps/common.py:186: in join_created_communities\n    response = community_node.accept_request_to_join_community(request_to_join_id)\nsrc/node/status_node.py:201: in accept_request_to_join_community\n    return self.api.send_rpc_request(\"wakuext_acceptRequestToJoinCommunity\", params)\n/opt/hostedtoolcache/Python/3.12.7/x64/lib/python3.12/site-packages/tenacity/__init__.py:289: in wrapped_f\n    return self(f, *args, **kw)\n/opt/hostedtoolcache/Python/3.12.7/x64/lib/python3.12/site-packages/tenacity/__init__.py:379: in __call__\n    do = self.iter(retry_state=retry_state)\n/opt/hostedtoolcache/Python/3.12.7/x64/lib/python3.12/site-packages/tenacity/__init__.py:325: in iter\n    raise retry_exc.reraise()\n/opt/hostedtoolcache/Python/3.12.7/x64/lib/python3.12/site-packages/tenacity/__init__.py:158: in reraise\n    raise self.last_attempt.result()\n/opt/hostedtoolcache/Python/3.12.7/x64/lib/python3.12/concurrent/futures/_base.py:449: in result\n    return self.__get_result()\n/opt/hostedtoolcache/Python/3.12.7/x64/lib/python3.12/concurrent/futures/_base.py:401: in __get_result\n    raise self._exception\n/opt/hostedtoolcache/Python/3.12.7/x64/lib/python3.12/site-packages/tenacity/__init__.py:382: in __call__\n    result = fn(*args, **kwargs)\nsrc/node/rpc_client.py:27: in send_rpc_request\n    assert \"result\" in response.json(), \"Response does not contain 'result' key.\"\nE   AssertionError: Response does not contain 'result' key.","flaky":false,"newFailed":false,"newBroken":false,"newPassed":false,"retriesCount":2,"retriesStatusChange":false,"beforeStages":[{"name":"set_allure_env_variables","time":{"start":1729988242630,"stop":1729988242630,"duration":0},"status":"passed","steps":[],"attachments":[],"parameters":[],"shouldDisplayMessage":false,"stepsCount":0,"attachmentsCount":0,"hasContent":false,"attachmentStep":false},{"name":"clear_open_nodes","time":{"start":1729988418580,"stop":1729988418580,"duration":0},"status":"passed","steps":[],"attachments":[],"parameters":[],"shouldDisplayMessage":false,"stepsCount":0,"attachmentsCount":0,"hasContent":false,"attachmentStep":false},{"name":"save_node_logs_on_fail","time":{"start":1729988418580,"stop":1729988418580,"duration":0},"status":"passed","steps":[],"attachments":[],"parameters":[],"shouldDisplayMessage":false,"stepsCount":0,"attachmentsCount":0,"hasContent":false,"attachmentStep":false},{"name":"start_1_node","time":{"start":1729988418581,"stop":1729988426390,"duration":7809},"status":"passed","steps":[],"attachments":[],"parameters":[],"shouldDisplayMessage":false,"stepsCount":0,"attachmentsCount":0,"hasContent":false,"attachmentStep":false}],"testStage":{"status":"failed","statusMessage":"AssertionError: Response does not contain 'result' key.","statusTrace":"tests/test_community_messages.py:73: in test_community_messages_with_node_pause_10_seconds\n    self.join_created_communities()\nsrc/steps/common.py:186: in join_created_communities\n    response = community_node.accept_request_to_join_community(request_to_join_id)\nsrc/node/status_node.py:201: in accept_request_to_join_community\n    return self.api.send_rpc_request(\"wakuext_acceptRequestToJoinCommunity\", params)\n/opt/hostedtoolcache/Python/3.12.7/x64/lib/python3.12/site-packages/tenacity/__init__.py:289: in wrapped_f\n    return self(f, *args, **kw)\n/opt/hostedtoolcache/Python/3.12.7/x64/lib/python3.12/site-packages/tenacity/__init__.py:379: in __call__\n    do = self.iter(retry_state=retry_state)\n/opt/hostedtoolcache/Python/3.12.7/x64/lib/python3.12/site-packages/tenacity/__init__.py:325: in iter\n    raise retry_exc.reraise()\n/opt/hostedtoolcache/Python/3.12.7/x64/lib/python3.12/site-packages/tenacity/__init__.py:158: in reraise\n    raise self.last_attempt.result()\n/opt/hostedtoolcache/Python/3.12.7/x64/lib/python3.12/concurrent/futures/_base.py:449: in result\n    return self.__get_result()\n/opt/hostedtoolcache/Python/3.12.7/x64/lib/python3.12/concurrent/futures/_base.py:401: in __get_result\n    raise self._exception\n/opt/hostedtoolcache/Python/3.12.7/x64/lib/python3.12/site-packages/tenacity/__init__.py:382: in __call__\n    result = fn(*args, **kwargs)\nsrc/node/rpc_client.py:27: in send_rpc_request\n    assert \"result\" in response.json(), \"Response does not contain 'result' key.\"\nE   AssertionError: Response does not contain 'result' key.","steps":[],"attachments":[{"uid":"e084c65ee28fcaec","name":"log","source":"e084c65ee28fcaec.txt","type":"text/plain","size":198434}],"parameters":[],"shouldDisplayMessage":true,"stepsCount":0,"attachmentsCount":1,"hasContent":true,"attachmentStep":false},"afterStages":[{"name":"save_node_logs_on_fail::0","time":{"start":1729988447639,"stop":1729988447642,"duration":3},"status":"passed","steps":[],"attachments":[],"parameters":[],"shouldDisplayMessage":false,"stepsCount":0,"attachmentsCount":0,"hasContent":false,"attachmentStep":false},{"name":"clear_open_nodes::0","time":{"start":1729988447642,"stop":1729988447683,"duration":41},"status":"passed","steps":[],"attachments":[],"parameters":[],"shouldDisplayMessage":false,"stepsCount":0,"attachmentsCount":0,"hasContent":false,"attachmentStep":false},{"name":"set_allure_env_variables::0","time":{"start":1729990014482,"stop":1729990014482,"duration":0},"status":"passed","steps":[],"attachments":[],"parameters":[],"shouldDisplayMessage":false,"stepsCount":0,"attachmentsCount":0,"hasContent":false,"attachmentStep":false}],"labels":[{"name":"tag","value":"flaky(reruns=2)"},{"name":"tag","value":"@pytest.mark.usefixtures('start_1_node')"},{"name":"parentSuite","value":"tests"},{"name":"suite","value":"test_community_messages"},{"name":"subSuite","value":"TestCommunityMessages"},{"name":"host","value":"fv-az1535-978"},{"name":"thread","value":"76778-MainThread"},{"name":"framework","value":"pytest"},{"name":"language","value":"cpython3"},{"name":"package","value":"tests.test_community_messages"},{"name":"resultFormat","value":"allure2"}],"parameters":[],"links":[],"hidden":false,"retry":false,"extra":{"severity":"normal","retries":[{"uid":"ddeda5907f091df8","status":"failed","statusDetails":"AssertionError: Response does not contain 'result' key.","time":{"start":1729988387238,"stop":1729988418505,"duration":31267}},{"uid":"14a43a2ebc49a306","status":"failed","statusDetails":"AssertionError: Response does not contain 'result' key.","time":{"start":1729988357921,"stop":1729988379349,"duration":21428}}],"categories":[{"name":"Product defects","matchedStatuses":[],"flaky":false}],"history":{"statistic":{"failed":14,"broken":0,"skipped":0,"passed":4,"unknown":0,"total":18},"items":[{"uid":"8d29bb2d5ba12234","reportUrl":"https://status-im.github.io/status-cli-tests/255//#testresult/8d29bb2d5ba12234","status":"failed","statusDetails":"AssertionError: Response does not contain 'result' key.","time":{"start":1729901984298,"stop":1729902005361,"duration":21063}},{"uid":"ce93689b144f4343","reportUrl":"https://status-im.github.io/status-cli-tests/254//#testresult/ce93689b144f4343","status":"failed","statusDetails":"AssertionError: Response does not contain 'result' key.","time":{"start":1729815580355,"stop":1729815601325,"duration":20970}},{"uid":"e8246a07e7159506","reportUrl":"https://status-im.github.io/status-cli-tests/253//#testresult/e8246a07e7159506","status":"failed","statusDetails":"AssertionError: Response does not contain 'result' key.","time":{"start":1729729164735,"stop":1729729195821,"duration":31086}},{"uid":"bea2cfa37934d987","reportUrl":"https://status-im.github.io/status-cli-tests/252//#testresult/bea2cfa37934d987","status":"failed","statusDetails":"AssertionError: Response does not contain 'result' key.","time":{"start":1729642749795,"stop":1729642770694,"duration":20899}},{"uid":"7aea20e7f78fd876","reportUrl":"https://status-im.github.io/status-cli-tests/251//#testresult/7aea20e7f78fd876","status":"failed","statusDetails":"AssertionError: Response does not contain 'result' key.","time":{"start":1729556355226,"stop":1729556376482,"duration":21256}},{"uid":"751dba4e8c0e1f51","reportUrl":"https://status-im.github.io/status-cli-tests/250//#testresult/751dba4e8c0e1f51","status":"failed","statusDetails":"AssertionError: Response does not contain 'result' key.","time":{"start":1729469968568,"stop":1729469989268,"duration":20700}},{"uid":"cf925b4e9ce5f0b8","reportUrl":"https://status-im.github.io/status-cli-tests/249//#testresult/cf925b4e9ce5f0b8","status":"failed","statusDetails":"AssertionError: Response does not contain 'result' key.","time":{"start":1729383637494,"stop":1729383658181,"duration":20687}},{"uid":"514382177f94a36b","reportUrl":"https://status-im.github.io/status-cli-tests/248//#testresult/514382177f94a36b","status":"failed","statusDetails":"AssertionError: Response does not contain 'result' key.","time":{"start":1729297158666,"stop":1729297189235,"duration":30569}},{"uid":"fa9ebe2fc5d38a25","reportUrl":"https://status-im.github.io/status-cli-tests/247//#testresult/fa9ebe2fc5d38a25","status":"failed","statusDetails":"AssertionError: Response does not contain 'result' key.","time":{"start":1729210779174,"stop":1729210809990,"duration":30816}},{"uid":"a2e8b8e9d69549c4","reportUrl":"https://status-im.github.io/status-cli-tests/246//#testresult/a2e8b8e9d69549c4","status":"passed","time":{"start":1729124306566,"stop":1729124328132,"duration":21566}},{"uid":"85406c2540b9ac93","reportUrl":"https://status-im.github.io/status-cli-tests/245//#testresult/85406c2540b9ac93","status":"failed","statusDetails":"AssertionError: Response does not contain 'result' key.","time":{"start":1729067376546,"stop":1729067407618,"duration":31072}},{"uid":"28048bdead2e1b39","reportUrl":"https://status-im.github.io/status-cli-tests/244//#testresult/28048bdead2e1b39","status":"failed","statusDetails":"AssertionError: Response does not contain 'result' key.","time":{"start":1729038121745,"stop":1729038152543,"duration":30798}},{"uid":"84fe8106f7e81706","reportUrl":"https://status-im.github.io/status-cli-tests/243//#testresult/84fe8106f7e81706","status":"failed","statusDetails":"AssertionError: Response does not contain 'result' key.","time":{"start":1729005623918,"stop":1729005655846,"duration":31928}},{"uid":"382725cb4f4d08d7","reportUrl":"https://status-im.github.io/status-cli-tests/242//#testresult/382725cb4f4d08d7","status":"failed","statusDetails":"AssertionError: Response does not contain 'result' key.","time":{"start":1729002998947,"stop":1729003029457,"duration":30510}},{"uid":"2c3c91b829467752","reportUrl":"https://status-im.github.io/status-cli-tests/241//#testresult/2c3c91b829467752","status":"passed","time":{"start":1728989230316,"stop":1728989260949,"duration":30633}},{"uid":"9b492c9e39e3ca6c","reportUrl":"https://status-im.github.io/status-cli-tests/240//#testresult/9b492c9e39e3ca6c","status":"passed","time":{"start":1728951681519,"stop":1728951711979,"duration":30460}},{"uid":"249dba10918cbe8e","reportUrl":"https://status-im.github.io/status-cli-tests/239//#testresult/249dba10918cbe8e","status":"passed","time":{"start":1728888003361,"stop":1728888043382,"duration":40021}}]},"tags":["@pytest.mark.usefixtures('start_1_node')","flaky(reruns=2)"]},"source":"f52334dad7c339a3.json","parameterValues":[]}