{"uid":"c8ed115c157e281c","name":"test_group_chat_messages_with_latency","fullName":"tests.test_private_group_messages.TestPrivateGroupMessages#test_group_chat_messages_with_latency","historyId":"23198b25651f9fbb90e27620ce2e5d73","time":{"start":1729040144785,"stop":1729040183068,"duration":38283},"status":"failed","statusMessage":"AssertionError: 4 messages out of 25 were not received: Timestamp: 00:55:50, Message: message_from_first_node_3, ID: 0x4deddfa28a2c512eb4371701fe7e06573c3b31c8a0a445e182dd443905ce79f6, Sender: first_node\nTimestamp: 00:55:52, Message: message_from_first_node_5, ID: 0x549e0090f60a8c5c94f9b83f5203fa6d7a418b4ca925f1580ed9ffe6d14d8373, Sender: first_node\nTimestamp: 00:56:00, Message: message_from_first_node_13, ID: 0x6381b60e9b55d3e8ec14f98c5b9b26ac19648224b8dfe9d852ae92a7611d9e48, Sender: first_node\nTimestamp: 00:56:07, Message: message_from_first_node_19, ID: 0xd34a96e913a0826463ea25a5cdfcbe4b25f6f11bb85cf3bf10bc6047c29b1a73, Sender: first_node","statusTrace":"tests/test_private_group_messages.py:55: in test_group_chat_messages_with_latency\n    self.test_group_chat_messages_baseline()\ntests/test_private_group_messages.py:46: in test_group_chat_messages_baseline\n    raise AssertionError(\nE   AssertionError: 4 messages out of 25 were not received: Timestamp: 00:55:50, Message: message_from_first_node_3, ID: 0x4deddfa28a2c512eb4371701fe7e06573c3b31c8a0a445e182dd443905ce79f6, Sender: first_node\nE   Timestamp: 00:55:52, Message: message_from_first_node_5, ID: 0x549e0090f60a8c5c94f9b83f5203fa6d7a418b4ca925f1580ed9ffe6d14d8373, Sender: first_node\nE   Timestamp: 00:56:00, Message: message_from_first_node_13, ID: 0x6381b60e9b55d3e8ec14f98c5b9b26ac19648224b8dfe9d852ae92a7611d9e48, Sender: first_node\nE   Timestamp: 00:56:07, Message: message_from_first_node_19, ID: 0xd34a96e913a0826463ea25a5cdfcbe4b25f6f11bb85cf3bf10bc6047c29b1a73, Sender: first_node","flaky":true,"newFailed":true,"newBroken":false,"newPassed":false,"retriesCount":0,"retriesStatusChange":false,"beforeStages":[{"name":"set_allure_env_variables","time":{"start":1729037765581,"stop":1729037765581,"duration":0},"status":"passed","steps":[],"attachments":[],"parameters":[],"shouldDisplayMessage":false,"stepsCount":0,"attachmentsCount":0,"hasContent":false,"attachmentStep":false},{"name":"start_2_nodes","time":{"start":1729040134772,"stop":1729040144784,"duration":10012},"status":"passed","steps":[],"attachments":[],"parameters":[],"shouldDisplayMessage":false,"stepsCount":0,"attachmentsCount":0,"hasContent":false,"attachmentStep":false},{"name":"save_node_logs_on_fail","time":{"start":1729040134772,"stop":1729040134772,"duration":0},"status":"passed","steps":[],"attachments":[],"parameters":[],"shouldDisplayMessage":false,"stepsCount":0,"attachmentsCount":0,"hasContent":false,"attachmentStep":false},{"name":"clear_open_nodes","time":{"start":1729040134772,"stop":1729040134772,"duration":0},"status":"passed","steps":[],"attachments":[],"parameters":[],"shouldDisplayMessage":false,"stepsCount":0,"attachmentsCount":0,"hasContent":false,"attachmentStep":false}],"testStage":{"status":"failed","statusMessage":"AssertionError: 4 messages out of 25 were not received: Timestamp: 00:55:50, Message: message_from_first_node_3, ID: 0x4deddfa28a2c512eb4371701fe7e06573c3b31c8a0a445e182dd443905ce79f6, Sender: first_node\nTimestamp: 00:55:52, Message: message_from_first_node_5, ID: 0x549e0090f60a8c5c94f9b83f5203fa6d7a418b4ca925f1580ed9ffe6d14d8373, Sender: first_node\nTimestamp: 00:56:00, Message: message_from_first_node_13, ID: 0x6381b60e9b55d3e8ec14f98c5b9b26ac19648224b8dfe9d852ae92a7611d9e48, Sender: first_node\nTimestamp: 00:56:07, Message: message_from_first_node_19, ID: 0xd34a96e913a0826463ea25a5cdfcbe4b25f6f11bb85cf3bf10bc6047c29b1a73, Sender: first_node","statusTrace":"tests/test_private_group_messages.py:55: in test_group_chat_messages_with_latency\n    self.test_group_chat_messages_baseline()\ntests/test_private_group_messages.py:46: in test_group_chat_messages_baseline\n    raise AssertionError(\nE   AssertionError: 4 messages out of 25 were not received: Timestamp: 00:55:50, Message: message_from_first_node_3, ID: 0x4deddfa28a2c512eb4371701fe7e06573c3b31c8a0a445e182dd443905ce79f6, Sender: first_node\nE   Timestamp: 00:55:52, Message: message_from_first_node_5, ID: 0x549e0090f60a8c5c94f9b83f5203fa6d7a418b4ca925f1580ed9ffe6d14d8373, Sender: first_node\nE   Timestamp: 00:56:00, Message: message_from_first_node_13, ID: 0x6381b60e9b55d3e8ec14f98c5b9b26ac19648224b8dfe9d852ae92a7611d9e48, Sender: first_node\nE   Timestamp: 00:56:07, Message: message_from_first_node_19, ID: 0xd34a96e913a0826463ea25a5cdfcbe4b25f6f11bb85cf3bf10bc6047c29b1a73, Sender: first_node","steps":[],"attachments":[{"uid":"ce64ff0ecc2a9111","name":"log","source":"ce64ff0ecc2a9111.txt","type":"text/plain","size":202757}],"parameters":[],"shouldDisplayMessage":true,"stepsCount":0,"attachmentsCount":1,"hasContent":true,"attachmentStep":false},"afterStages":[{"name":"save_node_logs_on_fail::0","time":{"start":1729040183074,"stop":1729040183074,"duration":0},"status":"passed","steps":[],"attachments":[],"parameters":[],"shouldDisplayMessage":false,"stepsCount":0,"attachmentsCount":0,"hasContent":false,"attachmentStep":false},{"name":"clear_open_nodes::0","time":{"start":1729040183075,"stop":1729040183100,"duration":25},"status":"passed","steps":[],"attachments":[],"parameters":[],"shouldDisplayMessage":false,"stepsCount":0,"attachmentsCount":0,"hasContent":false,"attachmentStep":false},{"name":"set_allure_env_variables::0","time":{"start":1729040360692,"stop":1729040360693,"duration":1},"status":"passed","steps":[],"attachments":[],"parameters":[],"shouldDisplayMessage":false,"stepsCount":0,"attachmentsCount":0,"hasContent":false,"attachmentStep":false}],"labels":[{"name":"tag","value":"@pytest.mark.usefixtures('start_2_nodes')"},{"name":"parentSuite","value":"tests"},{"name":"suite","value":"test_private_group_messages"},{"name":"subSuite","value":"TestPrivateGroupMessages"},{"name":"host","value":"fv-az1392-869"},{"name":"thread","value":"76437-MainThread"},{"name":"framework","value":"pytest"},{"name":"language","value":"cpython3"},{"name":"package","value":"tests.test_private_group_messages"},{"name":"resultFormat","value":"allure2"}],"parameters":[],"links":[],"hidden":false,"retry":false,"extra":{"severity":"normal","retries":[],"categories":[{"name":"Product defects","matchedStatuses":[],"flaky":false}],"history":{"statistic":{"failed":2,"broken":0,"skipped":0,"passed":1,"unknown":0,"total":3},"items":[{"uid":"29a9645ae09a155f","reportUrl":"https://status-im.github.io/status-cli-tests/240//#testresult/29a9645ae09a155f","status":"passed","time":{"start":1728953307153,"stop":1728953345442,"duration":38289}},{"uid":"2fd7d363f17cdb8b","reportUrl":"https://status-im.github.io/status-cli-tests/239//#testresult/2fd7d363f17cdb8b","status":"failed","statusDetails":"AssertionError: 1 messages out of 25 were not received: Timestamp: 07:09:31, Message: message_from_second_node_22, ID: 0xc571dfbdf4be35b490ff42c6a7f8776aedf31d9fde4d7dc955276cd171048795, Sender: second_node","time":{"start":1728889746224,"stop":1728889784503,"duration":38279}}]},"tags":["@pytest.mark.usefixtures('start_2_nodes')"]},"source":"c8ed115c157e281c.json","parameterValues":[]}