{"uid":"da7844bbe6e3e25b","name":"test_join_community_with_packet_loss","fullName":"tests.test_join_community.TestJoinCommunity#test_join_community_with_packet_loss","historyId":"447b5e60edf20b9d6546c17e4d82b687","time":{"start":1740011456171,"stop":1740011518453,"duration":62282},"status":"failed","statusMessage":"AssertionError: Response does not contain 'result' key.","statusTrace":"tests/test_join_community.py:60: in test_join_community_with_packet_loss\n    self.test_join_community_baseline()\ntests/test_join_community.py:20: in test_join_community_baseline\n    response_to_join = self.first_node.request_to_join_community(community_id)\nsrc/node/status_node.py:197: in request_to_join_community\n    return self.api.send_rpc_request(\"wakuext_requestToJoinCommunity\", params)\n/opt/hostedtoolcache/Python/3.12.9/x64/lib/python3.12/site-packages/tenacity/__init__.py:289: in wrapped_f\n    return self(f, *args, **kw)\n/opt/hostedtoolcache/Python/3.12.9/x64/lib/python3.12/site-packages/tenacity/__init__.py:379: in __call__\n    do = self.iter(retry_state=retry_state)\n/opt/hostedtoolcache/Python/3.12.9/x64/lib/python3.12/site-packages/tenacity/__init__.py:325: in iter\n    raise retry_exc.reraise()\n/opt/hostedtoolcache/Python/3.12.9/x64/lib/python3.12/site-packages/tenacity/__init__.py:158: in reraise\n    raise self.last_attempt.result()\n/opt/hostedtoolcache/Python/3.12.9/x64/lib/python3.12/concurrent/futures/_base.py:449: in result\n    return self.__get_result()\n/opt/hostedtoolcache/Python/3.12.9/x64/lib/python3.12/concurrent/futures/_base.py:401: in __get_result\n    raise self._exception\n/opt/hostedtoolcache/Python/3.12.9/x64/lib/python3.12/site-packages/tenacity/__init__.py:382: in __call__\n    result = fn(*args, **kwargs)\nsrc/node/rpc_client.py:27: in send_rpc_request\n    assert \"result\" in response.json(), \"Response does not contain 'result' key.\"\nE   AssertionError: Response does not contain 'result' key.","flaky":false,"newFailed":true,"newBroken":false,"newPassed":false,"retriesCount":0,"retriesStatusChange":false,"beforeStages":[{"name":"set_allure_env_variables","time":{"start":1740010515529,"stop":1740010515529,"duration":0},"status":"passed","steps":[],"attachments":[],"parameters":[],"shouldDisplayMessage":false,"stepsCount":0,"attachmentsCount":0,"hasContent":false,"attachmentStep":false},{"name":"save_node_logs_on_fail","time":{"start":1740011448362,"stop":1740011448362,"duration":0},"status":"passed","steps":[],"attachments":[],"parameters":[],"shouldDisplayMessage":false,"stepsCount":0,"attachmentsCount":0,"hasContent":false,"attachmentStep":false},{"name":"start_1_node","time":{"start":1740011448362,"stop":1740011456171,"duration":7809},"status":"passed","steps":[],"attachments":[],"parameters":[],"shouldDisplayMessage":false,"stepsCount":0,"attachmentsCount":0,"hasContent":false,"attachmentStep":false},{"name":"clear_open_nodes","time":{"start":1740011448362,"stop":1740011448362,"duration":0},"status":"passed","steps":[],"attachments":[],"parameters":[],"shouldDisplayMessage":false,"stepsCount":0,"attachmentsCount":0,"hasContent":false,"attachmentStep":false}],"testStage":{"status":"failed","statusMessage":"AssertionError: Response does not contain 'result' key.","statusTrace":"tests/test_join_community.py:60: in test_join_community_with_packet_loss\n    self.test_join_community_baseline()\ntests/test_join_community.py:20: in test_join_community_baseline\n    response_to_join = self.first_node.request_to_join_community(community_id)\nsrc/node/status_node.py:197: in request_to_join_community\n    return self.api.send_rpc_request(\"wakuext_requestToJoinCommunity\", params)\n/opt/hostedtoolcache/Python/3.12.9/x64/lib/python3.12/site-packages/tenacity/__init__.py:289: in wrapped_f\n    return self(f, *args, **kw)\n/opt/hostedtoolcache/Python/3.12.9/x64/lib/python3.12/site-packages/tenacity/__init__.py:379: in __call__\n    do = self.iter(retry_state=retry_state)\n/opt/hostedtoolcache/Python/3.12.9/x64/lib/python3.12/site-packages/tenacity/__init__.py:325: in iter\n    raise retry_exc.reraise()\n/opt/hostedtoolcache/Python/3.12.9/x64/lib/python3.12/site-packages/tenacity/__init__.py:158: in reraise\n    raise self.last_attempt.result()\n/opt/hostedtoolcache/Python/3.12.9/x64/lib/python3.12/concurrent/futures/_base.py:449: in result\n    return self.__get_result()\n/opt/hostedtoolcache/Python/3.12.9/x64/lib/python3.12/concurrent/futures/_base.py:401: in __get_result\n    raise self._exception\n/opt/hostedtoolcache/Python/3.12.9/x64/lib/python3.12/site-packages/tenacity/__init__.py:382: in __call__\n    result = fn(*args, **kwargs)\nsrc/node/rpc_client.py:27: in send_rpc_request\n    assert \"result\" in response.json(), \"Response does not contain 'result' key.\"\nE   AssertionError: Response does not contain 'result' key.","steps":[],"attachments":[{"uid":"610469a5e841cba4","name":"log","source":"610469a5e841cba4.txt","type":"text/plain","size":156537}],"parameters":[],"shouldDisplayMessage":true,"stepsCount":0,"attachmentsCount":1,"hasContent":true,"attachmentStep":false},"afterStages":[{"name":"save_node_logs_on_fail::0","time":{"start":1740011518497,"stop":1740011518499,"duration":2},"status":"passed","steps":[],"attachments":[],"parameters":[],"shouldDisplayMessage":false,"stepsCount":0,"attachmentsCount":0,"hasContent":false,"attachmentStep":false},{"name":"clear_open_nodes::0","time":{"start":1740011518499,"stop":1740011518604,"duration":105},"status":"passed","steps":[],"attachments":[],"parameters":[],"shouldDisplayMessage":false,"stepsCount":0,"attachmentsCount":0,"hasContent":false,"attachmentStep":false},{"name":"set_allure_env_variables::0","time":{"start":1740012025882,"stop":1740012025882,"duration":0},"status":"passed","steps":[],"attachments":[],"parameters":[],"shouldDisplayMessage":false,"stepsCount":0,"attachmentsCount":0,"hasContent":false,"attachmentStep":false}],"labels":[{"name":"tag","value":"@pytest.mark.usefixtures('start_1_node')"},{"name":"parentSuite","value":"tests"},{"name":"suite","value":"test_join_community"},{"name":"subSuite","value":"TestJoinCommunity"},{"name":"host","value":"fv-az1674-594"},{"name":"thread","value":"50261-MainThread"},{"name":"framework","value":"pytest"},{"name":"language","value":"cpython3"},{"name":"package","value":"tests.test_join_community"},{"name":"resultFormat","value":"allure2"}],"parameters":[],"links":[],"hidden":false,"retry":false,"extra":{"severity":"normal","retries":[],"categories":[{"name":"Product defects","matchedStatuses":[],"flaky":false}],"history":{"statistic":{"failed":24,"broken":98,"skipped":0,"passed":13,"unknown":0,"total":135},"items":[{"uid":"5a6c2be90d431e0c","reportUrl":"https://status-im.github.io/status-cli-tests/373//#testresult/5a6c2be90d431e0c","status":"broken","statusDetails":"RuntimeError: Request to http://127.0.0.1:33780 usig method wakuext_fetchCommunity timed out after 10 seconds. Node: first_node","time":{"start":1739924874942,"stop":1739924929376,"duration":54434}},{"uid":"90b8c9435a474f40","reportUrl":"https://status-im.github.io/status-cli-tests/372//#testresult/90b8c9435a474f40","status":"broken","statusDetails":"RuntimeError: Request to http://127.0.0.1:64588 usig method wakuext_fetchCommunity timed out after 10 seconds. Node: first_node","time":{"start":1739838669582,"stop":1739838724018,"duration":54436}},{"uid":"b29d22d31423fe98","reportUrl":"https://status-im.github.io/status-cli-tests/371//#testresult/b29d22d31423fe98","status":"broken","statusDetails":"RuntimeError: Request to http://127.0.0.1:20029 usig method wakuext_fetchCommunity timed out after 10 seconds. Node: first_node","time":{"start":1739752435789,"stop":1739752490242,"duration":54453}},{"uid":"de29130cde7f94da","reportUrl":"https://status-im.github.io/status-cli-tests/370//#testresult/de29130cde7f94da","status":"broken","statusDetails":"RuntimeError: Request to http://127.0.0.1:17155 usig method wakuext_fetchCommunity timed out after 10 seconds. Node: first_node","time":{"start":1739666055708,"stop":1739666110154,"duration":54446}},{"uid":"f0db7ea3c0e76ed","reportUrl":"https://status-im.github.io/status-cli-tests/369//#testresult/f0db7ea3c0e76ed","status":"broken","statusDetails":"RuntimeError: Request to http://127.0.0.1:9946 usig method wakuext_fetchCommunity timed out after 10 seconds. Node: first_node","time":{"start":1739579504850,"stop":1739579559288,"duration":54438}},{"uid":"2b01a9f6df2d1e1c","reportUrl":"https://status-im.github.io/status-cli-tests/368//#testresult/2b01a9f6df2d1e1c","status":"failed","statusDetails":"AssertionError: Response does not contain 'result' key.","time":{"start":1739493141116,"stop":1739493190513,"duration":49397}},{"uid":"73ad2653aae87967","reportUrl":"https://status-im.github.io/status-cli-tests/367//#testresult/73ad2653aae87967","status":"broken","statusDetails":"RuntimeError: Request to http://127.0.0.1:13547 usig method wakuext_fetchCommunity timed out after 10 seconds. Node: first_node","time":{"start":1739406730340,"stop":1739406784781,"duration":54441}},{"uid":"fdc7831aea04118e","reportUrl":"https://status-im.github.io/status-cli-tests/366//#testresult/fdc7831aea04118e","status":"broken","statusDetails":"RuntimeError: Request to http://127.0.0.1:8587 usig method wakuext_fetchCommunity timed out after 10 seconds. Node: first_node","time":{"start":1739320384806,"stop":1739320455668,"duration":70862}},{"uid":"e6b947790494b804","reportUrl":"https://status-im.github.io/status-cli-tests/365//#testresult/e6b947790494b804","status":"broken","statusDetails":"RuntimeError: Request to http://127.0.0.1:35759 usig method wakuext_fetchCommunity timed out after 10 seconds. Node: first_node","time":{"start":1739233908440,"stop":1739233962888,"duration":54448}},{"uid":"320c573dd344fc77","reportUrl":"https://status-im.github.io/status-cli-tests/364//#testresult/320c573dd344fc77","status":"broken","statusDetails":"RuntimeError: Request to http://127.0.0.1:21993 usig method wakuext_fetchCommunity timed out after 10 seconds. Node: first_node","time":{"start":1739147481184,"stop":1739147581943,"duration":100759}},{"uid":"e5afb35a4775a159","reportUrl":"https://status-im.github.io/status-cli-tests/363//#testresult/e5afb35a4775a159","status":"broken","statusDetails":"RuntimeError: Request to http://127.0.0.1:4105 usig method wakuext_fetchCommunity timed out after 10 seconds. Node: first_node","time":{"start":1739061236451,"stop":1739061290908,"duration":54457}},{"uid":"8e640d50c1234e7e","reportUrl":"https://status-im.github.io/status-cli-tests/362//#testresult/8e640d50c1234e7e","status":"broken","statusDetails":"RuntimeError: Request to http://127.0.0.1:11753 usig method wakuext_fetchCommunity timed out after 10 seconds. Node: first_node","time":{"start":1738974867660,"stop":1738974948969,"duration":81309}},{"uid":"e8fcae82016399d8","reportUrl":"https://status-im.github.io/status-cli-tests/361//#testresult/e8fcae82016399d8","status":"broken","statusDetails":"RuntimeError: Request to http://127.0.0.1:61761 usig method wakuext_fetchCommunity timed out after 10 seconds. Node: first_node","time":{"start":1738888485167,"stop":1738888568808,"duration":83641}},{"uid":"f9f6fc36878259fd","reportUrl":"https://status-im.github.io/status-cli-tests/360//#testresult/f9f6fc36878259fd","status":"broken","statusDetails":"RuntimeError: Request to http://127.0.0.1:9209 usig method wakuext_fetchCommunity timed out after 10 seconds. Node: first_node","time":{"start":1738802063716,"stop":1738802165439,"duration":101723}},{"uid":"c0ed439685b468d0","reportUrl":"https://status-im.github.io/status-cli-tests/359//#testresult/c0ed439685b468d0","status":"broken","statusDetails":"RuntimeError: Request to http://127.0.0.1:38196 usig method wakuext_fetchCommunity timed out after 10 seconds. Node: first_node","time":{"start":1738715592400,"stop":1738715646850,"duration":54450}},{"uid":"6f134e13ba6275a6","reportUrl":"https://status-im.github.io/status-cli-tests/358//#testresult/6f134e13ba6275a6","status":"broken","statusDetails":"RuntimeError: Request to http://127.0.0.1:36359 usig method wakuext_fetchCommunity timed out after 10 seconds. Node: first_node","time":{"start":1738629305749,"stop":1738629383286,"duration":77537}},{"uid":"5ad761184af8e428","reportUrl":"https://status-im.github.io/status-cli-tests/357//#testresult/5ad761184af8e428","status":"broken","statusDetails":"RuntimeError: Request to http://127.0.0.1:56763 usig method wakuext_fetchCommunity timed out after 10 seconds. Node: first_node","time":{"start":1738542864055,"stop":1738542948590,"duration":84535}},{"uid":"2cc52e204401f88","reportUrl":"https://status-im.github.io/status-cli-tests/356//#testresult/2cc52e204401f88","status":"failed","statusDetails":"AssertionError: Response does not contain 'result' key.","time":{"start":1738456437357,"stop":1738456521889,"duration":84532}},{"uid":"72699d52ad8db19c","reportUrl":"https://status-im.github.io/status-cli-tests/355//#testresult/72699d52ad8db19c","status":"broken","statusDetails":"RuntimeError: Request to http://127.0.0.1:48195 usig method wakuext_fetchCommunity timed out after 10 seconds. Node: first_node","time":{"start":1738369979649,"stop":1738370038421,"duration":58772}},{"uid":"b49ce2b48f905e6c","reportUrl":"https://status-im.github.io/status-cli-tests/354//#testresult/b49ce2b48f905e6c","status":"broken","statusDetails":"RuntimeError: Request to http://127.0.0.1:56050 usig method wakuext_fetchCommunity timed out after 10 seconds. Node: first_node","time":{"start":1738283483315,"stop":1738283567194,"duration":83879}}]},"tags":["@pytest.mark.usefixtures('start_1_node')"]},"source":"da7844bbe6e3e25b.json","parameterValues":[]}