{"uid":"f7ed9541d3a4b670","name":"test_community_messages_with_node_pause_10_seconds","fullName":"tests.test_community_messages.TestCommunityMessages#test_community_messages_with_node_pause_10_seconds","historyId":"9d5c5c19a9c20059f4a5d5c182032b2c","time":{"start":1735604346123,"stop":1735604366791,"duration":20668},"status":"failed","statusMessage":"AssertionError: Response does not contain 'result' key.","statusTrace":"tests/test_community_messages.py:73: in test_community_messages_with_node_pause_10_seconds\n    self.join_created_communities()\nsrc/steps/common.py:186: in join_created_communities\n    response = community_node.accept_request_to_join_community(request_to_join_id)\nsrc/node/status_node.py:201: in accept_request_to_join_community\n    return self.api.send_rpc_request(\"wakuext_acceptRequestToJoinCommunity\", params)\n/opt/hostedtoolcache/Python/3.12.8/x64/lib/python3.12/site-packages/tenacity/__init__.py:289: in wrapped_f\n    return self(f, *args, **kw)\n/opt/hostedtoolcache/Python/3.12.8/x64/lib/python3.12/site-packages/tenacity/__init__.py:379: in __call__\n    do = self.iter(retry_state=retry_state)\n/opt/hostedtoolcache/Python/3.12.8/x64/lib/python3.12/site-packages/tenacity/__init__.py:325: in iter\n    raise retry_exc.reraise()\n/opt/hostedtoolcache/Python/3.12.8/x64/lib/python3.12/site-packages/tenacity/__init__.py:158: in reraise\n    raise self.last_attempt.result()\n/opt/hostedtoolcache/Python/3.12.8/x64/lib/python3.12/concurrent/futures/_base.py:449: in result\n    return self.__get_result()\n/opt/hostedtoolcache/Python/3.12.8/x64/lib/python3.12/concurrent/futures/_base.py:401: in __get_result\n    raise self._exception\n/opt/hostedtoolcache/Python/3.12.8/x64/lib/python3.12/site-packages/tenacity/__init__.py:382: in __call__\n    result = fn(*args, **kwargs)\nsrc/node/rpc_client.py:27: in send_rpc_request\n    assert \"result\" in response.json(), \"Response does not contain 'result' key.\"\nE   AssertionError: Response does not contain 'result' key.","flaky":false,"newFailed":false,"newBroken":false,"newPassed":false,"retriesCount":2,"retriesStatusChange":false,"beforeStages":[{"name":"set_allure_env_variables","time":{"start":1735604154163,"stop":1735604154163,"duration":0},"status":"passed","steps":[],"attachments":[],"parameters":[],"shouldDisplayMessage":false,"stepsCount":0,"attachmentsCount":0,"hasContent":false,"attachmentStep":false},{"name":"start_1_node","time":{"start":1735604338313,"stop":1735604346122,"duration":7809},"status":"passed","steps":[],"attachments":[],"parameters":[],"shouldDisplayMessage":false,"stepsCount":0,"attachmentsCount":0,"hasContent":false,"attachmentStep":false},{"name":"clear_open_nodes","time":{"start":1735604338313,"stop":1735604338313,"duration":0},"status":"passed","steps":[],"attachments":[],"parameters":[],"shouldDisplayMessage":false,"stepsCount":0,"attachmentsCount":0,"hasContent":false,"attachmentStep":false},{"name":"save_node_logs_on_fail","time":{"start":1735604338313,"stop":1735604338313,"duration":0},"status":"passed","steps":[],"attachments":[],"parameters":[],"shouldDisplayMessage":false,"stepsCount":0,"attachmentsCount":0,"hasContent":false,"attachmentStep":false}],"testStage":{"status":"failed","statusMessage":"AssertionError: Response does not contain 'result' key.","statusTrace":"tests/test_community_messages.py:73: in test_community_messages_with_node_pause_10_seconds\n    self.join_created_communities()\nsrc/steps/common.py:186: in join_created_communities\n    response = community_node.accept_request_to_join_community(request_to_join_id)\nsrc/node/status_node.py:201: in accept_request_to_join_community\n    return self.api.send_rpc_request(\"wakuext_acceptRequestToJoinCommunity\", params)\n/opt/hostedtoolcache/Python/3.12.8/x64/lib/python3.12/site-packages/tenacity/__init__.py:289: in wrapped_f\n    return self(f, *args, **kw)\n/opt/hostedtoolcache/Python/3.12.8/x64/lib/python3.12/site-packages/tenacity/__init__.py:379: in __call__\n    do = self.iter(retry_state=retry_state)\n/opt/hostedtoolcache/Python/3.12.8/x64/lib/python3.12/site-packages/tenacity/__init__.py:325: in iter\n    raise retry_exc.reraise()\n/opt/hostedtoolcache/Python/3.12.8/x64/lib/python3.12/site-packages/tenacity/__init__.py:158: in reraise\n    raise self.last_attempt.result()\n/opt/hostedtoolcache/Python/3.12.8/x64/lib/python3.12/concurrent/futures/_base.py:449: in result\n    return self.__get_result()\n/opt/hostedtoolcache/Python/3.12.8/x64/lib/python3.12/concurrent/futures/_base.py:401: in __get_result\n    raise self._exception\n/opt/hostedtoolcache/Python/3.12.8/x64/lib/python3.12/site-packages/tenacity/__init__.py:382: in __call__\n    result = fn(*args, **kwargs)\nsrc/node/rpc_client.py:27: in send_rpc_request\n    assert \"result\" in response.json(), \"Response does not contain 'result' key.\"\nE   AssertionError: Response does not contain 'result' key.","steps":[],"attachments":[{"uid":"c95523fcec8304f0","name":"log","source":"c95523fcec8304f0.txt","type":"text/plain","size":404436}],"parameters":[],"shouldDisplayMessage":true,"stepsCount":0,"attachmentsCount":1,"hasContent":true,"attachmentStep":false},"afterStages":[{"name":"save_node_logs_on_fail::0","time":{"start":1735604366829,"stop":1735604366830,"duration":1},"status":"passed","steps":[],"attachments":[],"parameters":[],"shouldDisplayMessage":false,"stepsCount":0,"attachmentsCount":0,"hasContent":false,"attachmentStep":false},{"name":"clear_open_nodes::0","time":{"start":1735604366830,"stop":1735604366857,"duration":27},"status":"passed","steps":[],"attachments":[],"parameters":[],"shouldDisplayMessage":false,"stepsCount":0,"attachmentsCount":0,"hasContent":false,"attachmentStep":false},{"name":"set_allure_env_variables::0","time":{"start":1735606042121,"stop":1735606042121,"duration":0},"status":"passed","steps":[],"attachments":[],"parameters":[],"shouldDisplayMessage":false,"stepsCount":0,"attachmentsCount":0,"hasContent":false,"attachmentStep":false}],"labels":[{"name":"tag","value":"flaky(reruns=2)"},{"name":"tag","value":"@pytest.mark.usefixtures('start_1_node')"},{"name":"parentSuite","value":"tests"},{"name":"suite","value":"test_community_messages"},{"name":"subSuite","value":"TestCommunityMessages"},{"name":"host","value":"fv-az1371-454"},{"name":"thread","value":"60574-MainThread"},{"name":"framework","value":"pytest"},{"name":"language","value":"cpython3"},{"name":"package","value":"tests.test_community_messages"},{"name":"resultFormat","value":"allure2"}],"parameters":[],"links":[],"hidden":false,"retry":false,"extra":{"severity":"normal","retries":[{"uid":"c5e0fcad743f4129","status":"failed","statusDetails":"AssertionError: Response does not contain 'result' key.","time":{"start":1735604307977,"stop":1735604338246,"duration":30269}},{"uid":"2bb888ee38b3674a","status":"failed","statusDetails":"AssertionError: Response does not contain 'result' key.","time":{"start":1735604269836,"stop":1735604300212,"duration":30376}}],"categories":[{"name":"Product defects","matchedStatuses":[],"flaky":false}],"history":{"statistic":{"failed":64,"broken":11,"skipped":0,"passed":8,"unknown":0,"total":83},"items":[{"uid":"6910439a86da30cd","reportUrl":"https://status-im.github.io/status-cli-tests/320//#testresult/6910439a86da30cd","status":"failed","statusDetails":"AssertionError: Response does not contain 'result' key.","time":{"start":1735518005225,"stop":1735518025752,"duration":20527}},{"uid":"a9133e22e5fa1d27","reportUrl":"https://status-im.github.io/status-cli-tests/319//#testresult/a9133e22e5fa1d27","status":"failed","statusDetails":"AssertionError: Response does not contain 'result' key.","time":{"start":1735431592513,"stop":1735431613163,"duration":20650}},{"uid":"54537c5551f1ff61","reportUrl":"https://status-im.github.io/status-cli-tests/318//#testresult/54537c5551f1ff61","status":"failed","statusDetails":"AssertionError: Response does not contain 'result' key.","time":{"start":1735345110376,"stop":1735345140769,"duration":30393}},{"uid":"656b07fa6a9ce86c","reportUrl":"https://status-im.github.io/status-cli-tests/317//#testresult/656b07fa6a9ce86c","status":"failed","statusDetails":"AssertionError: Response does not contain 'result' key.","time":{"start":1735258722055,"stop":1735258743287,"duration":21232}},{"uid":"b1e437d99cfd8614","reportUrl":"https://status-im.github.io/status-cli-tests/316//#testresult/b1e437d99cfd8614","status":"failed","statusDetails":"AssertionError: Response does not contain 'result' key.","time":{"start":1735172326698,"stop":1735172347777,"duration":21079}},{"uid":"163b8c9c0f38e961","reportUrl":"https://status-im.github.io/status-cli-tests/315//#testresult/163b8c9c0f38e961","status":"failed","statusDetails":"AssertionError: Response does not contain 'result' key.","time":{"start":1735085933558,"stop":1735085954530,"duration":20972}},{"uid":"db103fbe3dc580f6","reportUrl":"https://status-im.github.io/status-cli-tests/314//#testresult/db103fbe3dc580f6","status":"failed","statusDetails":"AssertionError: Response does not contain 'result' key.","time":{"start":1734999530961,"stop":1734999551858,"duration":20897}},{"uid":"25aee84a24fdbc16","reportUrl":"https://status-im.github.io/status-cli-tests/313//#testresult/25aee84a24fdbc16","status":"failed","statusDetails":"AssertionError: Response does not contain 'result' key.","time":{"start":1734913153857,"stop":1734913174554,"duration":20697}},{"uid":"8eb3831b029db31d","reportUrl":"https://status-im.github.io/status-cli-tests/312//#testresult/8eb3831b029db31d","status":"failed","statusDetails":"AssertionError: Response does not contain 'result' key.","time":{"start":1734826785006,"stop":1734826806332,"duration":21326}},{"uid":"521d9603fb8417d5","reportUrl":"https://status-im.github.io/status-cli-tests/311//#testresult/521d9603fb8417d5","status":"failed","statusDetails":"AssertionError: Response does not contain 'result' key.","time":{"start":1734740305759,"stop":1734740336186,"duration":30427}},{"uid":"cb6947aa16d1416c","reportUrl":"https://status-im.github.io/status-cli-tests/310//#testresult/cb6947aa16d1416c","status":"failed","statusDetails":"AssertionError: Response does not contain 'result' key.","time":{"start":1734653962556,"stop":1734653993272,"duration":30716}},{"uid":"41ecbc76744471ce","reportUrl":"https://status-im.github.io/status-cli-tests/309//#testresult/41ecbc76744471ce","status":"failed","statusDetails":"AssertionError: Response does not contain 'result' key.","time":{"start":1734567587717,"stop":1734567608284,"duration":20567}},{"uid":"939ac86a718bd382","reportUrl":"https://status-im.github.io/status-cli-tests/308//#testresult/939ac86a718bd382","status":"failed","statusDetails":"AssertionError: Response does not contain 'result' key.","time":{"start":1734481184070,"stop":1734481204743,"duration":20673}},{"uid":"ab57c6ef7a41f5e4","reportUrl":"https://status-im.github.io/status-cli-tests/307//#testresult/ab57c6ef7a41f5e4","status":"failed","statusDetails":"AssertionError: Response does not contain 'result' key.","time":{"start":1734394778318,"stop":1734394808675,"duration":30357}},{"uid":"299e833b32c352d3","reportUrl":"https://status-im.github.io/status-cli-tests/306//#testresult/299e833b32c352d3","status":"failed","statusDetails":"AssertionError: Response does not contain 'result' key.","time":{"start":1734308416767,"stop":1734308437305,"duration":20538}},{"uid":"e4b7e7cab494148b","reportUrl":"https://status-im.github.io/status-cli-tests/305//#testresult/e4b7e7cab494148b","status":"failed","statusDetails":"AssertionError: Response does not contain 'result' key.","time":{"start":1734222089916,"stop":1734222120353,"duration":30437}},{"uid":"7e150362d3858439","reportUrl":"https://status-im.github.io/status-cli-tests/304//#testresult/7e150362d3858439","status":"failed","statusDetails":"AssertionError: Response does not contain 'result' key.","time":{"start":1734135611348,"stop":1734135641991,"duration":30643}},{"uid":"164ec24beef3350a","reportUrl":"https://status-im.github.io/status-cli-tests/303//#testresult/164ec24beef3350a","status":"failed","statusDetails":"AssertionError: Response does not contain 'result' key.","time":{"start":1734049232383,"stop":1734049262905,"duration":30522}},{"uid":"774753d01aaafa26","reportUrl":"https://status-im.github.io/status-cli-tests/302//#testresult/774753d01aaafa26","status":"passed","time":{"start":1733962809560,"stop":1733962840180,"duration":30620}},{"uid":"ae81912741a1f623","reportUrl":"https://status-im.github.io/status-cli-tests/301//#testresult/ae81912741a1f623","status":"passed","time":{"start":1733876301981,"stop":1733876335364,"duration":33383}}]},"tags":["@pytest.mark.usefixtures('start_1_node')","flaky(reruns=2)"]},"source":"f7ed9541d3a4b670.json","parameterValues":[]}