{"uid":"61996ed48ef65f2e","name":"test_fetch_community_with_low_bandwith","fullName":"tests.test_fetch_community.TestFetchCommunity#test_fetch_community_with_low_bandwith","historyId":"8f5c2695c3f5c4b07b723521f980c935","time":{"start":1733445341605,"stop":1733445409727,"duration":68122},"status":"failed","statusMessage":"AssertionError: Response does not contain 'result' key.","statusTrace":"tests/test_fetch_community.py:43: in test_fetch_community_with_low_bandwith\n    self.test_fetch_community_baseline()\ntests/test_fetch_community.py:18: in test_fetch_community_baseline\n    response = self.first_node.fetch_community(community_id)\n/opt/hostedtoolcache/Python/3.12.7/x64/lib/python3.12/site-packages/tenacity/__init__.py:289: in wrapped_f\n    return self(f, *args, **kw)\n/opt/hostedtoolcache/Python/3.12.7/x64/lib/python3.12/site-packages/tenacity/__init__.py:379: in __call__\n    do = self.iter(retry_state=retry_state)\n/opt/hostedtoolcache/Python/3.12.7/x64/lib/python3.12/site-packages/tenacity/__init__.py:325: in iter\n    raise retry_exc.reraise()\n/opt/hostedtoolcache/Python/3.12.7/x64/lib/python3.12/site-packages/tenacity/__init__.py:158: in reraise\n    raise self.last_attempt.result()\n/opt/hostedtoolcache/Python/3.12.7/x64/lib/python3.12/concurrent/futures/_base.py:449: in result\n    return self.__get_result()\n/opt/hostedtoolcache/Python/3.12.7/x64/lib/python3.12/concurrent/futures/_base.py:401: in __get_result\n    raise self._exception\n/opt/hostedtoolcache/Python/3.12.7/x64/lib/python3.12/site-packages/tenacity/__init__.py:382: in __call__\n    result = fn(*args, **kwargs)\nsrc/node/status_node.py:193: in fetch_community\n    return self.api.send_rpc_request(\"wakuext_fetchCommunity\", params, timeout=10)\n/opt/hostedtoolcache/Python/3.12.7/x64/lib/python3.12/site-packages/tenacity/__init__.py:289: in wrapped_f\n    return self(f, *args, **kw)\n/opt/hostedtoolcache/Python/3.12.7/x64/lib/python3.12/site-packages/tenacity/__init__.py:379: in __call__\n    do = self.iter(retry_state=retry_state)\n/opt/hostedtoolcache/Python/3.12.7/x64/lib/python3.12/site-packages/tenacity/__init__.py:325: in iter\n    raise retry_exc.reraise()\n/opt/hostedtoolcache/Python/3.12.7/x64/lib/python3.12/site-packages/tenacity/__init__.py:158: in reraise\n    raise self.last_attempt.result()\n/opt/hostedtoolcache/Python/3.12.7/x64/lib/python3.12/concurrent/futures/_base.py:449: in result\n    return self.__get_result()\n/opt/hostedtoolcache/Python/3.12.7/x64/lib/python3.12/concurrent/futures/_base.py:401: in __get_result\n    raise self._exception\n/opt/hostedtoolcache/Python/3.12.7/x64/lib/python3.12/site-packages/tenacity/__init__.py:382: in __call__\n    result = fn(*args, **kwargs)\nsrc/node/rpc_client.py:27: in send_rpc_request\n    assert \"result\" in response.json(), \"Response does not contain 'result' key.\"\nE   AssertionError: Response does not contain 'result' key.","flaky":false,"newFailed":false,"newBroken":false,"newPassed":false,"retriesCount":0,"retriesStatusChange":false,"beforeStages":[{"name":"set_allure_env_variables","time":{"start":1733444231071,"stop":1733444231071,"duration":0},"status":"passed","steps":[],"attachments":[],"parameters":[],"shouldDisplayMessage":false,"stepsCount":0,"attachmentsCount":0,"hasContent":false,"attachmentStep":false},{"name":"clear_open_nodes","time":{"start":1733445333792,"stop":1733445333793,"duration":1},"status":"passed","steps":[],"attachments":[],"parameters":[],"shouldDisplayMessage":false,"stepsCount":0,"attachmentsCount":0,"hasContent":false,"attachmentStep":false},{"name":"start_1_node","time":{"start":1733445333793,"stop":1733445341604,"duration":7811},"status":"passed","steps":[],"attachments":[],"parameters":[],"shouldDisplayMessage":false,"stepsCount":0,"attachmentsCount":0,"hasContent":false,"attachmentStep":false},{"name":"save_node_logs_on_fail","time":{"start":1733445333793,"stop":1733445333793,"duration":0},"status":"passed","steps":[],"attachments":[],"parameters":[],"shouldDisplayMessage":false,"stepsCount":0,"attachmentsCount":0,"hasContent":false,"attachmentStep":false}],"testStage":{"status":"failed","statusMessage":"AssertionError: Response does not contain 'result' key.","statusTrace":"tests/test_fetch_community.py:43: in test_fetch_community_with_low_bandwith\n    self.test_fetch_community_baseline()\ntests/test_fetch_community.py:18: in test_fetch_community_baseline\n    response = self.first_node.fetch_community(community_id)\n/opt/hostedtoolcache/Python/3.12.7/x64/lib/python3.12/site-packages/tenacity/__init__.py:289: in wrapped_f\n    return self(f, *args, **kw)\n/opt/hostedtoolcache/Python/3.12.7/x64/lib/python3.12/site-packages/tenacity/__init__.py:379: in __call__\n    do = self.iter(retry_state=retry_state)\n/opt/hostedtoolcache/Python/3.12.7/x64/lib/python3.12/site-packages/tenacity/__init__.py:325: in iter\n    raise retry_exc.reraise()\n/opt/hostedtoolcache/Python/3.12.7/x64/lib/python3.12/site-packages/tenacity/__init__.py:158: in reraise\n    raise self.last_attempt.result()\n/opt/hostedtoolcache/Python/3.12.7/x64/lib/python3.12/concurrent/futures/_base.py:449: in result\n    return self.__get_result()\n/opt/hostedtoolcache/Python/3.12.7/x64/lib/python3.12/concurrent/futures/_base.py:401: in __get_result\n    raise self._exception\n/opt/hostedtoolcache/Python/3.12.7/x64/lib/python3.12/site-packages/tenacity/__init__.py:382: in __call__\n    result = fn(*args, **kwargs)\nsrc/node/status_node.py:193: in fetch_community\n    return self.api.send_rpc_request(\"wakuext_fetchCommunity\", params, timeout=10)\n/opt/hostedtoolcache/Python/3.12.7/x64/lib/python3.12/site-packages/tenacity/__init__.py:289: in wrapped_f\n    return self(f, *args, **kw)\n/opt/hostedtoolcache/Python/3.12.7/x64/lib/python3.12/site-packages/tenacity/__init__.py:379: in __call__\n    do = self.iter(retry_state=retry_state)\n/opt/hostedtoolcache/Python/3.12.7/x64/lib/python3.12/site-packages/tenacity/__init__.py:325: in iter\n    raise retry_exc.reraise()\n/opt/hostedtoolcache/Python/3.12.7/x64/lib/python3.12/site-packages/tenacity/__init__.py:158: in reraise\n    raise self.last_attempt.result()\n/opt/hostedtoolcache/Python/3.12.7/x64/lib/python3.12/concurrent/futures/_base.py:449: in result\n    return self.__get_result()\n/opt/hostedtoolcache/Python/3.12.7/x64/lib/python3.12/concurrent/futures/_base.py:401: in __get_result\n    raise self._exception\n/opt/hostedtoolcache/Python/3.12.7/x64/lib/python3.12/site-packages/tenacity/__init__.py:382: in __call__\n    result = fn(*args, **kwargs)\nsrc/node/rpc_client.py:27: in send_rpc_request\n    assert \"result\" in response.json(), \"Response does not contain 'result' key.\"\nE   AssertionError: Response does not contain 'result' key.","steps":[],"attachments":[{"uid":"4e934ce8706c6fa3","name":"log","source":"4e934ce8706c6fa3.txt","type":"text/plain","size":205452}],"parameters":[],"shouldDisplayMessage":true,"stepsCount":0,"attachmentsCount":1,"hasContent":true,"attachmentStep":false},"afterStages":[{"name":"save_node_logs_on_fail::0","time":{"start":1733445409805,"stop":1733445409807,"duration":2},"status":"passed","steps":[],"attachments":[],"parameters":[],"shouldDisplayMessage":false,"stepsCount":0,"attachmentsCount":0,"hasContent":false,"attachmentStep":false},{"name":"clear_open_nodes::0","time":{"start":1733445409808,"stop":1733445410042,"duration":234},"status":"passed","steps":[],"attachments":[],"parameters":[],"shouldDisplayMessage":false,"stepsCount":0,"attachmentsCount":0,"hasContent":false,"attachmentStep":false},{"name":"set_allure_env_variables::0","time":{"start":1733446660566,"stop":1733446660567,"duration":1},"status":"passed","steps":[],"attachments":[],"parameters":[],"shouldDisplayMessage":false,"stepsCount":0,"attachmentsCount":0,"hasContent":false,"attachmentStep":false}],"labels":[{"name":"tag","value":"@pytest.mark.usefixtures('start_1_node')"},{"name":"parentSuite","value":"tests"},{"name":"suite","value":"test_fetch_community"},{"name":"subSuite","value":"TestFetchCommunity"},{"name":"host","value":"fv-az1208-235"},{"name":"thread","value":"60812-MainThread"},{"name":"framework","value":"pytest"},{"name":"language","value":"cpython3"},{"name":"package","value":"tests.test_fetch_community"},{"name":"resultFormat","value":"allure2"}],"parameters":[],"links":[],"hidden":false,"retry":false,"extra":{"severity":"normal","retries":[],"categories":[{"name":"Product defects","matchedStatuses":[],"flaky":false}],"history":{"statistic":{"failed":8,"broken":9,"skipped":0,"passed":41,"unknown":0,"total":58},"items":[{"uid":"972fe7df61060ec8","reportUrl":"https://status-im.github.io/status-cli-tests/295//#testresult/972fe7df61060ec8","status":"failed","statusDetails":"AssertionError: Response does not contain 'result' key.","time":{"start":1733358971871,"stop":1733359042119,"duration":70248}},{"uid":"2e21d0b1f2b1656a","reportUrl":"https://status-im.github.io/status-cli-tests/294//#testresult/2e21d0b1f2b1656a","status":"failed","statusDetails":"AssertionError: Response does not contain 'result' key.","time":{"start":1733272623742,"stop":1733272690440,"duration":66698}},{"uid":"96e97c8ca9fb73a2","reportUrl":"https://status-im.github.io/status-cli-tests/293//#testresult/96e97c8ca9fb73a2","status":"failed","statusDetails":"AssertionError: Response does not contain 'result' key.","time":{"start":1733186165907,"stop":1733186232616,"duration":66709}},{"uid":"c75eac3db6a607bb","reportUrl":"https://status-im.github.io/status-cli-tests/292//#testresult/c75eac3db6a607bb","status":"failed","statusDetails":"AssertionError: Response does not contain 'result' key.","time":{"start":1733099726952,"stop":1733099792944,"duration":65992}},{"uid":"59faa0da84e3fb5d","reportUrl":"https://status-im.github.io/status-cli-tests/291//#testresult/59faa0da84e3fb5d","status":"failed","statusDetails":"AssertionError: Response does not contain 'result' key.","time":{"start":1733013460402,"stop":1733013527192,"duration":66790}},{"uid":"44d60457b3b0b89","reportUrl":"https://status-im.github.io/status-cli-tests/290//#testresult/44d60457b3b0b89","status":"failed","statusDetails":"AssertionError: Response does not contain 'result' key.","time":{"start":1732926962360,"stop":1732927026056,"duration":63696}},{"uid":"9145dad89b0d39de","reportUrl":"https://status-im.github.io/status-cli-tests/289//#testresult/9145dad89b0d39de","status":"failed","statusDetails":"AssertionError: Response does not contain 'result' key.","time":{"start":1732840558771,"stop":1732840624192,"duration":65421}},{"uid":"c1df85cc8f08fa8","reportUrl":"https://status-im.github.io/status-cli-tests/288//#testresult/c1df85cc8f08fa8","status":"passed","time":{"start":1732754181631,"stop":1732754230825,"duration":49194}},{"uid":"2c538a90117be581","reportUrl":"https://status-im.github.io/status-cli-tests/287//#testresult/2c538a90117be581","status":"broken","statusDetails":"RuntimeError: Request to http://127.0.0.1:9116 usig method wakuext_fetchCommunity timed out after 10 seconds. Node: first_node","time":{"start":1732667616716,"stop":1732667686673,"duration":69957}},{"uid":"e40bc51f669fd719","reportUrl":"https://status-im.github.io/status-cli-tests/286//#testresult/e40bc51f669fd719","status":"broken","statusDetails":"RuntimeError: Request to http://127.0.0.1:56302 usig method wakuext_fetchCommunity timed out after 10 seconds. Node: first_node","time":{"start":1732581234569,"stop":1732581303932,"duration":69363}},{"uid":"5cb12f13a390b285","reportUrl":"https://status-im.github.io/status-cli-tests/285//#testresult/5cb12f13a390b285","status":"passed","time":{"start":1732494659157,"stop":1732494701271,"duration":42114}},{"uid":"fdad9eb45e14f6bb","reportUrl":"https://status-im.github.io/status-cli-tests/284//#testresult/fdad9eb45e14f6bb","status":"passed","time":{"start":1732408312574,"stop":1732408361518,"duration":48944}},{"uid":"495db4218f3d8cbf","reportUrl":"https://status-im.github.io/status-cli-tests/283//#testresult/495db4218f3d8cbf","status":"passed","time":{"start":1732321854160,"stop":1732321886940,"duration":32780}},{"uid":"d188ba967b7f2356","reportUrl":"https://status-im.github.io/status-cli-tests/282//#testresult/d188ba967b7f2356","status":"passed","time":{"start":1732235612500,"stop":1732235657348,"duration":44848}},{"uid":"cbb401d5b9c7e3cd","reportUrl":"https://status-im.github.io/status-cli-tests/281//#testresult/cbb401d5b9c7e3cd","status":"passed","time":{"start":1732149092451,"stop":1732149145318,"duration":52867}},{"uid":"a1cc6af15a717a3b","reportUrl":"https://status-im.github.io/status-cli-tests/280//#testresult/a1cc6af15a717a3b","status":"passed","time":{"start":1732062743600,"stop":1732062782156,"duration":38556}},{"uid":"4b8ab2b23676ee44","reportUrl":"https://status-im.github.io/status-cli-tests/279//#testresult/4b8ab2b23676ee44","status":"passed","time":{"start":1731976312034,"stop":1731976344497,"duration":32463}},{"uid":"4fc005359d9336bd","reportUrl":"https://status-im.github.io/status-cli-tests/278//#testresult/4fc005359d9336bd","status":"passed","time":{"start":1731889907056,"stop":1731889938732,"duration":31676}},{"uid":"71bfe1e983a8aca4","reportUrl":"https://status-im.github.io/status-cli-tests/277//#testresult/71bfe1e983a8aca4","status":"passed","time":{"start":1731803537199,"stop":1731803574118,"duration":36919}},{"uid":"4fd203e346276e5b","reportUrl":"https://status-im.github.io/status-cli-tests/276//#testresult/4fd203e346276e5b","status":"passed","time":{"start":1731717050775,"stop":1731717087496,"duration":36721}}]},"tags":["@pytest.mark.usefixtures('start_1_node')"]},"source":"61996ed48ef65f2e.json","parameterValues":[]}