{"uid":"64438772c9e2adeb","name":"test_join_community_baseline","fullName":"tests.test_join_community.TestJoinCommunity#test_join_community_baseline","historyId":"0045b227df045106355999bb08fb6547","time":{"start":1733445586309,"stop":1733445656880,"duration":70571},"status":"failed","statusMessage":"AssertionError: Response does not contain 'result' key.","statusTrace":"tests/test_join_community.py:19: in test_join_community_baseline\n    self.first_node.fetch_community(community_id)\n/opt/hostedtoolcache/Python/3.12.7/x64/lib/python3.12/site-packages/tenacity/__init__.py:289: in wrapped_f\n    return self(f, *args, **kw)\n/opt/hostedtoolcache/Python/3.12.7/x64/lib/python3.12/site-packages/tenacity/__init__.py:379: in __call__\n    do = self.iter(retry_state=retry_state)\n/opt/hostedtoolcache/Python/3.12.7/x64/lib/python3.12/site-packages/tenacity/__init__.py:325: in iter\n    raise retry_exc.reraise()\n/opt/hostedtoolcache/Python/3.12.7/x64/lib/python3.12/site-packages/tenacity/__init__.py:158: in reraise\n    raise self.last_attempt.result()\n/opt/hostedtoolcache/Python/3.12.7/x64/lib/python3.12/concurrent/futures/_base.py:449: in result\n    return self.__get_result()\n/opt/hostedtoolcache/Python/3.12.7/x64/lib/python3.12/concurrent/futures/_base.py:401: in __get_result\n    raise self._exception\n/opt/hostedtoolcache/Python/3.12.7/x64/lib/python3.12/site-packages/tenacity/__init__.py:382: in __call__\n    result = fn(*args, **kwargs)\nsrc/node/status_node.py:193: in fetch_community\n    return self.api.send_rpc_request(\"wakuext_fetchCommunity\", params, timeout=10)\n/opt/hostedtoolcache/Python/3.12.7/x64/lib/python3.12/site-packages/tenacity/__init__.py:289: in wrapped_f\n    return self(f, *args, **kw)\n/opt/hostedtoolcache/Python/3.12.7/x64/lib/python3.12/site-packages/tenacity/__init__.py:379: in __call__\n    do = self.iter(retry_state=retry_state)\n/opt/hostedtoolcache/Python/3.12.7/x64/lib/python3.12/site-packages/tenacity/__init__.py:325: in iter\n    raise retry_exc.reraise()\n/opt/hostedtoolcache/Python/3.12.7/x64/lib/python3.12/site-packages/tenacity/__init__.py:158: in reraise\n    raise self.last_attempt.result()\n/opt/hostedtoolcache/Python/3.12.7/x64/lib/python3.12/concurrent/futures/_base.py:449: in result\n    return self.__get_result()\n/opt/hostedtoolcache/Python/3.12.7/x64/lib/python3.12/concurrent/futures/_base.py:401: in __get_result\n    raise self._exception\n/opt/hostedtoolcache/Python/3.12.7/x64/lib/python3.12/site-packages/tenacity/__init__.py:382: in __call__\n    result = fn(*args, **kwargs)\nsrc/node/rpc_client.py:27: in send_rpc_request\n    assert \"result\" in response.json(), \"Response does not contain 'result' key.\"\nE   AssertionError: Response does not contain 'result' key.","flaky":false,"newFailed":false,"newBroken":false,"newPassed":false,"retriesCount":2,"retriesStatusChange":false,"beforeStages":[{"name":"set_allure_env_variables","time":{"start":1733444231071,"stop":1733444231071,"duration":0},"status":"passed","steps":[],"attachments":[],"parameters":[],"shouldDisplayMessage":false,"stepsCount":0,"attachmentsCount":0,"hasContent":false,"attachmentStep":false},{"name":"clear_open_nodes","time":{"start":1733445578397,"stop":1733445578397,"duration":0},"status":"passed","steps":[],"attachments":[],"parameters":[],"shouldDisplayMessage":false,"stepsCount":0,"attachmentsCount":0,"hasContent":false,"attachmentStep":false},{"name":"start_1_node","time":{"start":1733445578397,"stop":1733445586309,"duration":7912},"status":"passed","steps":[],"attachments":[],"parameters":[],"shouldDisplayMessage":false,"stepsCount":0,"attachmentsCount":0,"hasContent":false,"attachmentStep":false},{"name":"save_node_logs_on_fail","time":{"start":1733445578397,"stop":1733445578397,"duration":0},"status":"passed","steps":[],"attachments":[],"parameters":[],"shouldDisplayMessage":false,"stepsCount":0,"attachmentsCount":0,"hasContent":false,"attachmentStep":false}],"testStage":{"status":"failed","statusMessage":"AssertionError: Response does not contain 'result' key.","statusTrace":"tests/test_join_community.py:19: in test_join_community_baseline\n    self.first_node.fetch_community(community_id)\n/opt/hostedtoolcache/Python/3.12.7/x64/lib/python3.12/site-packages/tenacity/__init__.py:289: in wrapped_f\n    return self(f, *args, **kw)\n/opt/hostedtoolcache/Python/3.12.7/x64/lib/python3.12/site-packages/tenacity/__init__.py:379: in __call__\n    do = self.iter(retry_state=retry_state)\n/opt/hostedtoolcache/Python/3.12.7/x64/lib/python3.12/site-packages/tenacity/__init__.py:325: in iter\n    raise retry_exc.reraise()\n/opt/hostedtoolcache/Python/3.12.7/x64/lib/python3.12/site-packages/tenacity/__init__.py:158: in reraise\n    raise self.last_attempt.result()\n/opt/hostedtoolcache/Python/3.12.7/x64/lib/python3.12/concurrent/futures/_base.py:449: in result\n    return self.__get_result()\n/opt/hostedtoolcache/Python/3.12.7/x64/lib/python3.12/concurrent/futures/_base.py:401: in __get_result\n    raise self._exception\n/opt/hostedtoolcache/Python/3.12.7/x64/lib/python3.12/site-packages/tenacity/__init__.py:382: in __call__\n    result = fn(*args, **kwargs)\nsrc/node/status_node.py:193: in fetch_community\n    return self.api.send_rpc_request(\"wakuext_fetchCommunity\", params, timeout=10)\n/opt/hostedtoolcache/Python/3.12.7/x64/lib/python3.12/site-packages/tenacity/__init__.py:289: in wrapped_f\n    return self(f, *args, **kw)\n/opt/hostedtoolcache/Python/3.12.7/x64/lib/python3.12/site-packages/tenacity/__init__.py:379: in __call__\n    do = self.iter(retry_state=retry_state)\n/opt/hostedtoolcache/Python/3.12.7/x64/lib/python3.12/site-packages/tenacity/__init__.py:325: in iter\n    raise retry_exc.reraise()\n/opt/hostedtoolcache/Python/3.12.7/x64/lib/python3.12/site-packages/tenacity/__init__.py:158: in reraise\n    raise self.last_attempt.result()\n/opt/hostedtoolcache/Python/3.12.7/x64/lib/python3.12/concurrent/futures/_base.py:449: in result\n    return self.__get_result()\n/opt/hostedtoolcache/Python/3.12.7/x64/lib/python3.12/concurrent/futures/_base.py:401: in __get_result\n    raise self._exception\n/opt/hostedtoolcache/Python/3.12.7/x64/lib/python3.12/site-packages/tenacity/__init__.py:382: in __call__\n    result = fn(*args, **kwargs)\nsrc/node/rpc_client.py:27: in send_rpc_request\n    assert \"result\" in response.json(), \"Response does not contain 'result' key.\"\nE   AssertionError: Response does not contain 'result' key.","steps":[],"attachments":[{"uid":"cab0dd142ffb62d9","name":"log","source":"cab0dd142ffb62d9.txt","type":"text/plain","size":639040}],"parameters":[],"shouldDisplayMessage":true,"stepsCount":0,"attachmentsCount":1,"hasContent":true,"attachmentStep":false},"afterStages":[{"name":"save_node_logs_on_fail::0","time":{"start":1733445656976,"stop":1733445656978,"duration":2},"status":"passed","steps":[],"attachments":[],"parameters":[],"shouldDisplayMessage":false,"stepsCount":0,"attachmentsCount":0,"hasContent":false,"attachmentStep":false},{"name":"clear_open_nodes::0","time":{"start":1733445656979,"stop":1733445657191,"duration":212},"status":"passed","steps":[],"attachments":[],"parameters":[],"shouldDisplayMessage":false,"stepsCount":0,"attachmentsCount":0,"hasContent":false,"attachmentStep":false},{"name":"set_allure_env_variables::0","time":{"start":1733446660566,"stop":1733446660567,"duration":1},"status":"passed","steps":[],"attachments":[],"parameters":[],"shouldDisplayMessage":false,"stepsCount":0,"attachmentsCount":0,"hasContent":false,"attachmentStep":false}],"labels":[{"name":"tag","value":"flaky(reruns=2)"},{"name":"tag","value":"@pytest.mark.usefixtures('start_1_node')"},{"name":"parentSuite","value":"tests"},{"name":"suite","value":"test_join_community"},{"name":"subSuite","value":"TestJoinCommunity"},{"name":"host","value":"fv-az1208-235"},{"name":"thread","value":"60812-MainThread"},{"name":"framework","value":"pytest"},{"name":"language","value":"cpython3"},{"name":"package","value":"tests.test_join_community"},{"name":"resultFormat","value":"allure2"}],"parameters":[],"links":[],"hidden":false,"retry":false,"extra":{"severity":"normal","retries":[{"uid":"d423e27d6d530066","status":"failed","statusDetails":"AssertionError: Response does not contain 'result' key.","time":{"start":1733445506649,"stop":1733445578136,"duration":71487}},{"uid":"af58987d4372734d","status":"failed","statusDetails":"AssertionError: Response does not contain 'result' key.","time":{"start":1733445417857,"stop":1733445498529,"duration":80672}}],"categories":[{"name":"Product defects","matchedStatuses":[],"flaky":false}],"history":{"statistic":{"failed":28,"broken":7,"skipped":0,"passed":23,"unknown":0,"total":58},"items":[{"uid":"476239bd68fd148c","reportUrl":"https://status-im.github.io/status-cli-tests/295//#testresult/476239bd68fd148c","status":"failed","statusDetails":"AssertionError: Response does not contain 'result' key.","time":{"start":1733359204826,"stop":1733359283461,"duration":78635}},{"uid":"c0287d652be84dff","reportUrl":"https://status-im.github.io/status-cli-tests/294//#testresult/c0287d652be84dff","status":"failed","statusDetails":"AssertionError: Response does not contain 'result' key.","time":{"start":1733272852923,"stop":1733272921340,"duration":68417}},{"uid":"d003d1f6663fb402","reportUrl":"https://status-im.github.io/status-cli-tests/293//#testresult/d003d1f6663fb402","status":"broken","statusDetails":"RuntimeError: Request to http://127.0.0.1:12318 usig method wakuext_fetchCommunity timed out after 10 seconds. Node: first_node","time":{"start":1733186393366,"stop":1733186463506,"duration":70140}},{"uid":"e90640aa7d85cd82","reportUrl":"https://status-im.github.io/status-cli-tests/292//#testresult/e90640aa7d85cd82","status":"failed","statusDetails":"AssertionError: Response does not contain 'result' key.","time":{"start":1733099950076,"stop":1733100017127,"duration":67051}},{"uid":"3b778e53fe541c6f","reportUrl":"https://status-im.github.io/status-cli-tests/291//#testresult/3b778e53fe541c6f","status":"failed","statusDetails":"AssertionError: Response does not contain 'result' key.","time":{"start":1733013682412,"stop":1733013750367,"duration":67955}},{"uid":"88f77f2263d2c76","reportUrl":"https://status-im.github.io/status-cli-tests/290//#testresult/88f77f2263d2c76","status":"failed","statusDetails":"AssertionError: Response does not contain 'result' key.","time":{"start":1732927192348,"stop":1732927277798,"duration":85450}},{"uid":"72f129b417e0d9eb","reportUrl":"https://status-im.github.io/status-cli-tests/289//#testresult/72f129b417e0d9eb","status":"failed","statusDetails":"AssertionError: Response does not contain 'result' key.","time":{"start":1732840782647,"stop":1732840849474,"duration":66827}},{"uid":"db8f4d24dc713fa","reportUrl":"https://status-im.github.io/status-cli-tests/288//#testresult/db8f4d24dc713fa","status":"failed","statusDetails":"AssertionError: Response does not contain 'result' key.","time":{"start":1732754407324,"stop":1732754477759,"duration":70435}},{"uid":"9dea5e9a224226de","reportUrl":"https://status-im.github.io/status-cli-tests/287//#testresult/9dea5e9a224226de","status":"passed","time":{"start":1732667911142,"stop":1732667982281,"duration":71139}},{"uid":"10f69a51225bb46d","reportUrl":"https://status-im.github.io/status-cli-tests/286//#testresult/10f69a51225bb46d","status":"failed","statusDetails":"AssertionError: Response does not contain 'result' key.","time":{"start":1732581460687,"stop":1732581532632,"duration":71945}},{"uid":"afe6c51fcf684336","reportUrl":"https://status-im.github.io/status-cli-tests/285//#testresult/afe6c51fcf684336","status":"failed","statusDetails":"AssertionError: Response does not contain 'result' key.","time":{"start":1732494833938,"stop":1732494900368,"duration":66430}},{"uid":"e5c5a418946272a5","reportUrl":"https://status-im.github.io/status-cli-tests/284//#testresult/e5c5a418946272a5","status":"failed","statusDetails":"AssertionError: Response does not contain 'result' key.","time":{"start":1732408506191,"stop":1732408560753,"duration":54562}},{"uid":"9ac995d6ae320e3a","reportUrl":"https://status-im.github.io/status-cli-tests/283//#testresult/9ac995d6ae320e3a","status":"failed","statusDetails":"AssertionError: Response does not contain 'result' key.","time":{"start":1732322028958,"stop":1732322082036,"duration":53078}},{"uid":"9636a785ed56f652","reportUrl":"https://status-im.github.io/status-cli-tests/282//#testresult/9636a785ed56f652","status":"failed","statusDetails":"AssertionError: Response does not contain 'result' key.","time":{"start":1732235792213,"stop":1732235846392,"duration":54179}},{"uid":"7601fabff73cea79","reportUrl":"https://status-im.github.io/status-cli-tests/281//#testresult/7601fabff73cea79","status":"failed","statusDetails":"AssertionError: Response does not contain 'result' key.","time":{"start":1732149309700,"stop":1732149368725,"duration":59025}},{"uid":"f8e540dafbfca58a","reportUrl":"https://status-im.github.io/status-cli-tests/280//#testresult/f8e540dafbfca58a","status":"passed","time":{"start":1732062790187,"stop":1732062833607,"duration":43420}},{"uid":"dfd0c1e89f131d54","reportUrl":"https://status-im.github.io/status-cli-tests/279//#testresult/dfd0c1e89f131d54","status":"passed","time":{"start":1731976352508,"stop":1731976395822,"duration":43314}},{"uid":"103d14ffc0e284f3","reportUrl":"https://status-im.github.io/status-cli-tests/278//#testresult/103d14ffc0e284f3","status":"passed","time":{"start":1731889946752,"stop":1731889989194,"duration":42442}},{"uid":"4032808c0d85eae6","reportUrl":"https://status-im.github.io/status-cli-tests/277//#testresult/4032808c0d85eae6","status":"passed","time":{"start":1731803582150,"stop":1731803624749,"duration":42599}},{"uid":"94da20347b1526da","reportUrl":"https://status-im.github.io/status-cli-tests/276//#testresult/94da20347b1526da","status":"passed","time":{"start":1731717095490,"stop":1731717138595,"duration":43105}}]},"tags":["@pytest.mark.usefixtures('start_1_node')","flaky(reruns=2)"]},"source":"64438772c9e2adeb.json","parameterValues":[]}