{"uid":"795c6d16d68f227c","name":"test_community_messages_with_node_pause_10_seconds","fullName":"tests.test_community_messages.TestCommunityMessages#test_community_messages_with_node_pause_10_seconds","historyId":"9d5c5c19a9c20059f4a5d5c182032b2c","time":{"start":1733444403573,"stop":1733444424026,"duration":20453},"status":"failed","statusMessage":"AssertionError: Response does not contain 'result' key.","statusTrace":"tests/test_community_messages.py:73: in test_community_messages_with_node_pause_10_seconds\n    self.join_created_communities()\nsrc/steps/common.py:186: in join_created_communities\n    response = community_node.accept_request_to_join_community(request_to_join_id)\nsrc/node/status_node.py:201: in accept_request_to_join_community\n    return self.api.send_rpc_request(\"wakuext_acceptRequestToJoinCommunity\", params)\n/opt/hostedtoolcache/Python/3.12.7/x64/lib/python3.12/site-packages/tenacity/__init__.py:289: in wrapped_f\n    return self(f, *args, **kw)\n/opt/hostedtoolcache/Python/3.12.7/x64/lib/python3.12/site-packages/tenacity/__init__.py:379: in __call__\n    do = self.iter(retry_state=retry_state)\n/opt/hostedtoolcache/Python/3.12.7/x64/lib/python3.12/site-packages/tenacity/__init__.py:325: in iter\n    raise retry_exc.reraise()\n/opt/hostedtoolcache/Python/3.12.7/x64/lib/python3.12/site-packages/tenacity/__init__.py:158: in reraise\n    raise self.last_attempt.result()\n/opt/hostedtoolcache/Python/3.12.7/x64/lib/python3.12/concurrent/futures/_base.py:449: in result\n    return self.__get_result()\n/opt/hostedtoolcache/Python/3.12.7/x64/lib/python3.12/concurrent/futures/_base.py:401: in __get_result\n    raise self._exception\n/opt/hostedtoolcache/Python/3.12.7/x64/lib/python3.12/site-packages/tenacity/__init__.py:382: in __call__\n    result = fn(*args, **kwargs)\nsrc/node/rpc_client.py:27: in send_rpc_request\n    assert \"result\" in response.json(), \"Response does not contain 'result' key.\"\nE   AssertionError: Response does not contain 'result' key.","flaky":false,"newFailed":false,"newBroken":false,"newPassed":false,"retriesCount":2,"retriesStatusChange":false,"beforeStages":[{"name":"set_allure_env_variables","time":{"start":1733444231071,"stop":1733444231071,"duration":0},"status":"passed","steps":[],"attachments":[],"parameters":[],"shouldDisplayMessage":false,"stepsCount":0,"attachmentsCount":0,"hasContent":false,"attachmentStep":false},{"name":"clear_open_nodes","time":{"start":1733444395761,"stop":1733444395761,"duration":0},"status":"passed","steps":[],"attachments":[],"parameters":[],"shouldDisplayMessage":false,"stepsCount":0,"attachmentsCount":0,"hasContent":false,"attachmentStep":false},{"name":"save_node_logs_on_fail","time":{"start":1733444395761,"stop":1733444395761,"duration":0},"status":"passed","steps":[],"attachments":[],"parameters":[],"shouldDisplayMessage":false,"stepsCount":0,"attachmentsCount":0,"hasContent":false,"attachmentStep":false},{"name":"start_1_node","time":{"start":1733444395761,"stop":1733444403573,"duration":7812},"status":"passed","steps":[],"attachments":[],"parameters":[],"shouldDisplayMessage":false,"stepsCount":0,"attachmentsCount":0,"hasContent":false,"attachmentStep":false}],"testStage":{"status":"failed","statusMessage":"AssertionError: Response does not contain 'result' key.","statusTrace":"tests/test_community_messages.py:73: in test_community_messages_with_node_pause_10_seconds\n    self.join_created_communities()\nsrc/steps/common.py:186: in join_created_communities\n    response = community_node.accept_request_to_join_community(request_to_join_id)\nsrc/node/status_node.py:201: in accept_request_to_join_community\n    return self.api.send_rpc_request(\"wakuext_acceptRequestToJoinCommunity\", params)\n/opt/hostedtoolcache/Python/3.12.7/x64/lib/python3.12/site-packages/tenacity/__init__.py:289: in wrapped_f\n    return self(f, *args, **kw)\n/opt/hostedtoolcache/Python/3.12.7/x64/lib/python3.12/site-packages/tenacity/__init__.py:379: in __call__\n    do = self.iter(retry_state=retry_state)\n/opt/hostedtoolcache/Python/3.12.7/x64/lib/python3.12/site-packages/tenacity/__init__.py:325: in iter\n    raise retry_exc.reraise()\n/opt/hostedtoolcache/Python/3.12.7/x64/lib/python3.12/site-packages/tenacity/__init__.py:158: in reraise\n    raise self.last_attempt.result()\n/opt/hostedtoolcache/Python/3.12.7/x64/lib/python3.12/concurrent/futures/_base.py:449: in result\n    return self.__get_result()\n/opt/hostedtoolcache/Python/3.12.7/x64/lib/python3.12/concurrent/futures/_base.py:401: in __get_result\n    raise self._exception\n/opt/hostedtoolcache/Python/3.12.7/x64/lib/python3.12/site-packages/tenacity/__init__.py:382: in __call__\n    result = fn(*args, **kwargs)\nsrc/node/rpc_client.py:27: in send_rpc_request\n    assert \"result\" in response.json(), \"Response does not contain 'result' key.\"\nE   AssertionError: Response does not contain 'result' key.","steps":[],"attachments":[{"uid":"5a21633438278ae2","name":"log","source":"5a21633438278ae2.txt","type":"text/plain","size":391121}],"parameters":[],"shouldDisplayMessage":true,"stepsCount":0,"attachmentsCount":1,"hasContent":true,"attachmentStep":false},"afterStages":[{"name":"save_node_logs_on_fail::0","time":{"start":1733444424074,"stop":1733444424075,"duration":1},"status":"passed","steps":[],"attachments":[],"parameters":[],"shouldDisplayMessage":false,"stepsCount":0,"attachmentsCount":0,"hasContent":false,"attachmentStep":false},{"name":"clear_open_nodes::0","time":{"start":1733444424075,"stop":1733444424095,"duration":20},"status":"passed","steps":[],"attachments":[],"parameters":[],"shouldDisplayMessage":false,"stepsCount":0,"attachmentsCount":0,"hasContent":false,"attachmentStep":false},{"name":"set_allure_env_variables::0","time":{"start":1733446660566,"stop":1733446660567,"duration":1},"status":"passed","steps":[],"attachments":[],"parameters":[],"shouldDisplayMessage":false,"stepsCount":0,"attachmentsCount":0,"hasContent":false,"attachmentStep":false}],"labels":[{"name":"tag","value":"flaky(reruns=2)"},{"name":"tag","value":"@pytest.mark.usefixtures('start_1_node')"},{"name":"parentSuite","value":"tests"},{"name":"suite","value":"test_community_messages"},{"name":"subSuite","value":"TestCommunityMessages"},{"name":"host","value":"fv-az1208-235"},{"name":"thread","value":"60812-MainThread"},{"name":"framework","value":"pytest"},{"name":"language","value":"cpython3"},{"name":"package","value":"tests.test_community_messages"},{"name":"resultFormat","value":"allure2"}],"parameters":[],"links":[],"hidden":false,"retry":false,"extra":{"severity":"normal","retries":[{"uid":"a34c9b7cd1b0028e","status":"failed","statusDetails":"AssertionError: Response does not contain 'result' key.","time":{"start":1733444374845,"stop":1733444395655,"duration":20810}},{"uid":"2273b1dc0959f5ee","status":"failed","statusDetails":"AssertionError: Response does not contain 'result' key.","time":{"start":1733444336465,"stop":1733444366940,"duration":30475}}],"categories":[{"name":"Product defects","matchedStatuses":[],"flaky":false}],"history":{"statistic":{"failed":43,"broken":11,"skipped":0,"passed":4,"unknown":0,"total":58},"items":[{"uid":"75a99c2c8c3aacd4","reportUrl":"https://status-im.github.io/status-cli-tests/295//#testresult/75a99c2c8c3aacd4","status":"failed","statusDetails":"AssertionError: Response does not contain 'result' key.","time":{"start":1733357999100,"stop":1733358020052,"duration":20952}},{"uid":"9d697c8cc0a63b0f","reportUrl":"https://status-im.github.io/status-cli-tests/294//#testresult/9d697c8cc0a63b0f","status":"failed","statusDetails":"AssertionError: Response does not contain 'result' key.","time":{"start":1733271615044,"stop":1733271645853,"duration":30809}},{"uid":"a130113e37c794b5","reportUrl":"https://status-im.github.io/status-cli-tests/293//#testresult/a130113e37c794b5","status":"failed","statusDetails":"AssertionError: Response does not contain 'result' key.","time":{"start":1733185263218,"stop":1733185293696,"duration":30478}},{"uid":"a265503cf33db275","reportUrl":"https://status-im.github.io/status-cli-tests/292//#testresult/a265503cf33db275","status":"failed","statusDetails":"AssertionError: Response does not contain 'result' key.","time":{"start":1733098816286,"stop":1733098837055,"duration":20769}},{"uid":"503477eb2a86d91e","reportUrl":"https://status-im.github.io/status-cli-tests/291//#testresult/503477eb2a86d91e","status":"failed","statusDetails":"AssertionError: Response does not contain 'result' key.","time":{"start":1733012520366,"stop":1733012551190,"duration":30824}},{"uid":"c0c3a3c0541a81f0","reportUrl":"https://status-im.github.io/status-cli-tests/290//#testresult/c0c3a3c0541a81f0","status":"failed","statusDetails":"AssertionError: Response does not contain 'result' key.","time":{"start":1732926016722,"stop":1732926037418,"duration":20696}},{"uid":"7c56e11ea95b2295","reportUrl":"https://status-im.github.io/status-cli-tests/289//#testresult/7c56e11ea95b2295","status":"failed","statusDetails":"AssertionError: Response does not contain 'result' key.","time":{"start":1732839568143,"stop":1732839599857,"duration":31714}},{"uid":"38a0405fbf52d631","reportUrl":"https://status-im.github.io/status-cli-tests/288//#testresult/38a0405fbf52d631","status":"failed","statusDetails":"AssertionError: Response does not contain 'result' key.","time":{"start":1732753255449,"stop":1732753279671,"duration":24222}},{"uid":"d48d92707ec131b0","reportUrl":"https://status-im.github.io/status-cli-tests/287//#testresult/d48d92707ec131b0","status":"failed","statusDetails":"AssertionError: Response does not contain 'result' key.","time":{"start":1732666827569,"stop":1732666866291,"duration":38722}},{"uid":"ac258eb8ad3baa5a","reportUrl":"https://status-im.github.io/status-cli-tests/286//#testresult/ac258eb8ad3baa5a","status":"failed","statusDetails":"AssertionError: Response does not contain 'result' key.","time":{"start":1732580441098,"stop":1732580463000,"duration":21902}},{"uid":"ab9a105924e98f27","reportUrl":"https://status-im.github.io/status-cli-tests/285//#testresult/ab9a105924e98f27","status":"failed","statusDetails":"AssertionError: Response does not contain 'result' key.","time":{"start":1732493976633,"stop":1732493998070,"duration":21437}},{"uid":"eaa35446b9ceffb1","reportUrl":"https://status-im.github.io/status-cli-tests/284//#testresult/eaa35446b9ceffb1","status":"failed","statusDetails":"AssertionError: Response does not contain 'result' key.","time":{"start":1732407636854,"stop":1732407658250,"duration":21396}},{"uid":"94c1ebfc04e65f7a","reportUrl":"https://status-im.github.io/status-cli-tests/283//#testresult/94c1ebfc04e65f7a","status":"failed","statusDetails":"AssertionError: Response does not contain 'result' key.","time":{"start":1732321191424,"stop":1732321213594,"duration":22170}},{"uid":"71e02e226d811782","reportUrl":"https://status-im.github.io/status-cli-tests/282//#testresult/71e02e226d811782","status":"failed","statusDetails":"AssertionError: Response does not contain 'result' key.","time":{"start":1732234808674,"stop":1732234830548,"duration":21874}},{"uid":"d662e18b2f6369e4","reportUrl":"https://status-im.github.io/status-cli-tests/281//#testresult/d662e18b2f6369e4","status":"failed","statusDetails":"AssertionError: Response does not contain 'result' key.","time":{"start":1732148387386,"stop":1732148408770,"duration":21384}},{"uid":"16e9bd20a6cc64fe","reportUrl":"https://status-im.github.io/status-cli-tests/280//#testresult/16e9bd20a6cc64fe","status":"failed","statusDetails":"AssertionError: Response does not contain 'result' key.","time":{"start":1732062027170,"stop":1732062058023,"duration":30853}},{"uid":"cf12c0abb7f53488","reportUrl":"https://status-im.github.io/status-cli-tests/279//#testresult/cf12c0abb7f53488","status":"failed","statusDetails":"AssertionError: Response does not contain 'result' key.","time":{"start":1731975619992,"stop":1731975650780,"duration":30788}},{"uid":"52d64fb8f0917295","reportUrl":"https://status-im.github.io/status-cli-tests/278//#testresult/52d64fb8f0917295","status":"failed","statusDetails":"AssertionError: Response does not contain 'result' key.","time":{"start":1731889227828,"stop":1731889258517,"duration":30689}},{"uid":"e6f3b4881bc80b34","reportUrl":"https://status-im.github.io/status-cli-tests/277//#testresult/e6f3b4881bc80b34","status":"failed","statusDetails":"AssertionError: Response does not contain 'result' key.","time":{"start":1731802853052,"stop":1731802883710,"duration":30658}},{"uid":"8bbd139ac74bfa44","reportUrl":"https://status-im.github.io/status-cli-tests/276//#testresult/8bbd139ac74bfa44","status":"failed","statusDetails":"AssertionError: Response does not contain 'result' key.","time":{"start":1731716422837,"stop":1731716453499,"duration":30662}}]},"tags":["@pytest.mark.usefixtures('start_1_node')","flaky(reruns=2)"]},"source":"795c6d16d68f227c.json","parameterValues":[]}