{"uid":"fb8f6dcec78fca30","name":"test_one_to_one_message_with_node_pause_5_seconds","fullName":"tests.test_one_to_one_messages.TestOneToOneMessages#test_one_to_one_message_with_node_pause_5_seconds","historyId":"16b0eb0e537978d48a30429371816804","time":{"start":1722646297448,"stop":1722646297448,"duration":0},"status":"failed","statusMessage":"AssertionError","statusTrace":"src/steps/common.py:32: in start_2_nodes\n    self.second_node.wait_fully_started()\n/opt/hostedtoolcache/Python/3.12.4/x64/lib/python3.12/site-packages/tenacity/__init__.py:289: in wrapped_f\n    return self(f, *args, **kw)\n/opt/hostedtoolcache/Python/3.12.4/x64/lib/python3.12/site-packages/tenacity/__init__.py:379: in __call__\n    do = self.iter(retry_state=retry_state)\n/opt/hostedtoolcache/Python/3.12.4/x64/lib/python3.12/site-packages/tenacity/__init__.py:325: in iter\n    raise retry_exc.reraise()\n/opt/hostedtoolcache/Python/3.12.4/x64/lib/python3.12/site-packages/tenacity/__init__.py:158: in reraise\n    raise self.last_attempt.result()\n/opt/hostedtoolcache/Python/3.12.4/x64/lib/python3.12/concurrent/futures/_base.py:449: in result\n    return self.__get_result()\n/opt/hostedtoolcache/Python/3.12.4/x64/lib/python3.12/concurrent/futures/_base.py:401: in __get_result\n    raise self._exception\n/opt/hostedtoolcache/Python/3.12.4/x64/lib/python3.12/site-packages/tenacity/__init__.py:382: in __call__\n    result = fn(*args, **kwargs)\nsrc/node/status_node.py:123: in wait_fully_started\n    assert self.search_logs(string=\"retrieve messages...\")\nE   AssertionError","flaky":false,"newFailed":true,"newBroken":false,"newPassed":false,"retriesCount":0,"retriesStatusChange":false,"beforeStages":[{"name":"set_allure_env_variables","time":{"start":1722643833737,"stop":1722643833737,"duration":0},"status":"passed","steps":[],"attachments":[],"parameters":[],"shouldDisplayMessage":false,"stepsCount":0,"attachmentsCount":0,"hasContent":false,"attachmentStep":false},{"name":"clear_open_nodes","time":{"start":1722646297448,"stop":1722646297449,"duration":1},"status":"passed","steps":[],"attachments":[],"parameters":[],"shouldDisplayMessage":false,"stepsCount":0,"attachmentsCount":0,"hasContent":false,"attachmentStep":false},{"name":"save_node_logs_on_fail","time":{"start":1722646297449,"stop":1722646297449,"duration":0},"status":"passed","steps":[],"attachments":[],"parameters":[],"shouldDisplayMessage":false,"stepsCount":0,"attachmentsCount":0,"hasContent":false,"attachmentStep":false},{"name":"start_2_nodes","time":{"start":1722646297449,"stop":1722646325287,"duration":27838},"status":"failed","statusMessage":"AssertionError\n","statusTrace":"  File \"/opt/hostedtoolcache/Python/3.12.4/x64/lib/python3.12/site-packages/pluggy/_callers.py\", line 137, in _multicall\n    teardown.throw(outcome._exception)\n  File \"/opt/hostedtoolcache/Python/3.12.4/x64/lib/python3.12/site-packages/_pytest/setuponly.py\", line 36, in pytest_fixture_setup\n    return (yield)\n            ^^^^^\n  File \"/opt/hostedtoolcache/Python/3.12.4/x64/lib/python3.12/site-packages/pluggy/_callers.py\", line 77, in _multicall\n    res = hook_impl.function(*args)\n          ^^^^^^^^^^^^^^^^^^^^^^^^^\n  File \"/opt/hostedtoolcache/Python/3.12.4/x64/lib/python3.12/site-packages/_pytest/fixtures.py\", line 1140, in pytest_fixture_setup\n    result = call_fixture_func(fixturefunc, request, kwargs)\n             ^^^^^^^^^^^^^^^^^^^^^^^^^^^^^^^^^^^^^^^^^^^^^^^\n  File \"/opt/hostedtoolcache/Python/3.12.4/x64/lib/python3.12/site-packages/_pytest/fixtures.py\", line 917, in call_fixture_func\n    fixture_result = fixturefunc(**kwargs)\n                     ^^^^^^^^^^^^^^^^^^^^^\n  File \"/home/runner/work/status-cli-tests/status-cli-tests/src/steps/common.py\", line 32, in start_2_nodes\n    self.second_node.wait_fully_started()\n  File \"/opt/hostedtoolcache/Python/3.12.4/x64/lib/python3.12/site-packages/tenacity/__init__.py\", line 289, in wrapped_f\n    return self(f, *args, **kw)\n           ^^^^^^^^^^^^^^^^^^^^\n  File \"/opt/hostedtoolcache/Python/3.12.4/x64/lib/python3.12/site-packages/tenacity/__init__.py\", line 379, in __call__\n    do = self.iter(retry_state=retry_state)\n         ^^^^^^^^^^^^^^^^^^^^^^^^^^^^^^^^^^\n  File \"/opt/hostedtoolcache/Python/3.12.4/x64/lib/python3.12/site-packages/tenacity/__init__.py\", line 325, in iter\n    raise retry_exc.reraise()\n          ^^^^^^^^^^^^^^^^^^^\n  File \"/opt/hostedtoolcache/Python/3.12.4/x64/lib/python3.12/site-packages/tenacity/__init__.py\", line 158, in reraise\n    raise self.last_attempt.result()\n          ^^^^^^^^^^^^^^^^^^^^^^^^^^\n  File \"/opt/hostedtoolcache/Python/3.12.4/x64/lib/python3.12/concurrent/futures/_base.py\", line 449, in result\n    return self.__get_result()\n           ^^^^^^^^^^^^^^^^^^^\n  File \"/opt/hostedtoolcache/Python/3.12.4/x64/lib/python3.12/concurrent/futures/_base.py\", line 401, in __get_result\n    raise self._exception\n  File \"/opt/hostedtoolcache/Python/3.12.4/x64/lib/python3.12/site-packages/tenacity/__init__.py\", line 382, in __call__\n    result = fn(*args, **kwargs)\n             ^^^^^^^^^^^^^^^^^^^\n  File \"/home/runner/work/status-cli-tests/status-cli-tests/src/node/status_node.py\", line 123, in wait_fully_started\n    assert self.search_logs(string=\"retrieve messages...\")\n           ^^^^^^^^^^^^^^^^^^^^^^^^^^^^^^^^^^^^^^^^^^^^^^^\n","steps":[],"attachments":[],"parameters":[],"shouldDisplayMessage":true,"stepsCount":0,"attachmentsCount":0,"hasContent":true,"attachmentStep":false}],"testStage":{"status":"failed","statusMessage":"AssertionError","statusTrace":"src/steps/common.py:32: in start_2_nodes\n    self.second_node.wait_fully_started()\n/opt/hostedtoolcache/Python/3.12.4/x64/lib/python3.12/site-packages/tenacity/__init__.py:289: in wrapped_f\n    return self(f, *args, **kw)\n/opt/hostedtoolcache/Python/3.12.4/x64/lib/python3.12/site-packages/tenacity/__init__.py:379: in __call__\n    do = self.iter(retry_state=retry_state)\n/opt/hostedtoolcache/Python/3.12.4/x64/lib/python3.12/site-packages/tenacity/__init__.py:325: in iter\n    raise retry_exc.reraise()\n/opt/hostedtoolcache/Python/3.12.4/x64/lib/python3.12/site-packages/tenacity/__init__.py:158: in reraise\n    raise self.last_attempt.result()\n/opt/hostedtoolcache/Python/3.12.4/x64/lib/python3.12/concurrent/futures/_base.py:449: in result\n    return self.__get_result()\n/opt/hostedtoolcache/Python/3.12.4/x64/lib/python3.12/concurrent/futures/_base.py:401: in __get_result\n    raise self._exception\n/opt/hostedtoolcache/Python/3.12.4/x64/lib/python3.12/site-packages/tenacity/__init__.py:382: in __call__\n    result = fn(*args, **kwargs)\nsrc/node/status_node.py:123: in wait_fully_started\n    assert self.search_logs(string=\"retrieve messages...\")\nE   AssertionError","steps":[],"attachments":[{"uid":"f957ef84b247cc71","name":"log","source":"f957ef84b247cc71.txt","type":"text/plain","size":4155}],"parameters":[],"shouldDisplayMessage":true,"stepsCount":0,"attachmentsCount":1,"hasContent":true,"attachmentStep":false},"afterStages":[{"name":"save_node_logs_on_fail::0","time":{"start":1722646325337,"stop":1722646325337,"duration":0},"status":"passed","steps":[],"attachments":[],"parameters":[],"shouldDisplayMessage":false,"stepsCount":0,"attachmentsCount":0,"hasContent":false,"attachmentStep":false},{"name":"clear_open_nodes::0","time":{"start":1722646325337,"stop":1722646325351,"duration":14},"status":"passed","steps":[],"attachments":[],"parameters":[],"shouldDisplayMessage":false,"stepsCount":0,"attachmentsCount":0,"hasContent":false,"attachmentStep":false},{"name":"set_allure_env_variables::0","time":{"start":1722646737313,"stop":1722646737314,"duration":1},"status":"passed","steps":[],"attachments":[],"parameters":[],"shouldDisplayMessage":false,"stepsCount":0,"attachmentsCount":0,"hasContent":false,"attachmentStep":false}],"labels":[{"name":"tag","value":"@pytest.mark.usefixtures('start_2_nodes')"},{"name":"parentSuite","value":"tests"},{"name":"suite","value":"test_one_to_one_messages"},{"name":"subSuite","value":"TestOneToOneMessages"},{"name":"host","value":"fv-az1272-617"},{"name":"thread","value":"10219-MainThread"},{"name":"framework","value":"pytest"},{"name":"language","value":"cpython3"},{"name":"package","value":"tests.test_one_to_one_messages"},{"name":"resultFormat","value":"allure2"}],"parameters":[],"links":[],"hidden":false,"retry":false,"extra":{"severity":"normal","retries":[],"categories":[{"name":"Product defects","matchedStatuses":[],"flaky":false}],"history":{"statistic":{"failed":1,"broken":0,"skipped":0,"passed":8,"unknown":0,"total":9},"items":[{"uid":"962946cfb1cd2898","reportUrl":"https://status-im.github.io/status-cli-tests/150//#testresult/962946cfb1cd2898","status":"passed","time":{"start":1722559864434,"stop":1722559872501,"duration":8067}},{"uid":"d5dfde992ddb5b13","reportUrl":"https://status-im.github.io/status-cli-tests/149//#testresult/d5dfde992ddb5b13","status":"passed","time":{"start":1722473534837,"stop":1722473541906,"duration":7069}},{"uid":"499782ad7ac70b30","reportUrl":"https://status-im.github.io/status-cli-tests/148//#testresult/499782ad7ac70b30","status":"passed","time":{"start":1722386899334,"stop":1722386906402,"duration":7068}},{"uid":"50ad6d38dac62162","reportUrl":"https://status-im.github.io/status-cli-tests/147//#testresult/50ad6d38dac62162","status":"passed","time":{"start":1722300587127,"stop":1722300594198,"duration":7071}},{"uid":"2247f14d790cee6a","reportUrl":"https://status-im.github.io/status-cli-tests/146//#testresult/2247f14d790cee6a","status":"passed","time":{"start":1722214183075,"stop":1722214190142,"duration":7067}},{"uid":"af4e78cba26ba453","reportUrl":"https://status-im.github.io/status-cli-tests/145//#testresult/af4e78cba26ba453","status":"passed","time":{"start":1722127860738,"stop":1722127867802,"duration":7064}},{"uid":"a3ee9325ad267e98","reportUrl":"https://status-im.github.io/status-cli-tests/144//#testresult/a3ee9325ad267e98","status":"passed","time":{"start":1722041405773,"stop":1722041412845,"duration":7072}},{"uid":"810f63672b00860f","reportUrl":"https://status-im.github.io/status-cli-tests/143//#testresult/810f63672b00860f","status":"passed","time":{"start":1721954990964,"stop":1721954998026,"duration":7062}}]},"tags":["@pytest.mark.usefixtures('start_2_nodes')"]},"source":"fb8f6dcec78fca30.json","parameterValues":[]}