{"uid":"779a24b4bfc3bf84","name":"test_leave_community_baseline","fullName":"tests.test_leave_community.TestLeaveCommunity#test_leave_community_baseline","historyId":"ba5f179862c2394ab88a56b56e94ab6d","time":{"start":1729384905218,"stop":1729384949854,"duration":44636},"status":"failed","statusMessage":"AssertionError: Response does not contain 'result' key.","statusTrace":"tests/test_leave_community.py:13: in test_leave_community_baseline\n    self.join_created_communities()\nsrc/steps/common.py:186: in join_created_communities\n    response = community_node.accept_request_to_join_community(request_to_join_id)\nsrc/node/status_node.py:201: in accept_request_to_join_community\n    return self.api.send_rpc_request(\"wakuext_acceptRequestToJoinCommunity\", params)\n/opt/hostedtoolcache/Python/3.12.7/x64/lib/python3.12/site-packages/tenacity/__init__.py:289: in wrapped_f\n    return self(f, *args, **kw)\n/opt/hostedtoolcache/Python/3.12.7/x64/lib/python3.12/site-packages/tenacity/__init__.py:379: in __call__\n    do = self.iter(retry_state=retry_state)\n/opt/hostedtoolcache/Python/3.12.7/x64/lib/python3.12/site-packages/tenacity/__init__.py:325: in iter\n    raise retry_exc.reraise()\n/opt/hostedtoolcache/Python/3.12.7/x64/lib/python3.12/site-packages/tenacity/__init__.py:158: in reraise\n    raise self.last_attempt.result()\n/opt/hostedtoolcache/Python/3.12.7/x64/lib/python3.12/concurrent/futures/_base.py:449: in result\n    return self.__get_result()\n/opt/hostedtoolcache/Python/3.12.7/x64/lib/python3.12/concurrent/futures/_base.py:401: in __get_result\n    raise self._exception\n/opt/hostedtoolcache/Python/3.12.7/x64/lib/python3.12/site-packages/tenacity/__init__.py:382: in __call__\n    result = fn(*args, **kwargs)\nsrc/node/rpc_client.py:27: in send_rpc_request\n    assert \"result\" in response.json(), \"Response does not contain 'result' key.\"\nE   AssertionError: Response does not contain 'result' key.","flaky":false,"newFailed":false,"newBroken":false,"newPassed":false,"retriesCount":2,"retriesStatusChange":false,"beforeStages":[{"name":"set_allure_env_variables","time":{"start":1729383443054,"stop":1729383443054,"duration":0},"status":"passed","steps":[],"attachments":[],"parameters":[],"shouldDisplayMessage":false,"stepsCount":0,"attachmentsCount":0,"hasContent":false,"attachmentStep":false},{"name":"save_node_logs_on_fail","time":{"start":1729384897406,"stop":1729384897406,"duration":0},"status":"passed","steps":[],"attachments":[],"parameters":[],"shouldDisplayMessage":false,"stepsCount":0,"attachmentsCount":0,"hasContent":false,"attachmentStep":false},{"name":"clear_open_nodes","time":{"start":1729384897406,"stop":1729384897406,"duration":0},"status":"passed","steps":[],"attachments":[],"parameters":[],"shouldDisplayMessage":false,"stepsCount":0,"attachmentsCount":0,"hasContent":false,"attachmentStep":false},{"name":"start_1_node","time":{"start":1729384897406,"stop":1729384905218,"duration":7812},"status":"passed","steps":[],"attachments":[],"parameters":[],"shouldDisplayMessage":false,"stepsCount":0,"attachmentsCount":0,"hasContent":false,"attachmentStep":false}],"testStage":{"status":"failed","statusMessage":"AssertionError: Response does not contain 'result' key.","statusTrace":"tests/test_leave_community.py:13: in test_leave_community_baseline\n    self.join_created_communities()\nsrc/steps/common.py:186: in join_created_communities\n    response = community_node.accept_request_to_join_community(request_to_join_id)\nsrc/node/status_node.py:201: in accept_request_to_join_community\n    return self.api.send_rpc_request(\"wakuext_acceptRequestToJoinCommunity\", params)\n/opt/hostedtoolcache/Python/3.12.7/x64/lib/python3.12/site-packages/tenacity/__init__.py:289: in wrapped_f\n    return self(f, *args, **kw)\n/opt/hostedtoolcache/Python/3.12.7/x64/lib/python3.12/site-packages/tenacity/__init__.py:379: in __call__\n    do = self.iter(retry_state=retry_state)\n/opt/hostedtoolcache/Python/3.12.7/x64/lib/python3.12/site-packages/tenacity/__init__.py:325: in iter\n    raise retry_exc.reraise()\n/opt/hostedtoolcache/Python/3.12.7/x64/lib/python3.12/site-packages/tenacity/__init__.py:158: in reraise\n    raise self.last_attempt.result()\n/opt/hostedtoolcache/Python/3.12.7/x64/lib/python3.12/concurrent/futures/_base.py:449: in result\n    return self.__get_result()\n/opt/hostedtoolcache/Python/3.12.7/x64/lib/python3.12/concurrent/futures/_base.py:401: in __get_result\n    raise self._exception\n/opt/hostedtoolcache/Python/3.12.7/x64/lib/python3.12/site-packages/tenacity/__init__.py:382: in __call__\n    result = fn(*args, **kwargs)\nsrc/node/rpc_client.py:27: in send_rpc_request\n    assert \"result\" in response.json(), \"Response does not contain 'result' key.\"\nE   AssertionError: Response does not contain 'result' key.","steps":[],"attachments":[{"uid":"7e860ddc4b58cd84","name":"log","source":"7e860ddc4b58cd84.txt","type":"text/plain","size":529892}],"parameters":[],"shouldDisplayMessage":true,"stepsCount":0,"attachmentsCount":1,"hasContent":true,"attachmentStep":false},"afterStages":[{"name":"save_node_logs_on_fail::0","time":{"start":1729384949910,"stop":1729384949940,"duration":30},"status":"passed","steps":[],"attachments":[],"parameters":[],"shouldDisplayMessage":false,"stepsCount":0,"attachmentsCount":0,"hasContent":false,"attachmentStep":false},{"name":"clear_open_nodes::0","time":{"start":1729384949940,"stop":1729384950110,"duration":170},"status":"passed","steps":[],"attachments":[],"parameters":[],"shouldDisplayMessage":false,"stepsCount":0,"attachmentsCount":0,"hasContent":false,"attachmentStep":false},{"name":"set_allure_env_variables::0","time":{"start":1729385205670,"stop":1729385205670,"duration":0},"status":"passed","steps":[],"attachments":[],"parameters":[],"shouldDisplayMessage":false,"stepsCount":0,"attachmentsCount":0,"hasContent":false,"attachmentStep":false}],"labels":[{"name":"tag","value":"flaky(reruns=2)"},{"name":"tag","value":"@pytest.mark.usefixtures('start_1_node')"},{"name":"parentSuite","value":"tests"},{"name":"suite","value":"test_leave_community"},{"name":"subSuite","value":"TestLeaveCommunity"},{"name":"host","value":"fv-az1980-637"},{"name":"thread","value":"76796-MainThread"},{"name":"framework","value":"pytest"},{"name":"language","value":"cpython3"},{"name":"package","value":"tests.test_leave_community"},{"name":"resultFormat","value":"allure2"}],"parameters":[],"links":[],"hidden":false,"retry":false,"extra":{"severity":"normal","retries":[{"uid":"d0d7e4e23a877511","status":"failed","statusDetails":"AssertionError: Response does not contain 'result' key.","time":{"start":1729384852380,"stop":1729384897076,"duration":44696}},{"uid":"a0a911677066c356","status":"failed","statusDetails":"AssertionError: Response does not contain 'result' key.","time":{"start":1729384799984,"stop":1729384844242,"duration":44258}}],"categories":[{"name":"Product defects","matchedStatuses":[],"flaky":false}],"history":{"statistic":{"failed":9,"broken":0,"skipped":0,"passed":2,"unknown":0,"total":11},"items":[{"uid":"644a10675b4699c6","reportUrl":"https://status-im.github.io/status-cli-tests/248//#testresult/644a10675b4699c6","status":"failed","statusDetails":"AssertionError: Response does not contain 'result' key.","time":{"start":1729298401166,"stop":1729298445224,"duration":44058}},{"uid":"c885d5deb41097ca","reportUrl":"https://status-im.github.io/status-cli-tests/247//#testresult/c885d5deb41097ca","status":"failed","statusDetails":"AssertionError: Response does not contain 'result' key.","time":{"start":1729212087159,"stop":1729212157242,"duration":70083}},{"uid":"4e7a1228b785fa3a","reportUrl":"https://status-im.github.io/status-cli-tests/246//#testresult/4e7a1228b785fa3a","status":"failed","statusDetails":"AssertionError: Response does not contain 'result' key.","time":{"start":1729125526656,"stop":1729125569521,"duration":42865}},{"uid":"3eefec5837eff623","reportUrl":"https://status-im.github.io/status-cli-tests/245//#testresult/3eefec5837eff623","status":"failed","statusDetails":"AssertionError: Response does not contain 'result' key.","time":{"start":1729068529275,"stop":1729068603441,"duration":74166}},{"uid":"80189d22f82c8e3d","reportUrl":"https://status-im.github.io/status-cli-tests/244//#testresult/80189d22f82c8e3d","status":"failed","statusDetails":"AssertionError: Response does not contain 'result' key.","time":{"start":1729039556528,"stop":1729039614231,"duration":57703}},{"uid":"147d6fde61f64e0a","reportUrl":"https://status-im.github.io/status-cli-tests/243//#testresult/147d6fde61f64e0a","status":"failed","statusDetails":"AssertionError: Response does not contain 'result' key.","time":{"start":1729006824692,"stop":1729006900932,"duration":76240}},{"uid":"5ad5209ed50877eb","reportUrl":"https://status-im.github.io/status-cli-tests/242//#testresult/5ad5209ed50877eb","status":"failed","statusDetails":"AssertionError: Response does not contain 'result' key.","time":{"start":1729004151802,"stop":1729004216071,"duration":64269}},{"uid":"1de86a39f7c19888","reportUrl":"https://status-im.github.io/status-cli-tests/241//#testresult/1de86a39f7c19888","status":"failed","statusDetails":"AssertionError: Response does not contain 'result' key.","time":{"start":1728990542271,"stop":1728990606363,"duration":64092}},{"uid":"ee0559b3a8f7b4b0","reportUrl":"https://status-im.github.io/status-cli-tests/240//#testresult/ee0559b3a8f7b4b0","status":"passed","time":{"start":1728952739495,"stop":1728952797679,"duration":58184}},{"uid":"97587e845d668d87","reportUrl":"https://status-im.github.io/status-cli-tests/239//#testresult/97587e845d668d87","status":"passed","time":{"start":1728889199644,"stop":1728889251780,"duration":52136}}]},"tags":["@pytest.mark.usefixtures('start_1_node')","flaky(reruns=2)"]},"source":"779a24b4bfc3bf84.json","parameterValues":[]}