{"uid":"939ac86a718bd382","name":"test_community_messages_with_node_pause_10_seconds","fullName":"tests.test_community_messages.TestCommunityMessages#test_community_messages_with_node_pause_10_seconds","historyId":"9d5c5c19a9c20059f4a5d5c182032b2c","time":{"start":1734481184070,"stop":1734481204743,"duration":20673},"status":"failed","statusMessage":"AssertionError: Response does not contain 'result' key.","statusTrace":"tests/test_community_messages.py:73: in test_community_messages_with_node_pause_10_seconds\n    self.join_created_communities()\nsrc/steps/common.py:186: in join_created_communities\n    response = community_node.accept_request_to_join_community(request_to_join_id)\nsrc/node/status_node.py:201: in accept_request_to_join_community\n    return self.api.send_rpc_request(\"wakuext_acceptRequestToJoinCommunity\", params)\n/opt/hostedtoolcache/Python/3.12.8/x64/lib/python3.12/site-packages/tenacity/__init__.py:289: in wrapped_f\n    return self(f, *args, **kw)\n/opt/hostedtoolcache/Python/3.12.8/x64/lib/python3.12/site-packages/tenacity/__init__.py:379: in __call__\n    do = self.iter(retry_state=retry_state)\n/opt/hostedtoolcache/Python/3.12.8/x64/lib/python3.12/site-packages/tenacity/__init__.py:325: in iter\n    raise retry_exc.reraise()\n/opt/hostedtoolcache/Python/3.12.8/x64/lib/python3.12/site-packages/tenacity/__init__.py:158: in reraise\n    raise self.last_attempt.result()\n/opt/hostedtoolcache/Python/3.12.8/x64/lib/python3.12/concurrent/futures/_base.py:449: in result\n    return self.__get_result()\n/opt/hostedtoolcache/Python/3.12.8/x64/lib/python3.12/concurrent/futures/_base.py:401: in __get_result\n    raise self._exception\n/opt/hostedtoolcache/Python/3.12.8/x64/lib/python3.12/site-packages/tenacity/__init__.py:382: in __call__\n    result = fn(*args, **kwargs)\nsrc/node/rpc_client.py:27: in send_rpc_request\n    assert \"result\" in response.json(), \"Response does not contain 'result' key.\"\nE   AssertionError: Response does not contain 'result' key.","flaky":false,"newFailed":false,"newBroken":false,"newPassed":false,"retriesCount":2,"retriesStatusChange":false,"beforeStages":[{"name":"set_allure_env_variables","time":{"start":1734480991852,"stop":1734480991853,"duration":1},"status":"passed","steps":[],"attachments":[],"parameters":[],"shouldDisplayMessage":false,"stepsCount":0,"attachmentsCount":0,"hasContent":false,"attachmentStep":false},{"name":"clear_open_nodes","time":{"start":1734481176260,"stop":1734481176260,"duration":0},"status":"passed","steps":[],"attachments":[],"parameters":[],"shouldDisplayMessage":false,"stepsCount":0,"attachmentsCount":0,"hasContent":false,"attachmentStep":false},{"name":"save_node_logs_on_fail","time":{"start":1734481176260,"stop":1734481176260,"duration":0},"status":"passed","steps":[],"attachments":[],"parameters":[],"shouldDisplayMessage":false,"stepsCount":0,"attachmentsCount":0,"hasContent":false,"attachmentStep":false},{"name":"start_1_node","time":{"start":1734481176260,"stop":1734481184070,"duration":7810},"status":"passed","steps":[],"attachments":[],"parameters":[],"shouldDisplayMessage":false,"stepsCount":0,"attachmentsCount":0,"hasContent":false,"attachmentStep":false}],"testStage":{"status":"failed","statusMessage":"AssertionError: Response does not contain 'result' key.","statusTrace":"tests/test_community_messages.py:73: in test_community_messages_with_node_pause_10_seconds\n    self.join_created_communities()\nsrc/steps/common.py:186: in join_created_communities\n    response = community_node.accept_request_to_join_community(request_to_join_id)\nsrc/node/status_node.py:201: in accept_request_to_join_community\n    return self.api.send_rpc_request(\"wakuext_acceptRequestToJoinCommunity\", params)\n/opt/hostedtoolcache/Python/3.12.8/x64/lib/python3.12/site-packages/tenacity/__init__.py:289: in wrapped_f\n    return self(f, *args, **kw)\n/opt/hostedtoolcache/Python/3.12.8/x64/lib/python3.12/site-packages/tenacity/__init__.py:379: in __call__\n    do = self.iter(retry_state=retry_state)\n/opt/hostedtoolcache/Python/3.12.8/x64/lib/python3.12/site-packages/tenacity/__init__.py:325: in iter\n    raise retry_exc.reraise()\n/opt/hostedtoolcache/Python/3.12.8/x64/lib/python3.12/site-packages/tenacity/__init__.py:158: in reraise\n    raise self.last_attempt.result()\n/opt/hostedtoolcache/Python/3.12.8/x64/lib/python3.12/concurrent/futures/_base.py:449: in result\n    return self.__get_result()\n/opt/hostedtoolcache/Python/3.12.8/x64/lib/python3.12/concurrent/futures/_base.py:401: in __get_result\n    raise self._exception\n/opt/hostedtoolcache/Python/3.12.8/x64/lib/python3.12/site-packages/tenacity/__init__.py:382: in __call__\n    result = fn(*args, **kwargs)\nsrc/node/rpc_client.py:27: in send_rpc_request\n    assert \"result\" in response.json(), \"Response does not contain 'result' key.\"\nE   AssertionError: Response does not contain 'result' key.","steps":[],"attachments":[{"uid":"f363b6479cac6892","name":"log","source":"f363b6479cac6892.txt","type":"text/plain","size":435003}],"parameters":[],"shouldDisplayMessage":true,"stepsCount":0,"attachmentsCount":1,"hasContent":true,"attachmentStep":false},"afterStages":[{"name":"save_node_logs_on_fail::0","time":{"start":1734481204780,"stop":1734481204781,"duration":1},"status":"passed","steps":[],"attachments":[],"parameters":[],"shouldDisplayMessage":false,"stepsCount":0,"attachmentsCount":0,"hasContent":false,"attachmentStep":false},{"name":"clear_open_nodes::0","time":{"start":1734481204782,"stop":1734481204802,"duration":20},"status":"passed","steps":[],"attachments":[],"parameters":[],"shouldDisplayMessage":false,"stepsCount":0,"attachmentsCount":0,"hasContent":false,"attachmentStep":false},{"name":"set_allure_env_variables::0","time":{"start":1734483187954,"stop":1734483187954,"duration":0},"status":"passed","steps":[],"attachments":[],"parameters":[],"shouldDisplayMessage":false,"stepsCount":0,"attachmentsCount":0,"hasContent":false,"attachmentStep":false}],"labels":[{"name":"tag","value":"flaky(reruns=2)"},{"name":"tag","value":"@pytest.mark.usefixtures('start_1_node')"},{"name":"parentSuite","value":"tests"},{"name":"suite","value":"test_community_messages"},{"name":"subSuite","value":"TestCommunityMessages"},{"name":"host","value":"fv-az1782-166"},{"name":"thread","value":"60535-MainThread"},{"name":"framework","value":"pytest"},{"name":"language","value":"cpython3"},{"name":"package","value":"tests.test_community_messages"},{"name":"resultFormat","value":"allure2"}],"parameters":[],"links":[],"hidden":false,"retry":false,"extra":{"severity":"normal","retries":[{"uid":"268e0af00e08af36","status":"failed","statusDetails":"AssertionError: Response does not contain 'result' key.","time":{"start":1734481145821,"stop":1734481176192,"duration":30371}},{"uid":"d901faddeffd1938","status":"failed","statusDetails":"AssertionError: Response does not contain 'result' key.","time":{"start":1734481107568,"stop":1734481137951,"duration":30383}}],"categories":[{"name":"Product defects","matchedStatuses":[],"flaky":false}],"history":{"statistic":{"failed":51,"broken":11,"skipped":0,"passed":8,"unknown":0,"total":70},"items":[{"uid":"ab57c6ef7a41f5e4","reportUrl":"https://status-im.github.io/status-cli-tests/307//#testresult/ab57c6ef7a41f5e4","status":"failed","statusDetails":"AssertionError: Response does not contain 'result' key.","time":{"start":1734394778318,"stop":1734394808675,"duration":30357}},{"uid":"299e833b32c352d3","reportUrl":"https://status-im.github.io/status-cli-tests/306//#testresult/299e833b32c352d3","status":"failed","statusDetails":"AssertionError: Response does not contain 'result' key.","time":{"start":1734308416767,"stop":1734308437305,"duration":20538}},{"uid":"e4b7e7cab494148b","reportUrl":"https://status-im.github.io/status-cli-tests/305//#testresult/e4b7e7cab494148b","status":"failed","statusDetails":"AssertionError: Response does not contain 'result' key.","time":{"start":1734222089916,"stop":1734222120353,"duration":30437}},{"uid":"7e150362d3858439","reportUrl":"https://status-im.github.io/status-cli-tests/304//#testresult/7e150362d3858439","status":"failed","statusDetails":"AssertionError: Response does not contain 'result' key.","time":{"start":1734135611348,"stop":1734135641991,"duration":30643}},{"uid":"164ec24beef3350a","reportUrl":"https://status-im.github.io/status-cli-tests/303//#testresult/164ec24beef3350a","status":"failed","statusDetails":"AssertionError: Response does not contain 'result' key.","time":{"start":1734049232383,"stop":1734049262905,"duration":30522}},{"uid":"774753d01aaafa26","reportUrl":"https://status-im.github.io/status-cli-tests/302//#testresult/774753d01aaafa26","status":"passed","time":{"start":1733962809560,"stop":1733962840180,"duration":30620}},{"uid":"ae81912741a1f623","reportUrl":"https://status-im.github.io/status-cli-tests/301//#testresult/ae81912741a1f623","status":"passed","time":{"start":1733876301981,"stop":1733876335364,"duration":33383}},{"uid":"2347b777f08183c5","reportUrl":"https://status-im.github.io/status-cli-tests/300//#testresult/2347b777f08183c5","status":"passed","time":{"start":1733789911611,"stop":1733789933079,"duration":21468}},{"uid":"7cafeb6084509b3f","reportUrl":"https://status-im.github.io/status-cli-tests/299//#testresult/7cafeb6084509b3f","status":"passed","time":{"start":1733703527283,"stop":1733703548072,"duration":20789}},{"uid":"d6e54db6e345d723","reportUrl":"https://status-im.github.io/status-cli-tests/298//#testresult/d6e54db6e345d723","status":"failed","statusDetails":"AssertionError: Response does not contain 'result' key.","time":{"start":1733617241099,"stop":1733617262144,"duration":21045}},{"uid":"716ce8066c78a85","reportUrl":"https://status-im.github.io/status-cli-tests/297//#testresult/716ce8066c78a85","status":"failed","statusDetails":"AssertionError: Response does not contain 'result' key.","time":{"start":1733530788536,"stop":1733530809557,"duration":21021}},{"uid":"795c6d16d68f227c","reportUrl":"https://status-im.github.io/status-cli-tests/296//#testresult/795c6d16d68f227c","status":"failed","statusDetails":"AssertionError: Response does not contain 'result' key.","time":{"start":1733444403573,"stop":1733444424026,"duration":20453}},{"uid":"75a99c2c8c3aacd4","reportUrl":"https://status-im.github.io/status-cli-tests/295//#testresult/75a99c2c8c3aacd4","status":"failed","statusDetails":"AssertionError: Response does not contain 'result' key.","time":{"start":1733357999100,"stop":1733358020052,"duration":20952}},{"uid":"9d697c8cc0a63b0f","reportUrl":"https://status-im.github.io/status-cli-tests/294//#testresult/9d697c8cc0a63b0f","status":"failed","statusDetails":"AssertionError: Response does not contain 'result' key.","time":{"start":1733271615044,"stop":1733271645853,"duration":30809}},{"uid":"a130113e37c794b5","reportUrl":"https://status-im.github.io/status-cli-tests/293//#testresult/a130113e37c794b5","status":"failed","statusDetails":"AssertionError: Response does not contain 'result' key.","time":{"start":1733185263218,"stop":1733185293696,"duration":30478}},{"uid":"a265503cf33db275","reportUrl":"https://status-im.github.io/status-cli-tests/292//#testresult/a265503cf33db275","status":"failed","statusDetails":"AssertionError: Response does not contain 'result' key.","time":{"start":1733098816286,"stop":1733098837055,"duration":20769}},{"uid":"503477eb2a86d91e","reportUrl":"https://status-im.github.io/status-cli-tests/291//#testresult/503477eb2a86d91e","status":"failed","statusDetails":"AssertionError: Response does not contain 'result' key.","time":{"start":1733012520366,"stop":1733012551190,"duration":30824}},{"uid":"c0c3a3c0541a81f0","reportUrl":"https://status-im.github.io/status-cli-tests/290//#testresult/c0c3a3c0541a81f0","status":"failed","statusDetails":"AssertionError: Response does not contain 'result' key.","time":{"start":1732926016722,"stop":1732926037418,"duration":20696}},{"uid":"7c56e11ea95b2295","reportUrl":"https://status-im.github.io/status-cli-tests/289//#testresult/7c56e11ea95b2295","status":"failed","statusDetails":"AssertionError: Response does not contain 'result' key.","time":{"start":1732839568143,"stop":1732839599857,"duration":31714}},{"uid":"38a0405fbf52d631","reportUrl":"https://status-im.github.io/status-cli-tests/288//#testresult/38a0405fbf52d631","status":"failed","statusDetails":"AssertionError: Response does not contain 'result' key.","time":{"start":1732753255449,"stop":1732753279671,"duration":24222}}]},"tags":["@pytest.mark.usefixtures('start_1_node')","flaky(reruns=2)"]},"source":"939ac86a718bd382.json","parameterValues":[]}