{"uid":"cdfc6ffcc6fd0d8d","name":"test_community_messages_with_node_pause_30_seconds","fullName":"tests.test_community_messages.TestCommunityMessages#test_community_messages_with_node_pause_30_seconds","historyId":"6b2d6dc00da0a51e504a132375754954","time":{"start":1734481289102,"stop":1734481319425,"duration":30323},"status":"failed","statusMessage":"AssertionError: Response does not contain 'result' key.","statusTrace":"tests/test_community_messages.py:91: in test_community_messages_with_node_pause_30_seconds\n    self.first_node.send_community_chat_message(message_chat_id, message)\nsrc/node/status_node.py:205: in send_community_chat_message\n    return self.api.send_rpc_request(\"wakuext_sendChatMessage\", params)\n/opt/hostedtoolcache/Python/3.12.8/x64/lib/python3.12/site-packages/tenacity/__init__.py:289: in wrapped_f\n    return self(f, *args, **kw)\n/opt/hostedtoolcache/Python/3.12.8/x64/lib/python3.12/site-packages/tenacity/__init__.py:379: in __call__\n    do = self.iter(retry_state=retry_state)\n/opt/hostedtoolcache/Python/3.12.8/x64/lib/python3.12/site-packages/tenacity/__init__.py:325: in iter\n    raise retry_exc.reraise()\n/opt/hostedtoolcache/Python/3.12.8/x64/lib/python3.12/site-packages/tenacity/__init__.py:158: in reraise\n    raise self.last_attempt.result()\n/opt/hostedtoolcache/Python/3.12.8/x64/lib/python3.12/concurrent/futures/_base.py:449: in result\n    return self.__get_result()\n/opt/hostedtoolcache/Python/3.12.8/x64/lib/python3.12/concurrent/futures/_base.py:401: in __get_result\n    raise self._exception\n/opt/hostedtoolcache/Python/3.12.8/x64/lib/python3.12/site-packages/tenacity/__init__.py:382: in __call__\n    result = fn(*args, **kwargs)\nsrc/node/rpc_client.py:27: in send_rpc_request\n    assert \"result\" in response.json(), \"Response does not contain 'result' key.\"\nE   AssertionError: Response does not contain 'result' key.","flaky":true,"newFailed":true,"newBroken":false,"newPassed":false,"retriesCount":2,"retriesStatusChange":false,"beforeStages":[{"name":"set_allure_env_variables","time":{"start":1734480991852,"stop":1734480991853,"duration":1},"status":"passed","steps":[],"attachments":[],"parameters":[],"shouldDisplayMessage":false,"stepsCount":0,"attachmentsCount":0,"hasContent":false,"attachmentStep":false},{"name":"save_node_logs_on_fail","time":{"start":1734481281292,"stop":1734481281292,"duration":0},"status":"passed","steps":[],"attachments":[],"parameters":[],"shouldDisplayMessage":false,"stepsCount":0,"attachmentsCount":0,"hasContent":false,"attachmentStep":false},{"name":"start_1_node","time":{"start":1734481281292,"stop":1734481289101,"duration":7809},"status":"passed","steps":[],"attachments":[],"parameters":[],"shouldDisplayMessage":false,"stepsCount":0,"attachmentsCount":0,"hasContent":false,"attachmentStep":false},{"name":"clear_open_nodes","time":{"start":1734481281292,"stop":1734481281292,"duration":0},"status":"passed","steps":[],"attachments":[],"parameters":[],"shouldDisplayMessage":false,"stepsCount":0,"attachmentsCount":0,"hasContent":false,"attachmentStep":false}],"testStage":{"status":"failed","statusMessage":"AssertionError: Response does not contain 'result' key.","statusTrace":"tests/test_community_messages.py:91: in test_community_messages_with_node_pause_30_seconds\n    self.first_node.send_community_chat_message(message_chat_id, message)\nsrc/node/status_node.py:205: in send_community_chat_message\n    return self.api.send_rpc_request(\"wakuext_sendChatMessage\", params)\n/opt/hostedtoolcache/Python/3.12.8/x64/lib/python3.12/site-packages/tenacity/__init__.py:289: in wrapped_f\n    return self(f, *args, **kw)\n/opt/hostedtoolcache/Python/3.12.8/x64/lib/python3.12/site-packages/tenacity/__init__.py:379: in __call__\n    do = self.iter(retry_state=retry_state)\n/opt/hostedtoolcache/Python/3.12.8/x64/lib/python3.12/site-packages/tenacity/__init__.py:325: in iter\n    raise retry_exc.reraise()\n/opt/hostedtoolcache/Python/3.12.8/x64/lib/python3.12/site-packages/tenacity/__init__.py:158: in reraise\n    raise self.last_attempt.result()\n/opt/hostedtoolcache/Python/3.12.8/x64/lib/python3.12/concurrent/futures/_base.py:449: in result\n    return self.__get_result()\n/opt/hostedtoolcache/Python/3.12.8/x64/lib/python3.12/concurrent/futures/_base.py:401: in __get_result\n    raise self._exception\n/opt/hostedtoolcache/Python/3.12.8/x64/lib/python3.12/site-packages/tenacity/__init__.py:382: in __call__\n    result = fn(*args, **kwargs)\nsrc/node/rpc_client.py:27: in send_rpc_request\n    assert \"result\" in response.json(), \"Response does not contain 'result' key.\"\nE   AssertionError: Response does not contain 'result' key.","steps":[],"attachments":[{"uid":"13ffed41848bec8e","name":"log","source":"13ffed41848bec8e.txt","type":"text/plain","size":433650}],"parameters":[],"shouldDisplayMessage":true,"stepsCount":0,"attachmentsCount":1,"hasContent":true,"attachmentStep":false},"afterStages":[{"name":"save_node_logs_on_fail::0","time":{"start":1734481319464,"stop":1734481319464,"duration":0},"status":"passed","steps":[],"attachments":[],"parameters":[],"shouldDisplayMessage":false,"stepsCount":0,"attachmentsCount":0,"hasContent":false,"attachmentStep":false},{"name":"clear_open_nodes::0","time":{"start":1734481319465,"stop":1734481319491,"duration":26},"status":"passed","steps":[],"attachments":[],"parameters":[],"shouldDisplayMessage":false,"stepsCount":0,"attachmentsCount":0,"hasContent":false,"attachmentStep":false},{"name":"set_allure_env_variables::0","time":{"start":1734483187954,"stop":1734483187954,"duration":0},"status":"passed","steps":[],"attachments":[],"parameters":[],"shouldDisplayMessage":false,"stepsCount":0,"attachmentsCount":0,"hasContent":false,"attachmentStep":false}],"labels":[{"name":"tag","value":"flaky(reruns=2)"},{"name":"tag","value":"@pytest.mark.usefixtures('start_1_node')"},{"name":"parentSuite","value":"tests"},{"name":"suite","value":"test_community_messages"},{"name":"subSuite","value":"TestCommunityMessages"},{"name":"host","value":"fv-az1782-166"},{"name":"thread","value":"60535-MainThread"},{"name":"framework","value":"pytest"},{"name":"language","value":"cpython3"},{"name":"package","value":"tests.test_community_messages"},{"name":"resultFormat","value":"allure2"}],"parameters":[],"links":[],"hidden":false,"retry":false,"extra":{"severity":"normal","retries":[{"uid":"4df5cab7f3273ca","status":"failed","statusDetails":"AssertionError: Response does not contain 'result' key.","time":{"start":1734481250856,"stop":1734481281229,"duration":30373}},{"uid":"b9a98c0a49a8dab0","status":"failed","statusDetails":"AssertionError: Response does not contain 'result' key.","time":{"start":1734481212617,"stop":1734481242981,"duration":30364}}],"categories":[{"name":"Product defects","matchedStatuses":[],"flaky":false}],"history":{"statistic":{"failed":51,"broken":6,"skipped":0,"passed":13,"unknown":0,"total":70},"items":[{"uid":"fdd2bae495b8aac5","reportUrl":"https://status-im.github.io/status-cli-tests/307//#testresult/fdd2bae495b8aac5","status":"passed","time":{"start":1734394816551,"stop":1734394842062,"duration":25511}},{"uid":"da1413cc401aed18","reportUrl":"https://status-im.github.io/status-cli-tests/306//#testresult/da1413cc401aed18","status":"failed","statusDetails":"AssertionError: Response does not contain 'result' key.","time":{"start":1734308501725,"stop":1734308532202,"duration":30477}},{"uid":"c8f29a1e1e03869","reportUrl":"https://status-im.github.io/status-cli-tests/305//#testresult/c8f29a1e1e03869","status":"passed","time":{"start":1734222205300,"stop":1734222230883,"duration":25583}},{"uid":"27ccda26a676a399","reportUrl":"https://status-im.github.io/status-cli-tests/304//#testresult/27ccda26a676a399","status":"failed","statusDetails":"AssertionError: Response does not contain 'result' key.","time":{"start":1734135726364,"stop":1734135756707,"duration":30343}},{"uid":"84757bf1a94fe7f","reportUrl":"https://status-im.github.io/status-cli-tests/303//#testresult/84757bf1a94fe7f","status":"passed","time":{"start":1734049270788,"stop":1734049292595,"duration":21807}},{"uid":"ca4215dae35c05e0","reportUrl":"https://status-im.github.io/status-cli-tests/302//#testresult/ca4215dae35c05e0","status":"passed","time":{"start":1733962848020,"stop":1733962879643,"duration":31623}},{"uid":"3a86f8a0599c2946","reportUrl":"https://status-im.github.io/status-cli-tests/301//#testresult/3a86f8a0599c2946","status":"passed","time":{"start":1733876372746,"stop":1733876395261,"duration":22515}},{"uid":"f5d696fab3a68bbb","reportUrl":"https://status-im.github.io/status-cli-tests/300//#testresult/f5d696fab3a68bbb","status":"passed","time":{"start":1733789940914,"stop":1733789962379,"duration":21465}},{"uid":"e85b8a42aadcaec5","reportUrl":"https://status-im.github.io/status-cli-tests/299//#testresult/e85b8a42aadcaec5","status":"passed","time":{"start":1733703555915,"stop":1733703577265,"duration":21350}},{"uid":"ecddc7e93b58f50b","reportUrl":"https://status-im.github.io/status-cli-tests/298//#testresult/ecddc7e93b58f50b","status":"failed","statusDetails":"AssertionError: Response does not contain 'result' key.","time":{"start":1733617337110,"stop":1733617357736,"duration":20626}},{"uid":"396702f30901b80d","reportUrl":"https://status-im.github.io/status-cli-tests/297//#testresult/396702f30901b80d","status":"failed","statusDetails":"AssertionError: Response does not contain 'result' key.","time":{"start":1733530884156,"stop":1733530904728,"duration":20572}},{"uid":"db91739fd4939db7","reportUrl":"https://status-im.github.io/status-cli-tests/296//#testresult/db91739fd4939db7","status":"failed","statusDetails":"AssertionError: Response does not contain 'result' key.","time":{"start":1733444498599,"stop":1733444519048,"duration":20449}},{"uid":"5943bd2b37f70f52","reportUrl":"https://status-im.github.io/status-cli-tests/295//#testresult/5943bd2b37f70f52","status":"failed","statusDetails":"AssertionError: Response does not contain 'result' key.","time":{"start":1733358085112,"stop":1733358105833,"duration":20721}},{"uid":"d735608e3653b8eb","reportUrl":"https://status-im.github.io/status-cli-tests/294//#testresult/d735608e3653b8eb","status":"failed","statusDetails":"AssertionError: Response does not contain 'result' key.","time":{"start":1733271720559,"stop":1733271741336,"duration":20777}},{"uid":"a526f23398f56e25","reportUrl":"https://status-im.github.io/status-cli-tests/293//#testresult/a526f23398f56e25","status":"failed","statusDetails":"AssertionError: Response does not contain 'result' key.","time":{"start":1733185378997,"stop":1733185409520,"duration":30523}},{"uid":"5cc50854e850cfbf","reportUrl":"https://status-im.github.io/status-cli-tests/292//#testresult/5cc50854e850cfbf","status":"failed","statusDetails":"AssertionError: Response does not contain 'result' key.","time":{"start":1733098902292,"stop":1733098922754,"duration":20462}},{"uid":"da9e45a275b716f9","reportUrl":"https://status-im.github.io/status-cli-tests/291//#testresult/da9e45a275b716f9","status":"failed","statusDetails":"AssertionError: Response does not contain 'result' key.","time":{"start":1733012636416,"stop":1733012666950,"duration":30534}},{"uid":"db7aedfbe50c8690","reportUrl":"https://status-im.github.io/status-cli-tests/290//#testresult/db7aedfbe50c8690","status":"failed","statusDetails":"AssertionError: Response does not contain 'result' key.","time":{"start":1732926122131,"stop":1732926152555,"duration":30424}},{"uid":"35e9a7129eb749af","reportUrl":"https://status-im.github.io/status-cli-tests/289//#testresult/35e9a7129eb749af","status":"failed","statusDetails":"AssertionError: Response does not contain 'result' key.","time":{"start":1732839668017,"stop":1732839691065,"duration":23048}},{"uid":"1c5975aa027b98ab","reportUrl":"https://status-im.github.io/status-cli-tests/288//#testresult/1c5975aa027b98ab","status":"failed","statusDetails":"AssertionError: Response does not contain 'result' key.","time":{"start":1732753350459,"stop":1732753374350,"duration":23891}}]},"tags":["@pytest.mark.usefixtures('start_1_node')","flaky(reruns=2)"]},"source":"cdfc6ffcc6fd0d8d.json","parameterValues":[]}