{"uid":"35485a155c3d6fed","name":"test_join_community_with_low_bandwith","fullName":"tests.test_join_community.TestJoinCommunity#test_join_community_with_low_bandwith","historyId":"acec66a9fe6a2fbcbf702c9ea545d881","time":{"start":1735346423247,"stop":1735346487122,"duration":63875},"status":"failed","statusMessage":"AssertionError: Response does not contain 'result' key.","statusTrace":"tests/test_join_community.py:65: in test_join_community_with_low_bandwith\n    self.test_join_community_baseline()\ntests/test_join_community.py:20: in test_join_community_baseline\n    response_to_join = self.first_node.request_to_join_community(community_id)\nsrc/node/status_node.py:197: in request_to_join_community\n    return self.api.send_rpc_request(\"wakuext_requestToJoinCommunity\", params)\n/opt/hostedtoolcache/Python/3.12.8/x64/lib/python3.12/site-packages/tenacity/__init__.py:289: in wrapped_f\n    return self(f, *args, **kw)\n/opt/hostedtoolcache/Python/3.12.8/x64/lib/python3.12/site-packages/tenacity/__init__.py:379: in __call__\n    do = self.iter(retry_state=retry_state)\n/opt/hostedtoolcache/Python/3.12.8/x64/lib/python3.12/site-packages/tenacity/__init__.py:325: in iter\n    raise retry_exc.reraise()\n/opt/hostedtoolcache/Python/3.12.8/x64/lib/python3.12/site-packages/tenacity/__init__.py:158: in reraise\n    raise self.last_attempt.result()\n/opt/hostedtoolcache/Python/3.12.8/x64/lib/python3.12/concurrent/futures/_base.py:449: in result\n    return self.__get_result()\n/opt/hostedtoolcache/Python/3.12.8/x64/lib/python3.12/concurrent/futures/_base.py:401: in __get_result\n    raise self._exception\n/opt/hostedtoolcache/Python/3.12.8/x64/lib/python3.12/site-packages/tenacity/__init__.py:382: in __call__\n    result = fn(*args, **kwargs)\nsrc/node/rpc_client.py:27: in send_rpc_request\n    assert \"result\" in response.json(), \"Response does not contain 'result' key.\"\nE   AssertionError: Response does not contain 'result' key.","flaky":false,"newFailed":false,"newBroken":false,"newPassed":false,"retriesCount":0,"retriesStatusChange":false,"beforeStages":[{"name":"set_allure_env_variables","time":{"start":1735344967840,"stop":1735344967840,"duration":0},"status":"passed","steps":[],"attachments":[],"parameters":[],"shouldDisplayMessage":false,"stepsCount":0,"attachmentsCount":0,"hasContent":false,"attachmentStep":false},{"name":"clear_open_nodes","time":{"start":1735346415438,"stop":1735346415438,"duration":0},"status":"passed","steps":[],"attachments":[],"parameters":[],"shouldDisplayMessage":false,"stepsCount":0,"attachmentsCount":0,"hasContent":false,"attachmentStep":false},{"name":"save_node_logs_on_fail","time":{"start":1735346415439,"stop":1735346415439,"duration":0},"status":"passed","steps":[],"attachments":[],"parameters":[],"shouldDisplayMessage":false,"stepsCount":0,"attachmentsCount":0,"hasContent":false,"attachmentStep":false},{"name":"start_1_node","time":{"start":1735346415439,"stop":1735346423247,"duration":7808},"status":"passed","steps":[],"attachments":[],"parameters":[],"shouldDisplayMessage":false,"stepsCount":0,"attachmentsCount":0,"hasContent":false,"attachmentStep":false}],"testStage":{"status":"failed","statusMessage":"AssertionError: Response does not contain 'result' key.","statusTrace":"tests/test_join_community.py:65: in test_join_community_with_low_bandwith\n    self.test_join_community_baseline()\ntests/test_join_community.py:20: in test_join_community_baseline\n    response_to_join = self.first_node.request_to_join_community(community_id)\nsrc/node/status_node.py:197: in request_to_join_community\n    return self.api.send_rpc_request(\"wakuext_requestToJoinCommunity\", params)\n/opt/hostedtoolcache/Python/3.12.8/x64/lib/python3.12/site-packages/tenacity/__init__.py:289: in wrapped_f\n    return self(f, *args, **kw)\n/opt/hostedtoolcache/Python/3.12.8/x64/lib/python3.12/site-packages/tenacity/__init__.py:379: in __call__\n    do = self.iter(retry_state=retry_state)\n/opt/hostedtoolcache/Python/3.12.8/x64/lib/python3.12/site-packages/tenacity/__init__.py:325: in iter\n    raise retry_exc.reraise()\n/opt/hostedtoolcache/Python/3.12.8/x64/lib/python3.12/site-packages/tenacity/__init__.py:158: in reraise\n    raise self.last_attempt.result()\n/opt/hostedtoolcache/Python/3.12.8/x64/lib/python3.12/concurrent/futures/_base.py:449: in result\n    return self.__get_result()\n/opt/hostedtoolcache/Python/3.12.8/x64/lib/python3.12/concurrent/futures/_base.py:401: in __get_result\n    raise self._exception\n/opt/hostedtoolcache/Python/3.12.8/x64/lib/python3.12/site-packages/tenacity/__init__.py:382: in __call__\n    result = fn(*args, **kwargs)\nsrc/node/rpc_client.py:27: in send_rpc_request\n    assert \"result\" in response.json(), \"Response does not contain 'result' key.\"\nE   AssertionError: Response does not contain 'result' key.","steps":[],"attachments":[{"uid":"43a630b41a62dad8","name":"log","source":"43a630b41a62dad8.txt","type":"text/plain","size":232955}],"parameters":[],"shouldDisplayMessage":true,"stepsCount":0,"attachmentsCount":1,"hasContent":true,"attachmentStep":false},"afterStages":[{"name":"save_node_logs_on_fail::0","time":{"start":1735346487163,"stop":1735346487165,"duration":2},"status":"passed","steps":[],"attachments":[],"parameters":[],"shouldDisplayMessage":false,"stepsCount":0,"attachmentsCount":0,"hasContent":false,"attachmentStep":false},{"name":"clear_open_nodes::0","time":{"start":1735346487166,"stop":1735346487291,"duration":125},"status":"passed","steps":[],"attachments":[],"parameters":[],"shouldDisplayMessage":false,"stepsCount":0,"attachmentsCount":0,"hasContent":false,"attachmentStep":false},{"name":"set_allure_env_variables::0","time":{"start":1735347033594,"stop":1735347033594,"duration":0},"status":"passed","steps":[],"attachments":[],"parameters":[],"shouldDisplayMessage":false,"stepsCount":0,"attachmentsCount":0,"hasContent":false,"attachmentStep":false}],"labels":[{"name":"tag","value":"@pytest.mark.usefixtures('start_1_node')"},{"name":"parentSuite","value":"tests"},{"name":"suite","value":"test_join_community"},{"name":"subSuite","value":"TestJoinCommunity"},{"name":"host","value":"fv-az1721-600"},{"name":"thread","value":"60410-MainThread"},{"name":"framework","value":"pytest"},{"name":"language","value":"cpython3"},{"name":"package","value":"tests.test_join_community"},{"name":"resultFormat","value":"allure2"}],"parameters":[],"links":[],"hidden":false,"retry":false,"extra":{"severity":"normal","retries":[],"categories":[{"name":"Product defects","matchedStatuses":[],"flaky":false}],"history":{"statistic":{"failed":50,"broken":8,"skipped":0,"passed":22,"unknown":0,"total":80},"items":[{"uid":"d3b6686e59a1e821","reportUrl":"https://status-im.github.io/status-cli-tests/317//#testresult/d3b6686e59a1e821","status":"failed","statusDetails":"AssertionError: Response does not contain 'result' key.","time":{"start":1735260111260,"stop":1735260179524,"duration":68264}},{"uid":"abf28ce099d0fc35","reportUrl":"https://status-im.github.io/status-cli-tests/316//#testresult/abf28ce099d0fc35","status":"failed","statusDetails":"AssertionError: Response does not contain 'result' key.","time":{"start":1735173550568,"stop":1735173610565,"duration":59997}},{"uid":"3d42da68c15b5a57","reportUrl":"https://status-im.github.io/status-cli-tests/315//#testresult/3d42da68c15b5a57","status":"failed","statusDetails":"AssertionError: Response does not contain 'result' key.","time":{"start":1735087300924,"stop":1735087369409,"duration":68485}},{"uid":"7ad9ffcc827cfb76","reportUrl":"https://status-im.github.io/status-cli-tests/314//#testresult/7ad9ffcc827cfb76","status":"failed","statusDetails":"AssertionError: Response does not contain 'result' key.","time":{"start":1735000772395,"stop":1735000828109,"duration":55714}},{"uid":"335579b28355fdec","reportUrl":"https://status-im.github.io/status-cli-tests/313//#testresult/335579b28355fdec","status":"failed","statusDetails":"AssertionError: Response does not contain 'result' key.","time":{"start":1734914421248,"stop":1734914487542,"duration":66294}},{"uid":"f3c88d3857367251","reportUrl":"https://status-im.github.io/status-cli-tests/312//#testresult/f3c88d3857367251","status":"failed","statusDetails":"AssertionError: Response does not contain 'result' key.","time":{"start":1734828028312,"stop":1734828086663,"duration":58351}},{"uid":"8e5a82ace569397d","reportUrl":"https://status-im.github.io/status-cli-tests/311//#testresult/8e5a82ace569397d","status":"failed","statusDetails":"AssertionError: Response does not contain 'result' key.","time":{"start":1734741527840,"stop":1734741577284,"duration":49444}},{"uid":"c4975601890f66a4","reportUrl":"https://status-im.github.io/status-cli-tests/310//#testresult/c4975601890f66a4","status":"failed","statusDetails":"AssertionError: Response does not contain 'result' key.","time":{"start":1734655100624,"stop":1734655162043,"duration":61419}},{"uid":"4e8040f863d88d","reportUrl":"https://status-im.github.io/status-cli-tests/309//#testresult/4e8040f863d88d","status":"failed","statusDetails":"AssertionError: Response does not contain 'result' key.","time":{"start":1734568691691,"stop":1734568746211,"duration":54520}},{"uid":"739e1c162e10d22e","reportUrl":"https://status-im.github.io/status-cli-tests/308//#testresult/739e1c162e10d22e","status":"failed","statusDetails":"AssertionError: Response does not contain 'result' key.","time":{"start":1734482502083,"stop":1734482561781,"duration":59698}},{"uid":"e5eba591593ae2a6","reportUrl":"https://status-im.github.io/status-cli-tests/307//#testresult/e5eba591593ae2a6","status":"failed","statusDetails":"AssertionError: Response does not contain 'result' key.","time":{"start":1734396011318,"stop":1734396057844,"duration":46526}},{"uid":"25fb236274e1c368","reportUrl":"https://status-im.github.io/status-cli-tests/306//#testresult/25fb236274e1c368","status":"failed","statusDetails":"AssertionError: Response does not contain 'result' key.","time":{"start":1734309878291,"stop":1734309930853,"duration":52562}},{"uid":"767799cd9d023187","reportUrl":"https://status-im.github.io/status-cli-tests/305//#testresult/767799cd9d023187","status":"failed","statusDetails":"AssertionError: Response does not contain 'result' key.","time":{"start":1734223400357,"stop":1734223446692,"duration":46335}},{"uid":"1b1582db31f4e9f","reportUrl":"https://status-im.github.io/status-cli-tests/304//#testresult/1b1582db31f4e9f","status":"failed","statusDetails":"AssertionError: Response does not contain 'result' key.","time":{"start":1734136974775,"stop":1734137020092,"duration":45317}},{"uid":"2b9188d6825c0867","reportUrl":"https://status-im.github.io/status-cli-tests/303//#testresult/2b9188d6825c0867","status":"failed","statusDetails":"AssertionError: Response does not contain 'result' key.","time":{"start":1734050412824,"stop":1734050462357,"duration":49533}},{"uid":"487d0c3e5fa6bba5","reportUrl":"https://status-im.github.io/status-cli-tests/302//#testresult/487d0c3e5fa6bba5","status":"failed","statusDetails":"AssertionError: Response does not contain 'result' key.","time":{"start":1733964027493,"stop":1733964072464,"duration":44971}},{"uid":"8bae91b1ae2ab228","reportUrl":"https://status-im.github.io/status-cli-tests/301//#testresult/8bae91b1ae2ab228","status":"broken","statusDetails":"RuntimeError: Request to http://127.0.0.1:22399 usig method wakuext_fetchCommunity timed out after 10 seconds. Node: first_node","time":{"start":1733877956996,"stop":1733878059778,"duration":102782}},{"uid":"97db5ef468267d4c","reportUrl":"https://status-im.github.io/status-cli-tests/300//#testresult/97db5ef468267d4c","status":"failed","statusDetails":"AssertionError: Response does not contain 'result' key.","time":{"start":1733790980446,"stop":1733791034624,"duration":54178}},{"uid":"2a0d4a76d87551f1","reportUrl":"https://status-im.github.io/status-cli-tests/299//#testresult/2a0d4a76d87551f1","status":"failed","statusDetails":"AssertionError: Response does not contain 'result' key.","time":{"start":1733704579288,"stop":1733704622817,"duration":43529}},{"uid":"31b3efa39704d5b0","reportUrl":"https://status-im.github.io/status-cli-tests/298//#testresult/31b3efa39704d5b0","status":"failed","statusDetails":"AssertionError: Response does not contain 'result' key.","time":{"start":1733618475234,"stop":1733618523500,"duration":48266}}]},"tags":["@pytest.mark.usefixtures('start_1_node')"]},"source":"35485a155c3d6fed.json","parameterValues":[]}