{"uid":"3e8d7cc6d8388d13","name":"test_join_community_with_packet_loss","fullName":"tests.test_join_community.TestJoinCommunity#test_join_community_with_packet_loss","historyId":"447b5e60edf20b9d6546c17e4d82b687","time":{"start":1730680550028,"stop":1730680631115,"duration":81087},"status":"failed","statusMessage":"AssertionError: Response does not contain 'result' key.","statusTrace":"tests/test_join_community.py:60: in test_join_community_with_packet_loss\n    self.test_join_community_baseline()\ntests/test_join_community.py:33: in test_join_community_baseline\n    response_accept_to_join = status_node.accept_request_to_join_community(request_to_join_id)\nsrc/node/status_node.py:201: in accept_request_to_join_community\n    return self.api.send_rpc_request(\"wakuext_acceptRequestToJoinCommunity\", params)\n/opt/hostedtoolcache/Python/3.12.7/x64/lib/python3.12/site-packages/tenacity/__init__.py:289: in wrapped_f\n    return self(f, *args, **kw)\n/opt/hostedtoolcache/Python/3.12.7/x64/lib/python3.12/site-packages/tenacity/__init__.py:379: in __call__\n    do = self.iter(retry_state=retry_state)\n/opt/hostedtoolcache/Python/3.12.7/x64/lib/python3.12/site-packages/tenacity/__init__.py:325: in iter\n    raise retry_exc.reraise()\n/opt/hostedtoolcache/Python/3.12.7/x64/lib/python3.12/site-packages/tenacity/__init__.py:158: in reraise\n    raise self.last_attempt.result()\n/opt/hostedtoolcache/Python/3.12.7/x64/lib/python3.12/concurrent/futures/_base.py:449: in result\n    return self.__get_result()\n/opt/hostedtoolcache/Python/3.12.7/x64/lib/python3.12/concurrent/futures/_base.py:401: in __get_result\n    raise self._exception\n/opt/hostedtoolcache/Python/3.12.7/x64/lib/python3.12/site-packages/tenacity/__init__.py:382: in __call__\n    result = fn(*args, **kwargs)\nsrc/node/rpc_client.py:27: in send_rpc_request\n    assert \"result\" in response.json(), \"Response does not contain 'result' key.\"\nE   AssertionError: Response does not contain 'result' key.","flaky":false,"newFailed":true,"newBroken":false,"newPassed":false,"retriesCount":0,"retriesStatusChange":false,"beforeStages":[{"name":"set_allure_env_variables","time":{"start":1730679392687,"stop":1730679392688,"duration":1},"status":"passed","steps":[],"attachments":[],"parameters":[],"shouldDisplayMessage":false,"stepsCount":0,"attachmentsCount":0,"hasContent":false,"attachmentStep":false},{"name":"clear_open_nodes","time":{"start":1730680542219,"stop":1730680542219,"duration":0},"status":"passed","steps":[],"attachments":[],"parameters":[],"shouldDisplayMessage":false,"stepsCount":0,"attachmentsCount":0,"hasContent":false,"attachmentStep":false},{"name":"start_1_node","time":{"start":1730680542219,"stop":1730680550028,"duration":7809},"status":"passed","steps":[],"attachments":[],"parameters":[],"shouldDisplayMessage":false,"stepsCount":0,"attachmentsCount":0,"hasContent":false,"attachmentStep":false},{"name":"save_node_logs_on_fail","time":{"start":1730680542219,"stop":1730680542219,"duration":0},"status":"passed","steps":[],"attachments":[],"parameters":[],"shouldDisplayMessage":false,"stepsCount":0,"attachmentsCount":0,"hasContent":false,"attachmentStep":false}],"testStage":{"status":"failed","statusMessage":"AssertionError: Response does not contain 'result' key.","statusTrace":"tests/test_join_community.py:60: in test_join_community_with_packet_loss\n    self.test_join_community_baseline()\ntests/test_join_community.py:33: in test_join_community_baseline\n    response_accept_to_join = status_node.accept_request_to_join_community(request_to_join_id)\nsrc/node/status_node.py:201: in accept_request_to_join_community\n    return self.api.send_rpc_request(\"wakuext_acceptRequestToJoinCommunity\", params)\n/opt/hostedtoolcache/Python/3.12.7/x64/lib/python3.12/site-packages/tenacity/__init__.py:289: in wrapped_f\n    return self(f, *args, **kw)\n/opt/hostedtoolcache/Python/3.12.7/x64/lib/python3.12/site-packages/tenacity/__init__.py:379: in __call__\n    do = self.iter(retry_state=retry_state)\n/opt/hostedtoolcache/Python/3.12.7/x64/lib/python3.12/site-packages/tenacity/__init__.py:325: in iter\n    raise retry_exc.reraise()\n/opt/hostedtoolcache/Python/3.12.7/x64/lib/python3.12/site-packages/tenacity/__init__.py:158: in reraise\n    raise self.last_attempt.result()\n/opt/hostedtoolcache/Python/3.12.7/x64/lib/python3.12/concurrent/futures/_base.py:449: in result\n    return self.__get_result()\n/opt/hostedtoolcache/Python/3.12.7/x64/lib/python3.12/concurrent/futures/_base.py:401: in __get_result\n    raise self._exception\n/opt/hostedtoolcache/Python/3.12.7/x64/lib/python3.12/site-packages/tenacity/__init__.py:382: in __call__\n    result = fn(*args, **kwargs)\nsrc/node/rpc_client.py:27: in send_rpc_request\n    assert \"result\" in response.json(), \"Response does not contain 'result' key.\"\nE   AssertionError: Response does not contain 'result' key.","steps":[],"attachments":[{"uid":"5727d75c87c3dc9c","name":"log","source":"5727d75c87c3dc9c.txt","type":"text/plain","size":184198}],"parameters":[],"shouldDisplayMessage":true,"stepsCount":0,"attachmentsCount":1,"hasContent":true,"attachmentStep":false},"afterStages":[{"name":"save_node_logs_on_fail::0","time":{"start":1730680631166,"stop":1730680631168,"duration":2},"status":"passed","steps":[],"attachments":[],"parameters":[],"shouldDisplayMessage":false,"stepsCount":0,"attachmentsCount":0,"hasContent":false,"attachmentStep":false},{"name":"clear_open_nodes::0","time":{"start":1730680631169,"stop":1730680631440,"duration":271},"status":"passed","steps":[],"attachments":[],"parameters":[],"shouldDisplayMessage":false,"stepsCount":0,"attachmentsCount":0,"hasContent":false,"attachmentStep":false},{"name":"set_allure_env_variables::0","time":{"start":1730681194377,"stop":1730681194377,"duration":0},"status":"passed","steps":[],"attachments":[],"parameters":[],"shouldDisplayMessage":false,"stepsCount":0,"attachmentsCount":0,"hasContent":false,"attachmentStep":false}],"labels":[{"name":"tag","value":"@pytest.mark.usefixtures('start_1_node')"},{"name":"parentSuite","value":"tests"},{"name":"suite","value":"test_join_community"},{"name":"subSuite","value":"TestJoinCommunity"},{"name":"host","value":"fv-az1210-80"},{"name":"thread","value":"60858-MainThread"},{"name":"framework","value":"pytest"},{"name":"language","value":"cpython3"},{"name":"package","value":"tests.test_join_community"},{"name":"resultFormat","value":"allure2"}],"parameters":[],"links":[],"hidden":false,"retry":false,"extra":{"severity":"normal","retries":[],"categories":[{"name":"Product defects","matchedStatuses":[],"flaky":false}],"history":{"statistic":{"failed":12,"broken":11,"skipped":0,"passed":3,"unknown":0,"total":26},"items":[{"uid":"b21240c52bc986b5","reportUrl":"https://status-im.github.io/status-cli-tests/263//#testresult/b21240c52bc986b5","status":"broken","statusDetails":"RuntimeError: Request to http://127.0.0.1:3899 usig method wakuext_fetchCommunity timed out after 10 seconds. Node: first_node","time":{"start":1730594469480,"stop":1730594526377,"duration":56897}},{"uid":"eb7ce259443aae16","reportUrl":"https://status-im.github.io/status-cli-tests/262//#testresult/eb7ce259443aae16","status":"broken","statusDetails":"RuntimeError: Request to http://127.0.0.1:47087 usig method wakuext_fetchCommunity timed out after 10 seconds. Node: first_node","time":{"start":1730508180474,"stop":1730508269207,"duration":88733}},{"uid":"b9bc60df0e82846e","reportUrl":"https://status-im.github.io/status-cli-tests/261//#testresult/b9bc60df0e82846e","status":"failed","statusDetails":"AssertionError: Response does not contain 'result' key.","time":{"start":1730421741420,"stop":1730421822674,"duration":81254}},{"uid":"c228beb9213b3b5c","reportUrl":"https://status-im.github.io/status-cli-tests/260//#testresult/c228beb9213b3b5c","status":"failed","statusDetails":"AssertionError: Response does not contain 'result' key.","time":{"start":1730335170121,"stop":1730335240944,"duration":70823}},{"uid":"eec2a9c24540a657","reportUrl":"https://status-im.github.io/status-cli-tests/259//#testresult/eec2a9c24540a657","status":"broken","statusDetails":"RuntimeError: Request to http://127.0.0.1:13915 usig method wakuext_fetchCommunity timed out after 10 seconds. Node: first_node","time":{"start":1730248782086,"stop":1730248856846,"duration":74760}},{"uid":"631fb36c8ffc07f3","reportUrl":"https://status-im.github.io/status-cli-tests/258//#testresult/631fb36c8ffc07f3","status":"failed","statusDetails":"AssertionError: Response does not contain 'result' key.","time":{"start":1730162235288,"stop":1730162334552,"duration":99264}},{"uid":"53d1b6d0a5b25854","reportUrl":"https://status-im.github.io/status-cli-tests/257//#testresult/53d1b6d0a5b25854","status":"broken","statusDetails":"RuntimeError: Request to http://127.0.0.1:17811 usig method wakuext_fetchCommunity timed out after 10 seconds. Node: first_node","time":{"start":1730075740909,"stop":1730075839431,"duration":98522}},{"uid":"b8b1783f35751df6","reportUrl":"https://status-im.github.io/status-cli-tests/256//#testresult/b8b1783f35751df6","status":"failed","statusDetails":"AssertionError: Response does not contain 'result' key.","time":{"start":1729989394394,"stop":1729989468092,"duration":73698}},{"uid":"1283e96e9f28e05f","reportUrl":"https://status-im.github.io/status-cli-tests/255//#testresult/1283e96e9f28e05f","status":"broken","statusDetails":"RuntimeError: Request to http://127.0.0.1:36458 usig method wakuext_fetchCommunity timed out after 10 seconds. Node: first_node","time":{"start":1729902984233,"stop":1729903041484,"duration":57251}},{"uid":"bf7bb696d963b739","reportUrl":"https://status-im.github.io/status-cli-tests/254//#testresult/bf7bb696d963b739","status":"broken","statusDetails":"RuntimeError: Request to http://127.0.0.1:43175 usig method wakuext_fetchCommunity timed out after 10 seconds. Node: first_node","time":{"start":1729816563279,"stop":1729816700267,"duration":136988}},{"uid":"393bef68cf02a3a","reportUrl":"https://status-im.github.io/status-cli-tests/253//#testresult/393bef68cf02a3a","status":"broken","statusDetails":"RuntimeError: Request to http://127.0.0.1:44057 usig method wakuext_fetchCommunity timed out after 10 seconds. Node: first_node","time":{"start":1729730219542,"stop":1729730274985,"duration":55443}},{"uid":"329e2556284575cd","reportUrl":"https://status-im.github.io/status-cli-tests/252//#testresult/329e2556284575cd","status":"failed","statusDetails":"AssertionError: Response does not contain 'result' key.","time":{"start":1729643701964,"stop":1729643765137,"duration":63173}},{"uid":"2d6117ec146be8e","reportUrl":"https://status-im.github.io/status-cli-tests/251//#testresult/2d6117ec146be8e","status":"failed","statusDetails":"AssertionError: Response does not contain 'result' key.","time":{"start":1729557382301,"stop":1729557439629,"duration":57328}},{"uid":"3c151a7bd1d70605","reportUrl":"https://status-im.github.io/status-cli-tests/250//#testresult/3c151a7bd1d70605","status":"broken","statusDetails":"RuntimeError: Request to http://127.0.0.1:55072 usig method wakuext_fetchCommunity timed out after 10 seconds. Node: first_node","time":{"start":1729470935802,"stop":1729471007585,"duration":71783}},{"uid":"872d9456248fdad5","reportUrl":"https://status-im.github.io/status-cli-tests/249//#testresult/872d9456248fdad5","status":"failed","statusDetails":"AssertionError: Response does not contain 'result' key.","time":{"start":1729384566687,"stop":1729384678505,"duration":111818}},{"uid":"ba0ef0f52d196c11","reportUrl":"https://status-im.github.io/status-cli-tests/248//#testresult/ba0ef0f52d196c11","status":"passed","time":{"start":1729297972423,"stop":1729298056606,"duration":84183}},{"uid":"efef9630983e58e9","reportUrl":"https://status-im.github.io/status-cli-tests/247//#testresult/efef9630983e58e9","status":"failed","statusDetails":"AssertionError: Response does not contain 'result' key.","time":{"start":1729211747201,"stop":1729211833147,"duration":85946}},{"uid":"fc6e31efd90b23a3","reportUrl":"https://status-im.github.io/status-cli-tests/246//#testresult/fc6e31efd90b23a3","status":"broken","statusDetails":"RuntimeError: Request to http://127.0.0.1:42353 usig method wakuext_fetchCommunity timed out after 10 seconds. Node: first_node","time":{"start":1729125246729,"stop":1729125313286,"duration":66557}},{"uid":"c9b5ae864c67881c","reportUrl":"https://status-im.github.io/status-cli-tests/245//#testresult/c9b5ae864c67881c","status":"broken","statusDetails":"RuntimeError: Request to http://127.0.0.1:56031 usig method wakuext_fetchCommunity timed out after 10 seconds. Node: first_node","time":{"start":1729068226789,"stop":1729068281749,"duration":54960}},{"uid":"97bc7ff637be97d","reportUrl":"https://status-im.github.io/status-cli-tests/244//#testresult/97bc7ff637be97d","status":"failed","statusDetails":"AssertionError: Response does not contain 'result' key.","time":{"start":1729039242647,"stop":1729039330915,"duration":88268}}]},"tags":["@pytest.mark.usefixtures('start_1_node')"]},"source":"3e8d7cc6d8388d13.json","parameterValues":[]}