{"uid":"3ec7b5da77d7045","name":"test_join_community_with_low_bandwith","fullName":"tests.test_join_community.TestJoinCommunity#test_join_community_with_low_bandwith","historyId":"acec66a9fe6a2fbcbf702c9ea545d881","time":{"start":1730680639253,"stop":1730680698457,"duration":59204},"status":"failed","statusMessage":"AssertionError: Response does not contain 'result' key.","statusTrace":"tests/test_join_community.py:65: in test_join_community_with_low_bandwith\n    self.test_join_community_baseline()\ntests/test_join_community.py:33: in test_join_community_baseline\n    response_accept_to_join = status_node.accept_request_to_join_community(request_to_join_id)\nsrc/node/status_node.py:201: in accept_request_to_join_community\n    return self.api.send_rpc_request(\"wakuext_acceptRequestToJoinCommunity\", params)\n/opt/hostedtoolcache/Python/3.12.7/x64/lib/python3.12/site-packages/tenacity/__init__.py:289: in wrapped_f\n    return self(f, *args, **kw)\n/opt/hostedtoolcache/Python/3.12.7/x64/lib/python3.12/site-packages/tenacity/__init__.py:379: in __call__\n    do = self.iter(retry_state=retry_state)\n/opt/hostedtoolcache/Python/3.12.7/x64/lib/python3.12/site-packages/tenacity/__init__.py:325: in iter\n    raise retry_exc.reraise()\n/opt/hostedtoolcache/Python/3.12.7/x64/lib/python3.12/site-packages/tenacity/__init__.py:158: in reraise\n    raise self.last_attempt.result()\n/opt/hostedtoolcache/Python/3.12.7/x64/lib/python3.12/concurrent/futures/_base.py:449: in result\n    return self.__get_result()\n/opt/hostedtoolcache/Python/3.12.7/x64/lib/python3.12/concurrent/futures/_base.py:401: in __get_result\n    raise self._exception\n/opt/hostedtoolcache/Python/3.12.7/x64/lib/python3.12/site-packages/tenacity/__init__.py:382: in __call__\n    result = fn(*args, **kwargs)\nsrc/node/rpc_client.py:27: in send_rpc_request\n    assert \"result\" in response.json(), \"Response does not contain 'result' key.\"\nE   AssertionError: Response does not contain 'result' key.","flaky":true,"newFailed":true,"newBroken":false,"newPassed":false,"retriesCount":0,"retriesStatusChange":false,"beforeStages":[{"name":"set_allure_env_variables","time":{"start":1730679392687,"stop":1730679392688,"duration":1},"status":"passed","steps":[],"attachments":[],"parameters":[],"shouldDisplayMessage":false,"stepsCount":0,"attachmentsCount":0,"hasContent":false,"attachmentStep":false},{"name":"clear_open_nodes","time":{"start":1730680631443,"stop":1730680631443,"duration":0},"status":"passed","steps":[],"attachments":[],"parameters":[],"shouldDisplayMessage":false,"stepsCount":0,"attachmentsCount":0,"hasContent":false,"attachmentStep":false},{"name":"save_node_logs_on_fail","time":{"start":1730680631443,"stop":1730680631443,"duration":0},"status":"passed","steps":[],"attachments":[],"parameters":[],"shouldDisplayMessage":false,"stepsCount":0,"attachmentsCount":0,"hasContent":false,"attachmentStep":false},{"name":"start_1_node","time":{"start":1730680631443,"stop":1730680639253,"duration":7810},"status":"passed","steps":[],"attachments":[],"parameters":[],"shouldDisplayMessage":false,"stepsCount":0,"attachmentsCount":0,"hasContent":false,"attachmentStep":false}],"testStage":{"status":"failed","statusMessage":"AssertionError: Response does not contain 'result' key.","statusTrace":"tests/test_join_community.py:65: in test_join_community_with_low_bandwith\n    self.test_join_community_baseline()\ntests/test_join_community.py:33: in test_join_community_baseline\n    response_accept_to_join = status_node.accept_request_to_join_community(request_to_join_id)\nsrc/node/status_node.py:201: in accept_request_to_join_community\n    return self.api.send_rpc_request(\"wakuext_acceptRequestToJoinCommunity\", params)\n/opt/hostedtoolcache/Python/3.12.7/x64/lib/python3.12/site-packages/tenacity/__init__.py:289: in wrapped_f\n    return self(f, *args, **kw)\n/opt/hostedtoolcache/Python/3.12.7/x64/lib/python3.12/site-packages/tenacity/__init__.py:379: in __call__\n    do = self.iter(retry_state=retry_state)\n/opt/hostedtoolcache/Python/3.12.7/x64/lib/python3.12/site-packages/tenacity/__init__.py:325: in iter\n    raise retry_exc.reraise()\n/opt/hostedtoolcache/Python/3.12.7/x64/lib/python3.12/site-packages/tenacity/__init__.py:158: in reraise\n    raise self.last_attempt.result()\n/opt/hostedtoolcache/Python/3.12.7/x64/lib/python3.12/concurrent/futures/_base.py:449: in result\n    return self.__get_result()\n/opt/hostedtoolcache/Python/3.12.7/x64/lib/python3.12/concurrent/futures/_base.py:401: in __get_result\n    raise self._exception\n/opt/hostedtoolcache/Python/3.12.7/x64/lib/python3.12/site-packages/tenacity/__init__.py:382: in __call__\n    result = fn(*args, **kwargs)\nsrc/node/rpc_client.py:27: in send_rpc_request\n    assert \"result\" in response.json(), \"Response does not contain 'result' key.\"\nE   AssertionError: Response does not contain 'result' key.","steps":[],"attachments":[{"uid":"3b3d3a27130b9220","name":"log","source":"3b3d3a27130b9220.txt","type":"text/plain","size":184396}],"parameters":[],"shouldDisplayMessage":true,"stepsCount":0,"attachmentsCount":1,"hasContent":true,"attachmentStep":false},"afterStages":[{"name":"save_node_logs_on_fail::0","time":{"start":1730680698508,"stop":1730680698511,"duration":3},"status":"passed","steps":[],"attachments":[],"parameters":[],"shouldDisplayMessage":false,"stepsCount":0,"attachmentsCount":0,"hasContent":false,"attachmentStep":false},{"name":"clear_open_nodes::0","time":{"start":1730680698511,"stop":1730680698708,"duration":197},"status":"passed","steps":[],"attachments":[],"parameters":[],"shouldDisplayMessage":false,"stepsCount":0,"attachmentsCount":0,"hasContent":false,"attachmentStep":false},{"name":"set_allure_env_variables::0","time":{"start":1730681194377,"stop":1730681194377,"duration":0},"status":"passed","steps":[],"attachments":[],"parameters":[],"shouldDisplayMessage":false,"stepsCount":0,"attachmentsCount":0,"hasContent":false,"attachmentStep":false}],"labels":[{"name":"tag","value":"@pytest.mark.usefixtures('start_1_node')"},{"name":"parentSuite","value":"tests"},{"name":"suite","value":"test_join_community"},{"name":"subSuite","value":"TestJoinCommunity"},{"name":"host","value":"fv-az1210-80"},{"name":"thread","value":"60858-MainThread"},{"name":"framework","value":"pytest"},{"name":"language","value":"cpython3"},{"name":"package","value":"tests.test_join_community"},{"name":"resultFormat","value":"allure2"}],"parameters":[],"links":[],"hidden":false,"retry":false,"extra":{"severity":"normal","retries":[],"categories":[{"name":"Product defects","matchedStatuses":[],"flaky":false}],"history":{"statistic":{"failed":14,"broken":1,"skipped":0,"passed":11,"unknown":0,"total":26},"items":[{"uid":"55f701521f357578","reportUrl":"https://status-im.github.io/status-cli-tests/263//#testresult/55f701521f357578","status":"passed","time":{"start":1730594534592,"stop":1730594587964,"duration":53372}},{"uid":"4f49424621db8ea3","reportUrl":"https://status-im.github.io/status-cli-tests/262//#testresult/4f49424621db8ea3","status":"broken","statusDetails":"RuntimeError: Request to http://127.0.0.1:59980 usig method wakuext_fetchCommunity timed out after 10 seconds. Node: first_node","time":{"start":1730508277378,"stop":1730508331887,"duration":54509}},{"uid":"219b185c392ccc68","reportUrl":"https://status-im.github.io/status-cli-tests/261//#testresult/219b185c392ccc68","status":"failed","statusDetails":"AssertionError: Response does not contain 'result' key.","time":{"start":1730421830766,"stop":1730421886300,"duration":55534}},{"uid":"2560b23fb638b264","reportUrl":"https://status-im.github.io/status-cli-tests/260//#testresult/2560b23fb638b264","status":"failed","statusDetails":"AssertionError: Response does not contain 'result' key.","time":{"start":1730335249028,"stop":1730335304783,"duration":55755}},{"uid":"98591b22efccc3ab","reportUrl":"https://status-im.github.io/status-cli-tests/259//#testresult/98591b22efccc3ab","status":"failed","statusDetails":"AssertionError: Response does not contain 'result' key.","time":{"start":1730248865118,"stop":1730248925381,"duration":60263}},{"uid":"5bbdff6a663ec880","reportUrl":"https://status-im.github.io/status-cli-tests/258//#testresult/5bbdff6a663ec880","status":"failed","statusDetails":"AssertionError: Response does not contain 'result' key.","time":{"start":1730162342584,"stop":1730162398168,"duration":55584}},{"uid":"f7ae015e257c9fe3","reportUrl":"https://status-im.github.io/status-cli-tests/257//#testresult/f7ae015e257c9fe3","status":"failed","statusDetails":"AssertionError: Response does not contain 'result' key.","time":{"start":1730075847677,"stop":1730075901994,"duration":54317}},{"uid":"69996d8cf48f4844","reportUrl":"https://status-im.github.io/status-cli-tests/256//#testresult/69996d8cf48f4844","status":"failed","statusDetails":"AssertionError: Response does not contain 'result' key.","time":{"start":1729989476165,"stop":1729989530637,"duration":54472}},{"uid":"9776a4c832ad95d3","reportUrl":"https://status-im.github.io/status-cli-tests/255//#testresult/9776a4c832ad95d3","status":"failed","statusDetails":"AssertionError: Response does not contain 'result' key.","time":{"start":1729903049709,"stop":1729903107728,"duration":58019}},{"uid":"db7b108766b2484a","reportUrl":"https://status-im.github.io/status-cli-tests/254//#testresult/db7b108766b2484a","status":"failed","statusDetails":"AssertionError: Response does not contain 'result' key.","time":{"start":1729816708546,"stop":1729816761705,"duration":53159}},{"uid":"9a1d96d3bc5b0f28","reportUrl":"https://status-im.github.io/status-cli-tests/253//#testresult/9a1d96d3bc5b0f28","status":"failed","statusDetails":"AssertionError: Response does not contain 'result' key.","time":{"start":1729730283272,"stop":1729730335293,"duration":52021}},{"uid":"460170b64656236c","reportUrl":"https://status-im.github.io/status-cli-tests/252//#testresult/460170b64656236c","status":"failed","statusDetails":"AssertionError: Response does not contain 'result' key.","time":{"start":1729643773235,"stop":1729643824610,"duration":51375}},{"uid":"83cb66546a1c2270","reportUrl":"https://status-im.github.io/status-cli-tests/251//#testresult/83cb66546a1c2270","status":"failed","statusDetails":"AssertionError: Response does not contain 'result' key.","time":{"start":1729557447688,"stop":1729557498340,"duration":50652}},{"uid":"c7982244ab6041c","reportUrl":"https://status-im.github.io/status-cli-tests/250//#testresult/c7982244ab6041c","status":"failed","statusDetails":"AssertionError: Response does not contain 'result' key.","time":{"start":1729471015862,"stop":1729471066464,"duration":50602}},{"uid":"213d3cb5bf58e329","reportUrl":"https://status-im.github.io/status-cli-tests/249//#testresult/213d3cb5bf58e329","status":"failed","statusDetails":"AssertionError: Response does not contain 'result' key.","time":{"start":1729384686614,"stop":1729384737302,"duration":50688}},{"uid":"e7f45e148fb444ee","reportUrl":"https://status-im.github.io/status-cli-tests/248//#testresult/e7f45e148fb444ee","status":"passed","time":{"start":1729298064595,"stop":1729298104384,"duration":39789}},{"uid":"c2738ed35f1e42d8","reportUrl":"https://status-im.github.io/status-cli-tests/247//#testresult/c2738ed35f1e42d8","status":"passed","time":{"start":1729211841237,"stop":1729211884951,"duration":43714}},{"uid":"de728dab400ef857","reportUrl":"https://status-im.github.io/status-cli-tests/246//#testresult/de728dab400ef857","status":"passed","time":{"start":1729125321389,"stop":1729125361886,"duration":40497}},{"uid":"775ec3384d458948","reportUrl":"https://status-im.github.io/status-cli-tests/245//#testresult/775ec3384d458948","status":"passed","time":{"start":1729068289869,"stop":1729068329646,"duration":39777}},{"uid":"a93d848c5a3913b9","reportUrl":"https://status-im.github.io/status-cli-tests/244//#testresult/a93d848c5a3913b9","status":"passed","time":{"start":1729039339008,"stop":1729039380495,"duration":41487}}]},"tags":["@pytest.mark.usefixtures('start_1_node')"]},"source":"3ec7b5da77d7045.json","parameterValues":[]}