{"uid":"60a394be0f8683c5","name":"test_join_community_with_low_bandwith","fullName":"tests.test_join_community.TestJoinCommunity#test_join_community_with_low_bandwith","historyId":"acec66a9fe6a2fbcbf702c9ea545d881","time":{"start":1740357145937,"stop":1740357184271,"duration":38334},"status":"failed","statusMessage":"AssertionError: Response does not contain 'result' key.","statusTrace":"tests/test_join_community.py:65: in test_join_community_with_low_bandwith\n    self.test_join_community_baseline()\ntests/test_join_community.py:20: in test_join_community_baseline\n    response_to_join = self.first_node.request_to_join_community(community_id)\nsrc/node/status_node.py:197: in request_to_join_community\n    return self.api.send_rpc_request(\"wakuext_requestToJoinCommunity\", params)\n/opt/hostedtoolcache/Python/3.12.9/x64/lib/python3.12/site-packages/tenacity/__init__.py:289: in wrapped_f\n    return self(f, *args, **kw)\n/opt/hostedtoolcache/Python/3.12.9/x64/lib/python3.12/site-packages/tenacity/__init__.py:379: in __call__\n    do = self.iter(retry_state=retry_state)\n/opt/hostedtoolcache/Python/3.12.9/x64/lib/python3.12/site-packages/tenacity/__init__.py:325: in iter\n    raise retry_exc.reraise()\n/opt/hostedtoolcache/Python/3.12.9/x64/lib/python3.12/site-packages/tenacity/__init__.py:158: in reraise\n    raise self.last_attempt.result()\n/opt/hostedtoolcache/Python/3.12.9/x64/lib/python3.12/concurrent/futures/_base.py:449: in result\n    return self.__get_result()\n/opt/hostedtoolcache/Python/3.12.9/x64/lib/python3.12/concurrent/futures/_base.py:401: in __get_result\n    raise self._exception\n/opt/hostedtoolcache/Python/3.12.9/x64/lib/python3.12/site-packages/tenacity/__init__.py:382: in __call__\n    result = fn(*args, **kwargs)\nsrc/node/rpc_client.py:27: in send_rpc_request\n    assert \"result\" in response.json(), \"Response does not contain 'result' key.\"\nE   AssertionError: Response does not contain 'result' key.","flaky":true,"newFailed":false,"newBroken":false,"newPassed":false,"retriesCount":0,"retriesStatusChange":false,"beforeStages":[{"name":"set_allure_env_variables","time":{"start":1740356122021,"stop":1740356122021,"duration":0},"status":"passed","steps":[],"attachments":[],"parameters":[],"shouldDisplayMessage":false,"stepsCount":0,"attachmentsCount":0,"hasContent":false,"attachmentStep":false},{"name":"clear_open_nodes","time":{"start":1740357138023,"stop":1740357138023,"duration":0},"status":"passed","steps":[],"attachments":[],"parameters":[],"shouldDisplayMessage":false,"stepsCount":0,"attachmentsCount":0,"hasContent":false,"attachmentStep":false},{"name":"save_node_logs_on_fail","time":{"start":1740357138024,"stop":1740357138024,"duration":0},"status":"passed","steps":[],"attachments":[],"parameters":[],"shouldDisplayMessage":false,"stepsCount":0,"attachmentsCount":0,"hasContent":false,"attachmentStep":false},{"name":"start_1_node","time":{"start":1740357138024,"stop":1740357145936,"duration":7912},"status":"passed","steps":[],"attachments":[],"parameters":[],"shouldDisplayMessage":false,"stepsCount":0,"attachmentsCount":0,"hasContent":false,"attachmentStep":false}],"testStage":{"status":"failed","statusMessage":"AssertionError: Response does not contain 'result' key.","statusTrace":"tests/test_join_community.py:65: in test_join_community_with_low_bandwith\n    self.test_join_community_baseline()\ntests/test_join_community.py:20: in test_join_community_baseline\n    response_to_join = self.first_node.request_to_join_community(community_id)\nsrc/node/status_node.py:197: in request_to_join_community\n    return self.api.send_rpc_request(\"wakuext_requestToJoinCommunity\", params)\n/opt/hostedtoolcache/Python/3.12.9/x64/lib/python3.12/site-packages/tenacity/__init__.py:289: in wrapped_f\n    return self(f, *args, **kw)\n/opt/hostedtoolcache/Python/3.12.9/x64/lib/python3.12/site-packages/tenacity/__init__.py:379: in __call__\n    do = self.iter(retry_state=retry_state)\n/opt/hostedtoolcache/Python/3.12.9/x64/lib/python3.12/site-packages/tenacity/__init__.py:325: in iter\n    raise retry_exc.reraise()\n/opt/hostedtoolcache/Python/3.12.9/x64/lib/python3.12/site-packages/tenacity/__init__.py:158: in reraise\n    raise self.last_attempt.result()\n/opt/hostedtoolcache/Python/3.12.9/x64/lib/python3.12/concurrent/futures/_base.py:449: in result\n    return self.__get_result()\n/opt/hostedtoolcache/Python/3.12.9/x64/lib/python3.12/concurrent/futures/_base.py:401: in __get_result\n    raise self._exception\n/opt/hostedtoolcache/Python/3.12.9/x64/lib/python3.12/site-packages/tenacity/__init__.py:382: in __call__\n    result = fn(*args, **kwargs)\nsrc/node/rpc_client.py:27: in send_rpc_request\n    assert \"result\" in response.json(), \"Response does not contain 'result' key.\"\nE   AssertionError: Response does not contain 'result' key.","steps":[],"attachments":[{"uid":"3db5c0c6866e01bf","name":"log","source":"3db5c0c6866e01bf.txt","type":"text/plain","size":153685}],"parameters":[],"shouldDisplayMessage":true,"stepsCount":0,"attachmentsCount":1,"hasContent":true,"attachmentStep":false},"afterStages":[{"name":"save_node_logs_on_fail::0","time":{"start":1740357184319,"stop":1740357184321,"duration":2},"status":"passed","steps":[],"attachments":[],"parameters":[],"shouldDisplayMessage":false,"stepsCount":0,"attachmentsCount":0,"hasContent":false,"attachmentStep":false},{"name":"clear_open_nodes::0","time":{"start":1740357184321,"stop":1740357184451,"duration":130},"status":"passed","steps":[],"attachments":[],"parameters":[],"shouldDisplayMessage":false,"stepsCount":0,"attachmentsCount":0,"hasContent":false,"attachmentStep":false},{"name":"set_allure_env_variables::0","time":{"start":1740357636273,"stop":1740357636274,"duration":1},"status":"passed","steps":[],"attachments":[],"parameters":[],"shouldDisplayMessage":false,"stepsCount":0,"attachmentsCount":0,"hasContent":false,"attachmentStep":false}],"labels":[{"name":"tag","value":"@pytest.mark.usefixtures('start_1_node')"},{"name":"parentSuite","value":"tests"},{"name":"suite","value":"test_join_community"},{"name":"subSuite","value":"TestJoinCommunity"},{"name":"host","value":"fv-az1939-440"},{"name":"thread","value":"50826-MainThread"},{"name":"framework","value":"pytest"},{"name":"language","value":"cpython3"},{"name":"package","value":"tests.test_join_community"},{"name":"resultFormat","value":"allure2"}],"parameters":[],"links":[],"hidden":false,"retry":false,"extra":{"severity":"normal","retries":[],"categories":[{"name":"Product defects","matchedStatuses":[],"flaky":false}],"history":{"statistic":{"failed":88,"broken":9,"skipped":0,"passed":42,"unknown":0,"total":139},"items":[{"uid":"5f7113dadcb0c8c5","reportUrl":"https://status-im.github.io/status-cli-tests/377//#testresult/5f7113dadcb0c8c5","status":"failed","statusDetails":"AssertionError: Response does not contain 'result' key.","time":{"start":1740270842954,"stop":1740270881212,"duration":38258}},{"uid":"8cb6b4d76d008212","reportUrl":"https://status-im.github.io/status-cli-tests/376//#testresult/8cb6b4d76d008212","status":"broken","statusDetails":"RuntimeError: Request to http://127.0.0.1:61115 usig method wakuext_fetchCommunity timed out after 10 seconds. Node: first_node","time":{"start":1740184570933,"stop":1740184625386,"duration":54453}},{"uid":"34b972994fb275e7","reportUrl":"https://status-im.github.io/status-cli-tests/375//#testresult/34b972994fb275e7","status":"passed","time":{"start":1740097930199,"stop":1740097974411,"duration":44212}},{"uid":"aea21debaede86fa","reportUrl":"https://status-im.github.io/status-cli-tests/374//#testresult/aea21debaede86fa","status":"failed","statusDetails":"AssertionError: Response does not contain 'result' key.","time":{"start":1740011526416,"stop":1740011564641,"duration":38225}},{"uid":"58d7c5048b62b91","reportUrl":"https://status-im.github.io/status-cli-tests/373//#testresult/58d7c5048b62b91","status":"failed","statusDetails":"AssertionError: Response does not contain 'result' key.","time":{"start":1739924937513,"stop":1739924978565,"duration":41052}},{"uid":"7d39f3b5ce0126f3","reportUrl":"https://status-im.github.io/status-cli-tests/372//#testresult/7d39f3b5ce0126f3","status":"failed","statusDetails":"AssertionError: Response does not contain 'result' key.","time":{"start":1739838732113,"stop":1739838770668,"duration":38555}},{"uid":"e49cdca127224b8f","reportUrl":"https://status-im.github.io/status-cli-tests/371//#testresult/e49cdca127224b8f","status":"failed","statusDetails":"AssertionError: Response does not contain 'result' key.","time":{"start":1739752498353,"stop":1739752536653,"duration":38300}},{"uid":"2c52397c7818695a","reportUrl":"https://status-im.github.io/status-cli-tests/370//#testresult/2c52397c7818695a","status":"failed","statusDetails":"AssertionError: Response does not contain 'result' key.","time":{"start":1739666118273,"stop":1739666158097,"duration":39824}},{"uid":"f59ba12c42cd190e","reportUrl":"https://status-im.github.io/status-cli-tests/369//#testresult/f59ba12c42cd190e","status":"failed","statusDetails":"AssertionError: Response does not contain 'result' key.","time":{"start":1739579567384,"stop":1739579605592,"duration":38208}},{"uid":"88ba2964c58aa29d","reportUrl":"https://status-im.github.io/status-cli-tests/368//#testresult/88ba2964c58aa29d","status":"failed","statusDetails":"AssertionError: Response does not contain 'result' key.","time":{"start":1739493198487,"stop":1739493236683,"duration":38196}},{"uid":"dfd5864dacdcd64e","reportUrl":"https://status-im.github.io/status-cli-tests/367//#testresult/dfd5864dacdcd64e","status":"passed","time":{"start":1739406792886,"stop":1739406833453,"duration":40567}},{"uid":"da61df2e946f5b59","reportUrl":"https://status-im.github.io/status-cli-tests/366//#testresult/da61df2e946f5b59","status":"failed","statusDetails":"AssertionError: Response does not contain 'result' key.","time":{"start":1739320463804,"stop":1739320506296,"duration":42492}},{"uid":"e7c8f13916dec9f5","reportUrl":"https://status-im.github.io/status-cli-tests/365//#testresult/e7c8f13916dec9f5","status":"failed","statusDetails":"AssertionError: Response does not contain 'result' key.","time":{"start":1739233970994,"stop":1739234010804,"duration":39810}},{"uid":"444e80b31fc24785","reportUrl":"https://status-im.github.io/status-cli-tests/364//#testresult/444e80b31fc24785","status":"failed","statusDetails":"AssertionError: Response does not contain 'result' key.","time":{"start":1739147590045,"stop":1739147630231,"duration":40186}},{"uid":"3408184b93f4ec8a","reportUrl":"https://status-im.github.io/status-cli-tests/363//#testresult/3408184b93f4ec8a","status":"failed","statusDetails":"AssertionError: Response does not contain 'result' key.","time":{"start":1739061299027,"stop":1739061347038,"duration":48011}},{"uid":"8c2998c051de6eea","reportUrl":"https://status-im.github.io/status-cli-tests/362//#testresult/8c2998c051de6eea","status":"failed","statusDetails":"AssertionError: Response does not contain 'result' key.","time":{"start":1738974957085,"stop":1738975000369,"duration":43284}},{"uid":"48e4987a40dd5bb5","reportUrl":"https://status-im.github.io/status-cli-tests/361//#testresult/48e4987a40dd5bb5","status":"failed","statusDetails":"AssertionError: Response does not contain 'result' key.","time":{"start":1738888577038,"stop":1738888617263,"duration":40225}},{"uid":"a2b7626d65ef15","reportUrl":"https://status-im.github.io/status-cli-tests/360//#testresult/a2b7626d65ef15","status":"failed","statusDetails":"AssertionError: Response does not contain 'result' key.","time":{"start":1738802173673,"stop":1738802214868,"duration":41195}},{"uid":"d541d0091cd79597","reportUrl":"https://status-im.github.io/status-cli-tests/359//#testresult/d541d0091cd79597","status":"failed","statusDetails":"AssertionError: Response does not contain 'result' key.","time":{"start":1738715654972,"stop":1738715704527,"duration":49555}},{"uid":"6d712dd9fc345baa","reportUrl":"https://status-im.github.io/status-cli-tests/358//#testresult/6d712dd9fc345baa","status":"passed","time":{"start":1738629391515,"stop":1738629434998,"duration":43483}}]},"tags":["@pytest.mark.usefixtures('start_1_node')"]},"source":"60a394be0f8683c5.json","parameterValues":[]}