{"uid":"3e04b8f8413c30fa","name":"test_join_community_with_latency","fullName":"tests.test_join_community.TestJoinCommunity#test_join_community_with_latency","historyId":"c03b8c5d33abbf92b5cd45f8a8de165b","time":{"start":1727085833215,"stop":1727085903403,"duration":70188},"status":"failed","statusMessage":"AssertionError: Response does not contain 'result' key.","statusTrace":"tests/test_join_community.py:55: in test_join_community_with_latency\n    self.test_join_community_baseline()\ntests/test_join_community.py:33: in test_join_community_baseline\n    response_accept_to_join = status_node.accept_request_to_join_community(request_to_join_id)\nsrc/node/status_node.py:184: in accept_request_to_join_community\n    return self.api.send_rpc_request(\"wakuext_acceptRequestToJoinCommunity\", params)\n/opt/hostedtoolcache/Python/3.12.6/x64/lib/python3.12/site-packages/tenacity/__init__.py:289: in wrapped_f\n    return self(f, *args, **kw)\n/opt/hostedtoolcache/Python/3.12.6/x64/lib/python3.12/site-packages/tenacity/__init__.py:379: in __call__\n    do = self.iter(retry_state=retry_state)\n/opt/hostedtoolcache/Python/3.12.6/x64/lib/python3.12/site-packages/tenacity/__init__.py:325: in iter\n    raise retry_exc.reraise()\n/opt/hostedtoolcache/Python/3.12.6/x64/lib/python3.12/site-packages/tenacity/__init__.py:158: in reraise\n    raise self.last_attempt.result()\n/opt/hostedtoolcache/Python/3.12.6/x64/lib/python3.12/concurrent/futures/_base.py:449: in result\n    return self.__get_result()\n/opt/hostedtoolcache/Python/3.12.6/x64/lib/python3.12/concurrent/futures/_base.py:401: in __get_result\n    raise self._exception\n/opt/hostedtoolcache/Python/3.12.6/x64/lib/python3.12/site-packages/tenacity/__init__.py:382: in __call__\n    result = fn(*args, **kwargs)\nsrc/node/rpc_client.py:27: in send_rpc_request\n    assert \"result\" in response.json(), \"Response does not contain 'result' key.\"\nE   AssertionError: Response does not contain 'result' key.","flaky":false,"newFailed":false,"newBroken":false,"newPassed":false,"retriesCount":0,"retriesStatusChange":false,"beforeStages":[{"name":"set_allure_env_variables","time":{"start":1727084443591,"stop":1727084443591,"duration":0},"status":"passed","steps":[],"attachments":[],"parameters":[],"shouldDisplayMessage":false,"stepsCount":0,"attachmentsCount":0,"hasContent":false,"attachmentStep":false},{"name":"start_1_node","time":{"start":1727085825405,"stop":1727085833214,"duration":7809},"status":"passed","steps":[],"attachments":[],"parameters":[],"shouldDisplayMessage":false,"stepsCount":0,"attachmentsCount":0,"hasContent":false,"attachmentStep":false},{"name":"clear_open_nodes","time":{"start":1727085825405,"stop":1727085825405,"duration":0},"status":"passed","steps":[],"attachments":[],"parameters":[],"shouldDisplayMessage":false,"stepsCount":0,"attachmentsCount":0,"hasContent":false,"attachmentStep":false},{"name":"save_node_logs_on_fail","time":{"start":1727085825405,"stop":1727085825405,"duration":0},"status":"passed","steps":[],"attachments":[],"parameters":[],"shouldDisplayMessage":false,"stepsCount":0,"attachmentsCount":0,"hasContent":false,"attachmentStep":false}],"testStage":{"status":"failed","statusMessage":"AssertionError: Response does not contain 'result' key.","statusTrace":"tests/test_join_community.py:55: in test_join_community_with_latency\n    self.test_join_community_baseline()\ntests/test_join_community.py:33: in test_join_community_baseline\n    response_accept_to_join = status_node.accept_request_to_join_community(request_to_join_id)\nsrc/node/status_node.py:184: in accept_request_to_join_community\n    return self.api.send_rpc_request(\"wakuext_acceptRequestToJoinCommunity\", params)\n/opt/hostedtoolcache/Python/3.12.6/x64/lib/python3.12/site-packages/tenacity/__init__.py:289: in wrapped_f\n    return self(f, *args, **kw)\n/opt/hostedtoolcache/Python/3.12.6/x64/lib/python3.12/site-packages/tenacity/__init__.py:379: in __call__\n    do = self.iter(retry_state=retry_state)\n/opt/hostedtoolcache/Python/3.12.6/x64/lib/python3.12/site-packages/tenacity/__init__.py:325: in iter\n    raise retry_exc.reraise()\n/opt/hostedtoolcache/Python/3.12.6/x64/lib/python3.12/site-packages/tenacity/__init__.py:158: in reraise\n    raise self.last_attempt.result()\n/opt/hostedtoolcache/Python/3.12.6/x64/lib/python3.12/concurrent/futures/_base.py:449: in result\n    return self.__get_result()\n/opt/hostedtoolcache/Python/3.12.6/x64/lib/python3.12/concurrent/futures/_base.py:401: in __get_result\n    raise self._exception\n/opt/hostedtoolcache/Python/3.12.6/x64/lib/python3.12/site-packages/tenacity/__init__.py:382: in __call__\n    result = fn(*args, **kwargs)\nsrc/node/rpc_client.py:27: in send_rpc_request\n    assert \"result\" in response.json(), \"Response does not contain 'result' key.\"\nE   AssertionError: Response does not contain 'result' key.","steps":[],"attachments":[{"uid":"9f3ab67c40c9bb18","name":"log","source":"9f3ab67c40c9bb18.txt","type":"text/plain","size":400726}],"parameters":[],"shouldDisplayMessage":true,"stepsCount":0,"attachmentsCount":1,"hasContent":true,"attachmentStep":false},"afterStages":[{"name":"save_node_logs_on_fail::0","time":{"start":1727085903453,"stop":1727085903456,"duration":3},"status":"passed","steps":[],"attachments":[],"parameters":[],"shouldDisplayMessage":false,"stepsCount":0,"attachmentsCount":0,"hasContent":false,"attachmentStep":false},{"name":"clear_open_nodes::0","time":{"start":1727085903456,"stop":1727085903575,"duration":119},"status":"passed","steps":[],"attachments":[],"parameters":[],"shouldDisplayMessage":false,"stepsCount":0,"attachmentsCount":0,"hasContent":false,"attachmentStep":false},{"name":"set_allure_env_variables::0","time":{"start":1727086797523,"stop":1727086797523,"duration":0},"status":"passed","steps":[],"attachments":[],"parameters":[],"shouldDisplayMessage":false,"stepsCount":0,"attachmentsCount":0,"hasContent":false,"attachmentStep":false}],"labels":[{"name":"tag","value":"@pytest.mark.usefixtures('start_1_node')"},{"name":"parentSuite","value":"tests"},{"name":"suite","value":"test_join_community"},{"name":"subSuite","value":"TestJoinCommunity"},{"name":"host","value":"fv-az1208-590"},{"name":"thread","value":"10031-MainThread"},{"name":"framework","value":"pytest"},{"name":"language","value":"cpython3"},{"name":"package","value":"tests.test_join_community"},{"name":"resultFormat","value":"allure2"}],"parameters":[],"links":[],"hidden":false,"retry":false,"extra":{"severity":"normal","retries":[],"categories":[{"name":"Product defects","matchedStatuses":[],"flaky":false}],"history":{"statistic":{"failed":32,"broken":27,"skipped":0,"passed":21,"unknown":0,"total":80},"items":[{"uid":"966d553b41b12c56","reportUrl":"https://status-im.github.io/status-cli-tests/212//#testresult/966d553b41b12c56","status":"failed","statusDetails":"AssertionError: Response does not contain 'result' key.","time":{"start":1727079655931,"stop":1727079755113,"duration":99182}},{"uid":"b24cd6c073f25c57","reportUrl":"https://status-im.github.io/status-cli-tests/211//#testresult/b24cd6c073f25c57","status":"passed","time":{"start":1727051385537,"stop":1727051443142,"duration":57605}},{"uid":"6d1e8489dc735c54","reportUrl":"https://status-im.github.io/status-cli-tests/210//#testresult/6d1e8489dc735c54","status":"passed","time":{"start":1726964981905,"stop":1726965062191,"duration":80286}},{"uid":"b88e7bce30afcf35","reportUrl":"https://status-im.github.io/status-cli-tests/209//#testresult/b88e7bce30afcf35","status":"passed","time":{"start":1726878560804,"stop":1726878639565,"duration":78761}},{"uid":"34792852540012d0","reportUrl":"https://status-im.github.io/status-cli-tests/208//#testresult/34792852540012d0","status":"passed","time":{"start":1726792175079,"stop":1726792235681,"duration":60602}},{"uid":"826723d918e18821","reportUrl":"https://status-im.github.io/status-cli-tests/207//#testresult/826723d918e18821","status":"passed","time":{"start":1726705818017,"stop":1726705878623,"duration":60606}},{"uid":"198817d40776cbd7","reportUrl":"https://status-im.github.io/status-cli-tests/206//#testresult/198817d40776cbd7","status":"failed","statusDetails":"AssertionError: Response does not contain 'result' key.","time":{"start":1726619410689,"stop":1726619447983,"duration":37294}},{"uid":"b867d74e7bb0a96c","reportUrl":"https://status-im.github.io/status-cli-tests/205//#testresult/b867d74e7bb0a96c","status":"passed","time":{"start":1726553130995,"stop":1726553201953,"duration":70958}},{"uid":"e60760d523c4a8a7","reportUrl":"https://status-im.github.io/status-cli-tests/204//#testresult/e60760d523c4a8a7","status":"failed","statusDetails":"AssertionError: Response does not contain 'result' key.","time":{"start":1726533014242,"stop":1726533051071,"duration":36829}},{"uid":"734602536261961a","reportUrl":"https://status-im.github.io/status-cli-tests/203//#testresult/734602536261961a","status":"failed","statusDetails":"AssertionError: Response does not contain 'result' key.","time":{"start":1726446640916,"stop":1726446678370,"duration":37454}},{"uid":"64c081d53025dbd4","reportUrl":"https://status-im.github.io/status-cli-tests/202//#testresult/64c081d53025dbd4","status":"failed","statusDetails":"AssertionError: Response does not contain 'result' key.","time":{"start":1726360221899,"stop":1726360258599,"duration":36700}},{"uid":"833363931f9d9d52","reportUrl":"https://status-im.github.io/status-cli-tests/201//#testresult/833363931f9d9d52","status":"failed","statusDetails":"AssertionError: Response does not contain 'result' key.","time":{"start":1726273783607,"stop":1726273832441,"duration":48834}},{"uid":"5bf9f91d6b45675a","reportUrl":"https://status-im.github.io/status-cli-tests/200//#testresult/5bf9f91d6b45675a","status":"failed","statusDetails":"AssertionError: Response does not contain 'result' key.","time":{"start":1726187373442,"stop":1726187410117,"duration":36675}},{"uid":"600993322bf36cb","reportUrl":"https://status-im.github.io/status-cli-tests/199//#testresult/600993322bf36cb","status":"failed","statusDetails":"AssertionError: Response does not contain 'result' key.","time":{"start":1726101030878,"stop":1726101106078,"duration":75200}},{"uid":"88e18a43e7918db9","reportUrl":"https://status-im.github.io/status-cli-tests/198//#testresult/88e18a43e7918db9","status":"failed","statusDetails":"AssertionError: Response does not contain 'result' key.","time":{"start":1726067649101,"stop":1726067726303,"duration":77202}},{"uid":"35d90f8ce98290b5","reportUrl":"https://status-im.github.io/status-cli-tests/197//#testresult/35d90f8ce98290b5","status":"broken","statusDetails":"RuntimeError: Request to http://127.0.0.1:10594 usig method wakuext_fetchCommunity timed out after 10 seconds. Node: first_node","time":{"start":1726050365100,"stop":1726050453822,"duration":88722}},{"uid":"ebcb2e2cfb546b73","reportUrl":"https://status-im.github.io/status-cli-tests/196//#testresult/ebcb2e2cfb546b73","status":"passed","time":{"start":1726015042027,"stop":1726015103400,"duration":61373}},{"uid":"69ec00679523ce33","reportUrl":"https://status-im.github.io/status-cli-tests/195//#testresult/69ec00679523ce33","status":"failed","statusDetails":"AssertionError","time":{"start":1725928778999,"stop":1725928853705,"duration":74706}},{"uid":"859c2fca9fad1971","reportUrl":"https://status-im.github.io/status-cli-tests/194//#testresult/859c2fca9fad1971","status":"broken","statusDetails":"requests.exceptions.ReadTimeout: HTTPConnectionPool(host='127.0.0.1', port=47935): Read timed out. (read timeout=10)","time":{"start":1725842176561,"stop":1725842243740,"duration":67179}},{"uid":"6a6542dc4a07ff28","reportUrl":"https://status-im.github.io/status-cli-tests/193//#testresult/6a6542dc4a07ff28","status":"broken","statusDetails":"requests.exceptions.ReadTimeout: HTTPConnectionPool(host='127.0.0.1', port=51382): Read timed out. (read timeout=10)","time":{"start":1725756032154,"stop":1725756089678,"duration":57524}}]},"tags":["@pytest.mark.usefixtures('start_1_node')"]},"source":"3e04b8f8413c30fa.json","parameterValues":[]}