{"uid":"b940f5c7bb732746","name":"test_community_messages_with_node_pause_30_seconds","fullName":"tests.test_community_messages.TestCommunityMessages#test_community_messages_with_node_pause_30_seconds","historyId":"6b2d6dc00da0a51e504a132375754954","time":{"start":1729067492621,"stop":1729067523073,"duration":30452},"status":"failed","statusMessage":"AssertionError: Response does not contain 'result' key.","statusTrace":"tests/test_community_messages.py:91: in test_community_messages_with_node_pause_30_seconds\n    self.first_node.send_community_chat_message(message_chat_id, message)\nsrc/node/status_node.py:205: in send_community_chat_message\n    return self.api.send_rpc_request(\"wakuext_sendChatMessage\", params)\n/opt/hostedtoolcache/Python/3.12.7/x64/lib/python3.12/site-packages/tenacity/__init__.py:289: in wrapped_f\n    return self(f, *args, **kw)\n/opt/hostedtoolcache/Python/3.12.7/x64/lib/python3.12/site-packages/tenacity/__init__.py:379: in __call__\n    do = self.iter(retry_state=retry_state)\n/opt/hostedtoolcache/Python/3.12.7/x64/lib/python3.12/site-packages/tenacity/__init__.py:325: in iter\n    raise retry_exc.reraise()\n/opt/hostedtoolcache/Python/3.12.7/x64/lib/python3.12/site-packages/tenacity/__init__.py:158: in reraise\n    raise self.last_attempt.result()\n/opt/hostedtoolcache/Python/3.12.7/x64/lib/python3.12/concurrent/futures/_base.py:449: in result\n    return self.__get_result()\n/opt/hostedtoolcache/Python/3.12.7/x64/lib/python3.12/concurrent/futures/_base.py:401: in __get_result\n    raise self._exception\n/opt/hostedtoolcache/Python/3.12.7/x64/lib/python3.12/site-packages/tenacity/__init__.py:382: in __call__\n    result = fn(*args, **kwargs)\nsrc/node/rpc_client.py:27: in send_rpc_request\n    assert \"result\" in response.json(), \"Response does not contain 'result' key.\"\nE   AssertionError: Response does not contain 'result' key.","flaky":true,"newFailed":false,"newBroken":false,"newPassed":false,"retriesCount":2,"retriesStatusChange":false,"beforeStages":[{"name":"set_allure_env_variables","time":{"start":1729067170364,"stop":1729067170364,"duration":0},"status":"passed","steps":[],"attachments":[],"parameters":[],"shouldDisplayMessage":false,"stepsCount":0,"attachmentsCount":0,"hasContent":false,"attachmentStep":false},{"name":"clear_open_nodes","time":{"start":1729067484810,"stop":1729067484810,"duration":0},"status":"passed","steps":[],"attachments":[],"parameters":[],"shouldDisplayMessage":false,"stepsCount":0,"attachmentsCount":0,"hasContent":false,"attachmentStep":false},{"name":"start_1_node","time":{"start":1729067484811,"stop":1729067492620,"duration":7809},"status":"passed","steps":[],"attachments":[],"parameters":[],"shouldDisplayMessage":false,"stepsCount":0,"attachmentsCount":0,"hasContent":false,"attachmentStep":false},{"name":"save_node_logs_on_fail","time":{"start":1729067484811,"stop":1729067484811,"duration":0},"status":"passed","steps":[],"attachments":[],"parameters":[],"shouldDisplayMessage":false,"stepsCount":0,"attachmentsCount":0,"hasContent":false,"attachmentStep":false}],"testStage":{"status":"failed","statusMessage":"AssertionError: Response does not contain 'result' key.","statusTrace":"tests/test_community_messages.py:91: in test_community_messages_with_node_pause_30_seconds\n    self.first_node.send_community_chat_message(message_chat_id, message)\nsrc/node/status_node.py:205: in send_community_chat_message\n    return self.api.send_rpc_request(\"wakuext_sendChatMessage\", params)\n/opt/hostedtoolcache/Python/3.12.7/x64/lib/python3.12/site-packages/tenacity/__init__.py:289: in wrapped_f\n    return self(f, *args, **kw)\n/opt/hostedtoolcache/Python/3.12.7/x64/lib/python3.12/site-packages/tenacity/__init__.py:379: in __call__\n    do = self.iter(retry_state=retry_state)\n/opt/hostedtoolcache/Python/3.12.7/x64/lib/python3.12/site-packages/tenacity/__init__.py:325: in iter\n    raise retry_exc.reraise()\n/opt/hostedtoolcache/Python/3.12.7/x64/lib/python3.12/site-packages/tenacity/__init__.py:158: in reraise\n    raise self.last_attempt.result()\n/opt/hostedtoolcache/Python/3.12.7/x64/lib/python3.12/concurrent/futures/_base.py:449: in result\n    return self.__get_result()\n/opt/hostedtoolcache/Python/3.12.7/x64/lib/python3.12/concurrent/futures/_base.py:401: in __get_result\n    raise self._exception\n/opt/hostedtoolcache/Python/3.12.7/x64/lib/python3.12/site-packages/tenacity/__init__.py:382: in __call__\n    result = fn(*args, **kwargs)\nsrc/node/rpc_client.py:27: in send_rpc_request\n    assert \"result\" in response.json(), \"Response does not contain 'result' key.\"\nE   AssertionError: Response does not contain 'result' key.","steps":[],"attachments":[{"uid":"fbc17a8eb2378670","name":"log","source":"fbc17a8eb2378670.txt","type":"text/plain","size":242300}],"parameters":[],"shouldDisplayMessage":true,"stepsCount":0,"attachmentsCount":1,"hasContent":true,"attachmentStep":false},"afterStages":[{"name":"save_node_logs_on_fail::0","time":{"start":1729067523110,"stop":1729067523114,"duration":4},"status":"passed","steps":[],"attachments":[],"parameters":[],"shouldDisplayMessage":false,"stepsCount":0,"attachmentsCount":0,"hasContent":false,"attachmentStep":false},{"name":"clear_open_nodes::0","time":{"start":1729067523114,"stop":1729067523137,"duration":23},"status":"passed","steps":[],"attachments":[],"parameters":[],"shouldDisplayMessage":false,"stepsCount":0,"attachmentsCount":0,"hasContent":false,"attachmentStep":false},{"name":"set_allure_env_variables::0","time":{"start":1729068888302,"stop":1729068888302,"duration":0},"status":"passed","steps":[],"attachments":[],"parameters":[],"shouldDisplayMessage":false,"stepsCount":0,"attachmentsCount":0,"hasContent":false,"attachmentStep":false}],"labels":[{"name":"tag","value":"flaky(reruns=2)"},{"name":"tag","value":"@pytest.mark.usefixtures('start_1_node')"},{"name":"parentSuite","value":"tests"},{"name":"suite","value":"test_community_messages"},{"name":"subSuite","value":"TestCommunityMessages"},{"name":"host","value":"fv-az1720-957"},{"name":"thread","value":"76409-MainThread"},{"name":"framework","value":"pytest"},{"name":"language","value":"cpython3"},{"name":"package","value":"tests.test_community_messages"},{"name":"resultFormat","value":"allure2"}],"parameters":[],"links":[],"hidden":false,"retry":false,"extra":{"severity":"normal","retries":[{"uid":"59246a2c3c8f9673","status":"failed","statusDetails":"AssertionError: Response does not contain 'result' key.","time":{"start":1729067453818,"stop":1729067484746,"duration":30928}},{"uid":"898489536bdfe231","status":"failed","statusDetails":"AssertionError: Response does not contain 'result' key.","time":{"start":1729067415494,"stop":1729067445943,"duration":30449}}],"categories":[{"name":"Product defects","matchedStatuses":[],"flaky":false}],"history":{"statistic":{"failed":4,"broken":0,"skipped":0,"passed":3,"unknown":0,"total":7},"items":[{"uid":"80dfc9b84698fe86","reportUrl":"https://status-im.github.io/status-cli-tests/244//#testresult/80dfc9b84698fe86","status":"failed","statusDetails":"AssertionError: Response does not contain 'result' key.","time":{"start":1729038237804,"stop":1729038274676,"duration":36872}},{"uid":"b5f27c8875745dea","reportUrl":"https://status-im.github.io/status-cli-tests/243//#testresult/b5f27c8875745dea","status":"failed","statusDetails":"AssertionError: Response does not contain 'result' key.","time":{"start":1729005740922,"stop":1729005771426,"duration":30504}},{"uid":"8035b07413381757","reportUrl":"https://status-im.github.io/status-cli-tests/242//#testresult/8035b07413381757","status":"passed","time":{"start":1729003075740,"stop":1729003133877,"duration":58137}},{"uid":"c54c9bed30a1c430","reportUrl":"https://status-im.github.io/status-cli-tests/241//#testresult/c54c9bed30a1c430","status":"failed","statusDetails":"AssertionError: Response does not contain 'result' key.","time":{"start":1728989345475,"stop":1728989375931,"duration":30456}},{"uid":"b66b12a16642f55e","reportUrl":"https://status-im.github.io/status-cli-tests/240//#testresult/b66b12a16642f55e","status":"passed","time":{"start":1728951719821,"stop":1728951770285,"duration":50464}},{"uid":"42b1862353344a36","reportUrl":"https://status-im.github.io/status-cli-tests/239//#testresult/42b1862353344a36","status":"passed","time":{"start":1728888051215,"stop":1728888110245,"duration":59030}}]},"tags":["@pytest.mark.usefixtures('start_1_node')","flaky(reruns=2)"]},"source":"b940f5c7bb732746.json","parameterValues":[]}