{"uid":"6085bd4e2361577a","name":"test_join_community_with_latency","fullName":"tests.test_join_community.TestJoinCommunity#test_join_community_with_latency","historyId":"c03b8c5d33abbf92b5cd45f8a8de165b","time":{"start":1730853299738,"stop":1730853387762,"duration":88024},"status":"failed","statusMessage":"AssertionError: Response does not contain 'result' key.","statusTrace":"tests/test_join_community.py:55: in test_join_community_with_latency\n    self.test_join_community_baseline()\ntests/test_join_community.py:33: in test_join_community_baseline\n    response_accept_to_join = status_node.accept_request_to_join_community(request_to_join_id)\nsrc/node/status_node.py:201: in accept_request_to_join_community\n    return self.api.send_rpc_request(\"wakuext_acceptRequestToJoinCommunity\", params)\n/opt/hostedtoolcache/Python/3.12.7/x64/lib/python3.12/site-packages/tenacity/__init__.py:289: in wrapped_f\n    return self(f, *args, **kw)\n/opt/hostedtoolcache/Python/3.12.7/x64/lib/python3.12/site-packages/tenacity/__init__.py:379: in __call__\n    do = self.iter(retry_state=retry_state)\n/opt/hostedtoolcache/Python/3.12.7/x64/lib/python3.12/site-packages/tenacity/__init__.py:325: in iter\n    raise retry_exc.reraise()\n/opt/hostedtoolcache/Python/3.12.7/x64/lib/python3.12/site-packages/tenacity/__init__.py:158: in reraise\n    raise self.last_attempt.result()\n/opt/hostedtoolcache/Python/3.12.7/x64/lib/python3.12/concurrent/futures/_base.py:449: in result\n    return self.__get_result()\n/opt/hostedtoolcache/Python/3.12.7/x64/lib/python3.12/concurrent/futures/_base.py:401: in __get_result\n    raise self._exception\n/opt/hostedtoolcache/Python/3.12.7/x64/lib/python3.12/site-packages/tenacity/__init__.py:382: in __call__\n    result = fn(*args, **kwargs)\nsrc/node/rpc_client.py:27: in send_rpc_request\n    assert \"result\" in response.json(), \"Response does not contain 'result' key.\"\nE   AssertionError: Response does not contain 'result' key.","flaky":false,"newFailed":true,"newBroken":false,"newPassed":false,"retriesCount":0,"retriesStatusChange":false,"beforeStages":[{"name":"set_allure_env_variables","time":{"start":1730852171526,"stop":1730852171526,"duration":0},"status":"passed","steps":[],"attachments":[],"parameters":[],"shouldDisplayMessage":false,"stepsCount":0,"attachmentsCount":0,"hasContent":false,"attachmentStep":false},{"name":"save_node_logs_on_fail","time":{"start":1730853292026,"stop":1730853292026,"duration":0},"status":"passed","steps":[],"attachments":[],"parameters":[],"shouldDisplayMessage":false,"stepsCount":0,"attachmentsCount":0,"hasContent":false,"attachmentStep":false},{"name":"clear_open_nodes","time":{"start":1730853292026,"stop":1730853292026,"duration":0},"status":"passed","steps":[],"attachments":[],"parameters":[],"shouldDisplayMessage":false,"stepsCount":0,"attachmentsCount":0,"hasContent":false,"attachmentStep":false},{"name":"start_1_node","time":{"start":1730853292026,"stop":1730853299738,"duration":7712},"status":"passed","steps":[],"attachments":[],"parameters":[],"shouldDisplayMessage":false,"stepsCount":0,"attachmentsCount":0,"hasContent":false,"attachmentStep":false}],"testStage":{"status":"failed","statusMessage":"AssertionError: Response does not contain 'result' key.","statusTrace":"tests/test_join_community.py:55: in test_join_community_with_latency\n    self.test_join_community_baseline()\ntests/test_join_community.py:33: in test_join_community_baseline\n    response_accept_to_join = status_node.accept_request_to_join_community(request_to_join_id)\nsrc/node/status_node.py:201: in accept_request_to_join_community\n    return self.api.send_rpc_request(\"wakuext_acceptRequestToJoinCommunity\", params)\n/opt/hostedtoolcache/Python/3.12.7/x64/lib/python3.12/site-packages/tenacity/__init__.py:289: in wrapped_f\n    return self(f, *args, **kw)\n/opt/hostedtoolcache/Python/3.12.7/x64/lib/python3.12/site-packages/tenacity/__init__.py:379: in __call__\n    do = self.iter(retry_state=retry_state)\n/opt/hostedtoolcache/Python/3.12.7/x64/lib/python3.12/site-packages/tenacity/__init__.py:325: in iter\n    raise retry_exc.reraise()\n/opt/hostedtoolcache/Python/3.12.7/x64/lib/python3.12/site-packages/tenacity/__init__.py:158: in reraise\n    raise self.last_attempt.result()\n/opt/hostedtoolcache/Python/3.12.7/x64/lib/python3.12/concurrent/futures/_base.py:449: in result\n    return self.__get_result()\n/opt/hostedtoolcache/Python/3.12.7/x64/lib/python3.12/concurrent/futures/_base.py:401: in __get_result\n    raise self._exception\n/opt/hostedtoolcache/Python/3.12.7/x64/lib/python3.12/site-packages/tenacity/__init__.py:382: in __call__\n    result = fn(*args, **kwargs)\nsrc/node/rpc_client.py:27: in send_rpc_request\n    assert \"result\" in response.json(), \"Response does not contain 'result' key.\"\nE   AssertionError: Response does not contain 'result' key.","steps":[],"attachments":[{"uid":"47c52f31613062bd","name":"log","source":"47c52f31613062bd.txt","type":"text/plain","size":189964}],"parameters":[],"shouldDisplayMessage":true,"stepsCount":0,"attachmentsCount":1,"hasContent":true,"attachmentStep":false},"afterStages":[{"name":"save_node_logs_on_fail::0","time":{"start":1730853387813,"stop":1730853387815,"duration":2},"status":"passed","steps":[],"attachments":[],"parameters":[],"shouldDisplayMessage":false,"stepsCount":0,"attachmentsCount":0,"hasContent":false,"attachmentStep":false},{"name":"clear_open_nodes::0","time":{"start":1730853387816,"stop":1730853388031,"duration":215},"status":"passed","steps":[],"attachments":[],"parameters":[],"shouldDisplayMessage":false,"stepsCount":0,"attachmentsCount":0,"hasContent":false,"attachmentStep":false},{"name":"set_allure_env_variables::0","time":{"start":1730854117403,"stop":1730854117403,"duration":0},"status":"passed","steps":[],"attachments":[],"parameters":[],"shouldDisplayMessage":false,"stepsCount":0,"attachmentsCount":0,"hasContent":false,"attachmentStep":false}],"labels":[{"name":"tag","value":"@pytest.mark.usefixtures('start_1_node')"},{"name":"parentSuite","value":"tests"},{"name":"suite","value":"test_join_community"},{"name":"subSuite","value":"TestJoinCommunity"},{"name":"host","value":"fv-az525-994"},{"name":"thread","value":"61017-MainThread"},{"name":"framework","value":"pytest"},{"name":"language","value":"cpython3"},{"name":"package","value":"tests.test_join_community"},{"name":"resultFormat","value":"allure2"}],"parameters":[],"links":[],"hidden":false,"retry":false,"extra":{"severity":"normal","retries":[],"categories":[{"name":"Product defects","matchedStatuses":[],"flaky":false}],"history":{"statistic":{"failed":18,"broken":7,"skipped":0,"passed":3,"unknown":0,"total":28},"items":[{"uid":"41c5719ed9783f50","reportUrl":"https://status-im.github.io/status-cli-tests/265//#testresult/41c5719ed9783f50","status":"broken","statusDetails":"RuntimeError: Request to http://127.0.0.1:8645 usig method wakuext_fetchCommunity timed out after 10 seconds. Node: first_node","time":{"start":1730767009340,"stop":1730767098520,"duration":89180}},{"uid":"fd34ac122d952d43","reportUrl":"https://status-im.github.io/status-cli-tests/264//#testresult/fd34ac122d952d43","status":"failed","statusDetails":"AssertionError: Response does not contain 'result' key.","time":{"start":1730680450196,"stop":1730680541931,"duration":91735}},{"uid":"a74070f889169e72","reportUrl":"https://status-im.github.io/status-cli-tests/263//#testresult/a74070f889169e72","status":"broken","statusDetails":"RuntimeError: Request to http://127.0.0.1:9807 usig method wakuext_fetchCommunity timed out after 10 seconds. Node: first_node","time":{"start":1730594402124,"stop":1730594461292,"duration":59168}},{"uid":"9e0b7fd5e22ba6e4","reportUrl":"https://status-im.github.io/status-cli-tests/262//#testresult/9e0b7fd5e22ba6e4","status":"broken","statusDetails":"RuntimeError: Request to http://127.0.0.1:31640 usig method wakuext_fetchCommunity timed out after 10 seconds. Node: first_node","time":{"start":1730508113252,"stop":1730508172169,"duration":58917}},{"uid":"5f7f4d4b3b720f41","reportUrl":"https://status-im.github.io/status-cli-tests/261//#testresult/5f7f4d4b3b720f41","status":"broken","statusDetails":"RuntimeError: Request to http://127.0.0.1:33648 usig method wakuext_fetchCommunity timed out after 10 seconds. Node: first_node","time":{"start":1730421624422,"stop":1730421733203,"duration":108781}},{"uid":"4f4158e8872a675d","reportUrl":"https://status-im.github.io/status-cli-tests/260//#testresult/4f4158e8872a675d","status":"failed","statusDetails":"AssertionError: Response does not contain 'result' key.","time":{"start":1730335076239,"stop":1730335162040,"duration":85801}},{"uid":"b9cb08edd0b8ff80","reportUrl":"https://status-im.github.io/status-cli-tests/259//#testresult/b9cb08edd0b8ff80","status":"failed","statusDetails":"AssertionError: Response does not contain 'result' key.","time":{"start":1730248664648,"stop":1730248773953,"duration":109305}},{"uid":"4ed5951dee735fc","reportUrl":"https://status-im.github.io/status-cli-tests/258//#testresult/4ed5951dee735fc","status":"failed","statusDetails":"AssertionError: Response does not contain 'result' key.","time":{"start":1730162140836,"stop":1730162227162,"duration":86326}},{"uid":"1c4458899d511c55","reportUrl":"https://status-im.github.io/status-cli-tests/257//#testresult/1c4458899d511c55","status":"failed","statusDetails":"AssertionError: Response does not contain 'result' key.","time":{"start":1730075639816,"stop":1730075732891,"duration":93075}},{"uid":"52026da9267f7706","reportUrl":"https://status-im.github.io/status-cli-tests/256//#testresult/52026da9267f7706","status":"broken","statusDetails":"RuntimeError: Request to http://127.0.0.1:15874 usig method wakuext_fetchCommunity timed out after 10 seconds. Node: first_node","time":{"start":1729989328036,"stop":1729989386128,"duration":58092}},{"uid":"cd5cebd21f680b08","reportUrl":"https://status-im.github.io/status-cli-tests/255//#testresult/cd5cebd21f680b08","status":"failed","statusDetails":"AssertionError: Response does not contain 'result' key.","time":{"start":1729902889017,"stop":1729902976116,"duration":87099}},{"uid":"e9ca2d5deffdd44f","reportUrl":"https://status-im.github.io/status-cli-tests/254//#testresult/e9ca2d5deffdd44f","status":"failed","statusDetails":"AssertionError: Response does not contain 'result' key.","time":{"start":1729816469689,"stop":1729816555168,"duration":85479}},{"uid":"12fc2b07044afbce","reportUrl":"https://status-im.github.io/status-cli-tests/253//#testresult/12fc2b07044afbce","status":"failed","statusDetails":"AssertionError: Response does not contain 'result' key.","time":{"start":1729730126799,"stop":1729730211429,"duration":84630}},{"uid":"2f4ab481a6d885c4","reportUrl":"https://status-im.github.io/status-cli-tests/252//#testresult/2f4ab481a6d885c4","status":"failed","statusDetails":"AssertionError: Response does not contain 'result' key.","time":{"start":1729643607747,"stop":1729643693824,"duration":86077}},{"uid":"e551e568854f49f6","reportUrl":"https://status-im.github.io/status-cli-tests/251//#testresult/e551e568854f49f6","status":"failed","statusDetails":"AssertionError: Response does not contain 'result' key.","time":{"start":1729557293042,"stop":1729557374225,"duration":81183}},{"uid":"f670d5120955fd8","reportUrl":"https://status-im.github.io/status-cli-tests/250//#testresult/f670d5120955fd8","status":"failed","statusDetails":"AssertionError: Response does not contain 'result' key.","time":{"start":1729470823594,"stop":1729470927742,"duration":104148}},{"uid":"70395c150f13b4bb","reportUrl":"https://status-im.github.io/status-cli-tests/249//#testresult/70395c150f13b4bb","status":"failed","statusDetails":"AssertionError: Response does not contain 'result' key.","time":{"start":1729384474743,"stop":1729384558634,"duration":83891}},{"uid":"8d667e96cda08bfa","reportUrl":"https://status-im.github.io/status-cli-tests/248//#testresult/8d667e96cda08bfa","status":"passed","time":{"start":1729297896246,"stop":1729297964364,"duration":68118}},{"uid":"44b60e3c9b00fde","reportUrl":"https://status-im.github.io/status-cli-tests/247//#testresult/44b60e3c9b00fde","status":"broken","statusDetails":"RuntimeError: Request to http://127.0.0.1:7746 usig method wakuext_fetchCommunity timed out after 10 seconds. Node: first_node","time":{"start":1729211654602,"stop":1729211739063,"duration":84461}},{"uid":"9519628a56a891ec","reportUrl":"https://status-im.github.io/status-cli-tests/246//#testresult/9519628a56a891ec","status":"failed","statusDetails":"AssertionError: Response does not contain 'result' key.","time":{"start":1729125159950,"stop":1729125238557,"duration":78607}}]},"tags":["@pytest.mark.usefixtures('start_1_node')"]},"source":"6085bd4e2361577a.json","parameterValues":[]}