{"uid":"b6c6797b49ca52c9","name":"test_join_community_with_low_bandwith","fullName":"tests.test_join_community.TestJoinCommunity#test_join_community_with_low_bandwith","historyId":"acec66a9fe6a2fbcbf702c9ea545d881","time":{"start":1726446729107,"stop":1726446763636,"duration":34529},"status":"failed","statusMessage":"AssertionError: Response does not contain 'result' key.","statusTrace":"tests/test_join_community.py:67: in test_join_community_with_low_bandwith\n    self.test_join_community_baseline()\ntests/test_join_community.py:22: in test_join_community_baseline\n    response_to_join = self.first_node.request_to_join_community(community_id)\nsrc/node/status_node.py:174: in request_to_join_community\n    return self.api.send_rpc_request(\"wakuext_requestToJoinCommunity\", params)\n/opt/hostedtoolcache/Python/3.12.5/x64/lib/python3.12/site-packages/tenacity/__init__.py:289: in wrapped_f\n    return self(f, *args, **kw)\n/opt/hostedtoolcache/Python/3.12.5/x64/lib/python3.12/site-packages/tenacity/__init__.py:379: in __call__\n    do = self.iter(retry_state=retry_state)\n/opt/hostedtoolcache/Python/3.12.5/x64/lib/python3.12/site-packages/tenacity/__init__.py:325: in iter\n    raise retry_exc.reraise()\n/opt/hostedtoolcache/Python/3.12.5/x64/lib/python3.12/site-packages/tenacity/__init__.py:158: in reraise\n    raise self.last_attempt.result()\n/opt/hostedtoolcache/Python/3.12.5/x64/lib/python3.12/concurrent/futures/_base.py:449: in result\n    return self.__get_result()\n/opt/hostedtoolcache/Python/3.12.5/x64/lib/python3.12/concurrent/futures/_base.py:401: in __get_result\n    raise self._exception\n/opt/hostedtoolcache/Python/3.12.5/x64/lib/python3.12/site-packages/tenacity/__init__.py:382: in __call__\n    result = fn(*args, **kwargs)\nsrc/node/rpc_client.py:27: in send_rpc_request\n    assert \"result\" in response.json(), \"Response does not contain 'result' key.\"\nE   AssertionError: Response does not contain 'result' key.","flaky":false,"newFailed":false,"newBroken":false,"newPassed":false,"retriesCount":0,"retriesStatusChange":false,"beforeStages":[{"name":"set_allure_env_variables","time":{"start":1726445506127,"stop":1726445506127,"duration":0},"status":"passed","steps":[],"attachments":[],"parameters":[],"shouldDisplayMessage":false,"stepsCount":0,"attachmentsCount":0,"hasContent":false,"attachmentStep":false},{"name":"save_node_logs_on_fail","time":{"start":1726446721297,"stop":1726446721297,"duration":0},"status":"passed","steps":[],"attachments":[],"parameters":[],"shouldDisplayMessage":false,"stepsCount":0,"attachmentsCount":0,"hasContent":false,"attachmentStep":false},{"name":"clear_open_nodes","time":{"start":1726446721297,"stop":1726446721297,"duration":0},"status":"passed","steps":[],"attachments":[],"parameters":[],"shouldDisplayMessage":false,"stepsCount":0,"attachmentsCount":0,"hasContent":false,"attachmentStep":false},{"name":"start_1_node","time":{"start":1726446721297,"stop":1726446729107,"duration":7810},"status":"passed","steps":[],"attachments":[],"parameters":[],"shouldDisplayMessage":false,"stepsCount":0,"attachmentsCount":0,"hasContent":false,"attachmentStep":false}],"testStage":{"status":"failed","statusMessage":"AssertionError: Response does not contain 'result' key.","statusTrace":"tests/test_join_community.py:67: in test_join_community_with_low_bandwith\n    self.test_join_community_baseline()\ntests/test_join_community.py:22: in test_join_community_baseline\n    response_to_join = self.first_node.request_to_join_community(community_id)\nsrc/node/status_node.py:174: in request_to_join_community\n    return self.api.send_rpc_request(\"wakuext_requestToJoinCommunity\", params)\n/opt/hostedtoolcache/Python/3.12.5/x64/lib/python3.12/site-packages/tenacity/__init__.py:289: in wrapped_f\n    return self(f, *args, **kw)\n/opt/hostedtoolcache/Python/3.12.5/x64/lib/python3.12/site-packages/tenacity/__init__.py:379: in __call__\n    do = self.iter(retry_state=retry_state)\n/opt/hostedtoolcache/Python/3.12.5/x64/lib/python3.12/site-packages/tenacity/__init__.py:325: in iter\n    raise retry_exc.reraise()\n/opt/hostedtoolcache/Python/3.12.5/x64/lib/python3.12/site-packages/tenacity/__init__.py:158: in reraise\n    raise self.last_attempt.result()\n/opt/hostedtoolcache/Python/3.12.5/x64/lib/python3.12/concurrent/futures/_base.py:449: in result\n    return self.__get_result()\n/opt/hostedtoolcache/Python/3.12.5/x64/lib/python3.12/concurrent/futures/_base.py:401: in __get_result\n    raise self._exception\n/opt/hostedtoolcache/Python/3.12.5/x64/lib/python3.12/site-packages/tenacity/__init__.py:382: in __call__\n    result = fn(*args, **kwargs)\nsrc/node/rpc_client.py:27: in send_rpc_request\n    assert \"result\" in response.json(), \"Response does not contain 'result' key.\"\nE   AssertionError: Response does not contain 'result' key.","steps":[],"attachments":[{"uid":"155e327ed417323c","name":"log","source":"155e327ed417323c.txt","type":"text/plain","size":125356}],"parameters":[],"shouldDisplayMessage":true,"stepsCount":0,"attachmentsCount":1,"hasContent":true,"attachmentStep":false},"afterStages":[{"name":"save_node_logs_on_fail::0","time":{"start":1726446763692,"stop":1726446763694,"duration":2},"status":"passed","steps":[],"attachments":[],"parameters":[],"shouldDisplayMessage":false,"stepsCount":0,"attachmentsCount":0,"hasContent":false,"attachmentStep":false},{"name":"clear_open_nodes::0","time":{"start":1726446763695,"stop":1726446763866,"duration":171},"status":"passed","steps":[],"attachments":[],"parameters":[],"shouldDisplayMessage":false,"stepsCount":0,"attachmentsCount":0,"hasContent":false,"attachmentStep":false},{"name":"set_allure_env_variables::0","time":{"start":1726447487222,"stop":1726447487223,"duration":1},"status":"passed","steps":[],"attachments":[],"parameters":[],"shouldDisplayMessage":false,"stepsCount":0,"attachmentsCount":0,"hasContent":false,"attachmentStep":false}],"labels":[{"name":"tag","value":"@pytest.mark.usefixtures('start_1_node')"},{"name":"parentSuite","value":"tests"},{"name":"suite","value":"test_join_community"},{"name":"subSuite","value":"TestJoinCommunity"},{"name":"host","value":"fv-az1024-418"},{"name":"thread","value":"10232-MainThread"},{"name":"framework","value":"pytest"},{"name":"language","value":"cpython3"},{"name":"package","value":"tests.test_join_community"},{"name":"resultFormat","value":"allure2"}],"parameters":[],"links":[],"hidden":false,"retry":false,"extra":{"severity":"normal","retries":[],"categories":[{"name":"Product defects","matchedStatuses":[],"flaky":false}],"history":{"statistic":{"failed":28,"broken":10,"skipped":0,"passed":32,"unknown":0,"total":70},"items":[{"uid":"3f461b950359714e","reportUrl":"https://status-im.github.io/status-cli-tests/202//#testresult/3f461b950359714e","status":"failed","statusDetails":"AssertionError: Response does not contain 'result' key.","time":{"start":1726360329563,"stop":1726360364113,"duration":34550}},{"uid":"a7caf39f77323d46","reportUrl":"https://status-im.github.io/status-cli-tests/201//#testresult/a7caf39f77323d46","status":"failed","statusDetails":"AssertionError: Response does not contain 'result' key.","time":{"start":1726273883775,"stop":1726273918297,"duration":34522}},{"uid":"c177ba4b28461f00","reportUrl":"https://status-im.github.io/status-cli-tests/200//#testresult/c177ba4b28461f00","status":"failed","statusDetails":"AssertionError: Response does not contain 'result' key.","time":{"start":1726187463002,"stop":1726187497624,"duration":34622}},{"uid":"b5d656380db7e993","reportUrl":"https://status-im.github.io/status-cli-tests/199//#testresult/b5d656380db7e993","status":"passed","time":{"start":1726101252216,"stop":1726101289854,"duration":37638}},{"uid":"7b36d8feb221a78","reportUrl":"https://status-im.github.io/status-cli-tests/198//#testresult/7b36d8feb221a78","status":"passed","time":{"start":1726067796025,"stop":1726067843210,"duration":47185}},{"uid":"5ee3c01ebf3dd046","reportUrl":"https://status-im.github.io/status-cli-tests/197//#testresult/5ee3c01ebf3dd046","status":"passed","time":{"start":1726050593670,"stop":1726050631278,"duration":37608}},{"uid":"7c6bf4f4f39c07a6","reportUrl":"https://status-im.github.io/status-cli-tests/196//#testresult/7c6bf4f4f39c07a6","status":"passed","time":{"start":1726015189286,"stop":1726015226912,"duration":37626}},{"uid":"bb7b20137d8c4470","reportUrl":"https://status-im.github.io/status-cli-tests/195//#testresult/bb7b20137d8c4470","status":"passed","time":{"start":1725928939910,"stop":1725928977556,"duration":37646}},{"uid":"83246e5ab9e0ee3f","reportUrl":"https://status-im.github.io/status-cli-tests/194//#testresult/83246e5ab9e0ee3f","status":"passed","time":{"start":1725842321884,"stop":1725842358630,"duration":36746}},{"uid":"db8148a3153e8be4","reportUrl":"https://status-im.github.io/status-cli-tests/193//#testresult/db8148a3153e8be4","status":"broken","statusDetails":"requests.exceptions.ReadTimeout: HTTPConnectionPool(host='127.0.0.1', port=36571): Read timed out. (read timeout=10)","time":{"start":1725756160525,"stop":1725756217236,"duration":56711}},{"uid":"7d71bd87ce098fa1","reportUrl":"https://status-im.github.io/status-cli-tests/192//#testresult/7d71bd87ce098fa1","status":"broken","statusDetails":"requests.exceptions.ReadTimeout: HTTPConnectionPool(host='127.0.0.1', port=59577): Read timed out. (read timeout=10)","time":{"start":1725669654365,"stop":1725669711208,"duration":56843}},{"uid":"eed0f869866658fa","reportUrl":"https://status-im.github.io/status-cli-tests/191//#testresult/eed0f869866658fa","status":"passed","time":{"start":1725583249529,"stop":1725583313157,"duration":63628}},{"uid":"17f085aad6ce5dc6","reportUrl":"https://status-im.github.io/status-cli-tests/190//#testresult/17f085aad6ce5dc6","status":"broken","statusDetails":"requests.exceptions.ReadTimeout: HTTPConnectionPool(host='127.0.0.1', port=57370): Read timed out. (read timeout=10)","time":{"start":1725496911872,"stop":1725496973898,"duration":62026}},{"uid":"9b86e6cc8a8b338c","reportUrl":"https://status-im.github.io/status-cli-tests/189//#testresult/9b86e6cc8a8b338c","status":"passed","time":{"start":1725410315320,"stop":1725410352956,"duration":37636}},{"uid":"178791fe960774ea","reportUrl":"https://status-im.github.io/status-cli-tests/188//#testresult/178791fe960774ea","status":"passed","time":{"start":1725324001398,"stop":1725324041127,"duration":39729}},{"uid":"15bcf7a4520e82b1","reportUrl":"https://status-im.github.io/status-cli-tests/187//#testresult/15bcf7a4520e82b1","status":"passed","time":{"start":1725237488719,"stop":1725237525347,"duration":36628}},{"uid":"70be328d939f2e6d","reportUrl":"https://status-im.github.io/status-cli-tests/186//#testresult/70be328d939f2e6d","status":"passed","time":{"start":1725151309837,"stop":1725151347494,"duration":37657}},{"uid":"4a014797a94270e6","reportUrl":"https://status-im.github.io/status-cli-tests/185//#testresult/4a014797a94270e6","status":"passed","time":{"start":1725064875521,"stop":1725064912174,"duration":36653}},{"uid":"7bbb3e36366882ac","reportUrl":"https://status-im.github.io/status-cli-tests/184//#testresult/7bbb3e36366882ac","status":"failed","statusDetails":"AssertionError","time":{"start":1724978459652,"stop":1724978504313,"duration":44661}},{"uid":"775a880c08946708","reportUrl":"https://status-im.github.io/status-cli-tests/183//#testresult/775a880c08946708","status":"passed","time":{"start":1724892104517,"stop":1724892142104,"duration":37587}}]},"tags":["@pytest.mark.usefixtures('start_1_node')"]},"source":"b6c6797b49ca52c9.json","parameterValues":[]}