{"uid":"7601fabff73cea79","name":"test_join_community_baseline","fullName":"tests.test_join_community.TestJoinCommunity#test_join_community_baseline","historyId":"0045b227df045106355999bb08fb6547","time":{"start":1732149309700,"stop":1732149368725,"duration":59025},"status":"failed","statusMessage":"AssertionError: Response does not contain 'result' key.","statusTrace":"tests/test_join_community.py:33: in test_join_community_baseline\n    response_accept_to_join = status_node.accept_request_to_join_community(request_to_join_id)\nsrc/node/status_node.py:201: in accept_request_to_join_community\n    return self.api.send_rpc_request(\"wakuext_acceptRequestToJoinCommunity\", params)\n/opt/hostedtoolcache/Python/3.12.7/x64/lib/python3.12/site-packages/tenacity/__init__.py:289: in wrapped_f\n    return self(f, *args, **kw)\n/opt/hostedtoolcache/Python/3.12.7/x64/lib/python3.12/site-packages/tenacity/__init__.py:379: in __call__\n    do = self.iter(retry_state=retry_state)\n/opt/hostedtoolcache/Python/3.12.7/x64/lib/python3.12/site-packages/tenacity/__init__.py:325: in iter\n    raise retry_exc.reraise()\n/opt/hostedtoolcache/Python/3.12.7/x64/lib/python3.12/site-packages/tenacity/__init__.py:158: in reraise\n    raise self.last_attempt.result()\n/opt/hostedtoolcache/Python/3.12.7/x64/lib/python3.12/concurrent/futures/_base.py:449: in result\n    return self.__get_result()\n/opt/hostedtoolcache/Python/3.12.7/x64/lib/python3.12/concurrent/futures/_base.py:401: in __get_result\n    raise self._exception\n/opt/hostedtoolcache/Python/3.12.7/x64/lib/python3.12/site-packages/tenacity/__init__.py:382: in __call__\n    result = fn(*args, **kwargs)\nsrc/node/rpc_client.py:27: in send_rpc_request\n    assert \"result\" in response.json(), \"Response does not contain 'result' key.\"\nE   AssertionError: Response does not contain 'result' key.","flaky":false,"newFailed":true,"newBroken":false,"newPassed":false,"retriesCount":2,"retriesStatusChange":false,"beforeStages":[{"name":"set_allure_env_variables","time":{"start":1732148218124,"stop":1732148218125,"duration":1},"status":"passed","steps":[],"attachments":[],"parameters":[],"shouldDisplayMessage":false,"stepsCount":0,"attachmentsCount":0,"hasContent":false,"attachmentStep":false},{"name":"clear_open_nodes","time":{"start":1732149301886,"stop":1732149301886,"duration":0},"status":"passed","steps":[],"attachments":[],"parameters":[],"shouldDisplayMessage":false,"stepsCount":0,"attachmentsCount":0,"hasContent":false,"attachmentStep":false},{"name":"save_node_logs_on_fail","time":{"start":1732149301887,"stop":1732149301887,"duration":0},"status":"passed","steps":[],"attachments":[],"parameters":[],"shouldDisplayMessage":false,"stepsCount":0,"attachmentsCount":0,"hasContent":false,"attachmentStep":false},{"name":"start_1_node","time":{"start":1732149301887,"stop":1732149309700,"duration":7813},"status":"passed","steps":[],"attachments":[],"parameters":[],"shouldDisplayMessage":false,"stepsCount":0,"attachmentsCount":0,"hasContent":false,"attachmentStep":false}],"testStage":{"status":"failed","statusMessage":"AssertionError: Response does not contain 'result' key.","statusTrace":"tests/test_join_community.py:33: in test_join_community_baseline\n    response_accept_to_join = status_node.accept_request_to_join_community(request_to_join_id)\nsrc/node/status_node.py:201: in accept_request_to_join_community\n    return self.api.send_rpc_request(\"wakuext_acceptRequestToJoinCommunity\", params)\n/opt/hostedtoolcache/Python/3.12.7/x64/lib/python3.12/site-packages/tenacity/__init__.py:289: in wrapped_f\n    return self(f, *args, **kw)\n/opt/hostedtoolcache/Python/3.12.7/x64/lib/python3.12/site-packages/tenacity/__init__.py:379: in __call__\n    do = self.iter(retry_state=retry_state)\n/opt/hostedtoolcache/Python/3.12.7/x64/lib/python3.12/site-packages/tenacity/__init__.py:325: in iter\n    raise retry_exc.reraise()\n/opt/hostedtoolcache/Python/3.12.7/x64/lib/python3.12/site-packages/tenacity/__init__.py:158: in reraise\n    raise self.last_attempt.result()\n/opt/hostedtoolcache/Python/3.12.7/x64/lib/python3.12/concurrent/futures/_base.py:449: in result\n    return self.__get_result()\n/opt/hostedtoolcache/Python/3.12.7/x64/lib/python3.12/concurrent/futures/_base.py:401: in __get_result\n    raise self._exception\n/opt/hostedtoolcache/Python/3.12.7/x64/lib/python3.12/site-packages/tenacity/__init__.py:382: in __call__\n    result = fn(*args, **kwargs)\nsrc/node/rpc_client.py:27: in send_rpc_request\n    assert \"result\" in response.json(), \"Response does not contain 'result' key.\"\nE   AssertionError: Response does not contain 'result' key.","steps":[],"attachments":[{"uid":"33a997b150a54198","name":"log","source":"33a997b150a54198.txt","type":"text/plain","size":628584}],"parameters":[],"shouldDisplayMessage":true,"stepsCount":0,"attachmentsCount":1,"hasContent":true,"attachmentStep":false},"afterStages":[{"name":"save_node_logs_on_fail::0","time":{"start":1732149368775,"stop":1732149368788,"duration":13},"status":"passed","steps":[],"attachments":[],"parameters":[],"shouldDisplayMessage":false,"stepsCount":0,"attachmentsCount":0,"hasContent":false,"attachmentStep":false},{"name":"clear_open_nodes::0","time":{"start":1732149368788,"stop":1732149368996,"duration":208},"status":"passed","steps":[],"attachments":[],"parameters":[],"shouldDisplayMessage":false,"stepsCount":0,"attachmentsCount":0,"hasContent":false,"attachmentStep":false},{"name":"set_allure_env_variables::0","time":{"start":1732150174877,"stop":1732150174877,"duration":0},"status":"passed","steps":[],"attachments":[],"parameters":[],"shouldDisplayMessage":false,"stepsCount":0,"attachmentsCount":0,"hasContent":false,"attachmentStep":false}],"labels":[{"name":"tag","value":"flaky(reruns=2)"},{"name":"tag","value":"@pytest.mark.usefixtures('start_1_node')"},{"name":"parentSuite","value":"tests"},{"name":"suite","value":"test_join_community"},{"name":"subSuite","value":"TestJoinCommunity"},{"name":"host","value":"fv-az1393-935"},{"name":"thread","value":"60978-MainThread"},{"name":"framework","value":"pytest"},{"name":"language","value":"cpython3"},{"name":"package","value":"tests.test_join_community"},{"name":"resultFormat","value":"allure2"}],"parameters":[],"links":[],"hidden":false,"retry":false,"extra":{"severity":"normal","retries":[{"uid":"2755dd992d37c015","status":"failed","statusDetails":"AssertionError: Response does not contain 'result' key.","time":{"start":1732149236860,"stop":1732149301630,"duration":64770}},{"uid":"98ea2c35a0b33ee3","status":"failed","statusDetails":"AssertionError: Response does not contain 'result' key.","time":{"start":1732149153408,"stop":1732149228786,"duration":75378}}],"categories":[{"name":"Product defects","matchedStatuses":[],"flaky":false}],"history":{"statistic":{"failed":15,"broken":6,"skipped":0,"passed":22,"unknown":0,"total":43},"items":[{"uid":"f8e540dafbfca58a","reportUrl":"https://status-im.github.io/status-cli-tests/280//#testresult/f8e540dafbfca58a","status":"passed","time":{"start":1732062790187,"stop":1732062833607,"duration":43420}},{"uid":"dfd0c1e89f131d54","reportUrl":"https://status-im.github.io/status-cli-tests/279//#testresult/dfd0c1e89f131d54","status":"passed","time":{"start":1731976352508,"stop":1731976395822,"duration":43314}},{"uid":"103d14ffc0e284f3","reportUrl":"https://status-im.github.io/status-cli-tests/278//#testresult/103d14ffc0e284f3","status":"passed","time":{"start":1731889946752,"stop":1731889989194,"duration":42442}},{"uid":"4032808c0d85eae6","reportUrl":"https://status-im.github.io/status-cli-tests/277//#testresult/4032808c0d85eae6","status":"passed","time":{"start":1731803582150,"stop":1731803624749,"duration":42599}},{"uid":"94da20347b1526da","reportUrl":"https://status-im.github.io/status-cli-tests/276//#testresult/94da20347b1526da","status":"passed","time":{"start":1731717095490,"stop":1731717138595,"duration":43105}},{"uid":"5cfbe35074e9b6f1","reportUrl":"https://status-im.github.io/status-cli-tests/275//#testresult/5cfbe35074e9b6f1","status":"passed","time":{"start":1731630728989,"stop":1731630774288,"duration":45299}},{"uid":"718fbf56faf171d8","reportUrl":"https://status-im.github.io/status-cli-tests/274//#testresult/718fbf56faf171d8","status":"passed","time":{"start":1731544326159,"stop":1731544370319,"duration":44160}},{"uid":"8198208bdfe9e16d","reportUrl":"https://status-im.github.io/status-cli-tests/273//#testresult/8198208bdfe9e16d","status":"broken","statusDetails":"RuntimeError: Request to http://127.0.0.1:60471 usig method wakuext_fetchCommunity timed out after 10 seconds. Node: first_node","time":{"start":1731458358590,"stop":1731458418262,"duration":59672}},{"uid":"d2648441cb858885","reportUrl":"https://status-im.github.io/status-cli-tests/272//#testresult/d2648441cb858885","status":"broken","statusDetails":"RuntimeError: Request to http://127.0.0.1:49524 usig method wakuext_fetchCommunity timed out after 10 seconds. Node: first_node","time":{"start":1731371843306,"stop":1731371902348,"duration":59042}},{"uid":"b83a8c9abb8ddd3","reportUrl":"https://status-im.github.io/status-cli-tests/271//#testresult/b83a8c9abb8ddd3","status":"broken","statusDetails":"RuntimeError: Request to http://127.0.0.1:40530 usig method wakuext_fetchCommunity timed out after 10 seconds. Node: first_node","time":{"start":1731285531515,"stop":1731285616588,"duration":85073}},{"uid":"6c7f0c7c795a7798","reportUrl":"https://status-im.github.io/status-cli-tests/270//#testresult/6c7f0c7c795a7798","status":"broken","statusDetails":"RuntimeError: Request to http://127.0.0.1:16529 usig method wakuext_fetchCommunity timed out after 10 seconds. Node: first_node","time":{"start":1731199126682,"stop":1731199185001,"duration":58319}},{"uid":"30aeb9b40c213a7c","reportUrl":"https://status-im.github.io/status-cli-tests/269//#testresult/30aeb9b40c213a7c","status":"passed","time":{"start":1731112359912,"stop":1731112408513,"duration":48601}},{"uid":"7caf65f57009968e","reportUrl":"https://status-im.github.io/status-cli-tests/268//#testresult/7caf65f57009968e","status":"passed","time":{"start":1731026056365,"stop":1731026099011,"duration":42646}},{"uid":"d294ded7fce6e77f","reportUrl":"https://status-im.github.io/status-cli-tests/267//#testresult/d294ded7fce6e77f","status":"passed","time":{"start":1730939626553,"stop":1730939669041,"duration":42488}},{"uid":"88c21aa1aa33fb76","reportUrl":"https://status-im.github.io/status-cli-tests/266//#testresult/88c21aa1aa33fb76","status":"passed","time":{"start":1730853241926,"stop":1730853291805,"duration":49879}},{"uid":"4304f35673620bbd","reportUrl":"https://status-im.github.io/status-cli-tests/265//#testresult/4304f35673620bbd","status":"passed","time":{"start":1730766945120,"stop":1730767001425,"duration":56305}},{"uid":"6c1c9a330e7f4291","reportUrl":"https://status-im.github.io/status-cli-tests/264//#testresult/6c1c9a330e7f4291","status":"passed","time":{"start":1730680391918,"stop":1730680442170,"duration":50252}},{"uid":"ae50b67f83c36cf","reportUrl":"https://status-im.github.io/status-cli-tests/263//#testresult/ae50b67f83c36cf","status":"failed","statusDetails":"AssertionError: Response does not contain 'result' key.","time":{"start":1730594336701,"stop":1730594393988,"duration":57287}},{"uid":"138776c94986c475","reportUrl":"https://status-im.github.io/status-cli-tests/262//#testresult/138776c94986c475","status":"broken","statusDetails":"RuntimeError: Request to http://127.0.0.1:35461 usig method wakuext_fetchCommunity timed out after 10 seconds. Node: first_node","time":{"start":1730508035234,"stop":1730508105054,"duration":69820}},{"uid":"be95bbfd17ee0395","reportUrl":"https://status-im.github.io/status-cli-tests/261//#testresult/be95bbfd17ee0395","status":"failed","statusDetails":"AssertionError: Response does not contain 'result' key.","time":{"start":1730421543566,"stop":1730421616281,"duration":72715}}]},"tags":["@pytest.mark.usefixtures('start_1_node')","flaky(reruns=2)"]},"source":"7601fabff73cea79.json","parameterValues":[]}