{"uid":"bb346f1968261a7c","name":"test_leave_community_baseline","fullName":"tests.test_leave_community.TestLeaveCommunity#test_leave_community_baseline","historyId":"ba5f179862c2394ab88a56b56e94ab6d","time":{"start":1732149870159,"stop":1732149916339,"duration":46180},"status":"failed","statusMessage":"AssertionError: Response does not contain 'result' key.","statusTrace":"tests/test_leave_community.py:13: in test_leave_community_baseline\n    self.join_created_communities()\nsrc/steps/common.py:186: in join_created_communities\n    response = community_node.accept_request_to_join_community(request_to_join_id)\nsrc/node/status_node.py:201: in accept_request_to_join_community\n    return self.api.send_rpc_request(\"wakuext_acceptRequestToJoinCommunity\", params)\n/opt/hostedtoolcache/Python/3.12.7/x64/lib/python3.12/site-packages/tenacity/__init__.py:289: in wrapped_f\n    return self(f, *args, **kw)\n/opt/hostedtoolcache/Python/3.12.7/x64/lib/python3.12/site-packages/tenacity/__init__.py:379: in __call__\n    do = self.iter(retry_state=retry_state)\n/opt/hostedtoolcache/Python/3.12.7/x64/lib/python3.12/site-packages/tenacity/__init__.py:325: in iter\n    raise retry_exc.reraise()\n/opt/hostedtoolcache/Python/3.12.7/x64/lib/python3.12/site-packages/tenacity/__init__.py:158: in reraise\n    raise self.last_attempt.result()\n/opt/hostedtoolcache/Python/3.12.7/x64/lib/python3.12/concurrent/futures/_base.py:449: in result\n    return self.__get_result()\n/opt/hostedtoolcache/Python/3.12.7/x64/lib/python3.12/concurrent/futures/_base.py:401: in __get_result\n    raise self._exception\n/opt/hostedtoolcache/Python/3.12.7/x64/lib/python3.12/site-packages/tenacity/__init__.py:382: in __call__\n    result = fn(*args, **kwargs)\nsrc/node/rpc_client.py:27: in send_rpc_request\n    assert \"result\" in response.json(), \"Response does not contain 'result' key.\"\nE   AssertionError: Response does not contain 'result' key.","flaky":false,"newFailed":false,"newBroken":false,"newPassed":false,"retriesCount":2,"retriesStatusChange":false,"beforeStages":[{"name":"set_allure_env_variables","time":{"start":1732148218124,"stop":1732148218125,"duration":1},"status":"passed","steps":[],"attachments":[],"parameters":[],"shouldDisplayMessage":false,"stepsCount":0,"attachmentsCount":0,"hasContent":false,"attachmentStep":false},{"name":"save_node_logs_on_fail","time":{"start":1732149862346,"stop":1732149862346,"duration":0},"status":"passed","steps":[],"attachments":[],"parameters":[],"shouldDisplayMessage":false,"stepsCount":0,"attachmentsCount":0,"hasContent":false,"attachmentStep":false},{"name":"clear_open_nodes","time":{"start":1732149862346,"stop":1732149862346,"duration":0},"status":"passed","steps":[],"attachments":[],"parameters":[],"shouldDisplayMessage":false,"stepsCount":0,"attachmentsCount":0,"hasContent":false,"attachmentStep":false},{"name":"start_1_node","time":{"start":1732149862346,"stop":1732149870159,"duration":7813},"status":"passed","steps":[],"attachments":[],"parameters":[],"shouldDisplayMessage":false,"stepsCount":0,"attachmentsCount":0,"hasContent":false,"attachmentStep":false}],"testStage":{"status":"failed","statusMessage":"AssertionError: Response does not contain 'result' key.","statusTrace":"tests/test_leave_community.py:13: in test_leave_community_baseline\n    self.join_created_communities()\nsrc/steps/common.py:186: in join_created_communities\n    response = community_node.accept_request_to_join_community(request_to_join_id)\nsrc/node/status_node.py:201: in accept_request_to_join_community\n    return self.api.send_rpc_request(\"wakuext_acceptRequestToJoinCommunity\", params)\n/opt/hostedtoolcache/Python/3.12.7/x64/lib/python3.12/site-packages/tenacity/__init__.py:289: in wrapped_f\n    return self(f, *args, **kw)\n/opt/hostedtoolcache/Python/3.12.7/x64/lib/python3.12/site-packages/tenacity/__init__.py:379: in __call__\n    do = self.iter(retry_state=retry_state)\n/opt/hostedtoolcache/Python/3.12.7/x64/lib/python3.12/site-packages/tenacity/__init__.py:325: in iter\n    raise retry_exc.reraise()\n/opt/hostedtoolcache/Python/3.12.7/x64/lib/python3.12/site-packages/tenacity/__init__.py:158: in reraise\n    raise self.last_attempt.result()\n/opt/hostedtoolcache/Python/3.12.7/x64/lib/python3.12/concurrent/futures/_base.py:449: in result\n    return self.__get_result()\n/opt/hostedtoolcache/Python/3.12.7/x64/lib/python3.12/concurrent/futures/_base.py:401: in __get_result\n    raise self._exception\n/opt/hostedtoolcache/Python/3.12.7/x64/lib/python3.12/site-packages/tenacity/__init__.py:382: in __call__\n    result = fn(*args, **kwargs)\nsrc/node/rpc_client.py:27: in send_rpc_request\n    assert \"result\" in response.json(), \"Response does not contain 'result' key.\"\nE   AssertionError: Response does not contain 'result' key.","steps":[],"attachments":[{"uid":"4874c26739a355e5","name":"log","source":"4874c26739a355e5.txt","type":"text/plain","size":643576}],"parameters":[],"shouldDisplayMessage":true,"stepsCount":0,"attachmentsCount":1,"hasContent":true,"attachmentStep":false},"afterStages":[{"name":"save_node_logs_on_fail::0","time":{"start":1732149916410,"stop":1732149916428,"duration":18},"status":"passed","steps":[],"attachments":[],"parameters":[],"shouldDisplayMessage":false,"stepsCount":0,"attachmentsCount":0,"hasContent":false,"attachmentStep":false},{"name":"clear_open_nodes::0","time":{"start":1732149916428,"stop":1732149916620,"duration":192},"status":"passed","steps":[],"attachments":[],"parameters":[],"shouldDisplayMessage":false,"stepsCount":0,"attachmentsCount":0,"hasContent":false,"attachmentStep":false},{"name":"set_allure_env_variables::0","time":{"start":1732150174877,"stop":1732150174877,"duration":0},"status":"passed","steps":[],"attachments":[],"parameters":[],"shouldDisplayMessage":false,"stepsCount":0,"attachmentsCount":0,"hasContent":false,"attachmentStep":false}],"labels":[{"name":"tag","value":"flaky(reruns=2)"},{"name":"tag","value":"@pytest.mark.usefixtures('start_1_node')"},{"name":"parentSuite","value":"tests"},{"name":"suite","value":"test_leave_community"},{"name":"subSuite","value":"TestLeaveCommunity"},{"name":"host","value":"fv-az1393-935"},{"name":"thread","value":"60978-MainThread"},{"name":"framework","value":"pytest"},{"name":"language","value":"cpython3"},{"name":"package","value":"tests.test_leave_community"},{"name":"resultFormat","value":"allure2"}],"parameters":[],"links":[],"hidden":false,"retry":false,"extra":{"severity":"normal","retries":[{"uid":"885f1ec734e59f63","status":"failed","statusDetails":"AssertionError: Response does not contain 'result' key.","time":{"start":1732149810435,"stop":1732149862045,"duration":51610}},{"uid":"ebe5a447e1327c3b","status":"failed","statusDetails":"AssertionError: Response does not contain 'result' key.","time":{"start":1732149750721,"stop":1732149802386,"duration":51665}}],"categories":[{"name":"Product defects","matchedStatuses":[],"flaky":false}],"history":{"statistic":{"failed":32,"broken":2,"skipped":0,"passed":9,"unknown":0,"total":43},"items":[{"uid":"dba00f6ec48af72f","reportUrl":"https://status-im.github.io/status-cli-tests/280//#testresult/dba00f6ec48af72f","status":"failed","statusDetails":"AssertionError: Response does not contain 'result' key.","time":{"start":1732063243280,"stop":1732063290030,"duration":46750}},{"uid":"3e73490ce93f905a","reportUrl":"https://status-im.github.io/status-cli-tests/279//#testresult/3e73490ce93f905a","status":"failed","statusDetails":"AssertionError: Response does not contain 'result' key.","time":{"start":1731976799157,"stop":1731976856902,"duration":57745}},{"uid":"d66c3f4d26315d14","reportUrl":"https://status-im.github.io/status-cli-tests/278//#testresult/d66c3f4d26315d14","status":"passed","time":{"start":1731890281702,"stop":1731890336859,"duration":55157}},{"uid":"7a98b462db7f4e00","reportUrl":"https://status-im.github.io/status-cli-tests/277//#testresult/7a98b462db7f4e00","status":"passed","time":{"start":1731803913933,"stop":1731803967797,"duration":53864}},{"uid":"100d407288ba01e4","reportUrl":"https://status-im.github.io/status-cli-tests/276//#testresult/100d407288ba01e4","status":"passed","time":{"start":1731717470120,"stop":1731717518297,"duration":48177}},{"uid":"a9cdf3984f0ac3d","reportUrl":"https://status-im.github.io/status-cli-tests/275//#testresult/a9cdf3984f0ac3d","status":"passed","time":{"start":1731631091806,"stop":1731631140517,"duration":48711}},{"uid":"d9541480698911d0","reportUrl":"https://status-im.github.io/status-cli-tests/274//#testresult/d9541480698911d0","status":"passed","time":{"start":1731544704530,"stop":1731544762595,"duration":58065}},{"uid":"c266334c934ab189","reportUrl":"https://status-im.github.io/status-cli-tests/273//#testresult/c266334c934ab189","status":"passed","time":{"start":1731458787538,"stop":1731458836750,"duration":49212}},{"uid":"83182f6b5fece8f9","reportUrl":"https://status-im.github.io/status-cli-tests/272//#testresult/83182f6b5fece8f9","status":"passed","time":{"start":1731372314320,"stop":1731372379513,"duration":65193}},{"uid":"e17227b5d8995a59","reportUrl":"https://status-im.github.io/status-cli-tests/271//#testresult/e17227b5d8995a59","status":"broken","statusDetails":"RuntimeError: Request to http://127.0.0.1:54570 usig method wakuext_fetchCommunity timed out after 10 seconds. Node: first_node","time":{"start":1731286197191,"stop":1731286255564,"duration":58373}},{"uid":"7035bab43e1f523f","reportUrl":"https://status-im.github.io/status-cli-tests/270//#testresult/7035bab43e1f523f","status":"broken","statusDetails":"RuntimeError: Request to http://127.0.0.1:8112 usig method wakuext_fetchCommunity timed out after 10 seconds. Node: first_node","time":{"start":1731199688685,"stop":1731199747057,"duration":58372}},{"uid":"db2680e9eca170a3","reportUrl":"https://status-im.github.io/status-cli-tests/269//#testresult/db2680e9eca170a3","status":"failed","statusDetails":"AssertionError: Response does not contain 'result' key.","time":{"start":1731112878573,"stop":1731112946420,"duration":67847}},{"uid":"7a0180a454800e6","reportUrl":"https://status-im.github.io/status-cli-tests/268//#testresult/7a0180a454800e6","status":"failed","statusDetails":"AssertionError: Response does not contain 'result' key.","time":{"start":1731026548765,"stop":1731026617881,"duration":69116}},{"uid":"f94fa3a74a67f60e","reportUrl":"https://status-im.github.io/status-cli-tests/267//#testresult/f94fa3a74a67f60e","status":"failed","statusDetails":"AssertionError: Response does not contain 'result' key.","time":{"start":1730940188647,"stop":1730940249790,"duration":61143}},{"uid":"ed9939a697a2f59c","reportUrl":"https://status-im.github.io/status-cli-tests/266//#testresult/ed9939a697a2f59c","status":"failed","statusDetails":"AssertionError: Response does not contain 'result' key.","time":{"start":1730853798901,"stop":1730853862126,"duration":63225}},{"uid":"3b59ca668272af54","reportUrl":"https://status-im.github.io/status-cli-tests/265//#testresult/3b59ca668272af54","status":"failed","statusDetails":"AssertionError: Response does not contain 'result' key.","time":{"start":1730767476998,"stop":1730767546137,"duration":69139}},{"uid":"22fe1fc2b272df54","reportUrl":"https://status-im.github.io/status-cli-tests/264//#testresult/22fe1fc2b272df54","status":"failed","statusDetails":"AssertionError: Response does not contain 'result' key.","time":{"start":1730680881857,"stop":1730680935610,"duration":53753}},{"uid":"7f4722c5dc827754","reportUrl":"https://status-im.github.io/status-cli-tests/263//#testresult/7f4722c5dc827754","status":"failed","statusDetails":"AssertionError: Response does not contain 'result' key.","time":{"start":1730594770067,"stop":1730594826688,"duration":56621}},{"uid":"9b9541a27afea58d","reportUrl":"https://status-im.github.io/status-cli-tests/262//#testresult/9b9541a27afea58d","status":"failed","statusDetails":"AssertionError: Response does not contain 'result' key.","time":{"start":1730508703895,"stop":1730508759425,"duration":55530}},{"uid":"79d889c0ebcaa401","reportUrl":"https://status-im.github.io/status-cli-tests/261//#testresult/79d889c0ebcaa401","status":"failed","statusDetails":"AssertionError: Response does not contain 'result' key.","time":{"start":1730422249694,"stop":1730422309865,"duration":60171}}]},"tags":["@pytest.mark.usefixtures('start_1_node')","flaky(reruns=2)"]},"source":"bb346f1968261a7c.json","parameterValues":[]}