{"uid":"7c56e11ea95b2295","name":"test_community_messages_with_node_pause_10_seconds","fullName":"tests.test_community_messages.TestCommunityMessages#test_community_messages_with_node_pause_10_seconds","historyId":"9d5c5c19a9c20059f4a5d5c182032b2c","time":{"start":1732839568143,"stop":1732839599857,"duration":31714},"status":"failed","statusMessage":"AssertionError: Response does not contain 'result' key.","statusTrace":"tests/test_community_messages.py:79: in test_community_messages_with_node_pause_10_seconds\n    self.first_node.send_community_chat_message(message_chat_id, message)\nsrc/node/status_node.py:205: in send_community_chat_message\n    return self.api.send_rpc_request(\"wakuext_sendChatMessage\", params)\n/opt/hostedtoolcache/Python/3.12.7/x64/lib/python3.12/site-packages/tenacity/__init__.py:289: in wrapped_f\n    return self(f, *args, **kw)\n/opt/hostedtoolcache/Python/3.12.7/x64/lib/python3.12/site-packages/tenacity/__init__.py:379: in __call__\n    do = self.iter(retry_state=retry_state)\n/opt/hostedtoolcache/Python/3.12.7/x64/lib/python3.12/site-packages/tenacity/__init__.py:325: in iter\n    raise retry_exc.reraise()\n/opt/hostedtoolcache/Python/3.12.7/x64/lib/python3.12/site-packages/tenacity/__init__.py:158: in reraise\n    raise self.last_attempt.result()\n/opt/hostedtoolcache/Python/3.12.7/x64/lib/python3.12/concurrent/futures/_base.py:449: in result\n    return self.__get_result()\n/opt/hostedtoolcache/Python/3.12.7/x64/lib/python3.12/concurrent/futures/_base.py:401: in __get_result\n    raise self._exception\n/opt/hostedtoolcache/Python/3.12.7/x64/lib/python3.12/site-packages/tenacity/__init__.py:382: in __call__\n    result = fn(*args, **kwargs)\nsrc/node/rpc_client.py:27: in send_rpc_request\n    assert \"result\" in response.json(), \"Response does not contain 'result' key.\"\nE   AssertionError: Response does not contain 'result' key.","flaky":false,"newFailed":false,"newBroken":false,"newPassed":false,"retriesCount":2,"retriesStatusChange":false,"beforeStages":[{"name":"set_allure_env_variables","time":{"start":1732839409115,"stop":1732839409116,"duration":1},"status":"passed","steps":[],"attachments":[],"parameters":[],"shouldDisplayMessage":false,"stepsCount":0,"attachmentsCount":0,"hasContent":false,"attachmentStep":false},{"name":"clear_open_nodes","time":{"start":1732839560434,"stop":1732839560434,"duration":0},"status":"passed","steps":[],"attachments":[],"parameters":[],"shouldDisplayMessage":false,"stepsCount":0,"attachmentsCount":0,"hasContent":false,"attachmentStep":false},{"name":"start_1_node","time":{"start":1732839560434,"stop":1732839568143,"duration":7709},"status":"passed","steps":[],"attachments":[],"parameters":[],"shouldDisplayMessage":false,"stepsCount":0,"attachmentsCount":0,"hasContent":false,"attachmentStep":false},{"name":"save_node_logs_on_fail","time":{"start":1732839560434,"stop":1732839560434,"duration":0},"status":"passed","steps":[],"attachments":[],"parameters":[],"shouldDisplayMessage":false,"stepsCount":0,"attachmentsCount":0,"hasContent":false,"attachmentStep":false}],"testStage":{"status":"failed","statusMessage":"AssertionError: Response does not contain 'result' key.","statusTrace":"tests/test_community_messages.py:79: in test_community_messages_with_node_pause_10_seconds\n    self.first_node.send_community_chat_message(message_chat_id, message)\nsrc/node/status_node.py:205: in send_community_chat_message\n    return self.api.send_rpc_request(\"wakuext_sendChatMessage\", params)\n/opt/hostedtoolcache/Python/3.12.7/x64/lib/python3.12/site-packages/tenacity/__init__.py:289: in wrapped_f\n    return self(f, *args, **kw)\n/opt/hostedtoolcache/Python/3.12.7/x64/lib/python3.12/site-packages/tenacity/__init__.py:379: in __call__\n    do = self.iter(retry_state=retry_state)\n/opt/hostedtoolcache/Python/3.12.7/x64/lib/python3.12/site-packages/tenacity/__init__.py:325: in iter\n    raise retry_exc.reraise()\n/opt/hostedtoolcache/Python/3.12.7/x64/lib/python3.12/site-packages/tenacity/__init__.py:158: in reraise\n    raise self.last_attempt.result()\n/opt/hostedtoolcache/Python/3.12.7/x64/lib/python3.12/concurrent/futures/_base.py:449: in result\n    return self.__get_result()\n/opt/hostedtoolcache/Python/3.12.7/x64/lib/python3.12/concurrent/futures/_base.py:401: in __get_result\n    raise self._exception\n/opt/hostedtoolcache/Python/3.12.7/x64/lib/python3.12/site-packages/tenacity/__init__.py:382: in __call__\n    result = fn(*args, **kwargs)\nsrc/node/rpc_client.py:27: in send_rpc_request\n    assert \"result\" in response.json(), \"Response does not contain 'result' key.\"\nE   AssertionError: Response does not contain 'result' key.","steps":[],"attachments":[{"uid":"8c9c633baaff92bc","name":"log","source":"8c9c633baaff92bc.txt","type":"text/plain","size":392632}],"parameters":[],"shouldDisplayMessage":true,"stepsCount":0,"attachmentsCount":1,"hasContent":true,"attachmentStep":false},"afterStages":[{"name":"save_node_logs_on_fail::0","time":{"start":1732839599899,"stop":1732839599900,"duration":1},"status":"passed","steps":[],"attachments":[],"parameters":[],"shouldDisplayMessage":false,"stepsCount":0,"attachmentsCount":0,"hasContent":false,"attachmentStep":false},{"name":"clear_open_nodes::0","time":{"start":1732839599901,"stop":1732839599942,"duration":41},"status":"passed","steps":[],"attachments":[],"parameters":[],"shouldDisplayMessage":false,"stepsCount":0,"attachmentsCount":0,"hasContent":false,"attachmentStep":false},{"name":"set_allure_env_variables::0","time":{"start":1732841743017,"stop":1732841743017,"duration":0},"status":"passed","steps":[],"attachments":[],"parameters":[],"shouldDisplayMessage":false,"stepsCount":0,"attachmentsCount":0,"hasContent":false,"attachmentStep":false}],"labels":[{"name":"tag","value":"flaky(reruns=2)"},{"name":"tag","value":"@pytest.mark.usefixtures('start_1_node')"},{"name":"parentSuite","value":"tests"},{"name":"suite","value":"test_community_messages"},{"name":"subSuite","value":"TestCommunityMessages"},{"name":"host","value":"fv-az1391-56"},{"name":"thread","value":"60950-MainThread"},{"name":"framework","value":"pytest"},{"name":"language","value":"cpython3"},{"name":"package","value":"tests.test_community_messages"},{"name":"resultFormat","value":"allure2"}],"parameters":[],"links":[],"hidden":false,"retry":false,"extra":{"severity":"normal","retries":[{"uid":"cc88ee2ded20f93f","status":"failed","statusDetails":"AssertionError: Response does not contain 'result' key.","time":{"start":1732839538758,"stop":1732839560348,"duration":21590}},{"uid":"8a579fc9a14e8d1c","status":"failed","statusDetails":"AssertionError: Response does not contain 'result' key.","time":{"start":1732839507824,"stop":1732839530872,"duration":23048}}],"categories":[{"name":"Product defects","matchedStatuses":[],"flaky":false}],"history":{"statistic":{"failed":36,"broken":11,"skipped":0,"passed":4,"unknown":0,"total":51},"items":[{"uid":"38a0405fbf52d631","reportUrl":"https://status-im.github.io/status-cli-tests/288//#testresult/38a0405fbf52d631","status":"failed","statusDetails":"AssertionError: Response does not contain 'result' key.","time":{"start":1732753255449,"stop":1732753279671,"duration":24222}},{"uid":"d48d92707ec131b0","reportUrl":"https://status-im.github.io/status-cli-tests/287//#testresult/d48d92707ec131b0","status":"failed","statusDetails":"AssertionError: Response does not contain 'result' key.","time":{"start":1732666827569,"stop":1732666866291,"duration":38722}},{"uid":"ac258eb8ad3baa5a","reportUrl":"https://status-im.github.io/status-cli-tests/286//#testresult/ac258eb8ad3baa5a","status":"failed","statusDetails":"AssertionError: Response does not contain 'result' key.","time":{"start":1732580441098,"stop":1732580463000,"duration":21902}},{"uid":"ab9a105924e98f27","reportUrl":"https://status-im.github.io/status-cli-tests/285//#testresult/ab9a105924e98f27","status":"failed","statusDetails":"AssertionError: Response does not contain 'result' key.","time":{"start":1732493976633,"stop":1732493998070,"duration":21437}},{"uid":"eaa35446b9ceffb1","reportUrl":"https://status-im.github.io/status-cli-tests/284//#testresult/eaa35446b9ceffb1","status":"failed","statusDetails":"AssertionError: Response does not contain 'result' key.","time":{"start":1732407636854,"stop":1732407658250,"duration":21396}},{"uid":"94c1ebfc04e65f7a","reportUrl":"https://status-im.github.io/status-cli-tests/283//#testresult/94c1ebfc04e65f7a","status":"failed","statusDetails":"AssertionError: Response does not contain 'result' key.","time":{"start":1732321191424,"stop":1732321213594,"duration":22170}},{"uid":"71e02e226d811782","reportUrl":"https://status-im.github.io/status-cli-tests/282//#testresult/71e02e226d811782","status":"failed","statusDetails":"AssertionError: Response does not contain 'result' key.","time":{"start":1732234808674,"stop":1732234830548,"duration":21874}},{"uid":"d662e18b2f6369e4","reportUrl":"https://status-im.github.io/status-cli-tests/281//#testresult/d662e18b2f6369e4","status":"failed","statusDetails":"AssertionError: Response does not contain 'result' key.","time":{"start":1732148387386,"stop":1732148408770,"duration":21384}},{"uid":"16e9bd20a6cc64fe","reportUrl":"https://status-im.github.io/status-cli-tests/280//#testresult/16e9bd20a6cc64fe","status":"failed","statusDetails":"AssertionError: Response does not contain 'result' key.","time":{"start":1732062027170,"stop":1732062058023,"duration":30853}},{"uid":"cf12c0abb7f53488","reportUrl":"https://status-im.github.io/status-cli-tests/279//#testresult/cf12c0abb7f53488","status":"failed","statusDetails":"AssertionError: Response does not contain 'result' key.","time":{"start":1731975619992,"stop":1731975650780,"duration":30788}},{"uid":"52d64fb8f0917295","reportUrl":"https://status-im.github.io/status-cli-tests/278//#testresult/52d64fb8f0917295","status":"failed","statusDetails":"AssertionError: Response does not contain 'result' key.","time":{"start":1731889227828,"stop":1731889258517,"duration":30689}},{"uid":"e6f3b4881bc80b34","reportUrl":"https://status-im.github.io/status-cli-tests/277//#testresult/e6f3b4881bc80b34","status":"failed","statusDetails":"AssertionError: Response does not contain 'result' key.","time":{"start":1731802853052,"stop":1731802883710,"duration":30658}},{"uid":"8bbd139ac74bfa44","reportUrl":"https://status-im.github.io/status-cli-tests/276//#testresult/8bbd139ac74bfa44","status":"failed","statusDetails":"AssertionError: Response does not contain 'result' key.","time":{"start":1731716422837,"stop":1731716453499,"duration":30662}},{"uid":"5c5542902e5401d7","reportUrl":"https://status-im.github.io/status-cli-tests/275//#testresult/5c5542902e5401d7","status":"failed","statusDetails":"AssertionError: Response does not contain 'result' key.","time":{"start":1731630011450,"stop":1731630042332,"duration":30882}},{"uid":"572d9a0179898fa","reportUrl":"https://status-im.github.io/status-cli-tests/274//#testresult/572d9a0179898fa","status":"failed","statusDetails":"AssertionError: Response does not contain 'result' key.","time":{"start":1731543539515,"stop":1731543570190,"duration":30675}},{"uid":"2b16bb530bff5cec","reportUrl":"https://status-im.github.io/status-cli-tests/273//#testresult/2b16bb530bff5cec","status":"broken","statusDetails":"RuntimeError: Request to http://127.0.0.1:18279 usig method wakuext_fetchCommunity timed out after 10 seconds. Node: first_node","time":{"start":1731457211137,"stop":1731457247437,"duration":36300}},{"uid":"98c8a207c21f1b36","reportUrl":"https://status-im.github.io/status-cli-tests/272//#testresult/98c8a207c21f1b36","status":"broken","statusDetails":"RuntimeError: Request to http://127.0.0.1:31189 usig method wakuext_fetchCommunity timed out after 10 seconds. Node: first_node","time":{"start":1731370798909,"stop":1731370835198,"duration":36289}},{"uid":"ee3f866db7951424","reportUrl":"https://status-im.github.io/status-cli-tests/271//#testresult/ee3f866db7951424","status":"broken","statusDetails":"RuntimeError: Request to http://127.0.0.1:20633 usig method wakuext_fetchCommunity timed out after 10 seconds. Node: first_node","time":{"start":1731284403280,"stop":1731284439583,"duration":36303}},{"uid":"b9ebd5fd1fb3f10c","reportUrl":"https://status-im.github.io/status-cli-tests/270//#testresult/b9ebd5fd1fb3f10c","status":"broken","statusDetails":"RuntimeError: Request to http://127.0.0.1:64700 usig method wakuext_fetchCommunity timed out after 10 seconds. Node: first_node","time":{"start":1731198045329,"stop":1731198081634,"duration":36305}},{"uid":"f0ba4d73bd65ce83","reportUrl":"https://status-im.github.io/status-cli-tests/269//#testresult/f0ba4d73bd65ce83","status":"broken","statusDetails":"RuntimeError: Request to http://127.0.0.1:63646 usig method wakuext_fetchCommunity timed out after 10 seconds. Node: first_node","time":{"start":1731111584989,"stop":1731111621279,"duration":36290}}]},"tags":["@pytest.mark.usefixtures('start_1_node')","flaky(reruns=2)"]},"source":"7c56e11ea95b2295.json","parameterValues":[]}