{"uid":"e1534dc8462ed1c8","name":"test_join_community_with_low_bandwith","fullName":"tests.test_join_community.TestJoinCommunity#test_join_community_with_low_bandwith","historyId":"acec66a9fe6a2fbcbf702c9ea545d881","time":{"start":1732841018705,"stop":1732841084429,"duration":65724},"status":"failed","statusMessage":"AssertionError: Response does not contain 'result' key.","statusTrace":"tests/test_join_community.py:65: in test_join_community_with_low_bandwith\n    self.test_join_community_baseline()\ntests/test_join_community.py:19: in test_join_community_baseline\n    self.first_node.fetch_community(community_id)\n/opt/hostedtoolcache/Python/3.12.7/x64/lib/python3.12/site-packages/tenacity/__init__.py:289: in wrapped_f\n    return self(f, *args, **kw)\n/opt/hostedtoolcache/Python/3.12.7/x64/lib/python3.12/site-packages/tenacity/__init__.py:379: in __call__\n    do = self.iter(retry_state=retry_state)\n/opt/hostedtoolcache/Python/3.12.7/x64/lib/python3.12/site-packages/tenacity/__init__.py:325: in iter\n    raise retry_exc.reraise()\n/opt/hostedtoolcache/Python/3.12.7/x64/lib/python3.12/site-packages/tenacity/__init__.py:158: in reraise\n    raise self.last_attempt.result()\n/opt/hostedtoolcache/Python/3.12.7/x64/lib/python3.12/concurrent/futures/_base.py:449: in result\n    return self.__get_result()\n/opt/hostedtoolcache/Python/3.12.7/x64/lib/python3.12/concurrent/futures/_base.py:401: in __get_result\n    raise self._exception\n/opt/hostedtoolcache/Python/3.12.7/x64/lib/python3.12/site-packages/tenacity/__init__.py:382: in __call__\n    result = fn(*args, **kwargs)\nsrc/node/status_node.py:193: in fetch_community\n    return self.api.send_rpc_request(\"wakuext_fetchCommunity\", params, timeout=10)\n/opt/hostedtoolcache/Python/3.12.7/x64/lib/python3.12/site-packages/tenacity/__init__.py:289: in wrapped_f\n    return self(f, *args, **kw)\n/opt/hostedtoolcache/Python/3.12.7/x64/lib/python3.12/site-packages/tenacity/__init__.py:379: in __call__\n    do = self.iter(retry_state=retry_state)\n/opt/hostedtoolcache/Python/3.12.7/x64/lib/python3.12/site-packages/tenacity/__init__.py:325: in iter\n    raise retry_exc.reraise()\n/opt/hostedtoolcache/Python/3.12.7/x64/lib/python3.12/site-packages/tenacity/__init__.py:158: in reraise\n    raise self.last_attempt.result()\n/opt/hostedtoolcache/Python/3.12.7/x64/lib/python3.12/concurrent/futures/_base.py:449: in result\n    return self.__get_result()\n/opt/hostedtoolcache/Python/3.12.7/x64/lib/python3.12/concurrent/futures/_base.py:401: in __get_result\n    raise self._exception\n/opt/hostedtoolcache/Python/3.12.7/x64/lib/python3.12/site-packages/tenacity/__init__.py:382: in __call__\n    result = fn(*args, **kwargs)\nsrc/node/rpc_client.py:27: in send_rpc_request\n    assert \"result\" in response.json(), \"Response does not contain 'result' key.\"\nE   AssertionError: Response does not contain 'result' key.","flaky":false,"newFailed":true,"newBroken":false,"newPassed":false,"retriesCount":0,"retriesStatusChange":false,"beforeStages":[{"name":"set_allure_env_variables","time":{"start":1732839409115,"stop":1732839409116,"duration":1},"status":"passed","steps":[],"attachments":[],"parameters":[],"shouldDisplayMessage":false,"stepsCount":0,"attachmentsCount":0,"hasContent":false,"attachmentStep":false},{"name":"save_node_logs_on_fail","time":{"start":1732841010995,"stop":1732841010995,"duration":0},"status":"passed","steps":[],"attachments":[],"parameters":[],"shouldDisplayMessage":false,"stepsCount":0,"attachmentsCount":0,"hasContent":false,"attachmentStep":false},{"name":"clear_open_nodes","time":{"start":1732841010995,"stop":1732841010995,"duration":0},"status":"passed","steps":[],"attachments":[],"parameters":[],"shouldDisplayMessage":false,"stepsCount":0,"attachmentsCount":0,"hasContent":false,"attachmentStep":false},{"name":"start_1_node","time":{"start":1732841010995,"stop":1732841018705,"duration":7710},"status":"passed","steps":[],"attachments":[],"parameters":[],"shouldDisplayMessage":false,"stepsCount":0,"attachmentsCount":0,"hasContent":false,"attachmentStep":false}],"testStage":{"status":"failed","statusMessage":"AssertionError: Response does not contain 'result' key.","statusTrace":"tests/test_join_community.py:65: in test_join_community_with_low_bandwith\n    self.test_join_community_baseline()\ntests/test_join_community.py:19: in test_join_community_baseline\n    self.first_node.fetch_community(community_id)\n/opt/hostedtoolcache/Python/3.12.7/x64/lib/python3.12/site-packages/tenacity/__init__.py:289: in wrapped_f\n    return self(f, *args, **kw)\n/opt/hostedtoolcache/Python/3.12.7/x64/lib/python3.12/site-packages/tenacity/__init__.py:379: in __call__\n    do = self.iter(retry_state=retry_state)\n/opt/hostedtoolcache/Python/3.12.7/x64/lib/python3.12/site-packages/tenacity/__init__.py:325: in iter\n    raise retry_exc.reraise()\n/opt/hostedtoolcache/Python/3.12.7/x64/lib/python3.12/site-packages/tenacity/__init__.py:158: in reraise\n    raise self.last_attempt.result()\n/opt/hostedtoolcache/Python/3.12.7/x64/lib/python3.12/concurrent/futures/_base.py:449: in result\n    return self.__get_result()\n/opt/hostedtoolcache/Python/3.12.7/x64/lib/python3.12/concurrent/futures/_base.py:401: in __get_result\n    raise self._exception\n/opt/hostedtoolcache/Python/3.12.7/x64/lib/python3.12/site-packages/tenacity/__init__.py:382: in __call__\n    result = fn(*args, **kwargs)\nsrc/node/status_node.py:193: in fetch_community\n    return self.api.send_rpc_request(\"wakuext_fetchCommunity\", params, timeout=10)\n/opt/hostedtoolcache/Python/3.12.7/x64/lib/python3.12/site-packages/tenacity/__init__.py:289: in wrapped_f\n    return self(f, *args, **kw)\n/opt/hostedtoolcache/Python/3.12.7/x64/lib/python3.12/site-packages/tenacity/__init__.py:379: in __call__\n    do = self.iter(retry_state=retry_state)\n/opt/hostedtoolcache/Python/3.12.7/x64/lib/python3.12/site-packages/tenacity/__init__.py:325: in iter\n    raise retry_exc.reraise()\n/opt/hostedtoolcache/Python/3.12.7/x64/lib/python3.12/site-packages/tenacity/__init__.py:158: in reraise\n    raise self.last_attempt.result()\n/opt/hostedtoolcache/Python/3.12.7/x64/lib/python3.12/concurrent/futures/_base.py:449: in result\n    return self.__get_result()\n/opt/hostedtoolcache/Python/3.12.7/x64/lib/python3.12/concurrent/futures/_base.py:401: in __get_result\n    raise self._exception\n/opt/hostedtoolcache/Python/3.12.7/x64/lib/python3.12/site-packages/tenacity/__init__.py:382: in __call__\n    result = fn(*args, **kwargs)\nsrc/node/rpc_client.py:27: in send_rpc_request\n    assert \"result\" in response.json(), \"Response does not contain 'result' key.\"\nE   AssertionError: Response does not contain 'result' key.","steps":[],"attachments":[{"uid":"62413fee6f63e349","name":"log","source":"62413fee6f63e349.txt","type":"text/plain","size":235524}],"parameters":[],"shouldDisplayMessage":true,"stepsCount":0,"attachmentsCount":1,"hasContent":true,"attachmentStep":false},"afterStages":[{"name":"save_node_logs_on_fail::0","time":{"start":1732841084510,"stop":1732841084513,"duration":3},"status":"passed","steps":[],"attachments":[],"parameters":[],"shouldDisplayMessage":false,"stepsCount":0,"attachmentsCount":0,"hasContent":false,"attachmentStep":false},{"name":"clear_open_nodes::0","time":{"start":1732841084513,"stop":1732841084749,"duration":236},"status":"passed","steps":[],"attachments":[],"parameters":[],"shouldDisplayMessage":false,"stepsCount":0,"attachmentsCount":0,"hasContent":false,"attachmentStep":false},{"name":"set_allure_env_variables::0","time":{"start":1732841743017,"stop":1732841743017,"duration":0},"status":"passed","steps":[],"attachments":[],"parameters":[],"shouldDisplayMessage":false,"stepsCount":0,"attachmentsCount":0,"hasContent":false,"attachmentStep":false}],"labels":[{"name":"tag","value":"@pytest.mark.usefixtures('start_1_node')"},{"name":"parentSuite","value":"tests"},{"name":"suite","value":"test_join_community"},{"name":"subSuite","value":"TestJoinCommunity"},{"name":"host","value":"fv-az1391-56"},{"name":"thread","value":"60950-MainThread"},{"name":"framework","value":"pytest"},{"name":"language","value":"cpython3"},{"name":"package","value":"tests.test_join_community"},{"name":"resultFormat","value":"allure2"}],"parameters":[],"links":[],"hidden":false,"retry":false,"extra":{"severity":"normal","retries":[],"categories":[{"name":"Product defects","matchedStatuses":[],"flaky":false}],"history":{"statistic":{"failed":22,"broken":7,"skipped":0,"passed":22,"unknown":0,"total":51},"items":[{"uid":"5c2889a73c49ca3d","reportUrl":"https://status-im.github.io/status-cli-tests/288//#testresult/5c2889a73c49ca3d","status":"broken","statusDetails":"RuntimeError: Request to http://127.0.0.1:40928 usig method wakuext_fetchCommunity timed out after 10 seconds. Node: first_node","time":{"start":1732754648992,"stop":1732754711520,"duration":62528}},{"uid":"74e32136666d4e49","reportUrl":"https://status-im.github.io/status-cli-tests/287//#testresult/74e32136666d4e49","status":"failed","statusDetails":"AssertionError: Response does not contain 'result' key.","time":{"start":1732668115678,"stop":1732668189212,"duration":73534}},{"uid":"6cd8617e2a063490","reportUrl":"https://status-im.github.io/status-cli-tests/286//#testresult/6cd8617e2a063490","status":"broken","statusDetails":"RuntimeError: Request to http://127.0.0.1:49590 usig method wakuext_fetchCommunity timed out after 10 seconds. Node: first_node","time":{"start":1732581758058,"stop":1732581819656,"duration":61598}},{"uid":"3a742307c8739e92","reportUrl":"https://status-im.github.io/status-cli-tests/285//#testresult/3a742307c8739e92","status":"failed","statusDetails":"AssertionError: Response does not contain 'result' key.","time":{"start":1732495075017,"stop":1732495129488,"duration":54471}},{"uid":"f82800e1ae07d32e","reportUrl":"https://status-im.github.io/status-cli-tests/284//#testresult/f82800e1ae07d32e","status":"failed","statusDetails":"AssertionError: Response does not contain 'result' key.","time":{"start":1732408717205,"stop":1732408772132,"duration":54927}},{"uid":"1fe58fe531f16a2c","reportUrl":"https://status-im.github.io/status-cli-tests/283//#testresult/1fe58fe531f16a2c","status":"failed","statusDetails":"AssertionError: Response does not contain 'result' key.","time":{"start":1732322242432,"stop":1732322299021,"duration":56589}},{"uid":"738b7dabccb02ff2","reportUrl":"https://status-im.github.io/status-cli-tests/282//#testresult/738b7dabccb02ff2","status":"failed","statusDetails":"AssertionError: Response does not contain 'result' key.","time":{"start":1732236071608,"stop":1732236124730,"duration":53122}},{"uid":"de46d8c640010c9f","reportUrl":"https://status-im.github.io/status-cli-tests/281//#testresult/de46d8c640010c9f","status":"failed","statusDetails":"AssertionError: Response does not contain 'result' key.","time":{"start":1732149567507,"stop":1732149620963,"duration":53456}},{"uid":"89ade76c9c618d9","reportUrl":"https://status-im.github.io/status-cli-tests/280//#testresult/89ade76c9c618d9","status":"failed","statusDetails":"AssertionError: Response does not contain 'result' key.","time":{"start":1732063019886,"stop":1732063071918,"duration":52032}},{"uid":"80a7c8ec4bdc689e","reportUrl":"https://status-im.github.io/status-cli-tests/279//#testresult/80a7c8ec4bdc689e","status":"passed","time":{"start":1731976560540,"stop":1731976604768,"duration":44228}},{"uid":"18eaa775d5195230","reportUrl":"https://status-im.github.io/status-cli-tests/278//#testresult/18eaa775d5195230","status":"passed","time":{"start":1731890177830,"stop":1731890219342,"duration":41512}},{"uid":"54cda5e2fe16b57f","reportUrl":"https://status-im.github.io/status-cli-tests/277//#testresult/54cda5e2fe16b57f","status":"passed","time":{"start":1731803810260,"stop":1731803851177,"duration":40917}},{"uid":"b0243d0a48e21ab9","reportUrl":"https://status-im.github.io/status-cli-tests/276//#testresult/b0243d0a48e21ab9","status":"passed","time":{"start":1731717356914,"stop":1731717407770,"duration":50856}},{"uid":"8abeaedeb3d6284","reportUrl":"https://status-im.github.io/status-cli-tests/275//#testresult/8abeaedeb3d6284","status":"passed","time":{"start":1731630986268,"stop":1731631028901,"duration":42633}},{"uid":"78ce8e059ef8c9da","reportUrl":"https://status-im.github.io/status-cli-tests/274//#testresult/78ce8e059ef8c9da","status":"passed","time":{"start":1731544598191,"stop":1731544642033,"duration":43842}},{"uid":"87b625dcbf69a52d","reportUrl":"https://status-im.github.io/status-cli-tests/273//#testresult/87b625dcbf69a52d","status":"passed","time":{"start":1731458649935,"stop":1731458722342,"duration":72407}},{"uid":"bac0afdfd5078ac1","reportUrl":"https://status-im.github.io/status-cli-tests/272//#testresult/bac0afdfd5078ac1","status":"broken","statusDetails":"RuntimeError: Request to http://127.0.0.1:54619 usig method wakuext_fetchCommunity timed out after 10 seconds. Node: first_node","time":{"start":1731372113748,"stop":1731372172961,"duration":59213}},{"uid":"cecb6079a182271f","reportUrl":"https://status-im.github.io/status-cli-tests/271//#testresult/cecb6079a182271f","status":"broken","statusDetails":"RuntimeError: Request to http://127.0.0.1:5279 usig method wakuext_fetchCommunity timed out after 10 seconds. Node: first_node","time":{"start":1731285843835,"stop":1731285905687,"duration":61852}},{"uid":"4ec436b5202d1c10","reportUrl":"https://status-im.github.io/status-cli-tests/270//#testresult/4ec436b5202d1c10","status":"broken","statusDetails":"RuntimeError: Request to http://127.0.0.1:41716 usig method wakuext_fetchCommunity timed out after 10 seconds. Node: first_node","time":{"start":1731199335456,"stop":1731199410290,"duration":74834}},{"uid":"a236a36a3d695ae0","reportUrl":"https://status-im.github.io/status-cli-tests/269//#testresult/a236a36a3d695ae0","status":"broken","statusDetails":"RuntimeError: Request to http://127.0.0.1:53499 usig method wakuext_fetchCommunity timed out after 10 seconds. Node: first_node","time":{"start":1731112598121,"stop":1731112657299,"duration":59178}}]},"tags":["@pytest.mark.usefixtures('start_1_node')"]},"source":"e1534dc8462ed1c8.json","parameterValues":[]}