{"uid":"329e2556284575cd","name":"test_join_community_with_packet_loss","fullName":"tests.test_join_community.TestJoinCommunity#test_join_community_with_packet_loss","historyId":"447b5e60edf20b9d6546c17e4d82b687","time":{"start":1729643701964,"stop":1729643765137,"duration":63173},"status":"failed","statusMessage":"AssertionError: Response does not contain 'result' key.","statusTrace":"tests/test_join_community.py:60: in test_join_community_with_packet_loss\n    self.test_join_community_baseline()\ntests/test_join_community.py:33: in test_join_community_baseline\n    response_accept_to_join = status_node.accept_request_to_join_community(request_to_join_id)\nsrc/node/status_node.py:201: in accept_request_to_join_community\n    return self.api.send_rpc_request(\"wakuext_acceptRequestToJoinCommunity\", params)\n/opt/hostedtoolcache/Python/3.12.7/x64/lib/python3.12/site-packages/tenacity/__init__.py:289: in wrapped_f\n    return self(f, *args, **kw)\n/opt/hostedtoolcache/Python/3.12.7/x64/lib/python3.12/site-packages/tenacity/__init__.py:379: in __call__\n    do = self.iter(retry_state=retry_state)\n/opt/hostedtoolcache/Python/3.12.7/x64/lib/python3.12/site-packages/tenacity/__init__.py:325: in iter\n    raise retry_exc.reraise()\n/opt/hostedtoolcache/Python/3.12.7/x64/lib/python3.12/site-packages/tenacity/__init__.py:158: in reraise\n    raise self.last_attempt.result()\n/opt/hostedtoolcache/Python/3.12.7/x64/lib/python3.12/concurrent/futures/_base.py:449: in result\n    return self.__get_result()\n/opt/hostedtoolcache/Python/3.12.7/x64/lib/python3.12/concurrent/futures/_base.py:401: in __get_result\n    raise self._exception\n/opt/hostedtoolcache/Python/3.12.7/x64/lib/python3.12/site-packages/tenacity/__init__.py:382: in __call__\n    result = fn(*args, **kwargs)\nsrc/node/rpc_client.py:27: in send_rpc_request\n    assert \"result\" in response.json(), \"Response does not contain 'result' key.\"\nE   AssertionError: Response does not contain 'result' key.","flaky":true,"newFailed":false,"newBroken":false,"newPassed":false,"retriesCount":0,"retriesStatusChange":false,"beforeStages":[{"name":"set_allure_env_variables","time":{"start":1729642569189,"stop":1729642569189,"duration":0},"status":"passed","steps":[],"attachments":[],"parameters":[],"shouldDisplayMessage":false,"stepsCount":0,"attachmentsCount":0,"hasContent":false,"attachmentStep":false},{"name":"start_1_node","time":{"start":1729643694153,"stop":1729643701964,"duration":7811},"status":"passed","steps":[],"attachments":[],"parameters":[],"shouldDisplayMessage":false,"stepsCount":0,"attachmentsCount":0,"hasContent":false,"attachmentStep":false},{"name":"clear_open_nodes","time":{"start":1729643694153,"stop":1729643694153,"duration":0},"status":"passed","steps":[],"attachments":[],"parameters":[],"shouldDisplayMessage":false,"stepsCount":0,"attachmentsCount":0,"hasContent":false,"attachmentStep":false},{"name":"save_node_logs_on_fail","time":{"start":1729643694153,"stop":1729643694153,"duration":0},"status":"passed","steps":[],"attachments":[],"parameters":[],"shouldDisplayMessage":false,"stepsCount":0,"attachmentsCount":0,"hasContent":false,"attachmentStep":false}],"testStage":{"status":"failed","statusMessage":"AssertionError: Response does not contain 'result' key.","statusTrace":"tests/test_join_community.py:60: in test_join_community_with_packet_loss\n    self.test_join_community_baseline()\ntests/test_join_community.py:33: in test_join_community_baseline\n    response_accept_to_join = status_node.accept_request_to_join_community(request_to_join_id)\nsrc/node/status_node.py:201: in accept_request_to_join_community\n    return self.api.send_rpc_request(\"wakuext_acceptRequestToJoinCommunity\", params)\n/opt/hostedtoolcache/Python/3.12.7/x64/lib/python3.12/site-packages/tenacity/__init__.py:289: in wrapped_f\n    return self(f, *args, **kw)\n/opt/hostedtoolcache/Python/3.12.7/x64/lib/python3.12/site-packages/tenacity/__init__.py:379: in __call__\n    do = self.iter(retry_state=retry_state)\n/opt/hostedtoolcache/Python/3.12.7/x64/lib/python3.12/site-packages/tenacity/__init__.py:325: in iter\n    raise retry_exc.reraise()\n/opt/hostedtoolcache/Python/3.12.7/x64/lib/python3.12/site-packages/tenacity/__init__.py:158: in reraise\n    raise self.last_attempt.result()\n/opt/hostedtoolcache/Python/3.12.7/x64/lib/python3.12/concurrent/futures/_base.py:449: in result\n    return self.__get_result()\n/opt/hostedtoolcache/Python/3.12.7/x64/lib/python3.12/concurrent/futures/_base.py:401: in __get_result\n    raise self._exception\n/opt/hostedtoolcache/Python/3.12.7/x64/lib/python3.12/site-packages/tenacity/__init__.py:382: in __call__\n    result = fn(*args, **kwargs)\nsrc/node/rpc_client.py:27: in send_rpc_request\n    assert \"result\" in response.json(), \"Response does not contain 'result' key.\"\nE   AssertionError: Response does not contain 'result' key.","steps":[],"attachments":[{"uid":"4f0f3bdf5db0a9a7","name":"log","source":"4f0f3bdf5db0a9a7.txt","type":"text/plain","size":183101}],"parameters":[],"shouldDisplayMessage":true,"stepsCount":0,"attachmentsCount":1,"hasContent":true,"attachmentStep":false},"afterStages":[{"name":"save_node_logs_on_fail::0","time":{"start":1729643765187,"stop":1729643765189,"duration":2},"status":"passed","steps":[],"attachments":[],"parameters":[],"shouldDisplayMessage":false,"stepsCount":0,"attachmentsCount":0,"hasContent":false,"attachmentStep":false},{"name":"clear_open_nodes::0","time":{"start":1729643765189,"stop":1729643765422,"duration":233},"status":"passed","steps":[],"attachments":[],"parameters":[],"shouldDisplayMessage":false,"stepsCount":0,"attachmentsCount":0,"hasContent":false,"attachmentStep":false},{"name":"set_allure_env_variables::0","time":{"start":1729644328923,"stop":1729644328923,"duration":0},"status":"passed","steps":[],"attachments":[],"parameters":[],"shouldDisplayMessage":false,"stepsCount":0,"attachmentsCount":0,"hasContent":false,"attachmentStep":false}],"labels":[{"name":"tag","value":"@pytest.mark.usefixtures('start_1_node')"},{"name":"parentSuite","value":"tests"},{"name":"suite","value":"test_join_community"},{"name":"subSuite","value":"TestJoinCommunity"},{"name":"host","value":"fv-az532-781"},{"name":"thread","value":"76794-MainThread"},{"name":"framework","value":"pytest"},{"name":"language","value":"cpython3"},{"name":"package","value":"tests.test_join_community"},{"name":"resultFormat","value":"allure2"}],"parameters":[],"links":[],"hidden":false,"retry":false,"extra":{"severity":"normal","retries":[],"categories":[{"name":"Product defects","matchedStatuses":[],"flaky":false}],"history":{"statistic":{"failed":7,"broken":4,"skipped":0,"passed":3,"unknown":0,"total":14},"items":[{"uid":"2d6117ec146be8e","reportUrl":"https://status-im.github.io/status-cli-tests/251//#testresult/2d6117ec146be8e","status":"failed","statusDetails":"AssertionError: Response does not contain 'result' key.","time":{"start":1729557382301,"stop":1729557439629,"duration":57328}},{"uid":"3c151a7bd1d70605","reportUrl":"https://status-im.github.io/status-cli-tests/250//#testresult/3c151a7bd1d70605","status":"broken","statusDetails":"RuntimeError: Request to http://127.0.0.1:55072 usig method wakuext_fetchCommunity timed out after 10 seconds. Node: first_node","time":{"start":1729470935802,"stop":1729471007585,"duration":71783}},{"uid":"872d9456248fdad5","reportUrl":"https://status-im.github.io/status-cli-tests/249//#testresult/872d9456248fdad5","status":"failed","statusDetails":"AssertionError: Response does not contain 'result' key.","time":{"start":1729384566687,"stop":1729384678505,"duration":111818}},{"uid":"ba0ef0f52d196c11","reportUrl":"https://status-im.github.io/status-cli-tests/248//#testresult/ba0ef0f52d196c11","status":"passed","time":{"start":1729297972423,"stop":1729298056606,"duration":84183}},{"uid":"efef9630983e58e9","reportUrl":"https://status-im.github.io/status-cli-tests/247//#testresult/efef9630983e58e9","status":"failed","statusDetails":"AssertionError: Response does not contain 'result' key.","time":{"start":1729211747201,"stop":1729211833147,"duration":85946}},{"uid":"fc6e31efd90b23a3","reportUrl":"https://status-im.github.io/status-cli-tests/246//#testresult/fc6e31efd90b23a3","status":"broken","statusDetails":"RuntimeError: Request to http://127.0.0.1:42353 usig method wakuext_fetchCommunity timed out after 10 seconds. Node: first_node","time":{"start":1729125246729,"stop":1729125313286,"duration":66557}},{"uid":"c9b5ae864c67881c","reportUrl":"https://status-im.github.io/status-cli-tests/245//#testresult/c9b5ae864c67881c","status":"broken","statusDetails":"RuntimeError: Request to http://127.0.0.1:56031 usig method wakuext_fetchCommunity timed out after 10 seconds. Node: first_node","time":{"start":1729068226789,"stop":1729068281749,"duration":54960}},{"uid":"97bc7ff637be97d","reportUrl":"https://status-im.github.io/status-cli-tests/244//#testresult/97bc7ff637be97d","status":"failed","statusDetails":"AssertionError: Response does not contain 'result' key.","time":{"start":1729039242647,"stop":1729039330915,"duration":88268}},{"uid":"c78e61b07f4203de","reportUrl":"https://status-im.github.io/status-cli-tests/243//#testresult/c78e61b07f4203de","status":"passed","time":{"start":1729006526356,"stop":1729006579809,"duration":53453}},{"uid":"d989be6dfe21da1b","reportUrl":"https://status-im.github.io/status-cli-tests/242//#testresult/d989be6dfe21da1b","status":"failed","statusDetails":"AssertionError: Response does not contain 'result' key.","time":{"start":1729003874037,"stop":1729003937813,"duration":63776}},{"uid":"a53324fd2c50dc1a","reportUrl":"https://status-im.github.io/status-cli-tests/241//#testresult/a53324fd2c50dc1a","status":"failed","statusDetails":"AssertionError: Response does not contain 'result' key.","time":{"start":1728990233200,"stop":1728990325080,"duration":91880}},{"uid":"81a592ef11516fe9","reportUrl":"https://status-im.github.io/status-cli-tests/240//#testresult/81a592ef11516fe9","status":"broken","statusDetails":"RuntimeError: Request to http://127.0.0.1:13750 usig method wakuext_fetchCommunity timed out after 10 seconds. Node: first_node","time":{"start":1728952597065,"stop":1728952660423,"duration":63358}},{"uid":"e5b05ae4f1f9e417","reportUrl":"https://status-im.github.io/status-cli-tests/239//#testresult/e5b05ae4f1f9e417","status":"passed","time":{"start":1728889028149,"stop":1728889104192,"duration":76043}}]},"tags":["@pytest.mark.usefixtures('start_1_node')"]},"source":"329e2556284575cd.json","parameterValues":[]}