{"uid":"36e92687f9408c08","name":"test_join_community_baseline","fullName":"tests.test_join_community.TestJoinCommunity#test_join_community_baseline","historyId":"0045b227df045106355999bb08fb6547","time":{"start":1729643548262,"stop":1729643599692,"duration":51430},"status":"failed","statusMessage":"AssertionError: Response does not contain 'result' key.","statusTrace":"tests/test_join_community.py:33: in test_join_community_baseline\n    response_accept_to_join = status_node.accept_request_to_join_community(request_to_join_id)\nsrc/node/status_node.py:201: in accept_request_to_join_community\n    return self.api.send_rpc_request(\"wakuext_acceptRequestToJoinCommunity\", params)\n/opt/hostedtoolcache/Python/3.12.7/x64/lib/python3.12/site-packages/tenacity/__init__.py:289: in wrapped_f\n    return self(f, *args, **kw)\n/opt/hostedtoolcache/Python/3.12.7/x64/lib/python3.12/site-packages/tenacity/__init__.py:379: in __call__\n    do = self.iter(retry_state=retry_state)\n/opt/hostedtoolcache/Python/3.12.7/x64/lib/python3.12/site-packages/tenacity/__init__.py:325: in iter\n    raise retry_exc.reraise()\n/opt/hostedtoolcache/Python/3.12.7/x64/lib/python3.12/site-packages/tenacity/__init__.py:158: in reraise\n    raise self.last_attempt.result()\n/opt/hostedtoolcache/Python/3.12.7/x64/lib/python3.12/concurrent/futures/_base.py:449: in result\n    return self.__get_result()\n/opt/hostedtoolcache/Python/3.12.7/x64/lib/python3.12/concurrent/futures/_base.py:401: in __get_result\n    raise self._exception\n/opt/hostedtoolcache/Python/3.12.7/x64/lib/python3.12/site-packages/tenacity/__init__.py:382: in __call__\n    result = fn(*args, **kwargs)\nsrc/node/rpc_client.py:27: in send_rpc_request\n    assert \"result\" in response.json(), \"Response does not contain 'result' key.\"\nE   AssertionError: Response does not contain 'result' key.","flaky":false,"newFailed":false,"newBroken":false,"newPassed":false,"retriesCount":2,"retriesStatusChange":false,"beforeStages":[{"name":"set_allure_env_variables","time":{"start":1729642569189,"stop":1729642569189,"duration":0},"status":"passed","steps":[],"attachments":[],"parameters":[],"shouldDisplayMessage":false,"stepsCount":0,"attachmentsCount":0,"hasContent":false,"attachmentStep":false},{"name":"clear_open_nodes","time":{"start":1729643540450,"stop":1729643540450,"duration":0},"status":"passed","steps":[],"attachments":[],"parameters":[],"shouldDisplayMessage":false,"stepsCount":0,"attachmentsCount":0,"hasContent":false,"attachmentStep":false},{"name":"start_1_node","time":{"start":1729643540450,"stop":1729643548261,"duration":7811},"status":"passed","steps":[],"attachments":[],"parameters":[],"shouldDisplayMessage":false,"stepsCount":0,"attachmentsCount":0,"hasContent":false,"attachmentStep":false},{"name":"save_node_logs_on_fail","time":{"start":1729643540450,"stop":1729643540450,"duration":0},"status":"passed","steps":[],"attachments":[],"parameters":[],"shouldDisplayMessage":false,"stepsCount":0,"attachmentsCount":0,"hasContent":false,"attachmentStep":false}],"testStage":{"status":"failed","statusMessage":"AssertionError: Response does not contain 'result' key.","statusTrace":"tests/test_join_community.py:33: in test_join_community_baseline\n    response_accept_to_join = status_node.accept_request_to_join_community(request_to_join_id)\nsrc/node/status_node.py:201: in accept_request_to_join_community\n    return self.api.send_rpc_request(\"wakuext_acceptRequestToJoinCommunity\", params)\n/opt/hostedtoolcache/Python/3.12.7/x64/lib/python3.12/site-packages/tenacity/__init__.py:289: in wrapped_f\n    return self(f, *args, **kw)\n/opt/hostedtoolcache/Python/3.12.7/x64/lib/python3.12/site-packages/tenacity/__init__.py:379: in __call__\n    do = self.iter(retry_state=retry_state)\n/opt/hostedtoolcache/Python/3.12.7/x64/lib/python3.12/site-packages/tenacity/__init__.py:325: in iter\n    raise retry_exc.reraise()\n/opt/hostedtoolcache/Python/3.12.7/x64/lib/python3.12/site-packages/tenacity/__init__.py:158: in reraise\n    raise self.last_attempt.result()\n/opt/hostedtoolcache/Python/3.12.7/x64/lib/python3.12/concurrent/futures/_base.py:449: in result\n    return self.__get_result()\n/opt/hostedtoolcache/Python/3.12.7/x64/lib/python3.12/concurrent/futures/_base.py:401: in __get_result\n    raise self._exception\n/opt/hostedtoolcache/Python/3.12.7/x64/lib/python3.12/site-packages/tenacity/__init__.py:382: in __call__\n    result = fn(*args, **kwargs)\nsrc/node/rpc_client.py:27: in send_rpc_request\n    assert \"result\" in response.json(), \"Response does not contain 'result' key.\"\nE   AssertionError: Response does not contain 'result' key.","steps":[],"attachments":[{"uid":"b114422428528bc9","name":"log","source":"b114422428528bc9.txt","type":"text/plain","size":548092}],"parameters":[],"shouldDisplayMessage":true,"stepsCount":0,"attachmentsCount":1,"hasContent":true,"attachmentStep":false},"afterStages":[{"name":"save_node_logs_on_fail::0","time":{"start":1729643599745,"stop":1729643599765,"duration":20},"status":"passed","steps":[],"attachments":[],"parameters":[],"shouldDisplayMessage":false,"stepsCount":0,"attachmentsCount":0,"hasContent":false,"attachmentStep":false},{"name":"clear_open_nodes::0","time":{"start":1729643599765,"stop":1729643599930,"duration":165},"status":"passed","steps":[],"attachments":[],"parameters":[],"shouldDisplayMessage":false,"stepsCount":0,"attachmentsCount":0,"hasContent":false,"attachmentStep":false},{"name":"set_allure_env_variables::0","time":{"start":1729644328923,"stop":1729644328923,"duration":0},"status":"passed","steps":[],"attachments":[],"parameters":[],"shouldDisplayMessage":false,"stepsCount":0,"attachmentsCount":0,"hasContent":false,"attachmentStep":false}],"labels":[{"name":"tag","value":"flaky(reruns=2)"},{"name":"tag","value":"@pytest.mark.usefixtures('start_1_node')"},{"name":"parentSuite","value":"tests"},{"name":"suite","value":"test_join_community"},{"name":"subSuite","value":"TestJoinCommunity"},{"name":"host","value":"fv-az532-781"},{"name":"thread","value":"76794-MainThread"},{"name":"framework","value":"pytest"},{"name":"language","value":"cpython3"},{"name":"package","value":"tests.test_join_community"},{"name":"resultFormat","value":"allure2"}],"parameters":[],"links":[],"hidden":false,"retry":false,"extra":{"severity":"normal","retries":[{"uid":"764071291283ed22","status":"failed","statusDetails":"AssertionError: Response does not contain 'result' key.","time":{"start":1729643488612,"stop":1729643540158,"duration":51546}},{"uid":"172559ce9c0f8985","status":"failed","statusDetails":"AssertionError: Response does not contain 'result' key.","time":{"start":1729643429245,"stop":1729643480546,"duration":51301}}],"categories":[{"name":"Product defects","matchedStatuses":[],"flaky":false}],"history":{"statistic":{"failed":5,"broken":0,"skipped":0,"passed":9,"unknown":0,"total":14},"items":[{"uid":"ec0d3af046231579","reportUrl":"https://status-im.github.io/status-cli-tests/251//#testresult/ec0d3af046231579","status":"failed","statusDetails":"AssertionError: Response does not contain 'result' key.","time":{"start":1729557199605,"stop":1729557284941,"duration":85336}},{"uid":"c89f78edec64a8bb","reportUrl":"https://status-im.github.io/status-cli-tests/250//#testresult/c89f78edec64a8bb","status":"failed","statusDetails":"AssertionError: Response does not contain 'result' key.","time":{"start":1729470764888,"stop":1729470815522,"duration":50634}},{"uid":"b0dffbb9d0cbcd6d","reportUrl":"https://status-im.github.io/status-cli-tests/249//#testresult/b0dffbb9d0cbcd6d","status":"failed","statusDetails":"AssertionError: Response does not contain 'result' key.","time":{"start":1729384413711,"stop":1729384466649,"duration":52938}},{"uid":"f9d44e662b5fc006","reportUrl":"https://status-im.github.io/status-cli-tests/248//#testresult/f9d44e662b5fc006","status":"passed","time":{"start":1729297848554,"stop":1729297888192,"duration":39638}},{"uid":"fe06b851662dac9","reportUrl":"https://status-im.github.io/status-cli-tests/247//#testresult/fe06b851662dac9","status":"passed","time":{"start":1729211604050,"stop":1729211646692,"duration":42642}},{"uid":"55d895432110c953","reportUrl":"https://status-im.github.io/status-cli-tests/246//#testresult/55d895432110c953","status":"failed","statusDetails":"AssertionError: Response does not contain 'result' key.","time":{"start":1729125102105,"stop":1729125151771,"duration":49666}},{"uid":"ecef37a786bbe6ee","reportUrl":"https://status-im.github.io/status-cli-tests/245//#testresult/ecef37a786bbe6ee","status":"passed","time":{"start":1729068114116,"stop":1729068156186,"duration":42070}},{"uid":"99fe975fb19b3447","reportUrl":"https://status-im.github.io/status-cli-tests/244//#testresult/99fe975fb19b3447","status":"passed","time":{"start":1729039103508,"stop":1729039146205,"duration":42697}},{"uid":"e66c58aa71fa301b","reportUrl":"https://status-im.github.io/status-cli-tests/243//#testresult/e66c58aa71fa301b","status":"passed","time":{"start":1729006383445,"stop":1729006428023,"duration":44578}},{"uid":"620b12e1f84123a5","reportUrl":"https://status-im.github.io/status-cli-tests/242//#testresult/620b12e1f84123a5","status":"passed","time":{"start":1729003738690,"stop":1729003779147,"duration":40457}},{"uid":"36fbc688201c8ee6","reportUrl":"https://status-im.github.io/status-cli-tests/241//#testresult/36fbc688201c8ee6","status":"passed","time":{"start":1728990106877,"stop":1728990143474,"duration":36597}},{"uid":"16aa857f5bfc0d98","reportUrl":"https://status-im.github.io/status-cli-tests/240//#testresult/16aa857f5bfc0d98","status":"passed","time":{"start":1728952468235,"stop":1728952505888,"duration":37653}},{"uid":"1d38e7f01424a58a","reportUrl":"https://status-im.github.io/status-cli-tests/239//#testresult/1d38e7f01424a58a","status":"passed","time":{"start":1728888914331,"stop":1728888951873,"duration":37542}}]},"tags":["@pytest.mark.usefixtures('start_1_node')","flaky(reruns=2)"]},"source":"36e92687f9408c08.json","parameterValues":[]}