{"uid":"16413f7976e5e743","name":"test_leave_community_with_latency","fullName":"tests.test_leave_community.TestLeaveCommunity#test_leave_community_with_latency","historyId":"79f7e4ee5aacb6424b78fe6ee6a94dab","time":{"start":1727224631600,"stop":1727224689248,"duration":57648},"status":"failed","statusMessage":"AssertionError: Response does not contain 'result' key.","statusTrace":"tests/test_leave_community.py:41: in test_leave_community_with_latency\n    self.test_leave_community_baseline()\ntests/test_leave_community.py:20: in test_leave_community_baseline\n    response_accept_to_join = self.first_node.leave_community(community_id)\nsrc/node/status_node.py:192: in leave_community\n    return self.api.send_rpc_request(\"wakuext_leaveCommunity\", params)\n/opt/hostedtoolcache/Python/3.12.6/x64/lib/python3.12/site-packages/tenacity/__init__.py:289: in wrapped_f\n    return self(f, *args, **kw)\n/opt/hostedtoolcache/Python/3.12.6/x64/lib/python3.12/site-packages/tenacity/__init__.py:379: in __call__\n    do = self.iter(retry_state=retry_state)\n/opt/hostedtoolcache/Python/3.12.6/x64/lib/python3.12/site-packages/tenacity/__init__.py:325: in iter\n    raise retry_exc.reraise()\n/opt/hostedtoolcache/Python/3.12.6/x64/lib/python3.12/site-packages/tenacity/__init__.py:158: in reraise\n    raise self.last_attempt.result()\n/opt/hostedtoolcache/Python/3.12.6/x64/lib/python3.12/concurrent/futures/_base.py:449: in result\n    return self.__get_result()\n/opt/hostedtoolcache/Python/3.12.6/x64/lib/python3.12/concurrent/futures/_base.py:401: in __get_result\n    raise self._exception\n/opt/hostedtoolcache/Python/3.12.6/x64/lib/python3.12/site-packages/tenacity/__init__.py:382: in __call__\n    result = fn(*args, **kwargs)\nsrc/node/rpc_client.py:27: in send_rpc_request\n    assert \"result\" in response.json(), \"Response does not contain 'result' key.\"\nE   AssertionError: Response does not contain 'result' key.","flaky":false,"newFailed":true,"newBroken":false,"newPassed":false,"retriesCount":0,"retriesStatusChange":false,"beforeStages":[{"name":"set_allure_env_variables","time":{"start":1727223076843,"stop":1727223076843,"duration":0},"status":"passed","steps":[],"attachments":[],"parameters":[],"shouldDisplayMessage":false,"stepsCount":0,"attachmentsCount":0,"hasContent":false,"attachmentStep":false},{"name":"start_1_node","time":{"start":1727224623790,"stop":1727224631599,"duration":7809},"status":"passed","steps":[],"attachments":[],"parameters":[],"shouldDisplayMessage":false,"stepsCount":0,"attachmentsCount":0,"hasContent":false,"attachmentStep":false},{"name":"clear_open_nodes","time":{"start":1727224623790,"stop":1727224623790,"duration":0},"status":"passed","steps":[],"attachments":[],"parameters":[],"shouldDisplayMessage":false,"stepsCount":0,"attachmentsCount":0,"hasContent":false,"attachmentStep":false},{"name":"save_node_logs_on_fail","time":{"start":1727224623790,"stop":1727224623790,"duration":0},"status":"passed","steps":[],"attachments":[],"parameters":[],"shouldDisplayMessage":false,"stepsCount":0,"attachmentsCount":0,"hasContent":false,"attachmentStep":false}],"testStage":{"status":"failed","statusMessage":"AssertionError: Response does not contain 'result' key.","statusTrace":"tests/test_leave_community.py:41: in test_leave_community_with_latency\n    self.test_leave_community_baseline()\ntests/test_leave_community.py:20: in test_leave_community_baseline\n    response_accept_to_join = self.first_node.leave_community(community_id)\nsrc/node/status_node.py:192: in leave_community\n    return self.api.send_rpc_request(\"wakuext_leaveCommunity\", params)\n/opt/hostedtoolcache/Python/3.12.6/x64/lib/python3.12/site-packages/tenacity/__init__.py:289: in wrapped_f\n    return self(f, *args, **kw)\n/opt/hostedtoolcache/Python/3.12.6/x64/lib/python3.12/site-packages/tenacity/__init__.py:379: in __call__\n    do = self.iter(retry_state=retry_state)\n/opt/hostedtoolcache/Python/3.12.6/x64/lib/python3.12/site-packages/tenacity/__init__.py:325: in iter\n    raise retry_exc.reraise()\n/opt/hostedtoolcache/Python/3.12.6/x64/lib/python3.12/site-packages/tenacity/__init__.py:158: in reraise\n    raise self.last_attempt.result()\n/opt/hostedtoolcache/Python/3.12.6/x64/lib/python3.12/concurrent/futures/_base.py:449: in result\n    return self.__get_result()\n/opt/hostedtoolcache/Python/3.12.6/x64/lib/python3.12/concurrent/futures/_base.py:401: in __get_result\n    raise self._exception\n/opt/hostedtoolcache/Python/3.12.6/x64/lib/python3.12/site-packages/tenacity/__init__.py:382: in __call__\n    result = fn(*args, **kwargs)\nsrc/node/rpc_client.py:27: in send_rpc_request\n    assert \"result\" in response.json(), \"Response does not contain 'result' key.\"\nE   AssertionError: Response does not contain 'result' key.","steps":[],"attachments":[{"uid":"b3096412bc1cd45b","name":"log","source":"b3096412bc1cd45b.txt","type":"text/plain","size":334583}],"parameters":[],"shouldDisplayMessage":true,"stepsCount":0,"attachmentsCount":1,"hasContent":true,"attachmentStep":false},"afterStages":[{"name":"save_node_logs_on_fail::0","time":{"start":1727224689294,"stop":1727224689296,"duration":2},"status":"passed","steps":[],"attachments":[],"parameters":[],"shouldDisplayMessage":false,"stepsCount":0,"attachmentsCount":0,"hasContent":false,"attachmentStep":false},{"name":"clear_open_nodes::0","time":{"start":1727224689297,"stop":1727224689418,"duration":121},"status":"passed","steps":[],"attachments":[],"parameters":[],"shouldDisplayMessage":false,"stepsCount":0,"attachmentsCount":0,"hasContent":false,"attachmentStep":false},{"name":"set_allure_env_variables::0","time":{"start":1727225340333,"stop":1727225340333,"duration":0},"status":"passed","steps":[],"attachments":[],"parameters":[],"shouldDisplayMessage":false,"stepsCount":0,"attachmentsCount":0,"hasContent":false,"attachmentStep":false}],"labels":[{"name":"tag","value":"@pytest.mark.usefixtures('start_1_node')"},{"name":"parentSuite","value":"tests"},{"name":"suite","value":"test_leave_community"},{"name":"subSuite","value":"TestLeaveCommunity"},{"name":"host","value":"fv-az1530-602"},{"name":"thread","value":"10037-MainThread"},{"name":"framework","value":"pytest"},{"name":"language","value":"cpython3"},{"name":"package","value":"tests.test_leave_community"},{"name":"resultFormat","value":"allure2"}],"parameters":[],"links":[],"hidden":false,"retry":false,"extra":{"severity":"normal","retries":[],"categories":[{"name":"Product defects","matchedStatuses":[],"flaky":false}],"history":{"statistic":{"failed":42,"broken":14,"skipped":0,"passed":26,"unknown":0,"total":82},"items":[{"uid":"caa7d63671fdfef5","reportUrl":"https://status-im.github.io/status-cli-tests/214//#testresult/caa7d63671fdfef5","status":"broken","statusDetails":"RuntimeError: Request to http://127.0.0.1:52246 usig method wakuext_fetchCommunity timed out after 10 seconds. Node: first_node","time":{"start":1727138209532,"stop":1727138315384,"duration":105852}},{"uid":"78ee08caaff2349b","reportUrl":"https://status-im.github.io/status-cli-tests/213//#testresult/78ee08caaff2349b","status":"passed","time":{"start":1727086109324,"stop":1727086157004,"duration":47680}},{"uid":"fe0de30861afdb1b","reportUrl":"https://status-im.github.io/status-cli-tests/212//#testresult/fe0de30861afdb1b","status":"passed","time":{"start":1727079974631,"stop":1727080021278,"duration":46647}},{"uid":"af257a0278153a06","reportUrl":"https://status-im.github.io/status-cli-tests/211//#testresult/af257a0278153a06","status":"passed","time":{"start":1727051645685,"stop":1727051693359,"duration":47674}},{"uid":"686c2aa0410220a9","reportUrl":"https://status-im.github.io/status-cli-tests/210//#testresult/686c2aa0410220a9","status":"passed","time":{"start":1726965283326,"stop":1726965329932,"duration":46606}},{"uid":"628a0fb950bf0cc3","reportUrl":"https://status-im.github.io/status-cli-tests/209//#testresult/628a0fb950bf0cc3","status":"passed","time":{"start":1726878865805,"stop":1726878931493,"duration":65688}},{"uid":"1e34d0a5b43a4e8a","reportUrl":"https://status-im.github.io/status-cli-tests/208//#testresult/1e34d0a5b43a4e8a","status":"passed","time":{"start":1726792451043,"stop":1726792497729,"duration":46686}},{"uid":"7955bba6d2a77500","reportUrl":"https://status-im.github.io/status-cli-tests/207//#testresult/7955bba6d2a77500","status":"passed","time":{"start":1726706087510,"stop":1726706153129,"duration":65619}},{"uid":"1eb0164d295401f1","reportUrl":"https://status-im.github.io/status-cli-tests/206//#testresult/1eb0164d295401f1","status":"failed","statusDetails":"AssertionError: Response does not contain 'result' key.","time":{"start":1726619628276,"stop":1726619662798,"duration":34522}},{"uid":"d51947e89feef5cb","reportUrl":"https://status-im.github.io/status-cli-tests/205//#testresult/d51947e89feef5cb","status":"passed","time":{"start":1726553454184,"stop":1726553504855,"duration":50671}},{"uid":"280c03987e0afb60","reportUrl":"https://status-im.github.io/status-cli-tests/204//#testresult/280c03987e0afb60","status":"failed","statusDetails":"AssertionError: Response does not contain 'result' key.","time":{"start":1726533237238,"stop":1726533271863,"duration":34625}},{"uid":"323555147dfa7cb2","reportUrl":"https://status-im.github.io/status-cli-tests/203//#testresult/323555147dfa7cb2","status":"failed","statusDetails":"AssertionError: Response does not contain 'result' key.","time":{"start":1726446849359,"stop":1726446883896,"duration":34537}},{"uid":"f3604208a1426e2e","reportUrl":"https://status-im.github.io/status-cli-tests/202//#testresult/f3604208a1426e2e","status":"failed","statusDetails":"AssertionError: Response does not contain 'result' key.","time":{"start":1726360449927,"stop":1726360484512,"duration":34585}},{"uid":"2ada38cf4bbaffe7","reportUrl":"https://status-im.github.io/status-cli-tests/201//#testresult/2ada38cf4bbaffe7","status":"failed","statusDetails":"AssertionError: Response does not contain 'result' key.","time":{"start":1726274003988,"stop":1726274038531,"duration":34543}},{"uid":"f1afe55c9cfd4485","reportUrl":"https://status-im.github.io/status-cli-tests/200//#testresult/f1afe55c9cfd4485","status":"failed","statusDetails":"AssertionError: Response does not contain 'result' key.","time":{"start":1726187583419,"stop":1726187637013,"duration":53594}},{"uid":"c3fb768f172ece71","reportUrl":"https://status-im.github.io/status-cli-tests/199//#testresult/c3fb768f172ece71","status":"passed","time":{"start":1726101375797,"stop":1726101423476,"duration":47679}},{"uid":"a594147836e96d9e","reportUrl":"https://status-im.github.io/status-cli-tests/198//#testresult/a594147836e96d9e","status":"failed","statusDetails":"AssertionError: Response does not contain 'result' key.","time":{"start":1726067928665,"stop":1726067991883,"duration":63218}},{"uid":"971575417fa82ea8","reportUrl":"https://status-im.github.io/status-cli-tests/197//#testresult/971575417fa82ea8","status":"failed","statusDetails":"AssertionError: Response does not contain 'result' key.","time":{"start":1726050792827,"stop":1726050851728,"duration":58901}},{"uid":"646ae2ae27840719","reportUrl":"https://status-im.github.io/status-cli-tests/196//#testresult/646ae2ae27840719","status":"failed","statusDetails":"AssertionError","time":{"start":1726015327307,"stop":1726015402472,"duration":75165}},{"uid":"8aef3e67dba4be6c","reportUrl":"https://status-im.github.io/status-cli-tests/195//#testresult/8aef3e67dba4be6c","status":"broken","statusDetails":"requests.exceptions.ReadTimeout: HTTPConnectionPool(host='127.0.0.1', port=7176): Read timed out. (read timeout=10)","time":{"start":1725929084007,"stop":1725929138487,"duration":54480}}]},"tags":["@pytest.mark.usefixtures('start_1_node')"]},"source":"16413f7976e5e743.json","parameterValues":[]}