{"uid":"91ec0a1917ea44a","name":"test_join_community_with_latency","fullName":"tests.test_join_community.TestJoinCommunity#test_join_community_with_latency","historyId":"c03b8c5d33abbf92b5cd45f8a8de165b","time":{"start":1732494908437,"stop":1732494999532,"duration":91095},"status":"failed","statusMessage":"AssertionError: Response does not contain 'result' key.","statusTrace":"tests/test_join_community.py:55: in test_join_community_with_latency\n    self.test_join_community_baseline()\ntests/test_join_community.py:33: in test_join_community_baseline\n    response_accept_to_join = status_node.accept_request_to_join_community(request_to_join_id)\nsrc/node/status_node.py:201: in accept_request_to_join_community\n    return self.api.send_rpc_request(\"wakuext_acceptRequestToJoinCommunity\", params)\n/opt/hostedtoolcache/Python/3.12.7/x64/lib/python3.12/site-packages/tenacity/__init__.py:289: in wrapped_f\n    return self(f, *args, **kw)\n/opt/hostedtoolcache/Python/3.12.7/x64/lib/python3.12/site-packages/tenacity/__init__.py:379: in __call__\n    do = self.iter(retry_state=retry_state)\n/opt/hostedtoolcache/Python/3.12.7/x64/lib/python3.12/site-packages/tenacity/__init__.py:325: in iter\n    raise retry_exc.reraise()\n/opt/hostedtoolcache/Python/3.12.7/x64/lib/python3.12/site-packages/tenacity/__init__.py:158: in reraise\n    raise self.last_attempt.result()\n/opt/hostedtoolcache/Python/3.12.7/x64/lib/python3.12/concurrent/futures/_base.py:449: in result\n    return self.__get_result()\n/opt/hostedtoolcache/Python/3.12.7/x64/lib/python3.12/concurrent/futures/_base.py:401: in __get_result\n    raise self._exception\n/opt/hostedtoolcache/Python/3.12.7/x64/lib/python3.12/site-packages/tenacity/__init__.py:382: in __call__\n    result = fn(*args, **kwargs)\nsrc/node/rpc_client.py:27: in send_rpc_request\n    assert \"result\" in response.json(), \"Response does not contain 'result' key.\"\nE   AssertionError: Response does not contain 'result' key.","flaky":false,"newFailed":true,"newBroken":false,"newPassed":false,"retriesCount":0,"retriesStatusChange":false,"beforeStages":[{"name":"set_allure_env_variables","time":{"start":1732493805926,"stop":1732493805926,"duration":0},"status":"passed","steps":[],"attachments":[],"parameters":[],"shouldDisplayMessage":false,"stepsCount":0,"attachmentsCount":0,"hasContent":false,"attachmentStep":false},{"name":"clear_open_nodes","time":{"start":1732494900626,"stop":1732494900626,"duration":0},"status":"passed","steps":[],"attachments":[],"parameters":[],"shouldDisplayMessage":false,"stepsCount":0,"attachmentsCount":0,"hasContent":false,"attachmentStep":false},{"name":"start_1_node","time":{"start":1732494900627,"stop":1732494908436,"duration":7809},"status":"passed","steps":[],"attachments":[],"parameters":[],"shouldDisplayMessage":false,"stepsCount":0,"attachmentsCount":0,"hasContent":false,"attachmentStep":false},{"name":"save_node_logs_on_fail","time":{"start":1732494900627,"stop":1732494900627,"duration":0},"status":"passed","steps":[],"attachments":[],"parameters":[],"shouldDisplayMessage":false,"stepsCount":0,"attachmentsCount":0,"hasContent":false,"attachmentStep":false}],"testStage":{"status":"failed","statusMessage":"AssertionError: Response does not contain 'result' key.","statusTrace":"tests/test_join_community.py:55: in test_join_community_with_latency\n    self.test_join_community_baseline()\ntests/test_join_community.py:33: in test_join_community_baseline\n    response_accept_to_join = status_node.accept_request_to_join_community(request_to_join_id)\nsrc/node/status_node.py:201: in accept_request_to_join_community\n    return self.api.send_rpc_request(\"wakuext_acceptRequestToJoinCommunity\", params)\n/opt/hostedtoolcache/Python/3.12.7/x64/lib/python3.12/site-packages/tenacity/__init__.py:289: in wrapped_f\n    return self(f, *args, **kw)\n/opt/hostedtoolcache/Python/3.12.7/x64/lib/python3.12/site-packages/tenacity/__init__.py:379: in __call__\n    do = self.iter(retry_state=retry_state)\n/opt/hostedtoolcache/Python/3.12.7/x64/lib/python3.12/site-packages/tenacity/__init__.py:325: in iter\n    raise retry_exc.reraise()\n/opt/hostedtoolcache/Python/3.12.7/x64/lib/python3.12/site-packages/tenacity/__init__.py:158: in reraise\n    raise self.last_attempt.result()\n/opt/hostedtoolcache/Python/3.12.7/x64/lib/python3.12/concurrent/futures/_base.py:449: in result\n    return self.__get_result()\n/opt/hostedtoolcache/Python/3.12.7/x64/lib/python3.12/concurrent/futures/_base.py:401: in __get_result\n    raise self._exception\n/opt/hostedtoolcache/Python/3.12.7/x64/lib/python3.12/site-packages/tenacity/__init__.py:382: in __call__\n    result = fn(*args, **kwargs)\nsrc/node/rpc_client.py:27: in send_rpc_request\n    assert \"result\" in response.json(), \"Response does not contain 'result' key.\"\nE   AssertionError: Response does not contain 'result' key.","steps":[],"attachments":[{"uid":"985573563b48460","name":"log","source":"985573563b48460.txt","type":"text/plain","size":361271}],"parameters":[],"shouldDisplayMessage":true,"stepsCount":0,"attachmentsCount":1,"hasContent":true,"attachmentStep":false},"afterStages":[{"name":"save_node_logs_on_fail::0","time":{"start":1732494999580,"stop":1732494999582,"duration":2},"status":"passed","steps":[],"attachments":[],"parameters":[],"shouldDisplayMessage":false,"stepsCount":0,"attachmentsCount":0,"hasContent":false,"attachmentStep":false},{"name":"clear_open_nodes::0","time":{"start":1732494999582,"stop":1732494999825,"duration":243},"status":"passed","steps":[],"attachments":[],"parameters":[],"shouldDisplayMessage":false,"stepsCount":0,"attachmentsCount":0,"hasContent":false,"attachmentStep":false},{"name":"set_allure_env_variables::0","time":{"start":1732495800781,"stop":1732495800782,"duration":1},"status":"passed","steps":[],"attachments":[],"parameters":[],"shouldDisplayMessage":false,"stepsCount":0,"attachmentsCount":0,"hasContent":false,"attachmentStep":false}],"labels":[{"name":"tag","value":"@pytest.mark.usefixtures('start_1_node')"},{"name":"parentSuite","value":"tests"},{"name":"suite","value":"test_join_community"},{"name":"subSuite","value":"TestJoinCommunity"},{"name":"host","value":"fv-az2031-471"},{"name":"thread","value":"60851-MainThread"},{"name":"framework","value":"pytest"},{"name":"language","value":"cpython3"},{"name":"package","value":"tests.test_join_community"},{"name":"resultFormat","value":"allure2"}],"parameters":[],"links":[],"hidden":false,"retry":false,"extra":{"severity":"normal","retries":[],"categories":[{"name":"Product defects","matchedStatuses":[],"flaky":false}],"history":{"statistic":{"failed":27,"broken":13,"skipped":0,"passed":7,"unknown":0,"total":47},"items":[{"uid":"2b4de88601c11811","reportUrl":"https://status-im.github.io/status-cli-tests/284//#testresult/2b4de88601c11811","status":"broken","statusDetails":"RuntimeError: Request to http://127.0.0.1:26844 usig method wakuext_fetchCommunity timed out after 10 seconds. Node: first_node","time":{"start":1732408568818,"stop":1732408625940,"duration":57122}},{"uid":"4deb418ad2f3f3a7","reportUrl":"https://status-im.github.io/status-cli-tests/283//#testresult/4deb418ad2f3f3a7","status":"broken","statusDetails":"RuntimeError: Request to http://127.0.0.1:59008 usig method wakuext_fetchCommunity timed out after 10 seconds. Node: first_node","time":{"start":1732322090109,"stop":1732322164076,"duration":73967}},{"uid":"f85cdd306dc54592","reportUrl":"https://status-im.github.io/status-cli-tests/282//#testresult/f85cdd306dc54592","status":"failed","statusDetails":"AssertionError: Response does not contain 'result' key.","time":{"start":1732235854409,"stop":1732235956187,"duration":101778}},{"uid":"31a89cbd431d5cbe","reportUrl":"https://status-im.github.io/status-cli-tests/281//#testresult/31a89cbd431d5cbe","status":"failed","statusDetails":"AssertionError: Response does not contain 'result' key.","time":{"start":1732149376815,"stop":1732149479468,"duration":102653}},{"uid":"586c183ff60b0e4","reportUrl":"https://status-im.github.io/status-cli-tests/280//#testresult/586c183ff60b0e4","status":"failed","statusDetails":"AssertionError: Response does not contain 'result' key.","time":{"start":1732062841665,"stop":1732062923091,"duration":81426}},{"uid":"f02de133317a8d57","reportUrl":"https://status-im.github.io/status-cli-tests/279//#testresult/f02de133317a8d57","status":"passed","time":{"start":1731976403835,"stop":1731976489771,"duration":85936}},{"uid":"8ad56bb28ae6f848","reportUrl":"https://status-im.github.io/status-cli-tests/278//#testresult/8ad56bb28ae6f848","status":"failed","statusDetails":"AssertionError: Response does not contain 'result' key.","time":{"start":1731889997104,"stop":1731890091811,"duration":94707}},{"uid":"ce30a50a4cbcbdf","reportUrl":"https://status-im.github.io/status-cli-tests/277//#testresult/ce30a50a4cbcbdf","status":"failed","statusDetails":"AssertionError: Response does not contain 'result' key.","time":{"start":1731803632762,"stop":1731803717629,"duration":84867}},{"uid":"64714d50a1487d5d","reportUrl":"https://status-im.github.io/status-cli-tests/276//#testresult/64714d50a1487d5d","status":"passed","time":{"start":1731717146582,"stop":1731717281203,"duration":134621}},{"uid":"73c85b3b3ce01f54","reportUrl":"https://status-im.github.io/status-cli-tests/275//#testresult/73c85b3b3ce01f54","status":"failed","statusDetails":"AssertionError: Response does not contain 'result' key.","time":{"start":1731630782366,"stop":1731630865265,"duration":82899}},{"uid":"6a96cbcb27a34d9d","reportUrl":"https://status-im.github.io/status-cli-tests/274//#testresult/6a96cbcb27a34d9d","status":"passed","time":{"start":1731544378311,"stop":1731544481052,"duration":102741}},{"uid":"e634d319b38d4ee4","reportUrl":"https://status-im.github.io/status-cli-tests/273//#testresult/e634d319b38d4ee4","status":"broken","statusDetails":"RuntimeError: Request to http://127.0.0.1:56868 usig method wakuext_fetchCommunity timed out after 10 seconds. Node: first_node","time":{"start":1731458426475,"stop":1731458521426,"duration":94951}},{"uid":"14fadb5be1a425a","reportUrl":"https://status-im.github.io/status-cli-tests/272//#testresult/14fadb5be1a425a","status":"broken","statusDetails":"RuntimeError: Request to http://127.0.0.1:5990 usig method wakuext_fetchCommunity timed out after 10 seconds. Node: first_node","time":{"start":1731371910630,"stop":1731372018474,"duration":107844}},{"uid":"713abb5a2f21ddc5","reportUrl":"https://status-im.github.io/status-cli-tests/271//#testresult/713abb5a2f21ddc5","status":"broken","statusDetails":"RuntimeError: Request to http://127.0.0.1:54495 usig method wakuext_fetchCommunity timed out after 10 seconds. Node: first_node","time":{"start":1731285624817,"stop":1731285716599,"duration":91782}},{"uid":"f46cc53ea30e15e","reportUrl":"https://status-im.github.io/status-cli-tests/270//#testresult/f46cc53ea30e15e","status":"broken","statusDetails":"RuntimeError: Request to http://127.0.0.1:28281 usig method wakuext_fetchCommunity timed out after 10 seconds. Node: first_node","time":{"start":1731199193300,"stop":1731199264473,"duration":71173}},{"uid":"2ae6f25dff165494","reportUrl":"https://status-im.github.io/status-cli-tests/269//#testresult/2ae6f25dff165494","status":"failed","statusDetails":"AssertionError: Response does not contain 'result' key.","time":{"start":1731112416555,"stop":1731112524523,"duration":107968}},{"uid":"5bb34f5c6e41d181","reportUrl":"https://status-im.github.io/status-cli-tests/268//#testresult/5bb34f5c6e41d181","status":"passed","time":{"start":1731026107077,"stop":1731026192796,"duration":85719}},{"uid":"fa0bad497dd60a1b","reportUrl":"https://status-im.github.io/status-cli-tests/267//#testresult/fa0bad497dd60a1b","status":"failed","statusDetails":"AssertionError: Response does not contain 'result' key.","time":{"start":1730939677119,"stop":1730939774594,"duration":97475}},{"uid":"6085bd4e2361577a","reportUrl":"https://status-im.github.io/status-cli-tests/266//#testresult/6085bd4e2361577a","status":"failed","statusDetails":"AssertionError: Response does not contain 'result' key.","time":{"start":1730853299738,"stop":1730853387762,"duration":88024}},{"uid":"41c5719ed9783f50","reportUrl":"https://status-im.github.io/status-cli-tests/265//#testresult/41c5719ed9783f50","status":"broken","statusDetails":"RuntimeError: Request to http://127.0.0.1:8645 usig method wakuext_fetchCommunity timed out after 10 seconds. Node: first_node","time":{"start":1730767009340,"stop":1730767098520,"duration":89180}}]},"tags":["@pytest.mark.usefixtures('start_1_node')"]},"source":"91ec0a1917ea44a.json","parameterValues":[]}