{"uid":"be95bbfd17ee0395","name":"test_join_community_baseline","fullName":"tests.test_join_community.TestJoinCommunity#test_join_community_baseline","historyId":"0045b227df045106355999bb08fb6547","time":{"start":1730421543566,"stop":1730421616281,"duration":72715},"status":"failed","statusMessage":"AssertionError: Response does not contain 'result' key.","statusTrace":"tests/test_join_community.py:33: in test_join_community_baseline\n    response_accept_to_join = status_node.accept_request_to_join_community(request_to_join_id)\nsrc/node/status_node.py:201: in accept_request_to_join_community\n    return self.api.send_rpc_request(\"wakuext_acceptRequestToJoinCommunity\", params)\n/opt/hostedtoolcache/Python/3.12.7/x64/lib/python3.12/site-packages/tenacity/__init__.py:289: in wrapped_f\n    return self(f, *args, **kw)\n/opt/hostedtoolcache/Python/3.12.7/x64/lib/python3.12/site-packages/tenacity/__init__.py:379: in __call__\n    do = self.iter(retry_state=retry_state)\n/opt/hostedtoolcache/Python/3.12.7/x64/lib/python3.12/site-packages/tenacity/__init__.py:325: in iter\n    raise retry_exc.reraise()\n/opt/hostedtoolcache/Python/3.12.7/x64/lib/python3.12/site-packages/tenacity/__init__.py:158: in reraise\n    raise self.last_attempt.result()\n/opt/hostedtoolcache/Python/3.12.7/x64/lib/python3.12/concurrent/futures/_base.py:449: in result\n    return self.__get_result()\n/opt/hostedtoolcache/Python/3.12.7/x64/lib/python3.12/concurrent/futures/_base.py:401: in __get_result\n    raise self._exception\n/opt/hostedtoolcache/Python/3.12.7/x64/lib/python3.12/site-packages/tenacity/__init__.py:382: in __call__\n    result = fn(*args, **kwargs)\nsrc/node/rpc_client.py:27: in send_rpc_request\n    assert \"result\" in response.json(), \"Response does not contain 'result' key.\"\nE   AssertionError: Response does not contain 'result' key.","flaky":false,"newFailed":false,"newBroken":false,"newPassed":false,"retriesCount":2,"retriesStatusChange":true,"beforeStages":[{"name":"set_allure_env_variables","time":{"start":1730420237976,"stop":1730420237976,"duration":0},"status":"passed","steps":[],"attachments":[],"parameters":[],"shouldDisplayMessage":false,"stepsCount":0,"attachmentsCount":0,"hasContent":false,"attachmentStep":false},{"name":"start_1_node","time":{"start":1730421535757,"stop":1730421543566,"duration":7809},"status":"passed","steps":[],"attachments":[],"parameters":[],"shouldDisplayMessage":false,"stepsCount":0,"attachmentsCount":0,"hasContent":false,"attachmentStep":false},{"name":"save_node_logs_on_fail","time":{"start":1730421535757,"stop":1730421535757,"duration":0},"status":"passed","steps":[],"attachments":[],"parameters":[],"shouldDisplayMessage":false,"stepsCount":0,"attachmentsCount":0,"hasContent":false,"attachmentStep":false},{"name":"clear_open_nodes","time":{"start":1730421535757,"stop":1730421535757,"duration":0},"status":"passed","steps":[],"attachments":[],"parameters":[],"shouldDisplayMessage":false,"stepsCount":0,"attachmentsCount":0,"hasContent":false,"attachmentStep":false}],"testStage":{"status":"failed","statusMessage":"AssertionError: Response does not contain 'result' key.","statusTrace":"tests/test_join_community.py:33: in test_join_community_baseline\n    response_accept_to_join = status_node.accept_request_to_join_community(request_to_join_id)\nsrc/node/status_node.py:201: in accept_request_to_join_community\n    return self.api.send_rpc_request(\"wakuext_acceptRequestToJoinCommunity\", params)\n/opt/hostedtoolcache/Python/3.12.7/x64/lib/python3.12/site-packages/tenacity/__init__.py:289: in wrapped_f\n    return self(f, *args, **kw)\n/opt/hostedtoolcache/Python/3.12.7/x64/lib/python3.12/site-packages/tenacity/__init__.py:379: in __call__\n    do = self.iter(retry_state=retry_state)\n/opt/hostedtoolcache/Python/3.12.7/x64/lib/python3.12/site-packages/tenacity/__init__.py:325: in iter\n    raise retry_exc.reraise()\n/opt/hostedtoolcache/Python/3.12.7/x64/lib/python3.12/site-packages/tenacity/__init__.py:158: in reraise\n    raise self.last_attempt.result()\n/opt/hostedtoolcache/Python/3.12.7/x64/lib/python3.12/concurrent/futures/_base.py:449: in result\n    return self.__get_result()\n/opt/hostedtoolcache/Python/3.12.7/x64/lib/python3.12/concurrent/futures/_base.py:401: in __get_result\n    raise self._exception\n/opt/hostedtoolcache/Python/3.12.7/x64/lib/python3.12/site-packages/tenacity/__init__.py:382: in __call__\n    result = fn(*args, **kwargs)\nsrc/node/rpc_client.py:27: in send_rpc_request\n    assert \"result\" in response.json(), \"Response does not contain 'result' key.\"\nE   AssertionError: Response does not contain 'result' key.","steps":[],"attachments":[{"uid":"8d99f76f1026fd7b","name":"log","source":"8d99f76f1026fd7b.txt","type":"text/plain","size":433958}],"parameters":[],"shouldDisplayMessage":true,"stepsCount":0,"attachmentsCount":1,"hasContent":true,"attachmentStep":false},"afterStages":[{"name":"save_node_logs_on_fail::0","time":{"start":1730421616342,"stop":1730421616359,"duration":17},"status":"passed","steps":[],"attachments":[],"parameters":[],"shouldDisplayMessage":false,"stepsCount":0,"attachmentsCount":0,"hasContent":false,"attachmentStep":false},{"name":"clear_open_nodes::0","time":{"start":1730421616359,"stop":1730421616607,"duration":248},"status":"passed","steps":[],"attachments":[],"parameters":[],"shouldDisplayMessage":false,"stepsCount":0,"attachmentsCount":0,"hasContent":false,"attachmentStep":false},{"name":"set_allure_env_variables::0","time":{"start":1730422565023,"stop":1730422565023,"duration":0},"status":"passed","steps":[],"attachments":[],"parameters":[],"shouldDisplayMessage":false,"stepsCount":0,"attachmentsCount":0,"hasContent":false,"attachmentStep":false}],"labels":[{"name":"tag","value":"flaky(reruns=2)"},{"name":"tag","value":"@pytest.mark.usefixtures('start_1_node')"},{"name":"parentSuite","value":"tests"},{"name":"suite","value":"test_join_community"},{"name":"subSuite","value":"TestJoinCommunity"},{"name":"host","value":"fv-az569-105"},{"name":"thread","value":"76857-MainThread"},{"name":"framework","value":"pytest"},{"name":"language","value":"cpython3"},{"name":"package","value":"tests.test_join_community"},{"name":"resultFormat","value":"allure2"}],"parameters":[],"links":[],"hidden":false,"retry":false,"extra":{"severity":"normal","retries":[{"uid":"9dec05b8f77813bb","status":"failed","statusDetails":"AssertionError: Response does not contain 'result' key.","time":{"start":1730421471025,"stop":1730421535533,"duration":64508}},{"uid":"c5f45e693301a1a7","status":"broken","statusDetails":"RuntimeError: Request to http://127.0.0.1:52530 usig method wakuext_fetchCommunity timed out after 10 seconds. Node: first_node","time":{"start":1730421388774,"stop":1730421462895,"duration":74121}}],"categories":[{"name":"Product defects","matchedStatuses":[],"flaky":false}],"history":{"statistic":{"failed":13,"broken":1,"skipped":0,"passed":9,"unknown":0,"total":23},"items":[{"uid":"14c4d5ee16f92a0c","reportUrl":"https://status-im.github.io/status-cli-tests/260//#testresult/14c4d5ee16f92a0c","status":"failed","statusDetails":"AssertionError: Response does not contain 'result' key.","time":{"start":1730335012258,"stop":1730335068152,"duration":55894}},{"uid":"f41b2031c2ca5e70","reportUrl":"https://status-im.github.io/status-cli-tests/259//#testresult/f41b2031c2ca5e70","status":"broken","statusDetails":"RuntimeError: Request to http://127.0.0.1:27803 usig method wakuext_fetchCommunity timed out after 10 seconds. Node: first_node","time":{"start":1730248593039,"stop":1730248656403,"duration":63364}},{"uid":"825f14d3769a0d6c","reportUrl":"https://status-im.github.io/status-cli-tests/258//#testresult/825f14d3769a0d6c","status":"failed","statusDetails":"AssertionError: Response does not contain 'result' key.","time":{"start":1730162076261,"stop":1730162132690,"duration":56429}},{"uid":"f85f6f9c84e72e38","reportUrl":"https://status-im.github.io/status-cli-tests/257//#testresult/f85f6f9c84e72e38","status":"failed","statusDetails":"AssertionError: Response does not contain 'result' key.","time":{"start":1730075577488,"stop":1730075631690,"duration":54202}},{"uid":"61ced562bfb68cf4","reportUrl":"https://status-im.github.io/status-cli-tests/256//#testresult/61ced562bfb68cf4","status":"failed","statusDetails":"AssertionError: Response does not contain 'result' key.","time":{"start":1729989265308,"stop":1729989319912,"duration":54604}},{"uid":"42d1935ffe34741a","reportUrl":"https://status-im.github.io/status-cli-tests/255//#testresult/42d1935ffe34741a","status":"failed","statusDetails":"AssertionError: Response does not contain 'result' key.","time":{"start":1729902826781,"stop":1729902880883,"duration":54102}},{"uid":"168a1f8f2389ab43","reportUrl":"https://status-im.github.io/status-cli-tests/254//#testresult/168a1f8f2389ab43","status":"failed","statusDetails":"AssertionError: Response does not contain 'result' key.","time":{"start":1729816408960,"stop":1729816461611,"duration":52651}},{"uid":"85cd54894a6e2237","reportUrl":"https://status-im.github.io/status-cli-tests/253//#testresult/85cd54894a6e2237","status":"failed","statusDetails":"AssertionError: Response does not contain 'result' key.","time":{"start":1729730066491,"stop":1729730118711,"duration":52220}},{"uid":"36e92687f9408c08","reportUrl":"https://status-im.github.io/status-cli-tests/252//#testresult/36e92687f9408c08","status":"failed","statusDetails":"AssertionError: Response does not contain 'result' key.","time":{"start":1729643548262,"stop":1729643599692,"duration":51430}},{"uid":"ec0d3af046231579","reportUrl":"https://status-im.github.io/status-cli-tests/251//#testresult/ec0d3af046231579","status":"failed","statusDetails":"AssertionError: Response does not contain 'result' key.","time":{"start":1729557199605,"stop":1729557284941,"duration":85336}},{"uid":"c89f78edec64a8bb","reportUrl":"https://status-im.github.io/status-cli-tests/250//#testresult/c89f78edec64a8bb","status":"failed","statusDetails":"AssertionError: Response does not contain 'result' key.","time":{"start":1729470764888,"stop":1729470815522,"duration":50634}},{"uid":"b0dffbb9d0cbcd6d","reportUrl":"https://status-im.github.io/status-cli-tests/249//#testresult/b0dffbb9d0cbcd6d","status":"failed","statusDetails":"AssertionError: Response does not contain 'result' key.","time":{"start":1729384413711,"stop":1729384466649,"duration":52938}},{"uid":"f9d44e662b5fc006","reportUrl":"https://status-im.github.io/status-cli-tests/248//#testresult/f9d44e662b5fc006","status":"passed","time":{"start":1729297848554,"stop":1729297888192,"duration":39638}},{"uid":"fe06b851662dac9","reportUrl":"https://status-im.github.io/status-cli-tests/247//#testresult/fe06b851662dac9","status":"passed","time":{"start":1729211604050,"stop":1729211646692,"duration":42642}},{"uid":"55d895432110c953","reportUrl":"https://status-im.github.io/status-cli-tests/246//#testresult/55d895432110c953","status":"failed","statusDetails":"AssertionError: Response does not contain 'result' key.","time":{"start":1729125102105,"stop":1729125151771,"duration":49666}},{"uid":"ecef37a786bbe6ee","reportUrl":"https://status-im.github.io/status-cli-tests/245//#testresult/ecef37a786bbe6ee","status":"passed","time":{"start":1729068114116,"stop":1729068156186,"duration":42070}},{"uid":"99fe975fb19b3447","reportUrl":"https://status-im.github.io/status-cli-tests/244//#testresult/99fe975fb19b3447","status":"passed","time":{"start":1729039103508,"stop":1729039146205,"duration":42697}},{"uid":"e66c58aa71fa301b","reportUrl":"https://status-im.github.io/status-cli-tests/243//#testresult/e66c58aa71fa301b","status":"passed","time":{"start":1729006383445,"stop":1729006428023,"duration":44578}},{"uid":"620b12e1f84123a5","reportUrl":"https://status-im.github.io/status-cli-tests/242//#testresult/620b12e1f84123a5","status":"passed","time":{"start":1729003738690,"stop":1729003779147,"duration":40457}},{"uid":"36fbc688201c8ee6","reportUrl":"https://status-im.github.io/status-cli-tests/241//#testresult/36fbc688201c8ee6","status":"passed","time":{"start":1728990106877,"stop":1728990143474,"duration":36597}}]},"tags":["@pytest.mark.usefixtures('start_1_node')","flaky(reruns=2)"]},"source":"be95bbfd17ee0395.json","parameterValues":[]}