{"uid":"3e73490ce93f905a","name":"test_leave_community_baseline","fullName":"tests.test_leave_community.TestLeaveCommunity#test_leave_community_baseline","historyId":"ba5f179862c2394ab88a56b56e94ab6d","time":{"start":1731976799157,"stop":1731976856902,"duration":57745},"status":"failed","statusMessage":"AssertionError: Response does not contain 'result' key.","statusTrace":"tests/test_leave_community.py:20: in test_leave_community_baseline\n    response_accept_to_join = self.first_node.leave_community(community_id)\nsrc/node/status_node.py:209: in leave_community\n    return self.api.send_rpc_request(\"wakuext_leaveCommunity\", params)\n/opt/hostedtoolcache/Python/3.12.7/x64/lib/python3.12/site-packages/tenacity/__init__.py:289: in wrapped_f\n    return self(f, *args, **kw)\n/opt/hostedtoolcache/Python/3.12.7/x64/lib/python3.12/site-packages/tenacity/__init__.py:379: in __call__\n    do = self.iter(retry_state=retry_state)\n/opt/hostedtoolcache/Python/3.12.7/x64/lib/python3.12/site-packages/tenacity/__init__.py:325: in iter\n    raise retry_exc.reraise()\n/opt/hostedtoolcache/Python/3.12.7/x64/lib/python3.12/site-packages/tenacity/__init__.py:158: in reraise\n    raise self.last_attempt.result()\n/opt/hostedtoolcache/Python/3.12.7/x64/lib/python3.12/concurrent/futures/_base.py:449: in result\n    return self.__get_result()\n/opt/hostedtoolcache/Python/3.12.7/x64/lib/python3.12/concurrent/futures/_base.py:401: in __get_result\n    raise self._exception\n/opt/hostedtoolcache/Python/3.12.7/x64/lib/python3.12/site-packages/tenacity/__init__.py:382: in __call__\n    result = fn(*args, **kwargs)\nsrc/node/rpc_client.py:27: in send_rpc_request\n    assert \"result\" in response.json(), \"Response does not contain 'result' key.\"\nE   AssertionError: Response does not contain 'result' key.","flaky":false,"newFailed":true,"newBroken":false,"newPassed":false,"retriesCount":2,"retriesStatusChange":false,"beforeStages":[{"name":"set_allure_env_variables","time":{"start":1731975411198,"stop":1731975411198,"duration":0},"status":"passed","steps":[],"attachments":[],"parameters":[],"shouldDisplayMessage":false,"stepsCount":0,"attachmentsCount":0,"hasContent":false,"attachmentStep":false},{"name":"clear_open_nodes","time":{"start":1731976791344,"stop":1731976791344,"duration":0},"status":"passed","steps":[],"attachments":[],"parameters":[],"shouldDisplayMessage":false,"stepsCount":0,"attachmentsCount":0,"hasContent":false,"attachmentStep":false},{"name":"start_1_node","time":{"start":1731976791345,"stop":1731976799156,"duration":7811},"status":"passed","steps":[],"attachments":[],"parameters":[],"shouldDisplayMessage":false,"stepsCount":0,"attachmentsCount":0,"hasContent":false,"attachmentStep":false},{"name":"save_node_logs_on_fail","time":{"start":1731976791345,"stop":1731976791345,"duration":0},"status":"passed","steps":[],"attachments":[],"parameters":[],"shouldDisplayMessage":false,"stepsCount":0,"attachmentsCount":0,"hasContent":false,"attachmentStep":false}],"testStage":{"status":"failed","statusMessage":"AssertionError: Response does not contain 'result' key.","statusTrace":"tests/test_leave_community.py:20: in test_leave_community_baseline\n    response_accept_to_join = self.first_node.leave_community(community_id)\nsrc/node/status_node.py:209: in leave_community\n    return self.api.send_rpc_request(\"wakuext_leaveCommunity\", params)\n/opt/hostedtoolcache/Python/3.12.7/x64/lib/python3.12/site-packages/tenacity/__init__.py:289: in wrapped_f\n    return self(f, *args, **kw)\n/opt/hostedtoolcache/Python/3.12.7/x64/lib/python3.12/site-packages/tenacity/__init__.py:379: in __call__\n    do = self.iter(retry_state=retry_state)\n/opt/hostedtoolcache/Python/3.12.7/x64/lib/python3.12/site-packages/tenacity/__init__.py:325: in iter\n    raise retry_exc.reraise()\n/opt/hostedtoolcache/Python/3.12.7/x64/lib/python3.12/site-packages/tenacity/__init__.py:158: in reraise\n    raise self.last_attempt.result()\n/opt/hostedtoolcache/Python/3.12.7/x64/lib/python3.12/concurrent/futures/_base.py:449: in result\n    return self.__get_result()\n/opt/hostedtoolcache/Python/3.12.7/x64/lib/python3.12/concurrent/futures/_base.py:401: in __get_result\n    raise self._exception\n/opt/hostedtoolcache/Python/3.12.7/x64/lib/python3.12/site-packages/tenacity/__init__.py:382: in __call__\n    result = fn(*args, **kwargs)\nsrc/node/rpc_client.py:27: in send_rpc_request\n    assert \"result\" in response.json(), \"Response does not contain 'result' key.\"\nE   AssertionError: Response does not contain 'result' key.","steps":[],"attachments":[{"uid":"26b04605f797f159","name":"log","source":"26b04605f797f159.txt","type":"text/plain","size":792720}],"parameters":[],"shouldDisplayMessage":true,"stepsCount":0,"attachmentsCount":1,"hasContent":true,"attachmentStep":false},"afterStages":[{"name":"save_node_logs_on_fail::0","time":{"start":1731976856950,"stop":1731976856964,"duration":14},"status":"passed","steps":[],"attachments":[],"parameters":[],"shouldDisplayMessage":false,"stepsCount":0,"attachmentsCount":0,"hasContent":false,"attachmentStep":false},{"name":"clear_open_nodes::0","time":{"start":1731976856965,"stop":1731976857164,"duration":199},"status":"passed","steps":[],"attachments":[],"parameters":[],"shouldDisplayMessage":false,"stepsCount":0,"attachmentsCount":0,"hasContent":false,"attachmentStep":false},{"name":"set_allure_env_variables::0","time":{"start":1731977112934,"stop":1731977112934,"duration":0},"status":"passed","steps":[],"attachments":[],"parameters":[],"shouldDisplayMessage":false,"stepsCount":0,"attachmentsCount":0,"hasContent":false,"attachmentStep":false}],"labels":[{"name":"tag","value":"flaky(reruns=2)"},{"name":"tag","value":"@pytest.mark.usefixtures('start_1_node')"},{"name":"parentSuite","value":"tests"},{"name":"suite","value":"test_leave_community"},{"name":"subSuite","value":"TestLeaveCommunity"},{"name":"host","value":"fv-az1245-829"},{"name":"thread","value":"60887-MainThread"},{"name":"framework","value":"pytest"},{"name":"language","value":"cpython3"},{"name":"package","value":"tests.test_leave_community"},{"name":"resultFormat","value":"allure2"}],"parameters":[],"links":[],"hidden":false,"retry":false,"extra":{"severity":"normal","retries":[{"uid":"6de54060dcde6c31","status":"failed","statusDetails":"AssertionError: Response does not contain 'result' key.","time":{"start":1731976733323,"stop":1731976791066,"duration":57743}},{"uid":"f2101bd3706909d6","status":"failed","statusDetails":"AssertionError: Response does not contain 'result' key.","time":{"start":1731976667422,"stop":1731976725281,"duration":57859}}],"categories":[{"name":"Product defects","matchedStatuses":[],"flaky":false}],"history":{"statistic":{"failed":30,"broken":2,"skipped":0,"passed":9,"unknown":0,"total":41},"items":[{"uid":"d66c3f4d26315d14","reportUrl":"https://status-im.github.io/status-cli-tests/278//#testresult/d66c3f4d26315d14","status":"passed","time":{"start":1731890281702,"stop":1731890336859,"duration":55157}},{"uid":"7a98b462db7f4e00","reportUrl":"https://status-im.github.io/status-cli-tests/277//#testresult/7a98b462db7f4e00","status":"passed","time":{"start":1731803913933,"stop":1731803967797,"duration":53864}},{"uid":"100d407288ba01e4","reportUrl":"https://status-im.github.io/status-cli-tests/276//#testresult/100d407288ba01e4","status":"passed","time":{"start":1731717470120,"stop":1731717518297,"duration":48177}},{"uid":"a9cdf3984f0ac3d","reportUrl":"https://status-im.github.io/status-cli-tests/275//#testresult/a9cdf3984f0ac3d","status":"passed","time":{"start":1731631091806,"stop":1731631140517,"duration":48711}},{"uid":"d9541480698911d0","reportUrl":"https://status-im.github.io/status-cli-tests/274//#testresult/d9541480698911d0","status":"passed","time":{"start":1731544704530,"stop":1731544762595,"duration":58065}},{"uid":"c266334c934ab189","reportUrl":"https://status-im.github.io/status-cli-tests/273//#testresult/c266334c934ab189","status":"passed","time":{"start":1731458787538,"stop":1731458836750,"duration":49212}},{"uid":"83182f6b5fece8f9","reportUrl":"https://status-im.github.io/status-cli-tests/272//#testresult/83182f6b5fece8f9","status":"passed","time":{"start":1731372314320,"stop":1731372379513,"duration":65193}},{"uid":"e17227b5d8995a59","reportUrl":"https://status-im.github.io/status-cli-tests/271//#testresult/e17227b5d8995a59","status":"broken","statusDetails":"RuntimeError: Request to http://127.0.0.1:54570 usig method wakuext_fetchCommunity timed out after 10 seconds. Node: first_node","time":{"start":1731286197191,"stop":1731286255564,"duration":58373}},{"uid":"7035bab43e1f523f","reportUrl":"https://status-im.github.io/status-cli-tests/270//#testresult/7035bab43e1f523f","status":"broken","statusDetails":"RuntimeError: Request to http://127.0.0.1:8112 usig method wakuext_fetchCommunity timed out after 10 seconds. Node: first_node","time":{"start":1731199688685,"stop":1731199747057,"duration":58372}},{"uid":"db2680e9eca170a3","reportUrl":"https://status-im.github.io/status-cli-tests/269//#testresult/db2680e9eca170a3","status":"failed","statusDetails":"AssertionError: Response does not contain 'result' key.","time":{"start":1731112878573,"stop":1731112946420,"duration":67847}},{"uid":"7a0180a454800e6","reportUrl":"https://status-im.github.io/status-cli-tests/268//#testresult/7a0180a454800e6","status":"failed","statusDetails":"AssertionError: Response does not contain 'result' key.","time":{"start":1731026548765,"stop":1731026617881,"duration":69116}},{"uid":"f94fa3a74a67f60e","reportUrl":"https://status-im.github.io/status-cli-tests/267//#testresult/f94fa3a74a67f60e","status":"failed","statusDetails":"AssertionError: Response does not contain 'result' key.","time":{"start":1730940188647,"stop":1730940249790,"duration":61143}},{"uid":"ed9939a697a2f59c","reportUrl":"https://status-im.github.io/status-cli-tests/266//#testresult/ed9939a697a2f59c","status":"failed","statusDetails":"AssertionError: Response does not contain 'result' key.","time":{"start":1730853798901,"stop":1730853862126,"duration":63225}},{"uid":"3b59ca668272af54","reportUrl":"https://status-im.github.io/status-cli-tests/265//#testresult/3b59ca668272af54","status":"failed","statusDetails":"AssertionError: Response does not contain 'result' key.","time":{"start":1730767476998,"stop":1730767546137,"duration":69139}},{"uid":"22fe1fc2b272df54","reportUrl":"https://status-im.github.io/status-cli-tests/264//#testresult/22fe1fc2b272df54","status":"failed","statusDetails":"AssertionError: Response does not contain 'result' key.","time":{"start":1730680881857,"stop":1730680935610,"duration":53753}},{"uid":"7f4722c5dc827754","reportUrl":"https://status-im.github.io/status-cli-tests/263//#testresult/7f4722c5dc827754","status":"failed","statusDetails":"AssertionError: Response does not contain 'result' key.","time":{"start":1730594770067,"stop":1730594826688,"duration":56621}},{"uid":"9b9541a27afea58d","reportUrl":"https://status-im.github.io/status-cli-tests/262//#testresult/9b9541a27afea58d","status":"failed","statusDetails":"AssertionError: Response does not contain 'result' key.","time":{"start":1730508703895,"stop":1730508759425,"duration":55530}},{"uid":"79d889c0ebcaa401","reportUrl":"https://status-im.github.io/status-cli-tests/261//#testresult/79d889c0ebcaa401","status":"failed","statusDetails":"AssertionError: Response does not contain 'result' key.","time":{"start":1730422249694,"stop":1730422309865,"duration":60171}},{"uid":"f39d2face76231ac","reportUrl":"https://status-im.github.io/status-cli-tests/260//#testresult/f39d2face76231ac","status":"failed","statusDetails":"AssertionError: Response does not contain 'result' key.","time":{"start":1730335624745,"stop":1730335674936,"duration":50191}},{"uid":"fb21c7bfef39e9b","reportUrl":"https://status-im.github.io/status-cli-tests/259//#testresult/fb21c7bfef39e9b","status":"failed","statusDetails":"AssertionError: Response does not contain 'result' key.","time":{"start":1730249212023,"stop":1730249260804,"duration":48781}}]},"tags":["@pytest.mark.usefixtures('start_1_node')","flaky(reruns=2)"]},"source":"3e73490ce93f905a.json","parameterValues":[]}