{"uid":"12c244435e67c79","name":"test_community_messages_with_node_pause_10_seconds","fullName":"tests.test_community_messages.TestCommunityMessages#test_community_messages_with_node_pause_10_seconds","historyId":"9d5c5c19a9c20059f4a5d5c182032b2c","time":{"start":1736209184067,"stop":1736209214662,"duration":30595},"status":"failed","statusMessage":"AssertionError: Response does not contain 'result' key.","statusTrace":"tests/test_community_messages.py:79: in test_community_messages_with_node_pause_10_seconds\n    self.first_node.send_community_chat_message(message_chat_id, message)\nsrc/node/status_node.py:205: in send_community_chat_message\n    return self.api.send_rpc_request(\"wakuext_sendChatMessage\", params)\n/opt/hostedtoolcache/Python/3.12.8/x64/lib/python3.12/site-packages/tenacity/__init__.py:289: in wrapped_f\n    return self(f, *args, **kw)\n/opt/hostedtoolcache/Python/3.12.8/x64/lib/python3.12/site-packages/tenacity/__init__.py:379: in __call__\n    do = self.iter(retry_state=retry_state)\n/opt/hostedtoolcache/Python/3.12.8/x64/lib/python3.12/site-packages/tenacity/__init__.py:325: in iter\n    raise retry_exc.reraise()\n/opt/hostedtoolcache/Python/3.12.8/x64/lib/python3.12/site-packages/tenacity/__init__.py:158: in reraise\n    raise self.last_attempt.result()\n/opt/hostedtoolcache/Python/3.12.8/x64/lib/python3.12/concurrent/futures/_base.py:449: in result\n    return self.__get_result()\n/opt/hostedtoolcache/Python/3.12.8/x64/lib/python3.12/concurrent/futures/_base.py:401: in __get_result\n    raise self._exception\n/opt/hostedtoolcache/Python/3.12.8/x64/lib/python3.12/site-packages/tenacity/__init__.py:382: in __call__\n    result = fn(*args, **kwargs)\nsrc/node/rpc_client.py:27: in send_rpc_request\n    assert \"result\" in response.json(), \"Response does not contain 'result' key.\"\nE   AssertionError: Response does not contain 'result' key.","flaky":false,"newFailed":false,"newBroken":false,"newPassed":false,"retriesCount":2,"retriesStatusChange":false,"beforeStages":[{"name":"set_allure_env_variables","time":{"start":1736209022166,"stop":1736209022166,"duration":0},"status":"passed","steps":[],"attachments":[],"parameters":[],"shouldDisplayMessage":false,"stepsCount":0,"attachmentsCount":0,"hasContent":false,"attachmentStep":false},{"name":"clear_open_nodes","time":{"start":1736209176256,"stop":1736209176256,"duration":0},"status":"passed","steps":[],"attachments":[],"parameters":[],"shouldDisplayMessage":false,"stepsCount":0,"attachmentsCount":0,"hasContent":false,"attachmentStep":false},{"name":"start_1_node","time":{"start":1736209176256,"stop":1736209184067,"duration":7811},"status":"passed","steps":[],"attachments":[],"parameters":[],"shouldDisplayMessage":false,"stepsCount":0,"attachmentsCount":0,"hasContent":false,"attachmentStep":false},{"name":"save_node_logs_on_fail","time":{"start":1736209176256,"stop":1736209176256,"duration":0},"status":"passed","steps":[],"attachments":[],"parameters":[],"shouldDisplayMessage":false,"stepsCount":0,"attachmentsCount":0,"hasContent":false,"attachmentStep":false}],"testStage":{"status":"failed","statusMessage":"AssertionError: Response does not contain 'result' key.","statusTrace":"tests/test_community_messages.py:79: in test_community_messages_with_node_pause_10_seconds\n    self.first_node.send_community_chat_message(message_chat_id, message)\nsrc/node/status_node.py:205: in send_community_chat_message\n    return self.api.send_rpc_request(\"wakuext_sendChatMessage\", params)\n/opt/hostedtoolcache/Python/3.12.8/x64/lib/python3.12/site-packages/tenacity/__init__.py:289: in wrapped_f\n    return self(f, *args, **kw)\n/opt/hostedtoolcache/Python/3.12.8/x64/lib/python3.12/site-packages/tenacity/__init__.py:379: in __call__\n    do = self.iter(retry_state=retry_state)\n/opt/hostedtoolcache/Python/3.12.8/x64/lib/python3.12/site-packages/tenacity/__init__.py:325: in iter\n    raise retry_exc.reraise()\n/opt/hostedtoolcache/Python/3.12.8/x64/lib/python3.12/site-packages/tenacity/__init__.py:158: in reraise\n    raise self.last_attempt.result()\n/opt/hostedtoolcache/Python/3.12.8/x64/lib/python3.12/concurrent/futures/_base.py:449: in result\n    return self.__get_result()\n/opt/hostedtoolcache/Python/3.12.8/x64/lib/python3.12/concurrent/futures/_base.py:401: in __get_result\n    raise self._exception\n/opt/hostedtoolcache/Python/3.12.8/x64/lib/python3.12/site-packages/tenacity/__init__.py:382: in __call__\n    result = fn(*args, **kwargs)\nsrc/node/rpc_client.py:27: in send_rpc_request\n    assert \"result\" in response.json(), \"Response does not contain 'result' key.\"\nE   AssertionError: Response does not contain 'result' key.","steps":[],"attachments":[{"uid":"3ccaab308b6bb378","name":"log","source":"3ccaab308b6bb378.txt","type":"text/plain","size":368173}],"parameters":[],"shouldDisplayMessage":true,"stepsCount":0,"attachmentsCount":1,"hasContent":true,"attachmentStep":false},"afterStages":[{"name":"save_node_logs_on_fail::0","time":{"start":1736209214696,"stop":1736209214697,"duration":1},"status":"passed","steps":[],"attachments":[],"parameters":[],"shouldDisplayMessage":false,"stepsCount":0,"attachmentsCount":0,"hasContent":false,"attachmentStep":false},{"name":"clear_open_nodes::0","time":{"start":1736209214697,"stop":1736209214723,"duration":26},"status":"passed","steps":[],"attachments":[],"parameters":[],"shouldDisplayMessage":false,"stepsCount":0,"attachmentsCount":0,"hasContent":false,"attachmentStep":false},{"name":"set_allure_env_variables::0","time":{"start":1736211039776,"stop":1736211039776,"duration":0},"status":"passed","steps":[],"attachments":[],"parameters":[],"shouldDisplayMessage":false,"stepsCount":0,"attachmentsCount":0,"hasContent":false,"attachmentStep":false}],"labels":[{"name":"tag","value":"flaky(reruns=2)"},{"name":"tag","value":"@pytest.mark.usefixtures('start_1_node')"},{"name":"parentSuite","value":"tests"},{"name":"suite","value":"test_community_messages"},{"name":"subSuite","value":"TestCommunityMessages"},{"name":"host","value":"fv-az1910-173"},{"name":"thread","value":"60592-MainThread"},{"name":"framework","value":"pytest"},{"name":"language","value":"cpython3"},{"name":"package","value":"tests.test_community_messages"},{"name":"resultFormat","value":"allure2"}],"parameters":[],"links":[],"hidden":false,"retry":false,"extra":{"severity":"normal","retries":[{"uid":"4f9e1189d5ded866","status":"failed","statusDetails":"AssertionError: Response does not contain 'result' key.","time":{"start":1736209145199,"stop":1736209176193,"duration":30994}},{"uid":"fe59912a36f1bd85","status":"failed","statusDetails":"AssertionError: Response does not contain 'result' key.","time":{"start":1736209116277,"stop":1736209137312,"duration":21035}}],"categories":[{"name":"Product defects","matchedStatuses":[],"flaky":false}],"history":{"statistic":{"failed":71,"broken":11,"skipped":0,"passed":8,"unknown":0,"total":90},"items":[{"uid":"f9945d34bfae01ce","reportUrl":"https://status-im.github.io/status-cli-tests/327//#testresult/f9945d34bfae01ce","status":"failed","statusDetails":"AssertionError: Response does not contain 'result' key.","time":{"start":1736122786911,"stop":1736122807424,"duration":20513}},{"uid":"d6f88b4a3ce88d18","reportUrl":"https://status-im.github.io/status-cli-tests/326//#testresult/d6f88b4a3ce88d18","status":"failed","statusDetails":"AssertionError: Response does not contain 'result' key.","time":{"start":1736036415032,"stop":1736036438590,"duration":23558}},{"uid":"b7ad05fd918ec23b","reportUrl":"https://status-im.github.io/status-cli-tests/325//#testresult/b7ad05fd918ec23b","status":"failed","statusDetails":"AssertionError: Response does not contain 'result' key.","time":{"start":1735949931093,"stop":1735949951492,"duration":20399}},{"uid":"71612686404484c","reportUrl":"https://status-im.github.io/status-cli-tests/324//#testresult/71612686404484c","status":"failed","statusDetails":"AssertionError: Response does not contain 'result' key.","time":{"start":1735863542863,"stop":1735863563222,"duration":20359}},{"uid":"e90129135b471f94","reportUrl":"https://status-im.github.io/status-cli-tests/323//#testresult/e90129135b471f94","status":"failed","statusDetails":"AssertionError: Response does not contain 'result' key.","time":{"start":1735777130362,"stop":1735777150736,"duration":20374}},{"uid":"f4d87bb44d307002","reportUrl":"https://status-im.github.io/status-cli-tests/322//#testresult/f4d87bb44d307002","status":"failed","statusDetails":"AssertionError: Response does not contain 'result' key.","time":{"start":1735690806039,"stop":1735690826396,"duration":20357}},{"uid":"f7ed9541d3a4b670","reportUrl":"https://status-im.github.io/status-cli-tests/321//#testresult/f7ed9541d3a4b670","status":"failed","statusDetails":"AssertionError: Response does not contain 'result' key.","time":{"start":1735604346123,"stop":1735604366791,"duration":20668}},{"uid":"6910439a86da30cd","reportUrl":"https://status-im.github.io/status-cli-tests/320//#testresult/6910439a86da30cd","status":"failed","statusDetails":"AssertionError: Response does not contain 'result' key.","time":{"start":1735518005225,"stop":1735518025752,"duration":20527}},{"uid":"a9133e22e5fa1d27","reportUrl":"https://status-im.github.io/status-cli-tests/319//#testresult/a9133e22e5fa1d27","status":"failed","statusDetails":"AssertionError: Response does not contain 'result' key.","time":{"start":1735431592513,"stop":1735431613163,"duration":20650}},{"uid":"54537c5551f1ff61","reportUrl":"https://status-im.github.io/status-cli-tests/318//#testresult/54537c5551f1ff61","status":"failed","statusDetails":"AssertionError: Response does not contain 'result' key.","time":{"start":1735345110376,"stop":1735345140769,"duration":30393}},{"uid":"656b07fa6a9ce86c","reportUrl":"https://status-im.github.io/status-cli-tests/317//#testresult/656b07fa6a9ce86c","status":"failed","statusDetails":"AssertionError: Response does not contain 'result' key.","time":{"start":1735258722055,"stop":1735258743287,"duration":21232}},{"uid":"b1e437d99cfd8614","reportUrl":"https://status-im.github.io/status-cli-tests/316//#testresult/b1e437d99cfd8614","status":"failed","statusDetails":"AssertionError: Response does not contain 'result' key.","time":{"start":1735172326698,"stop":1735172347777,"duration":21079}},{"uid":"163b8c9c0f38e961","reportUrl":"https://status-im.github.io/status-cli-tests/315//#testresult/163b8c9c0f38e961","status":"failed","statusDetails":"AssertionError: Response does not contain 'result' key.","time":{"start":1735085933558,"stop":1735085954530,"duration":20972}},{"uid":"db103fbe3dc580f6","reportUrl":"https://status-im.github.io/status-cli-tests/314//#testresult/db103fbe3dc580f6","status":"failed","statusDetails":"AssertionError: Response does not contain 'result' key.","time":{"start":1734999530961,"stop":1734999551858,"duration":20897}},{"uid":"25aee84a24fdbc16","reportUrl":"https://status-im.github.io/status-cli-tests/313//#testresult/25aee84a24fdbc16","status":"failed","statusDetails":"AssertionError: Response does not contain 'result' key.","time":{"start":1734913153857,"stop":1734913174554,"duration":20697}},{"uid":"8eb3831b029db31d","reportUrl":"https://status-im.github.io/status-cli-tests/312//#testresult/8eb3831b029db31d","status":"failed","statusDetails":"AssertionError: Response does not contain 'result' key.","time":{"start":1734826785006,"stop":1734826806332,"duration":21326}},{"uid":"521d9603fb8417d5","reportUrl":"https://status-im.github.io/status-cli-tests/311//#testresult/521d9603fb8417d5","status":"failed","statusDetails":"AssertionError: Response does not contain 'result' key.","time":{"start":1734740305759,"stop":1734740336186,"duration":30427}},{"uid":"cb6947aa16d1416c","reportUrl":"https://status-im.github.io/status-cli-tests/310//#testresult/cb6947aa16d1416c","status":"failed","statusDetails":"AssertionError: Response does not contain 'result' key.","time":{"start":1734653962556,"stop":1734653993272,"duration":30716}},{"uid":"41ecbc76744471ce","reportUrl":"https://status-im.github.io/status-cli-tests/309//#testresult/41ecbc76744471ce","status":"failed","statusDetails":"AssertionError: Response does not contain 'result' key.","time":{"start":1734567587717,"stop":1734567608284,"duration":20567}},{"uid":"939ac86a718bd382","reportUrl":"https://status-im.github.io/status-cli-tests/308//#testresult/939ac86a718bd382","status":"failed","statusDetails":"AssertionError: Response does not contain 'result' key.","time":{"start":1734481184070,"stop":1734481204743,"duration":20673}}]},"tags":["@pytest.mark.usefixtures('start_1_node')","flaky(reruns=2)"]},"source":"12c244435e67c79.json","parameterValues":[]}