{"uid":"f0f969cfe2fd9885","name":"test_join_community_with_latency","fullName":"tests.test_join_community.TestJoinCommunity#test_join_community_with_latency","historyId":"c03b8c5d33abbf92b5cd45f8a8de165b","time":{"start":1736555281927,"stop":1736555347562,"duration":65635},"status":"failed","statusMessage":"AssertionError: Response does not contain 'result' key.","statusTrace":"tests/test_join_community.py:55: in test_join_community_with_latency\n    self.test_join_community_baseline()\ntests/test_join_community.py:33: in test_join_community_baseline\n    response_accept_to_join = status_node.accept_request_to_join_community(request_to_join_id)\nsrc/node/status_node.py:201: in accept_request_to_join_community\n    return self.api.send_rpc_request(\"wakuext_acceptRequestToJoinCommunity\", params)\n/opt/hostedtoolcache/Python/3.12.8/x64/lib/python3.12/site-packages/tenacity/__init__.py:289: in wrapped_f\n    return self(f, *args, **kw)\n/opt/hostedtoolcache/Python/3.12.8/x64/lib/python3.12/site-packages/tenacity/__init__.py:379: in __call__\n    do = self.iter(retry_state=retry_state)\n/opt/hostedtoolcache/Python/3.12.8/x64/lib/python3.12/site-packages/tenacity/__init__.py:325: in iter\n    raise retry_exc.reraise()\n/opt/hostedtoolcache/Python/3.12.8/x64/lib/python3.12/site-packages/tenacity/__init__.py:158: in reraise\n    raise self.last_attempt.result()\n/opt/hostedtoolcache/Python/3.12.8/x64/lib/python3.12/concurrent/futures/_base.py:449: in result\n    return self.__get_result()\n/opt/hostedtoolcache/Python/3.12.8/x64/lib/python3.12/concurrent/futures/_base.py:401: in __get_result\n    raise self._exception\n/opt/hostedtoolcache/Python/3.12.8/x64/lib/python3.12/site-packages/tenacity/__init__.py:382: in __call__\n    result = fn(*args, **kwargs)\nsrc/node/rpc_client.py:27: in send_rpc_request\n    assert \"result\" in response.json(), \"Response does not contain 'result' key.\"\nE   AssertionError: Response does not contain 'result' key.","flaky":true,"newFailed":true,"newBroken":false,"newPassed":false,"retriesCount":0,"retriesStatusChange":false,"beforeStages":[{"name":"set_allure_env_variables","time":{"start":1736554570327,"stop":1736554570327,"duration":0},"status":"passed","steps":[],"attachments":[],"parameters":[],"shouldDisplayMessage":false,"stepsCount":0,"attachmentsCount":0,"hasContent":false,"attachmentStep":false},{"name":"clear_open_nodes","time":{"start":1736555274118,"stop":1736555274118,"duration":0},"status":"passed","steps":[],"attachments":[],"parameters":[],"shouldDisplayMessage":false,"stepsCount":0,"attachmentsCount":0,"hasContent":false,"attachmentStep":false},{"name":"save_node_logs_on_fail","time":{"start":1736555274118,"stop":1736555274118,"duration":0},"status":"passed","steps":[],"attachments":[],"parameters":[],"shouldDisplayMessage":false,"stepsCount":0,"attachmentsCount":0,"hasContent":false,"attachmentStep":false},{"name":"start_1_node","time":{"start":1736555274118,"stop":1736555281927,"duration":7809},"status":"passed","steps":[],"attachments":[],"parameters":[],"shouldDisplayMessage":false,"stepsCount":0,"attachmentsCount":0,"hasContent":false,"attachmentStep":false}],"testStage":{"status":"failed","statusMessage":"AssertionError: Response does not contain 'result' key.","statusTrace":"tests/test_join_community.py:55: in test_join_community_with_latency\n    self.test_join_community_baseline()\ntests/test_join_community.py:33: in test_join_community_baseline\n    response_accept_to_join = status_node.accept_request_to_join_community(request_to_join_id)\nsrc/node/status_node.py:201: in accept_request_to_join_community\n    return self.api.send_rpc_request(\"wakuext_acceptRequestToJoinCommunity\", params)\n/opt/hostedtoolcache/Python/3.12.8/x64/lib/python3.12/site-packages/tenacity/__init__.py:289: in wrapped_f\n    return self(f, *args, **kw)\n/opt/hostedtoolcache/Python/3.12.8/x64/lib/python3.12/site-packages/tenacity/__init__.py:379: in __call__\n    do = self.iter(retry_state=retry_state)\n/opt/hostedtoolcache/Python/3.12.8/x64/lib/python3.12/site-packages/tenacity/__init__.py:325: in iter\n    raise retry_exc.reraise()\n/opt/hostedtoolcache/Python/3.12.8/x64/lib/python3.12/site-packages/tenacity/__init__.py:158: in reraise\n    raise self.last_attempt.result()\n/opt/hostedtoolcache/Python/3.12.8/x64/lib/python3.12/concurrent/futures/_base.py:449: in result\n    return self.__get_result()\n/opt/hostedtoolcache/Python/3.12.8/x64/lib/python3.12/concurrent/futures/_base.py:401: in __get_result\n    raise self._exception\n/opt/hostedtoolcache/Python/3.12.8/x64/lib/python3.12/site-packages/tenacity/__init__.py:382: in __call__\n    result = fn(*args, **kwargs)\nsrc/node/rpc_client.py:27: in send_rpc_request\n    assert \"result\" in response.json(), \"Response does not contain 'result' key.\"\nE   AssertionError: Response does not contain 'result' key.","steps":[],"attachments":[{"uid":"92867dd13826a8dd","name":"log","source":"92867dd13826a8dd.txt","type":"text/plain","size":269339}],"parameters":[],"shouldDisplayMessage":true,"stepsCount":0,"attachmentsCount":1,"hasContent":true,"attachmentStep":false},"afterStages":[{"name":"save_node_logs_on_fail::0","time":{"start":1736555347602,"stop":1736555347604,"duration":2},"status":"passed","steps":[],"attachments":[],"parameters":[],"shouldDisplayMessage":false,"stepsCount":0,"attachmentsCount":0,"hasContent":false,"attachmentStep":false},{"name":"clear_open_nodes::0","time":{"start":1736555347605,"stop":1736555347698,"duration":93},"status":"passed","steps":[],"attachments":[],"parameters":[],"shouldDisplayMessage":false,"stepsCount":0,"attachmentsCount":0,"hasContent":false,"attachmentStep":false},{"name":"set_allure_env_variables::0","time":{"start":1736555905545,"stop":1736555905546,"duration":1},"status":"passed","steps":[],"attachments":[],"parameters":[],"shouldDisplayMessage":false,"stepsCount":0,"attachmentsCount":0,"hasContent":false,"attachmentStep":false}],"labels":[{"name":"tag","value":"@pytest.mark.usefixtures('start_1_node')"},{"name":"parentSuite","value":"tests"},{"name":"suite","value":"test_join_community"},{"name":"subSuite","value":"TestJoinCommunity"},{"name":"host","value":"fv-az2023-79"},{"name":"thread","value":"60357-MainThread"},{"name":"framework","value":"pytest"},{"name":"language","value":"cpython3"},{"name":"package","value":"tests.test_join_community"},{"name":"resultFormat","value":"allure2"}],"parameters":[],"links":[],"hidden":false,"retry":false,"extra":{"severity":"normal","retries":[],"categories":[{"name":"Product defects","matchedStatuses":[],"flaky":false}],"history":{"statistic":{"failed":30,"broken":57,"skipped":0,"passed":9,"unknown":0,"total":96},"items":[{"uid":"bd3607ab696333a","reportUrl":"https://status-im.github.io/status-cli-tests/333//#testresult/bd3607ab696333a","status":"passed","time":{"start":1736468917830,"stop":1736468972960,"duration":55130}},{"uid":"4aa5fd889dfb7744","reportUrl":"https://status-im.github.io/status-cli-tests/332//#testresult/4aa5fd889dfb7744","status":"failed","statusDetails":"AssertionError: Response does not contain 'result' key.","time":{"start":1736382549066,"stop":1736382614950,"duration":65884}},{"uid":"3eb95e5331f25b62","reportUrl":"https://status-im.github.io/status-cli-tests/331//#testresult/3eb95e5331f25b62","status":"passed","time":{"start":1736320344320,"stop":1736320401926,"duration":57606}},{"uid":"f54b46fc5c902909","reportUrl":"https://status-im.github.io/status-cli-tests/330//#testresult/f54b46fc5c902909","status":"broken","statusDetails":"RuntimeError: Request to http://127.0.0.1:12821 usig method wakuext_fetchCommunity timed out after 10 seconds. Node: first_node","time":{"start":1736317063599,"stop":1736317118034,"duration":54435}},{"uid":"a823c8f1ed78dc16","reportUrl":"https://status-im.github.io/status-cli-tests/329//#testresult/a823c8f1ed78dc16","status":"broken","statusDetails":"RuntimeError: Request to http://127.0.0.1:59722 usig method wakuext_fetchCommunity timed out after 10 seconds. Node: first_node","time":{"start":1736296583555,"stop":1736296644107,"duration":60552}},{"uid":"98e9f642204a82c9","reportUrl":"https://status-im.github.io/status-cli-tests/328//#testresult/98e9f642204a82c9","status":"broken","statusDetails":"RuntimeError: Request to http://127.0.0.1:22582 usig method wakuext_fetchCommunity timed out after 10 seconds. Node: first_node","time":{"start":1736210379408,"stop":1736210439679,"duration":60271}},{"uid":"adcab20fa5b0dec4","reportUrl":"https://status-im.github.io/status-cli-tests/327//#testresult/adcab20fa5b0dec4","status":"broken","statusDetails":"RuntimeError: Request to http://127.0.0.1:15441 usig method wakuext_fetchCommunity timed out after 10 seconds. Node: first_node","time":{"start":1736123890038,"stop":1736123946818,"duration":56780}},{"uid":"1141c01c36e2c15c","reportUrl":"https://status-im.github.io/status-cli-tests/326//#testresult/1141c01c36e2c15c","status":"broken","statusDetails":"RuntimeError: Request to http://127.0.0.1:62135 usig method wakuext_fetchCommunity timed out after 10 seconds. Node: first_node","time":{"start":1736037589631,"stop":1736037646723,"duration":57092}},{"uid":"93642fbbebf60f72","reportUrl":"https://status-im.github.io/status-cli-tests/325//#testresult/93642fbbebf60f72","status":"broken","statusDetails":"RuntimeError: Request to http://127.0.0.1:62487 usig method wakuext_fetchCommunity timed out after 10 seconds. Node: first_node","time":{"start":1735951060060,"stop":1735951117054,"duration":56994}},{"uid":"cce2fca19994534a","reportUrl":"https://status-im.github.io/status-cli-tests/324//#testresult/cce2fca19994534a","status":"broken","statusDetails":"RuntimeError: Request to http://127.0.0.1:16943 usig method wakuext_fetchCommunity timed out after 10 seconds. Node: first_node","time":{"start":1735864611009,"stop":1735864669085,"duration":58076}},{"uid":"fd8540c1cba05650","reportUrl":"https://status-im.github.io/status-cli-tests/323//#testresult/fd8540c1cba05650","status":"broken","statusDetails":"RuntimeError: Request to http://127.0.0.1:8647 usig method wakuext_fetchCommunity timed out after 10 seconds. Node: first_node","time":{"start":1735778171230,"stop":1735778228306,"duration":57076}},{"uid":"5f24400edcec17ed","reportUrl":"https://status-im.github.io/status-cli-tests/322//#testresult/5f24400edcec17ed","status":"broken","statusDetails":"RuntimeError: Request to http://127.0.0.1:22968 usig method wakuext_fetchCommunity timed out after 10 seconds. Node: first_node","time":{"start":1735691905829,"stop":1735691962890,"duration":57061}},{"uid":"54359e192ce598ea","reportUrl":"https://status-im.github.io/status-cli-tests/321//#testresult/54359e192ce598ea","status":"broken","statusDetails":"RuntimeError: Request to http://127.0.0.1:36316 usig method wakuext_fetchCommunity timed out after 10 seconds. Node: first_node","time":{"start":1735605414819,"stop":1735605472019,"duration":57200}},{"uid":"4cfa286e91c9a1b","reportUrl":"https://status-im.github.io/status-cli-tests/320//#testresult/4cfa286e91c9a1b","status":"broken","statusDetails":"RuntimeError: Request to http://127.0.0.1:31113 usig method wakuext_fetchCommunity timed out after 10 seconds. Node: first_node","time":{"start":1735519042337,"stop":1735519099258,"duration":56921}},{"uid":"b0ec070064b798d8","reportUrl":"https://status-im.github.io/status-cli-tests/319//#testresult/b0ec070064b798d8","status":"broken","statusDetails":"RuntimeError: Request to http://127.0.0.1:19132 usig method wakuext_fetchCommunity timed out after 10 seconds. Node: first_node","time":{"start":1735432688783,"stop":1735432745886,"duration":57103}},{"uid":"3668c0c348e0d8e4","reportUrl":"https://status-im.github.io/status-cli-tests/318//#testresult/3668c0c348e0d8e4","status":"broken","statusDetails":"RuntimeError: Request to http://127.0.0.1:34019 usig method wakuext_fetchCommunity timed out after 10 seconds. Node: first_node","time":{"start":1735346281714,"stop":1735346339525,"duration":57811}},{"uid":"25fbfdd39f808a50","reportUrl":"https://status-im.github.io/status-cli-tests/317//#testresult/25fbfdd39f808a50","status":"broken","statusDetails":"RuntimeError: Request to http://127.0.0.1:2104 usig method wakuext_fetchCommunity timed out after 10 seconds. Node: first_node","time":{"start":1735259954030,"stop":1735260022410,"duration":68380}},{"uid":"f5aaed124d378b78","reportUrl":"https://status-im.github.io/status-cli-tests/316//#testresult/f5aaed124d378b78","status":"broken","statusDetails":"RuntimeError: Request to http://127.0.0.1:23280 usig method wakuext_fetchCommunity timed out after 10 seconds. Node: first_node","time":{"start":1735173405119,"stop":1735173479810,"duration":74691}},{"uid":"7ce4019b955f6490","reportUrl":"https://status-im.github.io/status-cli-tests/315//#testresult/7ce4019b955f6490","status":"broken","statusDetails":"RuntimeError: Request to http://127.0.0.1:32799 usig method wakuext_fetchCommunity timed out after 10 seconds. Node: first_node","time":{"start":1735087086082,"stop":1735087154257,"duration":68175}},{"uid":"82580a2d0d022802","reportUrl":"https://status-im.github.io/status-cli-tests/314//#testresult/82580a2d0d022802","status":"broken","statusDetails":"RuntimeError: Request to http://127.0.0.1:39043 usig method wakuext_fetchCommunity timed out after 10 seconds. Node: first_node","time":{"start":1735000631563,"stop":1735000695343,"duration":63780}}]},"tags":["@pytest.mark.usefixtures('start_1_node')"]},"source":"f0f969cfe2fd9885.json","parameterValues":[]}