{"uid":"c33cd545d6f224dd","name":"test_leave_community_baseline","fullName":"tests.test_leave_community.TestLeaveCommunity#test_leave_community_baseline","historyId":"ba5f179862c2394ab88a56b56e94ab6d","time":{"start":1733100493889,"stop":1733100560631,"duration":66742},"status":"failed","statusMessage":"AssertionError: Response does not contain 'result' key.","statusTrace":"tests/test_leave_community.py:13: in test_leave_community_baseline\n    self.join_created_communities()\nsrc/steps/common.py:175: in join_created_communities\n    self.first_node.fetch_community(community_id)\n/opt/hostedtoolcache/Python/3.12.7/x64/lib/python3.12/site-packages/tenacity/__init__.py:289: in wrapped_f\n    return self(f, *args, **kw)\n/opt/hostedtoolcache/Python/3.12.7/x64/lib/python3.12/site-packages/tenacity/__init__.py:379: in __call__\n    do = self.iter(retry_state=retry_state)\n/opt/hostedtoolcache/Python/3.12.7/x64/lib/python3.12/site-packages/tenacity/__init__.py:325: in iter\n    raise retry_exc.reraise()\n/opt/hostedtoolcache/Python/3.12.7/x64/lib/python3.12/site-packages/tenacity/__init__.py:158: in reraise\n    raise self.last_attempt.result()\n/opt/hostedtoolcache/Python/3.12.7/x64/lib/python3.12/concurrent/futures/_base.py:449: in result\n    return self.__get_result()\n/opt/hostedtoolcache/Python/3.12.7/x64/lib/python3.12/concurrent/futures/_base.py:401: in __get_result\n    raise self._exception\n/opt/hostedtoolcache/Python/3.12.7/x64/lib/python3.12/site-packages/tenacity/__init__.py:382: in __call__\n    result = fn(*args, **kwargs)\nsrc/node/status_node.py:193: in fetch_community\n    return self.api.send_rpc_request(\"wakuext_fetchCommunity\", params, timeout=10)\n/opt/hostedtoolcache/Python/3.12.7/x64/lib/python3.12/site-packages/tenacity/__init__.py:289: in wrapped_f\n    return self(f, *args, **kw)\n/opt/hostedtoolcache/Python/3.12.7/x64/lib/python3.12/site-packages/tenacity/__init__.py:379: in __call__\n    do = self.iter(retry_state=retry_state)\n/opt/hostedtoolcache/Python/3.12.7/x64/lib/python3.12/site-packages/tenacity/__init__.py:325: in iter\n    raise retry_exc.reraise()\n/opt/hostedtoolcache/Python/3.12.7/x64/lib/python3.12/site-packages/tenacity/__init__.py:158: in reraise\n    raise self.last_attempt.result()\n/opt/hostedtoolcache/Python/3.12.7/x64/lib/python3.12/concurrent/futures/_base.py:449: in result\n    return self.__get_result()\n/opt/hostedtoolcache/Python/3.12.7/x64/lib/python3.12/concurrent/futures/_base.py:401: in __get_result\n    raise self._exception\n/opt/hostedtoolcache/Python/3.12.7/x64/lib/python3.12/site-packages/tenacity/__init__.py:382: in __call__\n    result = fn(*args, **kwargs)\nsrc/node/rpc_client.py:27: in send_rpc_request\n    assert \"result\" in response.json(), \"Response does not contain 'result' key.\"\nE   AssertionError: Response does not contain 'result' key.","flaky":false,"newFailed":false,"newBroken":false,"newPassed":false,"retriesCount":2,"retriesStatusChange":false,"beforeStages":[{"name":"set_allure_env_variables","time":{"start":1733098644300,"stop":1733098644300,"duration":0},"status":"passed","steps":[],"attachments":[],"parameters":[],"shouldDisplayMessage":false,"stepsCount":0,"attachmentsCount":0,"hasContent":false,"attachmentStep":false},{"name":"clear_open_nodes","time":{"start":1733100486078,"stop":1733100486078,"duration":0},"status":"passed","steps":[],"attachments":[],"parameters":[],"shouldDisplayMessage":false,"stepsCount":0,"attachmentsCount":0,"hasContent":false,"attachmentStep":false},{"name":"start_1_node","time":{"start":1733100486079,"stop":1733100493888,"duration":7809},"status":"passed","steps":[],"attachments":[],"parameters":[],"shouldDisplayMessage":false,"stepsCount":0,"attachmentsCount":0,"hasContent":false,"attachmentStep":false},{"name":"save_node_logs_on_fail","time":{"start":1733100486079,"stop":1733100486079,"duration":0},"status":"passed","steps":[],"attachments":[],"parameters":[],"shouldDisplayMessage":false,"stepsCount":0,"attachmentsCount":0,"hasContent":false,"attachmentStep":false}],"testStage":{"status":"failed","statusMessage":"AssertionError: Response does not contain 'result' key.","statusTrace":"tests/test_leave_community.py:13: in test_leave_community_baseline\n    self.join_created_communities()\nsrc/steps/common.py:175: in join_created_communities\n    self.first_node.fetch_community(community_id)\n/opt/hostedtoolcache/Python/3.12.7/x64/lib/python3.12/site-packages/tenacity/__init__.py:289: in wrapped_f\n    return self(f, *args, **kw)\n/opt/hostedtoolcache/Python/3.12.7/x64/lib/python3.12/site-packages/tenacity/__init__.py:379: in __call__\n    do = self.iter(retry_state=retry_state)\n/opt/hostedtoolcache/Python/3.12.7/x64/lib/python3.12/site-packages/tenacity/__init__.py:325: in iter\n    raise retry_exc.reraise()\n/opt/hostedtoolcache/Python/3.12.7/x64/lib/python3.12/site-packages/tenacity/__init__.py:158: in reraise\n    raise self.last_attempt.result()\n/opt/hostedtoolcache/Python/3.12.7/x64/lib/python3.12/concurrent/futures/_base.py:449: in result\n    return self.__get_result()\n/opt/hostedtoolcache/Python/3.12.7/x64/lib/python3.12/concurrent/futures/_base.py:401: in __get_result\n    raise self._exception\n/opt/hostedtoolcache/Python/3.12.7/x64/lib/python3.12/site-packages/tenacity/__init__.py:382: in __call__\n    result = fn(*args, **kwargs)\nsrc/node/status_node.py:193: in fetch_community\n    return self.api.send_rpc_request(\"wakuext_fetchCommunity\", params, timeout=10)\n/opt/hostedtoolcache/Python/3.12.7/x64/lib/python3.12/site-packages/tenacity/__init__.py:289: in wrapped_f\n    return self(f, *args, **kw)\n/opt/hostedtoolcache/Python/3.12.7/x64/lib/python3.12/site-packages/tenacity/__init__.py:379: in __call__\n    do = self.iter(retry_state=retry_state)\n/opt/hostedtoolcache/Python/3.12.7/x64/lib/python3.12/site-packages/tenacity/__init__.py:325: in iter\n    raise retry_exc.reraise()\n/opt/hostedtoolcache/Python/3.12.7/x64/lib/python3.12/site-packages/tenacity/__init__.py:158: in reraise\n    raise self.last_attempt.result()\n/opt/hostedtoolcache/Python/3.12.7/x64/lib/python3.12/concurrent/futures/_base.py:449: in result\n    return self.__get_result()\n/opt/hostedtoolcache/Python/3.12.7/x64/lib/python3.12/concurrent/futures/_base.py:401: in __get_result\n    raise self._exception\n/opt/hostedtoolcache/Python/3.12.7/x64/lib/python3.12/site-packages/tenacity/__init__.py:382: in __call__\n    result = fn(*args, **kwargs)\nsrc/node/rpc_client.py:27: in send_rpc_request\n    assert \"result\" in response.json(), \"Response does not contain 'result' key.\"\nE   AssertionError: Response does not contain 'result' key.","steps":[],"attachments":[{"uid":"f7d480739188024c","name":"log","source":"f7d480739188024c.txt","type":"text/plain","size":659263}],"parameters":[],"shouldDisplayMessage":true,"stepsCount":0,"attachmentsCount":1,"hasContent":true,"attachmentStep":false},"afterStages":[{"name":"save_node_logs_on_fail::0","time":{"start":1733100560710,"stop":1733100560712,"duration":2},"status":"passed","steps":[],"attachments":[],"parameters":[],"shouldDisplayMessage":false,"stepsCount":0,"attachmentsCount":0,"hasContent":false,"attachmentStep":false},{"name":"clear_open_nodes::0","time":{"start":1733100560712,"stop":1733100560975,"duration":263},"status":"passed","steps":[],"attachments":[],"parameters":[],"shouldDisplayMessage":false,"stepsCount":0,"attachmentsCount":0,"hasContent":false,"attachmentStep":false},{"name":"set_allure_env_variables::0","time":{"start":1733100817655,"stop":1733100817656,"duration":1},"status":"passed","steps":[],"attachments":[],"parameters":[],"shouldDisplayMessage":false,"stepsCount":0,"attachmentsCount":0,"hasContent":false,"attachmentStep":false}],"labels":[{"name":"tag","value":"flaky(reruns=2)"},{"name":"tag","value":"@pytest.mark.usefixtures('start_1_node')"},{"name":"parentSuite","value":"tests"},{"name":"suite","value":"test_leave_community"},{"name":"subSuite","value":"TestLeaveCommunity"},{"name":"host","value":"fv-az1382-957"},{"name":"thread","value":"60979-MainThread"},{"name":"framework","value":"pytest"},{"name":"language","value":"cpython3"},{"name":"package","value":"tests.test_leave_community"},{"name":"resultFormat","value":"allure2"}],"parameters":[],"links":[],"hidden":false,"retry":false,"extra":{"severity":"normal","retries":[{"uid":"b399076a44932e02","status":"failed","statusDetails":"AssertionError: Response does not contain 'result' key.","time":{"start":1733100419312,"stop":1733100485749,"duration":66437}},{"uid":"2a64919df71e3487","status":"failed","statusDetails":"AssertionError: Response does not contain 'result' key.","time":{"start":1733100344124,"stop":1733100411140,"duration":67016}}],"categories":[{"name":"Product defects","matchedStatuses":[],"flaky":false}],"history":{"statistic":{"failed":42,"broken":3,"skipped":0,"passed":9,"unknown":0,"total":54},"items":[{"uid":"f21da89b5da5cdb","reportUrl":"https://status-im.github.io/status-cli-tests/291//#testresult/f21da89b5da5cdb","status":"failed","statusDetails":"AssertionError: Response does not contain 'result' key.","time":{"start":1733014357299,"stop":1733014423687,"duration":66388}},{"uid":"3629e87e7829a230","reportUrl":"https://status-im.github.io/status-cli-tests/290//#testresult/3629e87e7829a230","status":"failed","statusDetails":"AssertionError: Response does not contain 'result' key.","time":{"start":1732927813848,"stop":1732927880379,"duration":66531}},{"uid":"aa1432243bd902ff","reportUrl":"https://status-im.github.io/status-cli-tests/289//#testresult/aa1432243bd902ff","status":"failed","statusDetails":"AssertionError: Response does not contain 'result' key.","time":{"start":1732841363957,"stop":1732841430188,"duration":66231}},{"uid":"dc9373d5416547c6","reportUrl":"https://status-im.github.io/status-cli-tests/288//#testresult/dc9373d5416547c6","status":"failed","statusDetails":"AssertionError: Response does not contain 'result' key.","time":{"start":1732755067192,"stop":1732755132186,"duration":64994}},{"uid":"700aaecb889c5ce2","reportUrl":"https://status-im.github.io/status-cli-tests/287//#testresult/700aaecb889c5ce2","status":"broken","statusDetails":"RuntimeError: Request to http://127.0.0.1:61565 usig method wakuext_fetchCommunity timed out after 10 seconds. Node: first_node","time":{"start":1732668515694,"stop":1732668614709,"duration":99015}},{"uid":"e654b549addfe253","reportUrl":"https://status-im.github.io/status-cli-tests/286//#testresult/e654b549addfe253","status":"failed","statusDetails":"AssertionError: Response does not contain 'result' key.","time":{"start":1732582101880,"stop":1732582163758,"duration":61878}},{"uid":"15fd6f6aed788f67","reportUrl":"https://status-im.github.io/status-cli-tests/285//#testresult/15fd6f6aed788f67","status":"failed","statusDetails":"AssertionError: Response does not contain 'result' key.","time":{"start":1732495465863,"stop":1732495525069,"duration":59206}},{"uid":"9be45ffbd0fbe3a4","reportUrl":"https://status-im.github.io/status-cli-tests/284//#testresult/9be45ffbd0fbe3a4","status":"failed","statusDetails":"AssertionError: Response does not contain 'result' key.","time":{"start":1732409022018,"stop":1732409070741,"duration":48723}},{"uid":"39b15bf767c9f913","reportUrl":"https://status-im.github.io/status-cli-tests/283//#testresult/39b15bf767c9f913","status":"failed","statusDetails":"AssertionError: Response does not contain 'result' key.","time":{"start":1732322477554,"stop":1732322534650,"duration":57096}},{"uid":"bd40dbc04b696fe0","reportUrl":"https://status-im.github.io/status-cli-tests/282//#testresult/bd40dbc04b696fe0","status":"failed","statusDetails":"AssertionError: Response does not contain 'result' key.","time":{"start":1732236438981,"stop":1732236488938,"duration":49957}},{"uid":"bb346f1968261a7c","reportUrl":"https://status-im.github.io/status-cli-tests/281//#testresult/bb346f1968261a7c","status":"failed","statusDetails":"AssertionError: Response does not contain 'result' key.","time":{"start":1732149870159,"stop":1732149916339,"duration":46180}},{"uid":"dba00f6ec48af72f","reportUrl":"https://status-im.github.io/status-cli-tests/280//#testresult/dba00f6ec48af72f","status":"failed","statusDetails":"AssertionError: Response does not contain 'result' key.","time":{"start":1732063243280,"stop":1732063290030,"duration":46750}},{"uid":"3e73490ce93f905a","reportUrl":"https://status-im.github.io/status-cli-tests/279//#testresult/3e73490ce93f905a","status":"failed","statusDetails":"AssertionError: Response does not contain 'result' key.","time":{"start":1731976799157,"stop":1731976856902,"duration":57745}},{"uid":"d66c3f4d26315d14","reportUrl":"https://status-im.github.io/status-cli-tests/278//#testresult/d66c3f4d26315d14","status":"passed","time":{"start":1731890281702,"stop":1731890336859,"duration":55157}},{"uid":"7a98b462db7f4e00","reportUrl":"https://status-im.github.io/status-cli-tests/277//#testresult/7a98b462db7f4e00","status":"passed","time":{"start":1731803913933,"stop":1731803967797,"duration":53864}},{"uid":"100d407288ba01e4","reportUrl":"https://status-im.github.io/status-cli-tests/276//#testresult/100d407288ba01e4","status":"passed","time":{"start":1731717470120,"stop":1731717518297,"duration":48177}},{"uid":"a9cdf3984f0ac3d","reportUrl":"https://status-im.github.io/status-cli-tests/275//#testresult/a9cdf3984f0ac3d","status":"passed","time":{"start":1731631091806,"stop":1731631140517,"duration":48711}},{"uid":"d9541480698911d0","reportUrl":"https://status-im.github.io/status-cli-tests/274//#testresult/d9541480698911d0","status":"passed","time":{"start":1731544704530,"stop":1731544762595,"duration":58065}},{"uid":"c266334c934ab189","reportUrl":"https://status-im.github.io/status-cli-tests/273//#testresult/c266334c934ab189","status":"passed","time":{"start":1731458787538,"stop":1731458836750,"duration":49212}},{"uid":"83182f6b5fece8f9","reportUrl":"https://status-im.github.io/status-cli-tests/272//#testresult/83182f6b5fece8f9","status":"passed","time":{"start":1731372314320,"stop":1731372379513,"duration":65193}}]},"tags":["@pytest.mark.usefixtures('start_1_node')","flaky(reruns=2)"]},"source":"c33cd545d6f224dd.json","parameterValues":[]}