{"uid":"ce30a50a4cbcbdf","name":"test_join_community_with_latency","fullName":"tests.test_join_community.TestJoinCommunity#test_join_community_with_latency","historyId":"c03b8c5d33abbf92b5cd45f8a8de165b","time":{"start":1731803632762,"stop":1731803717629,"duration":84867},"status":"failed","statusMessage":"AssertionError: Response does not contain 'result' key.","statusTrace":"tests/test_join_community.py:55: in test_join_community_with_latency\n    self.test_join_community_baseline()\ntests/test_join_community.py:33: in test_join_community_baseline\n    response_accept_to_join = status_node.accept_request_to_join_community(request_to_join_id)\nsrc/node/status_node.py:201: in accept_request_to_join_community\n    return self.api.send_rpc_request(\"wakuext_acceptRequestToJoinCommunity\", params)\n/opt/hostedtoolcache/Python/3.12.7/x64/lib/python3.12/site-packages/tenacity/__init__.py:289: in wrapped_f\n    return self(f, *args, **kw)\n/opt/hostedtoolcache/Python/3.12.7/x64/lib/python3.12/site-packages/tenacity/__init__.py:379: in __call__\n    do = self.iter(retry_state=retry_state)\n/opt/hostedtoolcache/Python/3.12.7/x64/lib/python3.12/site-packages/tenacity/__init__.py:325: in iter\n    raise retry_exc.reraise()\n/opt/hostedtoolcache/Python/3.12.7/x64/lib/python3.12/site-packages/tenacity/__init__.py:158: in reraise\n    raise self.last_attempt.result()\n/opt/hostedtoolcache/Python/3.12.7/x64/lib/python3.12/concurrent/futures/_base.py:449: in result\n    return self.__get_result()\n/opt/hostedtoolcache/Python/3.12.7/x64/lib/python3.12/concurrent/futures/_base.py:401: in __get_result\n    raise self._exception\n/opt/hostedtoolcache/Python/3.12.7/x64/lib/python3.12/site-packages/tenacity/__init__.py:382: in __call__\n    result = fn(*args, **kwargs)\nsrc/node/rpc_client.py:27: in send_rpc_request\n    assert \"result\" in response.json(), \"Response does not contain 'result' key.\"\nE   AssertionError: Response does not contain 'result' key.","flaky":true,"newFailed":true,"newBroken":false,"newPassed":false,"retriesCount":0,"retriesStatusChange":false,"beforeStages":[{"name":"set_allure_env_variables","time":{"start":1731802646821,"stop":1731802646821,"duration":0},"status":"passed","steps":[],"attachments":[],"parameters":[],"shouldDisplayMessage":false,"stepsCount":0,"attachmentsCount":0,"hasContent":false,"attachmentStep":false},{"name":"clear_open_nodes","time":{"start":1731803624949,"stop":1731803624949,"duration":0},"status":"passed","steps":[],"attachments":[],"parameters":[],"shouldDisplayMessage":false,"stepsCount":0,"attachmentsCount":0,"hasContent":false,"attachmentStep":false},{"name":"start_1_node","time":{"start":1731803624949,"stop":1731803632761,"duration":7812},"status":"passed","steps":[],"attachments":[],"parameters":[],"shouldDisplayMessage":false,"stepsCount":0,"attachmentsCount":0,"hasContent":false,"attachmentStep":false},{"name":"save_node_logs_on_fail","time":{"start":1731803624949,"stop":1731803624949,"duration":0},"status":"passed","steps":[],"attachments":[],"parameters":[],"shouldDisplayMessage":false,"stepsCount":0,"attachmentsCount":0,"hasContent":false,"attachmentStep":false}],"testStage":{"status":"failed","statusMessage":"AssertionError: Response does not contain 'result' key.","statusTrace":"tests/test_join_community.py:55: in test_join_community_with_latency\n    self.test_join_community_baseline()\ntests/test_join_community.py:33: in test_join_community_baseline\n    response_accept_to_join = status_node.accept_request_to_join_community(request_to_join_id)\nsrc/node/status_node.py:201: in accept_request_to_join_community\n    return self.api.send_rpc_request(\"wakuext_acceptRequestToJoinCommunity\", params)\n/opt/hostedtoolcache/Python/3.12.7/x64/lib/python3.12/site-packages/tenacity/__init__.py:289: in wrapped_f\n    return self(f, *args, **kw)\n/opt/hostedtoolcache/Python/3.12.7/x64/lib/python3.12/site-packages/tenacity/__init__.py:379: in __call__\n    do = self.iter(retry_state=retry_state)\n/opt/hostedtoolcache/Python/3.12.7/x64/lib/python3.12/site-packages/tenacity/__init__.py:325: in iter\n    raise retry_exc.reraise()\n/opt/hostedtoolcache/Python/3.12.7/x64/lib/python3.12/site-packages/tenacity/__init__.py:158: in reraise\n    raise self.last_attempt.result()\n/opt/hostedtoolcache/Python/3.12.7/x64/lib/python3.12/concurrent/futures/_base.py:449: in result\n    return self.__get_result()\n/opt/hostedtoolcache/Python/3.12.7/x64/lib/python3.12/concurrent/futures/_base.py:401: in __get_result\n    raise self._exception\n/opt/hostedtoolcache/Python/3.12.7/x64/lib/python3.12/site-packages/tenacity/__init__.py:382: in __call__\n    result = fn(*args, **kwargs)\nsrc/node/rpc_client.py:27: in send_rpc_request\n    assert \"result\" in response.json(), \"Response does not contain 'result' key.\"\nE   AssertionError: Response does not contain 'result' key.","steps":[],"attachments":[{"uid":"4d1535be157435e","name":"log","source":"4d1535be157435e.txt","type":"text/plain","size":216617}],"parameters":[],"shouldDisplayMessage":true,"stepsCount":0,"attachmentsCount":1,"hasContent":true,"attachmentStep":false},"afterStages":[{"name":"save_node_logs_on_fail::0","time":{"start":1731803717680,"stop":1731803717683,"duration":3},"status":"passed","steps":[],"attachments":[],"parameters":[],"shouldDisplayMessage":false,"stepsCount":0,"attachmentsCount":0,"hasContent":false,"attachmentStep":false},{"name":"clear_open_nodes::0","time":{"start":1731803717683,"stop":1731803717897,"duration":214},"status":"passed","steps":[],"attachments":[],"parameters":[],"shouldDisplayMessage":false,"stepsCount":0,"attachmentsCount":0,"hasContent":false,"attachmentStep":false},{"name":"set_allure_env_variables::0","time":{"start":1731804223810,"stop":1731804223810,"duration":0},"status":"passed","steps":[],"attachments":[],"parameters":[],"shouldDisplayMessage":false,"stepsCount":0,"attachmentsCount":0,"hasContent":false,"attachmentStep":false}],"labels":[{"name":"tag","value":"@pytest.mark.usefixtures('start_1_node')"},{"name":"parentSuite","value":"tests"},{"name":"suite","value":"test_join_community"},{"name":"subSuite","value":"TestJoinCommunity"},{"name":"host","value":"fv-az1490-367"},{"name":"thread","value":"60869-MainThread"},{"name":"framework","value":"pytest"},{"name":"language","value":"cpython3"},{"name":"package","value":"tests.test_join_community"},{"name":"resultFormat","value":"allure2"}],"parameters":[],"links":[],"hidden":false,"retry":false,"extra":{"severity":"normal","retries":[],"categories":[{"name":"Product defects","matchedStatuses":[],"flaky":false}],"history":{"statistic":{"failed":22,"broken":11,"skipped":0,"passed":6,"unknown":0,"total":39},"items":[{"uid":"64714d50a1487d5d","reportUrl":"https://status-im.github.io/status-cli-tests/276//#testresult/64714d50a1487d5d","status":"passed","time":{"start":1731717146582,"stop":1731717281203,"duration":134621}},{"uid":"73c85b3b3ce01f54","reportUrl":"https://status-im.github.io/status-cli-tests/275//#testresult/73c85b3b3ce01f54","status":"failed","statusDetails":"AssertionError: Response does not contain 'result' key.","time":{"start":1731630782366,"stop":1731630865265,"duration":82899}},{"uid":"6a96cbcb27a34d9d","reportUrl":"https://status-im.github.io/status-cli-tests/274//#testresult/6a96cbcb27a34d9d","status":"passed","time":{"start":1731544378311,"stop":1731544481052,"duration":102741}},{"uid":"e634d319b38d4ee4","reportUrl":"https://status-im.github.io/status-cli-tests/273//#testresult/e634d319b38d4ee4","status":"broken","statusDetails":"RuntimeError: Request to http://127.0.0.1:56868 usig method wakuext_fetchCommunity timed out after 10 seconds. Node: first_node","time":{"start":1731458426475,"stop":1731458521426,"duration":94951}},{"uid":"14fadb5be1a425a","reportUrl":"https://status-im.github.io/status-cli-tests/272//#testresult/14fadb5be1a425a","status":"broken","statusDetails":"RuntimeError: Request to http://127.0.0.1:5990 usig method wakuext_fetchCommunity timed out after 10 seconds. Node: first_node","time":{"start":1731371910630,"stop":1731372018474,"duration":107844}},{"uid":"713abb5a2f21ddc5","reportUrl":"https://status-im.github.io/status-cli-tests/271//#testresult/713abb5a2f21ddc5","status":"broken","statusDetails":"RuntimeError: Request to http://127.0.0.1:54495 usig method wakuext_fetchCommunity timed out after 10 seconds. Node: first_node","time":{"start":1731285624817,"stop":1731285716599,"duration":91782}},{"uid":"f46cc53ea30e15e","reportUrl":"https://status-im.github.io/status-cli-tests/270//#testresult/f46cc53ea30e15e","status":"broken","statusDetails":"RuntimeError: Request to http://127.0.0.1:28281 usig method wakuext_fetchCommunity timed out after 10 seconds. Node: first_node","time":{"start":1731199193300,"stop":1731199264473,"duration":71173}},{"uid":"2ae6f25dff165494","reportUrl":"https://status-im.github.io/status-cli-tests/269//#testresult/2ae6f25dff165494","status":"failed","statusDetails":"AssertionError: Response does not contain 'result' key.","time":{"start":1731112416555,"stop":1731112524523,"duration":107968}},{"uid":"5bb34f5c6e41d181","reportUrl":"https://status-im.github.io/status-cli-tests/268//#testresult/5bb34f5c6e41d181","status":"passed","time":{"start":1731026107077,"stop":1731026192796,"duration":85719}},{"uid":"fa0bad497dd60a1b","reportUrl":"https://status-im.github.io/status-cli-tests/267//#testresult/fa0bad497dd60a1b","status":"failed","statusDetails":"AssertionError: Response does not contain 'result' key.","time":{"start":1730939677119,"stop":1730939774594,"duration":97475}},{"uid":"6085bd4e2361577a","reportUrl":"https://status-im.github.io/status-cli-tests/266//#testresult/6085bd4e2361577a","status":"failed","statusDetails":"AssertionError: Response does not contain 'result' key.","time":{"start":1730853299738,"stop":1730853387762,"duration":88024}},{"uid":"41c5719ed9783f50","reportUrl":"https://status-im.github.io/status-cli-tests/265//#testresult/41c5719ed9783f50","status":"broken","statusDetails":"RuntimeError: Request to http://127.0.0.1:8645 usig method wakuext_fetchCommunity timed out after 10 seconds. Node: first_node","time":{"start":1730767009340,"stop":1730767098520,"duration":89180}},{"uid":"fd34ac122d952d43","reportUrl":"https://status-im.github.io/status-cli-tests/264//#testresult/fd34ac122d952d43","status":"failed","statusDetails":"AssertionError: Response does not contain 'result' key.","time":{"start":1730680450196,"stop":1730680541931,"duration":91735}},{"uid":"a74070f889169e72","reportUrl":"https://status-im.github.io/status-cli-tests/263//#testresult/a74070f889169e72","status":"broken","statusDetails":"RuntimeError: Request to http://127.0.0.1:9807 usig method wakuext_fetchCommunity timed out after 10 seconds. Node: first_node","time":{"start":1730594402124,"stop":1730594461292,"duration":59168}},{"uid":"9e0b7fd5e22ba6e4","reportUrl":"https://status-im.github.io/status-cli-tests/262//#testresult/9e0b7fd5e22ba6e4","status":"broken","statusDetails":"RuntimeError: Request to http://127.0.0.1:31640 usig method wakuext_fetchCommunity timed out after 10 seconds. Node: first_node","time":{"start":1730508113252,"stop":1730508172169,"duration":58917}},{"uid":"5f7f4d4b3b720f41","reportUrl":"https://status-im.github.io/status-cli-tests/261//#testresult/5f7f4d4b3b720f41","status":"broken","statusDetails":"RuntimeError: Request to http://127.0.0.1:33648 usig method wakuext_fetchCommunity timed out after 10 seconds. Node: first_node","time":{"start":1730421624422,"stop":1730421733203,"duration":108781}},{"uid":"4f4158e8872a675d","reportUrl":"https://status-im.github.io/status-cli-tests/260//#testresult/4f4158e8872a675d","status":"failed","statusDetails":"AssertionError: Response does not contain 'result' key.","time":{"start":1730335076239,"stop":1730335162040,"duration":85801}},{"uid":"b9cb08edd0b8ff80","reportUrl":"https://status-im.github.io/status-cli-tests/259//#testresult/b9cb08edd0b8ff80","status":"failed","statusDetails":"AssertionError: Response does not contain 'result' key.","time":{"start":1730248664648,"stop":1730248773953,"duration":109305}},{"uid":"4ed5951dee735fc","reportUrl":"https://status-im.github.io/status-cli-tests/258//#testresult/4ed5951dee735fc","status":"failed","statusDetails":"AssertionError: Response does not contain 'result' key.","time":{"start":1730162140836,"stop":1730162227162,"duration":86326}},{"uid":"1c4458899d511c55","reportUrl":"https://status-im.github.io/status-cli-tests/257//#testresult/1c4458899d511c55","status":"failed","statusDetails":"AssertionError: Response does not contain 'result' key.","time":{"start":1730075639816,"stop":1730075732891,"duration":93075}}]},"tags":["@pytest.mark.usefixtures('start_1_node')"]},"source":"ce30a50a4cbcbdf.json","parameterValues":[]}