{"uid":"1e36274f8fa117f1","name":"test_leave_community_with_low_bandwith","fullName":"tests.test_leave_community.TestLeaveCommunity#test_leave_community_with_low_bandwith","historyId":"002f4e0ce6059e6f50dfb45299dc7da2","time":{"start":1727657011302,"stop":1727657074766,"duration":63464},"status":"failed","statusMessage":"AssertionError: Response does not contain 'result' key.","statusTrace":"tests/test_leave_community.py:53: in test_leave_community_with_low_bandwith\n    self.test_leave_community_baseline()\ntests/test_leave_community.py:20: in test_leave_community_baseline\n    response_accept_to_join = self.first_node.leave_community(community_id)\nsrc/node/status_node.py:192: in leave_community\n    return self.api.send_rpc_request(\"wakuext_leaveCommunity\", params)\n/opt/hostedtoolcache/Python/3.12.6/x64/lib/python3.12/site-packages/tenacity/__init__.py:289: in wrapped_f\n    return self(f, *args, **kw)\n/opt/hostedtoolcache/Python/3.12.6/x64/lib/python3.12/site-packages/tenacity/__init__.py:379: in __call__\n    do = self.iter(retry_state=retry_state)\n/opt/hostedtoolcache/Python/3.12.6/x64/lib/python3.12/site-packages/tenacity/__init__.py:325: in iter\n    raise retry_exc.reraise()\n/opt/hostedtoolcache/Python/3.12.6/x64/lib/python3.12/site-packages/tenacity/__init__.py:158: in reraise\n    raise self.last_attempt.result()\n/opt/hostedtoolcache/Python/3.12.6/x64/lib/python3.12/concurrent/futures/_base.py:449: in result\n    return self.__get_result()\n/opt/hostedtoolcache/Python/3.12.6/x64/lib/python3.12/concurrent/futures/_base.py:401: in __get_result\n    raise self._exception\n/opt/hostedtoolcache/Python/3.12.6/x64/lib/python3.12/site-packages/tenacity/__init__.py:382: in __call__\n    result = fn(*args, **kwargs)\nsrc/node/rpc_client.py:27: in send_rpc_request\n    assert \"result\" in response.json(), \"Response does not contain 'result' key.\"\nE   AssertionError: Response does not contain 'result' key.","flaky":false,"newFailed":false,"newBroken":false,"newPassed":false,"retriesCount":0,"retriesStatusChange":false,"beforeStages":[{"name":"set_allure_env_variables","time":{"start":1727655109587,"stop":1727655109587,"duration":0},"status":"passed","steps":[],"attachments":[],"parameters":[],"shouldDisplayMessage":false,"stepsCount":0,"attachmentsCount":0,"hasContent":false,"attachmentStep":false},{"name":"save_node_logs_on_fail","time":{"start":1727657003491,"stop":1727657003491,"duration":0},"status":"passed","steps":[],"attachments":[],"parameters":[],"shouldDisplayMessage":false,"stepsCount":0,"attachmentsCount":0,"hasContent":false,"attachmentStep":false},{"name":"start_1_node","time":{"start":1727657003491,"stop":1727657011301,"duration":7810},"status":"passed","steps":[],"attachments":[],"parameters":[],"shouldDisplayMessage":false,"stepsCount":0,"attachmentsCount":0,"hasContent":false,"attachmentStep":false},{"name":"clear_open_nodes","time":{"start":1727657003491,"stop":1727657003491,"duration":0},"status":"passed","steps":[],"attachments":[],"parameters":[],"shouldDisplayMessage":false,"stepsCount":0,"attachmentsCount":0,"hasContent":false,"attachmentStep":false}],"testStage":{"status":"failed","statusMessage":"AssertionError: Response does not contain 'result' key.","statusTrace":"tests/test_leave_community.py:53: in test_leave_community_with_low_bandwith\n    self.test_leave_community_baseline()\ntests/test_leave_community.py:20: in test_leave_community_baseline\n    response_accept_to_join = self.first_node.leave_community(community_id)\nsrc/node/status_node.py:192: in leave_community\n    return self.api.send_rpc_request(\"wakuext_leaveCommunity\", params)\n/opt/hostedtoolcache/Python/3.12.6/x64/lib/python3.12/site-packages/tenacity/__init__.py:289: in wrapped_f\n    return self(f, *args, **kw)\n/opt/hostedtoolcache/Python/3.12.6/x64/lib/python3.12/site-packages/tenacity/__init__.py:379: in __call__\n    do = self.iter(retry_state=retry_state)\n/opt/hostedtoolcache/Python/3.12.6/x64/lib/python3.12/site-packages/tenacity/__init__.py:325: in iter\n    raise retry_exc.reraise()\n/opt/hostedtoolcache/Python/3.12.6/x64/lib/python3.12/site-packages/tenacity/__init__.py:158: in reraise\n    raise self.last_attempt.result()\n/opt/hostedtoolcache/Python/3.12.6/x64/lib/python3.12/concurrent/futures/_base.py:449: in result\n    return self.__get_result()\n/opt/hostedtoolcache/Python/3.12.6/x64/lib/python3.12/concurrent/futures/_base.py:401: in __get_result\n    raise self._exception\n/opt/hostedtoolcache/Python/3.12.6/x64/lib/python3.12/site-packages/tenacity/__init__.py:382: in __call__\n    result = fn(*args, **kwargs)\nsrc/node/rpc_client.py:27: in send_rpc_request\n    assert \"result\" in response.json(), \"Response does not contain 'result' key.\"\nE   AssertionError: Response does not contain 'result' key.","steps":[],"attachments":[{"uid":"acae56d266048301","name":"log","source":"acae56d266048301.txt","type":"text/plain","size":241598}],"parameters":[],"shouldDisplayMessage":true,"stepsCount":0,"attachmentsCount":1,"hasContent":true,"attachmentStep":false},"afterStages":[{"name":"save_node_logs_on_fail::0","time":{"start":1727657074821,"stop":1727657074823,"duration":2},"status":"passed","steps":[],"attachments":[],"parameters":[],"shouldDisplayMessage":false,"stepsCount":0,"attachmentsCount":0,"hasContent":false,"attachmentStep":false},{"name":"clear_open_nodes::0","time":{"start":1727657074823,"stop":1727657074954,"duration":131},"status":"passed","steps":[],"attachments":[],"parameters":[],"shouldDisplayMessage":false,"stepsCount":0,"attachmentsCount":0,"hasContent":false,"attachmentStep":false},{"name":"set_allure_env_variables::0","time":{"start":1727657597715,"stop":1727657597715,"duration":0},"status":"passed","steps":[],"attachments":[],"parameters":[],"shouldDisplayMessage":false,"stepsCount":0,"attachmentsCount":0,"hasContent":false,"attachmentStep":false}],"labels":[{"name":"tag","value":"@pytest.mark.usefixtures('start_1_node')"},{"name":"parentSuite","value":"tests"},{"name":"suite","value":"test_leave_community"},{"name":"subSuite","value":"TestLeaveCommunity"},{"name":"host","value":"fv-az1245-991"},{"name":"thread","value":"10114-MainThread"},{"name":"framework","value":"pytest"},{"name":"language","value":"cpython3"},{"name":"package","value":"tests.test_leave_community"},{"name":"resultFormat","value":"allure2"}],"parameters":[],"links":[],"hidden":false,"retry":false,"extra":{"severity":"normal","retries":[],"categories":[{"name":"Product defects","matchedStatuses":[],"flaky":false}],"history":{"statistic":{"failed":45,"broken":12,"skipped":0,"passed":30,"unknown":0,"total":87},"items":[{"uid":"a81bbdb67561ac8f","reportUrl":"https://status-im.github.io/status-cli-tests/219//#testresult/a81bbdb67561ac8f","status":"failed","statusDetails":"AssertionError: Response does not contain 'result' key.","time":{"start":1727570545997,"stop":1727570608096,"duration":62099}},{"uid":"82ee02243ec1f823","reportUrl":"https://status-im.github.io/status-cli-tests/218//#testresult/82ee02243ec1f823","status":"failed","statusDetails":"AssertionError: Response does not contain 'result' key.","time":{"start":1727484198446,"stop":1727484257070,"duration":58624}},{"uid":"ce129aa82671c44b","reportUrl":"https://status-im.github.io/status-cli-tests/217//#testresult/ce129aa82671c44b","status":"failed","statusDetails":"AssertionError: Response does not contain 'result' key.","time":{"start":1727397793597,"stop":1727397851275,"duration":57678}},{"uid":"34ab485c2a76bbe0","reportUrl":"https://status-im.github.io/status-cli-tests/216//#testresult/34ab485c2a76bbe0","status":"failed","statusDetails":"AssertionError: Response does not contain 'result' key.","time":{"start":1727311315536,"stop":1727311373293,"duration":57757}},{"uid":"74a54ba487eb43af","reportUrl":"https://status-im.github.io/status-cli-tests/215//#testresult/74a54ba487eb43af","status":"failed","statusDetails":"AssertionError: Response does not contain 'result' key.","time":{"start":1727224763839,"stop":1727224822450,"duration":58611}},{"uid":"f4f5f7223e2e5fa6","reportUrl":"https://status-im.github.io/status-cli-tests/214//#testresult/f4f5f7223e2e5fa6","status":"passed","time":{"start":1727138384676,"stop":1727138443788,"duration":59112}},{"uid":"3b167b8a21a623b3","reportUrl":"https://status-im.github.io/status-cli-tests/213//#testresult/3b167b8a21a623b3","status":"passed","time":{"start":1727086226021,"stop":1727086274711,"duration":48690}},{"uid":"8823b6f823e8cd3","reportUrl":"https://status-im.github.io/status-cli-tests/212//#testresult/8823b6f823e8cd3","status":"passed","time":{"start":1727080083764,"stop":1727080131471,"duration":47707}},{"uid":"4b42f2511d0d12fe","reportUrl":"https://status-im.github.io/status-cli-tests/211//#testresult/4b42f2511d0d12fe","status":"passed","time":{"start":1727051755879,"stop":1727051802529,"duration":46650}},{"uid":"34b6720bf1cb609e","reportUrl":"https://status-im.github.io/status-cli-tests/210//#testresult/34b6720bf1cb609e","status":"passed","time":{"start":1726965393405,"stop":1726965441010,"duration":47605}},{"uid":"2bd48a0f26e03150","reportUrl":"https://status-im.github.io/status-cli-tests/209//#testresult/2bd48a0f26e03150","status":"passed","time":{"start":1726878994086,"stop":1726879041788,"duration":47702}},{"uid":"ee75622529cadc89","reportUrl":"https://status-im.github.io/status-cli-tests/208//#testresult/ee75622529cadc89","status":"passed","time":{"start":1726792560230,"stop":1726792606854,"duration":46624}},{"uid":"5edb07ea789bbe5d","reportUrl":"https://status-im.github.io/status-cli-tests/207//#testresult/5edb07ea789bbe5d","status":"passed","time":{"start":1726706216683,"stop":1726706265302,"duration":48619}},{"uid":"dd3acd6a9772b7e0","reportUrl":"https://status-im.github.io/status-cli-tests/206//#testresult/dd3acd6a9772b7e0","status":"failed","statusDetails":"AssertionError: Response does not contain 'result' key.","time":{"start":1726619713279,"stop":1726619747772,"duration":34493}},{"uid":"6bdde3f17737f60d","reportUrl":"https://status-im.github.io/status-cli-tests/205//#testresult/6bdde3f17737f60d","status":"passed","time":{"start":1726553567444,"stop":1726553614159,"duration":46715}},{"uid":"eef711c1cd0d709c","reportUrl":"https://status-im.github.io/status-cli-tests/204//#testresult/eef711c1cd0d709c","status":"failed","statusDetails":"AssertionError: Response does not contain 'result' key.","time":{"start":1726533322687,"stop":1726533357315,"duration":34628}},{"uid":"224eaa200e018f8e","reportUrl":"https://status-im.github.io/status-cli-tests/203//#testresult/224eaa200e018f8e","status":"failed","statusDetails":"AssertionError: Response does not contain 'result' key.","time":{"start":1726446934593,"stop":1726446969151,"duration":34558}},{"uid":"4df5f78a5e9869fd","reportUrl":"https://status-im.github.io/status-cli-tests/202//#testresult/4df5f78a5e9869fd","status":"failed","statusDetails":"AssertionError: Response does not contain 'result' key.","time":{"start":1726360535156,"stop":1726360569704,"duration":34548}},{"uid":"839582c3b7f6a5dc","reportUrl":"https://status-im.github.io/status-cli-tests/201//#testresult/839582c3b7f6a5dc","status":"failed","statusDetails":"AssertionError: Response does not contain 'result' key.","time":{"start":1726274089264,"stop":1726274125158,"duration":35894}},{"uid":"7d12579a857efa19","reportUrl":"https://status-im.github.io/status-cli-tests/200//#testresult/7d12579a857efa19","status":"broken","statusDetails":"RuntimeError: Request to http://127.0.0.1:36104 usig method wakuext_fetchCommunity timed out after 10 seconds. Node: first_node","time":{"start":1726187687767,"stop":1726187742273,"duration":54506}}]},"tags":["@pytest.mark.usefixtures('start_1_node')"]},"source":"1e36274f8fa117f1.json","parameterValues":[]}