{"uid":"a82dcdd87496cd48","name":"test_community_messages_with_node_pause_30_seconds","fullName":"tests.test_community_messages.TestCommunityMessages#test_community_messages_with_node_pause_30_seconds","historyId":"6b2d6dc00da0a51e504a132375754954","time":{"start":1727655578598,"stop":1727655578598,"duration":0},"status":"failed","statusMessage":"AssertionError","statusTrace":"src/steps/common.py:21: in start_1_node\n    self.first_node.wait_fully_started()\n/opt/hostedtoolcache/Python/3.12.6/x64/lib/python3.12/site-packages/tenacity/__init__.py:289: in wrapped_f\n    return self(f, *args, **kw)\n/opt/hostedtoolcache/Python/3.12.6/x64/lib/python3.12/site-packages/tenacity/__init__.py:379: in __call__\n    do = self.iter(retry_state=retry_state)\n/opt/hostedtoolcache/Python/3.12.6/x64/lib/python3.12/site-packages/tenacity/__init__.py:325: in iter\n    raise retry_exc.reraise()\n/opt/hostedtoolcache/Python/3.12.6/x64/lib/python3.12/site-packages/tenacity/__init__.py:158: in reraise\n    raise self.last_attempt.result()\n/opt/hostedtoolcache/Python/3.12.6/x64/lib/python3.12/concurrent/futures/_base.py:449: in result\n    return self.__get_result()\n/opt/hostedtoolcache/Python/3.12.6/x64/lib/python3.12/concurrent/futures/_base.py:401: in __get_result\n    raise self._exception\n/opt/hostedtoolcache/Python/3.12.6/x64/lib/python3.12/site-packages/tenacity/__init__.py:382: in __call__\n    result = fn(*args, **kwargs)\nsrc/node/status_node.py:123: in wait_fully_started\n    assert self.search_logs(string=\"retrieve messages...\")\nE   AssertionError","flaky":false,"newFailed":false,"newBroken":false,"newPassed":false,"retriesCount":2,"retriesStatusChange":false,"beforeStages":[{"name":"set_allure_env_variables","time":{"start":1727655109587,"stop":1727655109587,"duration":0},"status":"passed","steps":[],"attachments":[],"parameters":[],"shouldDisplayMessage":false,"stepsCount":0,"attachmentsCount":0,"hasContent":false,"attachmentStep":false},{"name":"clear_open_nodes","time":{"start":1727655578599,"stop":1727655578599,"duration":0},"status":"passed","steps":[],"attachments":[],"parameters":[],"shouldDisplayMessage":false,"stepsCount":0,"attachmentsCount":0,"hasContent":false,"attachmentStep":false},{"name":"save_node_logs_on_fail","time":{"start":1727655578599,"stop":1727655578599,"duration":0},"status":"passed","steps":[],"attachments":[],"parameters":[],"shouldDisplayMessage":false,"stepsCount":0,"attachmentsCount":0,"hasContent":false,"attachmentStep":false},{"name":"start_1_node","time":{"start":1727655578599,"stop":1727655600634,"duration":22035},"status":"failed","statusMessage":"AssertionError\n","statusTrace":"  File \"/opt/hostedtoolcache/Python/3.12.6/x64/lib/python3.12/site-packages/pluggy/_callers.py\", line 137, in _multicall\n    teardown.throw(outcome._exception)\n  File \"/opt/hostedtoolcache/Python/3.12.6/x64/lib/python3.12/site-packages/_pytest/setuponly.py\", line 36, in pytest_fixture_setup\n    return (yield)\n            ^^^^^\n  File \"/opt/hostedtoolcache/Python/3.12.6/x64/lib/python3.12/site-packages/pluggy/_callers.py\", line 77, in _multicall\n    res = hook_impl.function(*args)\n          ^^^^^^^^^^^^^^^^^^^^^^^^^\n  File \"/opt/hostedtoolcache/Python/3.12.6/x64/lib/python3.12/site-packages/_pytest/fixtures.py\", line 1140, in pytest_fixture_setup\n    result = call_fixture_func(fixturefunc, request, kwargs)\n             ^^^^^^^^^^^^^^^^^^^^^^^^^^^^^^^^^^^^^^^^^^^^^^^\n  File \"/opt/hostedtoolcache/Python/3.12.6/x64/lib/python3.12/site-packages/_pytest/fixtures.py\", line 917, in call_fixture_func\n    fixture_result = fixturefunc(**kwargs)\n                     ^^^^^^^^^^^^^^^^^^^^^\n  File \"/home/runner/work/status-cli-tests/status-cli-tests/src/steps/common.py\", line 21, in start_1_node\n    self.first_node.wait_fully_started()\n  File \"/opt/hostedtoolcache/Python/3.12.6/x64/lib/python3.12/site-packages/tenacity/__init__.py\", line 289, in wrapped_f\n    return self(f, *args, **kw)\n           ^^^^^^^^^^^^^^^^^^^^\n  File \"/opt/hostedtoolcache/Python/3.12.6/x64/lib/python3.12/site-packages/tenacity/__init__.py\", line 379, in __call__\n    do = self.iter(retry_state=retry_state)\n         ^^^^^^^^^^^^^^^^^^^^^^^^^^^^^^^^^^\n  File \"/opt/hostedtoolcache/Python/3.12.6/x64/lib/python3.12/site-packages/tenacity/__init__.py\", line 325, in iter\n    raise retry_exc.reraise()\n          ^^^^^^^^^^^^^^^^^^^\n  File \"/opt/hostedtoolcache/Python/3.12.6/x64/lib/python3.12/site-packages/tenacity/__init__.py\", line 158, in reraise\n    raise self.last_attempt.result()\n          ^^^^^^^^^^^^^^^^^^^^^^^^^^\n  File \"/opt/hostedtoolcache/Python/3.12.6/x64/lib/python3.12/concurrent/futures/_base.py\", line 449, in result\n    return self.__get_result()\n           ^^^^^^^^^^^^^^^^^^^\n  File \"/opt/hostedtoolcache/Python/3.12.6/x64/lib/python3.12/concurrent/futures/_base.py\", line 401, in __get_result\n    raise self._exception\n  File \"/opt/hostedtoolcache/Python/3.12.6/x64/lib/python3.12/site-packages/tenacity/__init__.py\", line 382, in __call__\n    result = fn(*args, **kwargs)\n             ^^^^^^^^^^^^^^^^^^^\n  File \"/home/runner/work/status-cli-tests/status-cli-tests/src/node/status_node.py\", line 123, in wait_fully_started\n    assert self.search_logs(string=\"retrieve messages...\")\n           ^^^^^^^^^^^^^^^^^^^^^^^^^^^^^^^^^^^^^^^^^^^^^^^\n","steps":[],"attachments":[],"parameters":[],"shouldDisplayMessage":true,"stepsCount":0,"attachmentsCount":0,"hasContent":true,"attachmentStep":false}],"testStage":{"status":"failed","statusMessage":"AssertionError","statusTrace":"src/steps/common.py:21: in start_1_node\n    self.first_node.wait_fully_started()\n/opt/hostedtoolcache/Python/3.12.6/x64/lib/python3.12/site-packages/tenacity/__init__.py:289: in wrapped_f\n    return self(f, *args, **kw)\n/opt/hostedtoolcache/Python/3.12.6/x64/lib/python3.12/site-packages/tenacity/__init__.py:379: in __call__\n    do = self.iter(retry_state=retry_state)\n/opt/hostedtoolcache/Python/3.12.6/x64/lib/python3.12/site-packages/tenacity/__init__.py:325: in iter\n    raise retry_exc.reraise()\n/opt/hostedtoolcache/Python/3.12.6/x64/lib/python3.12/site-packages/tenacity/__init__.py:158: in reraise\n    raise self.last_attempt.result()\n/opt/hostedtoolcache/Python/3.12.6/x64/lib/python3.12/concurrent/futures/_base.py:449: in result\n    return self.__get_result()\n/opt/hostedtoolcache/Python/3.12.6/x64/lib/python3.12/concurrent/futures/_base.py:401: in __get_result\n    raise self._exception\n/opt/hostedtoolcache/Python/3.12.6/x64/lib/python3.12/site-packages/tenacity/__init__.py:382: in __call__\n    result = fn(*args, **kwargs)\nsrc/node/status_node.py:123: in wait_fully_started\n    assert self.search_logs(string=\"retrieve messages...\")\nE   AssertionError","steps":[],"attachments":[{"uid":"ca677b44974d09c2","name":"log","source":"ca677b44974d09c2.txt","type":"text/plain","size":139833}],"parameters":[],"shouldDisplayMessage":true,"stepsCount":0,"attachmentsCount":1,"hasContent":true,"attachmentStep":false},"afterStages":[{"name":"save_node_logs_on_fail::0","time":{"start":1727655600682,"stop":1727655600682,"duration":0},"status":"passed","steps":[],"attachments":[],"parameters":[],"shouldDisplayMessage":false,"stepsCount":0,"attachmentsCount":0,"hasContent":false,"attachmentStep":false},{"name":"clear_open_nodes::0","time":{"start":1727655600683,"stop":1727655600687,"duration":4},"status":"passed","steps":[],"attachments":[],"parameters":[],"shouldDisplayMessage":false,"stepsCount":0,"attachmentsCount":0,"hasContent":false,"attachmentStep":false},{"name":"set_allure_env_variables::0","time":{"start":1727657597715,"stop":1727657597715,"duration":0},"status":"passed","steps":[],"attachments":[],"parameters":[],"shouldDisplayMessage":false,"stepsCount":0,"attachmentsCount":0,"hasContent":false,"attachmentStep":false}],"labels":[{"name":"tag","value":"flaky(reruns=2)"},{"name":"tag","value":"@pytest.mark.usefixtures('start_1_node')"},{"name":"parentSuite","value":"tests"},{"name":"suite","value":"test_community_messages"},{"name":"subSuite","value":"TestCommunityMessages"},{"name":"host","value":"fv-az1245-991"},{"name":"thread","value":"10114-MainThread"},{"name":"framework","value":"pytest"},{"name":"language","value":"cpython3"},{"name":"package","value":"tests.test_community_messages"},{"name":"resultFormat","value":"allure2"}],"parameters":[],"links":[],"hidden":false,"retry":false,"extra":{"severity":"normal","retries":[{"uid":"33b59d42612d479f","status":"failed","statusDetails":"AssertionError: Response does not contain 'result' key.","time":{"start":1727655547181,"stop":1727655578529,"duration":31348}},{"uid":"30f840c2fec3d00b","status":"failed","statusDetails":"AssertionError: Response does not contain 'result' key.","time":{"start":1727655508425,"stop":1727655539400,"duration":30975}}],"categories":[{"name":"Product defects","matchedStatuses":[],"flaky":false}],"history":{"statistic":{"failed":30,"broken":1,"skipped":0,"passed":47,"unknown":0,"total":78},"items":[{"uid":"d22754606ee9e19d","reportUrl":"https://status-im.github.io/status-cli-tests/219//#testresult/d22754606ee9e19d","status":"failed","statusDetails":"AssertionError: Response does not contain 'result' key.","time":{"start":1727569196377,"stop":1727569227138,"duration":30761}},{"uid":"671b10a164866b61","reportUrl":"https://status-im.github.io/status-cli-tests/218//#testresult/671b10a164866b61","status":"failed","statusDetails":"AssertionError: Response does not contain 'result' key.","time":{"start":1727482740039,"stop":1727482771621,"duration":31582}},{"uid":"8df937d99138d49d","reportUrl":"https://status-im.github.io/status-cli-tests/217//#testresult/8df937d99138d49d","status":"failed","statusDetails":"AssertionError: Response does not contain 'result' key.","time":{"start":1727396344634,"stop":1727396375788,"duration":31154}},{"uid":"eec9cef9b30bd62b","reportUrl":"https://status-im.github.io/status-cli-tests/216//#testresult/eec9cef9b30bd62b","status":"failed","statusDetails":"AssertionError: Response does not contain 'result' key.","time":{"start":1727309922698,"stop":1727309953071,"duration":30373}},{"uid":"9e0bec51caa06fd6","reportUrl":"https://status-im.github.io/status-cli-tests/215//#testresult/9e0bec51caa06fd6","status":"passed","time":{"start":1727223396051,"stop":1727223446372,"duration":50321}},{"uid":"c260413bdb9befdc","reportUrl":"https://status-im.github.io/status-cli-tests/214//#testresult/c260413bdb9befdc","status":"passed","time":{"start":1727137042295,"stop":1727137092608,"duration":50313}},{"uid":"71096b5f8414da0f","reportUrl":"https://status-im.github.io/status-cli-tests/213//#testresult/71096b5f8414da0f","status":"failed","statusDetails":"AssertionError: Response does not contain 'result' key.","time":{"start":1727084907565,"stop":1727084938276,"duration":30711}},{"uid":"cec39d0aada16e4","reportUrl":"https://status-im.github.io/status-cli-tests/212//#testresult/cec39d0aada16e4","status":"passed","time":{"start":1727078766949,"stop":1727078821036,"duration":54087}},{"uid":"17ec810f80089952","reportUrl":"https://status-im.github.io/status-cli-tests/211//#testresult/17ec810f80089952","status":"passed","time":{"start":1727050590051,"stop":1727050640421,"duration":50370}},{"uid":"5282526c0924cddb","reportUrl":"https://status-im.github.io/status-cli-tests/210//#testresult/5282526c0924cddb","status":"passed","time":{"start":1726964216214,"stop":1726964266773,"duration":50559}},{"uid":"30aebaf27b5817bc","reportUrl":"https://status-im.github.io/status-cli-tests/209//#testresult/30aebaf27b5817bc","status":"passed","time":{"start":1726877775867,"stop":1726877826227,"duration":50360}},{"uid":"d9b1bc7d0f3ce6d2","reportUrl":"https://status-im.github.io/status-cli-tests/208//#testresult/d9b1bc7d0f3ce6d2","status":"passed","time":{"start":1726791384647,"stop":1726791440794,"duration":56147}},{"uid":"719d3b16185fbf56","reportUrl":"https://status-im.github.io/status-cli-tests/207//#testresult/719d3b16185fbf56","status":"passed","time":{"start":1726705014256,"stop":1726705064684,"duration":50428}},{"uid":"af8cd65ee4c292a1","reportUrl":"https://status-im.github.io/status-cli-tests/206//#testresult/af8cd65ee4c292a1","status":"failed","statusDetails":"AssertionError: Response does not contain 'result' key.","time":{"start":1726618645412,"stop":1726618676637,"duration":31225}},{"uid":"dbf244af03235d26","reportUrl":"https://status-im.github.io/status-cli-tests/205//#testresult/dbf244af03235d26","status":"passed","time":{"start":1726552282926,"stop":1726552333239,"duration":50313}},{"uid":"2a4aa0d54a9ef197","reportUrl":"https://status-im.github.io/status-cli-tests/204//#testresult/2a4aa0d54a9ef197","status":"passed","time":{"start":1726532188526,"stop":1726532248569,"duration":60043}},{"uid":"a8057ba8e35bf69c","reportUrl":"https://status-im.github.io/status-cli-tests/203//#testresult/a8057ba8e35bf69c","status":"passed","time":{"start":1726445832104,"stop":1726445887136,"duration":55032}},{"uid":"bb008f007bf020db","reportUrl":"https://status-im.github.io/status-cli-tests/202//#testresult/bb008f007bf020db","status":"passed","time":{"start":1726359424419,"stop":1726359474767,"duration":50348}},{"uid":"d372fea9fcd1df78","reportUrl":"https://status-im.github.io/status-cli-tests/201//#testresult/d372fea9fcd1df78","status":"passed","time":{"start":1726272952803,"stop":1726273003319,"duration":50516}},{"uid":"d8e432ceb6e875be","reportUrl":"https://status-im.github.io/status-cli-tests/200//#testresult/d8e432ceb6e875be","status":"passed","time":{"start":1726186589601,"stop":1726186640326,"duration":50725}}]},"tags":["@pytest.mark.usefixtures('start_1_node')","flaky(reruns=2)"]},"source":"a82dcdd87496cd48.json","parameterValues":[]}