{"uid":"5cce694c8960d67d","name":"test_leave_community_baseline","fullName":"tests.test_leave_community.TestLeaveCommunity#test_leave_community_baseline","historyId":"ba5f179862c2394ab88a56b56e94ab6d","time":{"start":1729730452639,"stop":1729730498695,"duration":46056},"status":"failed","statusMessage":"AssertionError: Response does not contain 'result' key.","statusTrace":"tests/test_leave_community.py:13: in test_leave_community_baseline\n    self.join_created_communities()\nsrc/steps/common.py:186: in join_created_communities\n    response = community_node.accept_request_to_join_community(request_to_join_id)\nsrc/node/status_node.py:201: in accept_request_to_join_community\n    return self.api.send_rpc_request(\"wakuext_acceptRequestToJoinCommunity\", params)\n/opt/hostedtoolcache/Python/3.12.7/x64/lib/python3.12/site-packages/tenacity/__init__.py:289: in wrapped_f\n    return self(f, *args, **kw)\n/opt/hostedtoolcache/Python/3.12.7/x64/lib/python3.12/site-packages/tenacity/__init__.py:379: in __call__\n    do = self.iter(retry_state=retry_state)\n/opt/hostedtoolcache/Python/3.12.7/x64/lib/python3.12/site-packages/tenacity/__init__.py:325: in iter\n    raise retry_exc.reraise()\n/opt/hostedtoolcache/Python/3.12.7/x64/lib/python3.12/site-packages/tenacity/__init__.py:158: in reraise\n    raise self.last_attempt.result()\n/opt/hostedtoolcache/Python/3.12.7/x64/lib/python3.12/concurrent/futures/_base.py:449: in result\n    return self.__get_result()\n/opt/hostedtoolcache/Python/3.12.7/x64/lib/python3.12/concurrent/futures/_base.py:401: in __get_result\n    raise self._exception\n/opt/hostedtoolcache/Python/3.12.7/x64/lib/python3.12/site-packages/tenacity/__init__.py:382: in __call__\n    result = fn(*args, **kwargs)\nsrc/node/rpc_client.py:27: in send_rpc_request\n    assert \"result\" in response.json(), \"Response does not contain 'result' key.\"\nE   AssertionError: Response does not contain 'result' key.","flaky":false,"newFailed":false,"newBroken":false,"newPassed":false,"retriesCount":0,"retriesStatusChange":false,"beforeStages":[{"name":"set_allure_env_variables","time":{"start":1729728991075,"stop":1729728991075,"duration":0},"status":"passed","steps":[],"attachments":[],"parameters":[],"hasContent":false,"attachmentStep":false,"shouldDisplayMessage":false,"stepsCount":0,"attachmentsCount":0},{"name":"clear_open_nodes","time":{"start":1729730444826,"stop":1729730444826,"duration":0},"status":"passed","steps":[],"attachments":[],"parameters":[],"hasContent":false,"attachmentStep":false,"shouldDisplayMessage":false,"stepsCount":0,"attachmentsCount":0},{"name":"save_node_logs_on_fail","time":{"start":1729730444827,"stop":1729730444827,"duration":0},"status":"passed","steps":[],"attachments":[],"parameters":[],"hasContent":false,"attachmentStep":false,"shouldDisplayMessage":false,"stepsCount":0,"attachmentsCount":0},{"name":"start_1_node","time":{"start":1729730444827,"stop":1729730452639,"duration":7812},"status":"passed","steps":[],"attachments":[],"parameters":[],"hasContent":false,"attachmentStep":false,"shouldDisplayMessage":false,"stepsCount":0,"attachmentsCount":0}],"testStage":{"status":"failed","statusMessage":"AssertionError: Response does not contain 'result' key.","statusTrace":"tests/test_leave_community.py:13: in test_leave_community_baseline\n    self.join_created_communities()\nsrc/steps/common.py:186: in join_created_communities\n    response = community_node.accept_request_to_join_community(request_to_join_id)\nsrc/node/status_node.py:201: in accept_request_to_join_community\n    return self.api.send_rpc_request(\"wakuext_acceptRequestToJoinCommunity\", params)\n/opt/hostedtoolcache/Python/3.12.7/x64/lib/python3.12/site-packages/tenacity/__init__.py:289: in wrapped_f\n    return self(f, *args, **kw)\n/opt/hostedtoolcache/Python/3.12.7/x64/lib/python3.12/site-packages/tenacity/__init__.py:379: in __call__\n    do = self.iter(retry_state=retry_state)\n/opt/hostedtoolcache/Python/3.12.7/x64/lib/python3.12/site-packages/tenacity/__init__.py:325: in iter\n    raise retry_exc.reraise()\n/opt/hostedtoolcache/Python/3.12.7/x64/lib/python3.12/site-packages/tenacity/__init__.py:158: in reraise\n    raise self.last_attempt.result()\n/opt/hostedtoolcache/Python/3.12.7/x64/lib/python3.12/concurrent/futures/_base.py:449: in result\n    return self.__get_result()\n/opt/hostedtoolcache/Python/3.12.7/x64/lib/python3.12/concurrent/futures/_base.py:401: in __get_result\n    raise self._exception\n/opt/hostedtoolcache/Python/3.12.7/x64/lib/python3.12/site-packages/tenacity/__init__.py:382: in __call__\n    result = fn(*args, **kwargs)\nsrc/node/rpc_client.py:27: in send_rpc_request\n    assert \"result\" in response.json(), \"Response does not contain 'result' key.\"\nE   AssertionError: Response does not contain 'result' key.","steps":[],"attachments":[{"uid":"c586d5f84907368f","name":"log","source":"c586d5f84907368f.txt","type":"text/plain","size":365322}],"parameters":[],"hasContent":true,"attachmentStep":false,"shouldDisplayMessage":true,"stepsCount":0,"attachmentsCount":1},"afterStages":[{"name":"save_node_logs_on_fail::0","time":{"start":1729730498750,"stop":1729730498774,"duration":24},"status":"passed","steps":[],"attachments":[],"parameters":[],"hasContent":false,"attachmentStep":false,"shouldDisplayMessage":false,"stepsCount":0,"attachmentsCount":0},{"name":"clear_open_nodes::0","time":{"start":1729730498775,"stop":1729730498978,"duration":203},"status":"passed","steps":[],"attachments":[],"parameters":[],"hasContent":false,"attachmentStep":false,"shouldDisplayMessage":false,"stepsCount":0,"attachmentsCount":0},{"name":"set_allure_env_variables::0","time":{"start":1729730827280,"stop":1729730827280,"duration":0},"status":"passed","steps":[],"attachments":[],"parameters":[],"hasContent":false,"attachmentStep":false,"shouldDisplayMessage":false,"stepsCount":0,"attachmentsCount":0}],"labels":[{"name":"tag","value":"flaky(reruns=2)"},{"name":"tag","value":"@pytest.mark.usefixtures('start_1_node')"},{"name":"parentSuite","value":"tests"},{"name":"suite","value":"test_leave_community"},{"name":"subSuite","value":"TestLeaveCommunity"},{"name":"host","value":"fv-az654-502"},{"name":"thread","value":"76576-MainThread"},{"name":"framework","value":"pytest"},{"name":"language","value":"cpython3"},{"name":"package","value":"tests.test_leave_community"},{"name":"resultFormat","value":"allure2"}],"parameters":[],"links":[],"hidden":true,"retry":true,"extra":{"categories":[],"tags":["@pytest.mark.usefixtures('start_1_node')","flaky(reruns=2)"]},"source":"5cce694c8960d67d.json","parameterValues":[]}