{"uid":"7d39f3b5ce0126f3","name":"test_join_community_with_low_bandwith","fullName":"tests.test_join_community.TestJoinCommunity#test_join_community_with_low_bandwith","historyId":"acec66a9fe6a2fbcbf702c9ea545d881","time":{"start":1739838732113,"stop":1739838770668,"duration":38555},"status":"failed","statusMessage":"AssertionError: Response does not contain 'result' key.","statusTrace":"tests/test_join_community.py:65: in test_join_community_with_low_bandwith\n    self.test_join_community_baseline()\ntests/test_join_community.py:20: in test_join_community_baseline\n    response_to_join = self.first_node.request_to_join_community(community_id)\nsrc/node/status_node.py:197: in request_to_join_community\n    return self.api.send_rpc_request(\"wakuext_requestToJoinCommunity\", params)\n/opt/hostedtoolcache/Python/3.12.9/x64/lib/python3.12/site-packages/tenacity/__init__.py:289: in wrapped_f\n    return self(f, *args, **kw)\n/opt/hostedtoolcache/Python/3.12.9/x64/lib/python3.12/site-packages/tenacity/__init__.py:379: in __call__\n    do = self.iter(retry_state=retry_state)\n/opt/hostedtoolcache/Python/3.12.9/x64/lib/python3.12/site-packages/tenacity/__init__.py:325: in iter\n    raise retry_exc.reraise()\n/opt/hostedtoolcache/Python/3.12.9/x64/lib/python3.12/site-packages/tenacity/__init__.py:158: in reraise\n    raise self.last_attempt.result()\n/opt/hostedtoolcache/Python/3.12.9/x64/lib/python3.12/concurrent/futures/_base.py:449: in result\n    return self.__get_result()\n/opt/hostedtoolcache/Python/3.12.9/x64/lib/python3.12/concurrent/futures/_base.py:401: in __get_result\n    raise self._exception\n/opt/hostedtoolcache/Python/3.12.9/x64/lib/python3.12/site-packages/tenacity/__init__.py:382: in __call__\n    result = fn(*args, **kwargs)\nsrc/node/rpc_client.py:27: in send_rpc_request\n    assert \"result\" in response.json(), \"Response does not contain 'result' key.\"\nE   AssertionError: Response does not contain 'result' key.","flaky":false,"newFailed":false,"newBroken":false,"newPassed":false,"retriesCount":0,"retriesStatusChange":false,"beforeStages":[{"name":"set_allure_env_variables","time":{"start":1739837706103,"stop":1739837706103,"duration":0},"status":"passed","steps":[],"attachments":[],"parameters":[],"shouldDisplayMessage":false,"stepsCount":0,"attachmentsCount":0,"hasContent":false,"attachmentStep":false},{"name":"save_node_logs_on_fail","time":{"start":1739838724303,"stop":1739838724303,"duration":0},"status":"passed","steps":[],"attachments":[],"parameters":[],"shouldDisplayMessage":false,"stepsCount":0,"attachmentsCount":0,"hasContent":false,"attachmentStep":false},{"name":"clear_open_nodes","time":{"start":1739838724303,"stop":1739838724303,"duration":0},"status":"passed","steps":[],"attachments":[],"parameters":[],"shouldDisplayMessage":false,"stepsCount":0,"attachmentsCount":0,"hasContent":false,"attachmentStep":false},{"name":"start_1_node","time":{"start":1739838724303,"stop":1739838732113,"duration":7810},"status":"passed","steps":[],"attachments":[],"parameters":[],"shouldDisplayMessage":false,"stepsCount":0,"attachmentsCount":0,"hasContent":false,"attachmentStep":false}],"testStage":{"status":"failed","statusMessage":"AssertionError: Response does not contain 'result' key.","statusTrace":"tests/test_join_community.py:65: in test_join_community_with_low_bandwith\n    self.test_join_community_baseline()\ntests/test_join_community.py:20: in test_join_community_baseline\n    response_to_join = self.first_node.request_to_join_community(community_id)\nsrc/node/status_node.py:197: in request_to_join_community\n    return self.api.send_rpc_request(\"wakuext_requestToJoinCommunity\", params)\n/opt/hostedtoolcache/Python/3.12.9/x64/lib/python3.12/site-packages/tenacity/__init__.py:289: in wrapped_f\n    return self(f, *args, **kw)\n/opt/hostedtoolcache/Python/3.12.9/x64/lib/python3.12/site-packages/tenacity/__init__.py:379: in __call__\n    do = self.iter(retry_state=retry_state)\n/opt/hostedtoolcache/Python/3.12.9/x64/lib/python3.12/site-packages/tenacity/__init__.py:325: in iter\n    raise retry_exc.reraise()\n/opt/hostedtoolcache/Python/3.12.9/x64/lib/python3.12/site-packages/tenacity/__init__.py:158: in reraise\n    raise self.last_attempt.result()\n/opt/hostedtoolcache/Python/3.12.9/x64/lib/python3.12/concurrent/futures/_base.py:449: in result\n    return self.__get_result()\n/opt/hostedtoolcache/Python/3.12.9/x64/lib/python3.12/concurrent/futures/_base.py:401: in __get_result\n    raise self._exception\n/opt/hostedtoolcache/Python/3.12.9/x64/lib/python3.12/site-packages/tenacity/__init__.py:382: in __call__\n    result = fn(*args, **kwargs)\nsrc/node/rpc_client.py:27: in send_rpc_request\n    assert \"result\" in response.json(), \"Response does not contain 'result' key.\"\nE   AssertionError: Response does not contain 'result' key.","steps":[],"attachments":[{"uid":"fb744b2173f0b507","name":"log","source":"fb744b2173f0b507.txt","type":"text/plain","size":154730}],"parameters":[],"shouldDisplayMessage":true,"stepsCount":0,"attachmentsCount":1,"hasContent":true,"attachmentStep":false},"afterStages":[{"name":"save_node_logs_on_fail::0","time":{"start":1739838770715,"stop":1739838770717,"duration":2},"status":"passed","steps":[],"attachments":[],"parameters":[],"shouldDisplayMessage":false,"stepsCount":0,"attachmentsCount":0,"hasContent":false,"attachmentStep":false},{"name":"clear_open_nodes::0","time":{"start":1739838770718,"stop":1739838770830,"duration":112},"status":"passed","steps":[],"attachments":[],"parameters":[],"shouldDisplayMessage":false,"stepsCount":0,"attachmentsCount":0,"hasContent":false,"attachmentStep":false},{"name":"set_allure_env_variables::0","time":{"start":1739839248056,"stop":1739839248056,"duration":0},"status":"passed","steps":[],"attachments":[],"parameters":[],"shouldDisplayMessage":false,"stepsCount":0,"attachmentsCount":0,"hasContent":false,"attachmentStep":false}],"labels":[{"name":"tag","value":"@pytest.mark.usefixtures('start_1_node')"},{"name":"parentSuite","value":"tests"},{"name":"suite","value":"test_join_community"},{"name":"subSuite","value":"TestJoinCommunity"},{"name":"host","value":"fv-az1296-995"},{"name":"thread","value":"50264-MainThread"},{"name":"framework","value":"pytest"},{"name":"language","value":"cpython3"},{"name":"package","value":"tests.test_join_community"},{"name":"resultFormat","value":"allure2"}],"parameters":[],"links":[],"hidden":false,"retry":false,"extra":{"severity":"normal","retries":[],"categories":[{"name":"Product defects","matchedStatuses":[],"flaky":false}],"history":{"statistic":{"failed":84,"broken":8,"skipped":0,"passed":41,"unknown":0,"total":133},"items":[{"uid":"e49cdca127224b8f","reportUrl":"https://status-im.github.io/status-cli-tests/371//#testresult/e49cdca127224b8f","status":"failed","statusDetails":"AssertionError: Response does not contain 'result' key.","time":{"start":1739752498353,"stop":1739752536653,"duration":38300}},{"uid":"2c52397c7818695a","reportUrl":"https://status-im.github.io/status-cli-tests/370//#testresult/2c52397c7818695a","status":"failed","statusDetails":"AssertionError: Response does not contain 'result' key.","time":{"start":1739666118273,"stop":1739666158097,"duration":39824}},{"uid":"f59ba12c42cd190e","reportUrl":"https://status-im.github.io/status-cli-tests/369//#testresult/f59ba12c42cd190e","status":"failed","statusDetails":"AssertionError: Response does not contain 'result' key.","time":{"start":1739579567384,"stop":1739579605592,"duration":38208}},{"uid":"88ba2964c58aa29d","reportUrl":"https://status-im.github.io/status-cli-tests/368//#testresult/88ba2964c58aa29d","status":"failed","statusDetails":"AssertionError: Response does not contain 'result' key.","time":{"start":1739493198487,"stop":1739493236683,"duration":38196}},{"uid":"dfd5864dacdcd64e","reportUrl":"https://status-im.github.io/status-cli-tests/367//#testresult/dfd5864dacdcd64e","status":"passed","time":{"start":1739406792886,"stop":1739406833453,"duration":40567}},{"uid":"da61df2e946f5b59","reportUrl":"https://status-im.github.io/status-cli-tests/366//#testresult/da61df2e946f5b59","status":"failed","statusDetails":"AssertionError: Response does not contain 'result' key.","time":{"start":1739320463804,"stop":1739320506296,"duration":42492}},{"uid":"e7c8f13916dec9f5","reportUrl":"https://status-im.github.io/status-cli-tests/365//#testresult/e7c8f13916dec9f5","status":"failed","statusDetails":"AssertionError: Response does not contain 'result' key.","time":{"start":1739233970994,"stop":1739234010804,"duration":39810}},{"uid":"444e80b31fc24785","reportUrl":"https://status-im.github.io/status-cli-tests/364//#testresult/444e80b31fc24785","status":"failed","statusDetails":"AssertionError: Response does not contain 'result' key.","time":{"start":1739147590045,"stop":1739147630231,"duration":40186}},{"uid":"3408184b93f4ec8a","reportUrl":"https://status-im.github.io/status-cli-tests/363//#testresult/3408184b93f4ec8a","status":"failed","statusDetails":"AssertionError: Response does not contain 'result' key.","time":{"start":1739061299027,"stop":1739061347038,"duration":48011}},{"uid":"8c2998c051de6eea","reportUrl":"https://status-im.github.io/status-cli-tests/362//#testresult/8c2998c051de6eea","status":"failed","statusDetails":"AssertionError: Response does not contain 'result' key.","time":{"start":1738974957085,"stop":1738975000369,"duration":43284}},{"uid":"48e4987a40dd5bb5","reportUrl":"https://status-im.github.io/status-cli-tests/361//#testresult/48e4987a40dd5bb5","status":"failed","statusDetails":"AssertionError: Response does not contain 'result' key.","time":{"start":1738888577038,"stop":1738888617263,"duration":40225}},{"uid":"a2b7626d65ef15","reportUrl":"https://status-im.github.io/status-cli-tests/360//#testresult/a2b7626d65ef15","status":"failed","statusDetails":"AssertionError: Response does not contain 'result' key.","time":{"start":1738802173673,"stop":1738802214868,"duration":41195}},{"uid":"d541d0091cd79597","reportUrl":"https://status-im.github.io/status-cli-tests/359//#testresult/d541d0091cd79597","status":"failed","statusDetails":"AssertionError: Response does not contain 'result' key.","time":{"start":1738715654972,"stop":1738715704527,"duration":49555}},{"uid":"6d712dd9fc345baa","reportUrl":"https://status-im.github.io/status-cli-tests/358//#testresult/6d712dd9fc345baa","status":"passed","time":{"start":1738629391515,"stop":1738629434998,"duration":43483}},{"uid":"100ed04545f832f0","reportUrl":"https://status-im.github.io/status-cli-tests/357//#testresult/100ed04545f832f0","status":"passed","time":{"start":1738542956720,"stop":1738542996557,"duration":39837}},{"uid":"26f4a601ac35924e","reportUrl":"https://status-im.github.io/status-cli-tests/356//#testresult/26f4a601ac35924e","status":"failed","statusDetails":"AssertionError: Response does not contain 'result' key.","time":{"start":1738456529876,"stop":1738456580004,"duration":50128}},{"uid":"1c553a78edf21cbf","reportUrl":"https://status-im.github.io/status-cli-tests/355//#testresult/1c553a78edf21cbf","status":"failed","statusDetails":"AssertionError: Response does not contain 'result' key.","time":{"start":1738370046519,"stop":1738370093582,"duration":47063}},{"uid":"2098de89f5a97d4c","reportUrl":"https://status-im.github.io/status-cli-tests/354//#testresult/2098de89f5a97d4c","status":"failed","statusDetails":"AssertionError: Response does not contain 'result' key.","time":{"start":1738283575304,"stop":1738283616355,"duration":41051}},{"uid":"45bb4b2117338686","reportUrl":"https://status-im.github.io/status-cli-tests/353//#testresult/45bb4b2117338686","status":"failed","statusDetails":"AssertionError: Response does not contain 'result' key.","time":{"start":1738197303206,"stop":1738197348167,"duration":44961}},{"uid":"6853b5e3bcccdb1b","reportUrl":"https://status-im.github.io/status-cli-tests/352//#testresult/6853b5e3bcccdb1b","status":"failed","statusDetails":"AssertionError: Response does not contain 'result' key.","time":{"start":1738110896968,"stop":1738110937577,"duration":40609}}]},"tags":["@pytest.mark.usefixtures('start_1_node')"]},"source":"7d39f3b5ce0126f3.json","parameterValues":[]}