{"uid":"6702b421d768ab31","name":"test_leave_community_baseline","fullName":"tests.test_leave_community.TestLeaveCommunity#test_leave_community_baseline","historyId":"ba5f179862c2394ab88a56b56e94ab6d","time":{"start":1722213694006,"stop":1722213735011,"duration":41005},"status":"failed","statusMessage":"AssertionError","statusTrace":"tests/test_leave_community.py:11: in test_leave_community_baseline\n    self.community_nodes\nE   AttributeError: 'TestLeaveCommunity' object has no attribute 'community_nodes'. Did you mean: 'setup_community_nodes'?\n\nDuring handling of the above exception, another exception occurred:\ntests/test_leave_community.py:14: in test_leave_community_baseline\n    self.join_created_communities()\nsrc/steps/common.py:185: in join_created_communities\n    response = community_node.accept_request_to_join_community(request_to_join_id)\nsrc/node/status_node.py:178: in accept_request_to_join_community\n    return self.api.send_rpc_request(\"wakuext_acceptRequestToJoinCommunity\", params)\n/opt/hostedtoolcache/Python/3.12.4/x64/lib/python3.12/site-packages/tenacity/__init__.py:289: in wrapped_f\n    return self(f, *args, **kw)\n/opt/hostedtoolcache/Python/3.12.4/x64/lib/python3.12/site-packages/tenacity/__init__.py:379: in __call__\n    do = self.iter(retry_state=retry_state)\n/opt/hostedtoolcache/Python/3.12.4/x64/lib/python3.12/site-packages/tenacity/__init__.py:325: in iter\n    raise retry_exc.reraise()\n/opt/hostedtoolcache/Python/3.12.4/x64/lib/python3.12/site-packages/tenacity/__init__.py:158: in reraise\n    raise self.last_attempt.result()\n/opt/hostedtoolcache/Python/3.12.4/x64/lib/python3.12/concurrent/futures/_base.py:449: in result\n    return self.__get_result()\n/opt/hostedtoolcache/Python/3.12.4/x64/lib/python3.12/concurrent/futures/_base.py:401: in __get_result\n    raise self._exception\n/opt/hostedtoolcache/Python/3.12.4/x64/lib/python3.12/site-packages/tenacity/__init__.py:382: in __call__\n    result = fn(*args, **kwargs)\nsrc/node/rpc_client.py:24: in send_rpc_request\n    assert \"result\" in response.json()\nE   AssertionError","flaky":false,"newFailed":true,"newBroken":false,"newPassed":false,"retriesCount":0,"retriesStatusChange":false,"beforeStages":[{"name":"set_allure_env_variables","time":{"start":1722211837579,"stop":1722211837579,"duration":0},"status":"passed","steps":[],"attachments":[],"parameters":[],"shouldDisplayMessage":false,"stepsCount":0,"attachmentsCount":0,"hasContent":false,"attachmentStep":false},{"name":"clear_open_nodes","time":{"start":1722213686297,"stop":1722213686298,"duration":1},"status":"passed","steps":[],"attachments":[],"parameters":[],"shouldDisplayMessage":false,"stepsCount":0,"attachmentsCount":0,"hasContent":false,"attachmentStep":false},{"name":"save_node_logs_on_fail","time":{"start":1722213686298,"stop":1722213686298,"duration":0},"status":"passed","steps":[],"attachments":[],"parameters":[],"shouldDisplayMessage":false,"stepsCount":0,"attachmentsCount":0,"hasContent":false,"attachmentStep":false},{"name":"start_1_node","time":{"start":1722213686298,"stop":1722213694006,"duration":7708},"status":"passed","steps":[],"attachments":[],"parameters":[],"shouldDisplayMessage":false,"stepsCount":0,"attachmentsCount":0,"hasContent":false,"attachmentStep":false}],"testStage":{"status":"failed","statusMessage":"AssertionError","statusTrace":"tests/test_leave_community.py:11: in test_leave_community_baseline\n    self.community_nodes\nE   AttributeError: 'TestLeaveCommunity' object has no attribute 'community_nodes'. Did you mean: 'setup_community_nodes'?\n\nDuring handling of the above exception, another exception occurred:\ntests/test_leave_community.py:14: in test_leave_community_baseline\n    self.join_created_communities()\nsrc/steps/common.py:185: in join_created_communities\n    response = community_node.accept_request_to_join_community(request_to_join_id)\nsrc/node/status_node.py:178: in accept_request_to_join_community\n    return self.api.send_rpc_request(\"wakuext_acceptRequestToJoinCommunity\", params)\n/opt/hostedtoolcache/Python/3.12.4/x64/lib/python3.12/site-packages/tenacity/__init__.py:289: in wrapped_f\n    return self(f, *args, **kw)\n/opt/hostedtoolcache/Python/3.12.4/x64/lib/python3.12/site-packages/tenacity/__init__.py:379: in __call__\n    do = self.iter(retry_state=retry_state)\n/opt/hostedtoolcache/Python/3.12.4/x64/lib/python3.12/site-packages/tenacity/__init__.py:325: in iter\n    raise retry_exc.reraise()\n/opt/hostedtoolcache/Python/3.12.4/x64/lib/python3.12/site-packages/tenacity/__init__.py:158: in reraise\n    raise self.last_attempt.result()\n/opt/hostedtoolcache/Python/3.12.4/x64/lib/python3.12/concurrent/futures/_base.py:449: in result\n    return self.__get_result()\n/opt/hostedtoolcache/Python/3.12.4/x64/lib/python3.12/concurrent/futures/_base.py:401: in __get_result\n    raise self._exception\n/opt/hostedtoolcache/Python/3.12.4/x64/lib/python3.12/site-packages/tenacity/__init__.py:382: in __call__\n    result = fn(*args, **kwargs)\nsrc/node/rpc_client.py:24: in send_rpc_request\n    assert \"result\" in response.json()\nE   AssertionError","steps":[],"attachments":[{"uid":"d6df246fb45bb4a8","name":"log","source":"d6df246fb45bb4a8.txt","type":"text/plain","size":545344}],"parameters":[],"shouldDisplayMessage":true,"stepsCount":0,"attachmentsCount":1,"hasContent":true,"attachmentStep":false},"afterStages":[{"name":"save_node_logs_on_fail::0","time":{"start":1722213735070,"stop":1722213735073,"duration":3},"status":"passed","steps":[],"attachments":[],"parameters":[],"shouldDisplayMessage":false,"stepsCount":0,"attachmentsCount":0,"hasContent":false,"attachmentStep":false},{"name":"clear_open_nodes::0","time":{"start":1722213735073,"stop":1722213735326,"duration":253},"status":"passed","steps":[],"attachments":[],"parameters":[],"shouldDisplayMessage":false,"stepsCount":0,"attachmentsCount":0,"hasContent":false,"attachmentStep":false},{"name":"set_allure_env_variables::0","time":{"start":1722214603062,"stop":1722214603062,"duration":0},"status":"passed","steps":[],"attachments":[],"parameters":[],"shouldDisplayMessage":false,"stepsCount":0,"attachmentsCount":0,"hasContent":false,"attachmentStep":false}],"labels":[{"name":"tag","value":"@pytest.mark.usefixtures('start_1_node')"},{"name":"parentSuite","value":"tests"},{"name":"suite","value":"test_leave_community"},{"name":"subSuite","value":"TestLeaveCommunity"},{"name":"host","value":"fv-az770-649"},{"name":"thread","value":"10191-MainThread"},{"name":"framework","value":"pytest"},{"name":"language","value":"cpython3"},{"name":"package","value":"tests.test_leave_community"},{"name":"resultFormat","value":"allure2"}],"parameters":[],"links":[],"hidden":false,"retry":false,"extra":{"severity":"normal","retries":[],"categories":[{"name":"Product defects","matchedStatuses":[],"flaky":false}],"history":{"statistic":{"failed":3,"broken":5,"skipped":0,"passed":6,"unknown":0,"total":14},"items":[{"uid":"2807d511e4e90bed","reportUrl":"https://status-im.github.io/status-cli-tests/145//#testresult/2807d511e4e90bed","status":"passed","time":{"start":1722127367939,"stop":1722127409542,"duration":41603}},{"uid":"9a72313ae0a85d01","reportUrl":"https://status-im.github.io/status-cli-tests/144//#testresult/9a72313ae0a85d01","status":"passed","time":{"start":1722040919133,"stop":1722040959385,"duration":40252}},{"uid":"981e04e9cbaaedb2","reportUrl":"https://status-im.github.io/status-cli-tests/143//#testresult/981e04e9cbaaedb2","status":"passed","time":{"start":1721954501908,"stop":1721954542230,"duration":40322}},{"uid":"4077630bffa05194","reportUrl":"https://status-im.github.io/status-cli-tests/142//#testresult/4077630bffa05194","status":"passed","time":{"start":1721897853166,"stop":1721897894235,"duration":41069}},{"uid":"72e251a27f447d0f","reportUrl":"https://status-im.github.io/status-cli-tests/141//#testresult/72e251a27f447d0f","status":"broken","statusDetails":"requests.exceptions.ReadTimeout: HTTPConnectionPool(host='127.0.0.1', port=51978): Read timed out. (read timeout=2)","time":{"start":1721893622662,"stop":1721893667879,"duration":45217}},{"uid":"a0c4f9e1427bec43","reportUrl":"https://status-im.github.io/status-cli-tests/140//#testresult/a0c4f9e1427bec43","status":"passed","time":{"start":1721889011160,"stop":1721889052337,"duration":41177}},{"uid":"704cd6edea7d0435","reportUrl":"https://status-im.github.io/status-cli-tests/139//#testresult/704cd6edea7d0435","status":"broken","statusDetails":"KeyError: 'result'","time":{"start":1721867651976,"stop":1721867679344,"duration":27368}},{"uid":"6f5cf7a45779cd2f","reportUrl":"https://status-im.github.io/status-cli-tests/138//#testresult/6f5cf7a45779cd2f","status":"passed","time":{"start":1721847656420,"stop":1721847698303,"duration":41883}},{"uid":"136bac7999214c5d","reportUrl":"https://status-im.github.io/status-cli-tests/137//#testresult/136bac7999214c5d","status":"failed","statusDetails":"AssertionError","time":{"start":1721841525506,"stop":1721841563552,"duration":38046}},{"uid":"b1576daaa178d1e4","reportUrl":"https://status-im.github.io/status-cli-tests/136//#testresult/b1576daaa178d1e4","status":"failed","statusDetails":"AssertionError","time":{"start":1721828446344,"stop":1721828510189,"duration":63845}},{"uid":"bd85a4582d2d0e64","reportUrl":"https://status-im.github.io/status-cli-tests/135//#testresult/bd85a4582d2d0e64","status":"broken","statusDetails":"KeyError: 'result'","time":{"start":1721823792803,"stop":1721823820426,"duration":27623}},{"uid":"b93dfbd806479061","reportUrl":"https://status-im.github.io/status-cli-tests/134//#testresult/b93dfbd806479061","status":"broken","statusDetails":"requests.exceptions.ReadTimeout: HTTPConnectionPool(host='127.0.0.1', port=46444): Read timed out. (read timeout=10)","time":{"start":1721823116597,"stop":1721823146756,"duration":30159}},{"uid":"6a516b8fbb9eb90b","reportUrl":"https://status-im.github.io/status-cli-tests/133//#testresult/6a516b8fbb9eb90b","status":"broken","statusDetails":"KeyError: 'result'","time":{"start":1721819086539,"stop":1721819121956,"duration":35417}}]},"tags":["@pytest.mark.usefixtures('start_1_node')"]},"source":"6702b421d768ab31.json","parameterValues":[]}