{"uid":"700c32bd84976d4b","name":"test_join_community_with_node_pause","fullName":"tests.test_join_community.TestJoinCommunity#test_join_community_with_node_pause","historyId":"274b60701244f73f6440b7484a3b950c","time":{"start":1729471203896,"stop":1729471260678,"duration":56782},"status":"failed","statusMessage":"AssertionError: Response does not contain 'result' key.","statusTrace":"tests/test_join_community.py:81: in test_join_community_with_node_pause\n    response_accept_to_join = community_node.accept_request_to_join_community(request_to_join_id)\nsrc/node/status_node.py:201: in accept_request_to_join_community\n    return self.api.send_rpc_request(\"wakuext_acceptRequestToJoinCommunity\", params)\n/opt/hostedtoolcache/Python/3.12.7/x64/lib/python3.12/site-packages/tenacity/__init__.py:289: in wrapped_f\n    return self(f, *args, **kw)\n/opt/hostedtoolcache/Python/3.12.7/x64/lib/python3.12/site-packages/tenacity/__init__.py:379: in __call__\n    do = self.iter(retry_state=retry_state)\n/opt/hostedtoolcache/Python/3.12.7/x64/lib/python3.12/site-packages/tenacity/__init__.py:325: in iter\n    raise retry_exc.reraise()\n/opt/hostedtoolcache/Python/3.12.7/x64/lib/python3.12/site-packages/tenacity/__init__.py:158: in reraise\n    raise self.last_attempt.result()\n/opt/hostedtoolcache/Python/3.12.7/x64/lib/python3.12/concurrent/futures/_base.py:449: in result\n    return self.__get_result()\n/opt/hostedtoolcache/Python/3.12.7/x64/lib/python3.12/concurrent/futures/_base.py:401: in __get_result\n    raise self._exception\n/opt/hostedtoolcache/Python/3.12.7/x64/lib/python3.12/site-packages/tenacity/__init__.py:382: in __call__\n    result = fn(*args, **kwargs)\nsrc/node/rpc_client.py:27: in send_rpc_request\n    assert \"result\" in response.json(), \"Response does not contain 'result' key.\"\nE   AssertionError: Response does not contain 'result' key.","flaky":false,"newFailed":true,"newBroken":false,"newPassed":false,"retriesCount":2,"retriesStatusChange":false,"beforeStages":[{"name":"set_allure_env_variables","time":{"start":1729469809511,"stop":1729469809511,"duration":0},"status":"passed","steps":[],"attachments":[],"parameters":[],"shouldDisplayMessage":false,"stepsCount":0,"attachmentsCount":0,"hasContent":false,"attachmentStep":false},{"name":"start_1_node","time":{"start":1729471196086,"stop":1729471203896,"duration":7810},"status":"passed","steps":[],"attachments":[],"parameters":[],"shouldDisplayMessage":false,"stepsCount":0,"attachmentsCount":0,"hasContent":false,"attachmentStep":false},{"name":"save_node_logs_on_fail","time":{"start":1729471196086,"stop":1729471196086,"duration":0},"status":"passed","steps":[],"attachments":[],"parameters":[],"shouldDisplayMessage":false,"stepsCount":0,"attachmentsCount":0,"hasContent":false,"attachmentStep":false},{"name":"clear_open_nodes","time":{"start":1729471196086,"stop":1729471196086,"duration":0},"status":"passed","steps":[],"attachments":[],"parameters":[],"shouldDisplayMessage":false,"stepsCount":0,"attachmentsCount":0,"hasContent":false,"attachmentStep":false}],"testStage":{"status":"failed","statusMessage":"AssertionError: Response does not contain 'result' key.","statusTrace":"tests/test_join_community.py:81: in test_join_community_with_node_pause\n    response_accept_to_join = community_node.accept_request_to_join_community(request_to_join_id)\nsrc/node/status_node.py:201: in accept_request_to_join_community\n    return self.api.send_rpc_request(\"wakuext_acceptRequestToJoinCommunity\", params)\n/opt/hostedtoolcache/Python/3.12.7/x64/lib/python3.12/site-packages/tenacity/__init__.py:289: in wrapped_f\n    return self(f, *args, **kw)\n/opt/hostedtoolcache/Python/3.12.7/x64/lib/python3.12/site-packages/tenacity/__init__.py:379: in __call__\n    do = self.iter(retry_state=retry_state)\n/opt/hostedtoolcache/Python/3.12.7/x64/lib/python3.12/site-packages/tenacity/__init__.py:325: in iter\n    raise retry_exc.reraise()\n/opt/hostedtoolcache/Python/3.12.7/x64/lib/python3.12/site-packages/tenacity/__init__.py:158: in reraise\n    raise self.last_attempt.result()\n/opt/hostedtoolcache/Python/3.12.7/x64/lib/python3.12/concurrent/futures/_base.py:449: in result\n    return self.__get_result()\n/opt/hostedtoolcache/Python/3.12.7/x64/lib/python3.12/concurrent/futures/_base.py:401: in __get_result\n    raise self._exception\n/opt/hostedtoolcache/Python/3.12.7/x64/lib/python3.12/site-packages/tenacity/__init__.py:382: in __call__\n    result = fn(*args, **kwargs)\nsrc/node/rpc_client.py:27: in send_rpc_request\n    assert \"result\" in response.json(), \"Response does not contain 'result' key.\"\nE   AssertionError: Response does not contain 'result' key.","steps":[],"attachments":[{"uid":"13f09077413a1f46","name":"log","source":"13f09077413a1f46.txt","type":"text/plain","size":192592}],"parameters":[],"shouldDisplayMessage":true,"stepsCount":0,"attachmentsCount":1,"hasContent":true,"attachmentStep":false},"afterStages":[{"name":"save_node_logs_on_fail::0","time":{"start":1729471260721,"stop":1729471260723,"duration":2},"status":"passed","steps":[],"attachments":[],"parameters":[],"shouldDisplayMessage":false,"stepsCount":0,"attachmentsCount":0,"hasContent":false,"attachmentStep":false},{"name":"clear_open_nodes::0","time":{"start":1729471260724,"stop":1729471260779,"duration":55},"status":"passed","steps":[],"attachments":[],"parameters":[],"shouldDisplayMessage":false,"stepsCount":0,"attachmentsCount":0,"hasContent":false,"attachmentStep":false},{"name":"set_allure_env_variables::0","time":{"start":1729471682120,"stop":1729471682120,"duration":0},"status":"passed","steps":[],"attachments":[],"parameters":[],"shouldDisplayMessage":false,"stepsCount":0,"attachmentsCount":0,"hasContent":false,"attachmentStep":false}],"labels":[{"name":"tag","value":"flaky(reruns=2)"},{"name":"tag","value":"@pytest.mark.usefixtures('start_1_node')"},{"name":"parentSuite","value":"tests"},{"name":"suite","value":"test_join_community"},{"name":"subSuite","value":"TestJoinCommunity"},{"name":"host","value":"fv-az1385-15"},{"name":"thread","value":"76819-MainThread"},{"name":"framework","value":"pytest"},{"name":"language","value":"cpython3"},{"name":"package","value":"tests.test_join_community"},{"name":"resultFormat","value":"allure2"}],"parameters":[],"links":[],"hidden":false,"retry":false,"extra":{"severity":"normal","retries":[{"uid":"9521bd6ca55a4244","status":"failed","statusDetails":"AssertionError: Response does not contain 'result' key.","time":{"start":1729471139214,"stop":1729471196016,"duration":56802}},{"uid":"3d1918de12dfe69","status":"failed","statusDetails":"AssertionError: Response does not contain 'result' key.","time":{"start":1729471074583,"stop":1729471131307,"duration":56724}}],"categories":[{"name":"Product defects","matchedStatuses":[],"flaky":false}],"history":{"statistic":{"failed":1,"broken":0,"skipped":0,"passed":11,"unknown":0,"total":12},"items":[{"uid":"8d15b027d91f787a","reportUrl":"https://status-im.github.io/status-cli-tests/249//#testresult/8d15b027d91f787a","status":"passed","time":{"start":1729384745410,"stop":1729384792136,"duration":46726}},{"uid":"f364789bb12cb044","reportUrl":"https://status-im.github.io/status-cli-tests/248//#testresult/f364789bb12cb044","status":"passed","time":{"start":1729298241534,"stop":1729298288082,"duration":46548}},{"uid":"e5321908af763801","reportUrl":"https://status-im.github.io/status-cli-tests/247//#testresult/e5321908af763801","status":"passed","time":{"start":1729211892830,"stop":1729211939388,"duration":46558}},{"uid":"c231b2f2753ead44","reportUrl":"https://status-im.github.io/status-cli-tests/246//#testresult/c231b2f2753ead44","status":"passed","time":{"start":1729125369816,"stop":1729125416316,"duration":46500}},{"uid":"9c2ecab061e5f50a","reportUrl":"https://status-im.github.io/status-cli-tests/245//#testresult/9c2ecab061e5f50a","status":"passed","time":{"start":1729068337594,"stop":1729068384067,"duration":46473}},{"uid":"4ffb64b416b7d195","reportUrl":"https://status-im.github.io/status-cli-tests/244//#testresult/4ffb64b416b7d195","status":"passed","time":{"start":1729039388478,"stop":1729039405513,"duration":17035}},{"uid":"198e557ad16bf092","reportUrl":"https://status-im.github.io/status-cli-tests/243//#testresult/198e557ad16bf092","status":"passed","time":{"start":1729006637708,"stop":1729006684399,"duration":46691}},{"uid":"4abd9328f01b8c93","reportUrl":"https://status-im.github.io/status-cli-tests/242//#testresult/4abd9328f01b8c93","status":"passed","time":{"start":1729003993504,"stop":1729004009983,"duration":16479}},{"uid":"67b01f541de26ca1","reportUrl":"https://status-im.github.io/status-cli-tests/241//#testresult/67b01f541de26ca1","status":"passed","time":{"start":1728990378632,"stop":1728990395134,"duration":16502}},{"uid":"738b221386747e81","reportUrl":"https://status-im.github.io/status-cli-tests/240//#testresult/738b221386747e81","status":"passed","time":{"start":1728952715186,"stop":1728952731652,"duration":16466}},{"uid":"3221728dfcd58a1a","reportUrl":"https://status-im.github.io/status-cli-tests/239//#testresult/3221728dfcd58a1a","status":"passed","time":{"start":1728889175372,"stop":1728889191800,"duration":16428}}]},"tags":["@pytest.mark.usefixtures('start_1_node')","flaky(reruns=2)"]},"source":"700c32bd84976d4b.json","parameterValues":[]}