{"uid":"f670d5120955fd8","name":"test_join_community_with_latency","fullName":"tests.test_join_community.TestJoinCommunity#test_join_community_with_latency","historyId":"c03b8c5d33abbf92b5cd45f8a8de165b","time":{"start":1729470823594,"stop":1729470927742,"duration":104148},"status":"failed","statusMessage":"AssertionError: Response does not contain 'result' key.","statusTrace":"tests/test_join_community.py:55: in test_join_community_with_latency\n    self.test_join_community_baseline()\ntests/test_join_community.py:33: in test_join_community_baseline\n    response_accept_to_join = status_node.accept_request_to_join_community(request_to_join_id)\nsrc/node/status_node.py:201: in accept_request_to_join_community\n    return self.api.send_rpc_request(\"wakuext_acceptRequestToJoinCommunity\", params)\n/opt/hostedtoolcache/Python/3.12.7/x64/lib/python3.12/site-packages/tenacity/__init__.py:289: in wrapped_f\n    return self(f, *args, **kw)\n/opt/hostedtoolcache/Python/3.12.7/x64/lib/python3.12/site-packages/tenacity/__init__.py:379: in __call__\n    do = self.iter(retry_state=retry_state)\n/opt/hostedtoolcache/Python/3.12.7/x64/lib/python3.12/site-packages/tenacity/__init__.py:325: in iter\n    raise retry_exc.reraise()\n/opt/hostedtoolcache/Python/3.12.7/x64/lib/python3.12/site-packages/tenacity/__init__.py:158: in reraise\n    raise self.last_attempt.result()\n/opt/hostedtoolcache/Python/3.12.7/x64/lib/python3.12/concurrent/futures/_base.py:449: in result\n    return self.__get_result()\n/opt/hostedtoolcache/Python/3.12.7/x64/lib/python3.12/concurrent/futures/_base.py:401: in __get_result\n    raise self._exception\n/opt/hostedtoolcache/Python/3.12.7/x64/lib/python3.12/site-packages/tenacity/__init__.py:382: in __call__\n    result = fn(*args, **kwargs)\nsrc/node/rpc_client.py:27: in send_rpc_request\n    assert \"result\" in response.json(), \"Response does not contain 'result' key.\"\nE   AssertionError: Response does not contain 'result' key.","flaky":true,"newFailed":false,"newBroken":false,"newPassed":false,"retriesCount":0,"retriesStatusChange":false,"beforeStages":[{"name":"set_allure_env_variables","time":{"start":1729469809511,"stop":1729469809511,"duration":0},"status":"passed","steps":[],"attachments":[],"parameters":[],"shouldDisplayMessage":false,"stepsCount":0,"attachmentsCount":0,"hasContent":false,"attachmentStep":false},{"name":"start_1_node","time":{"start":1729470815781,"stop":1729470823594,"duration":7813},"status":"passed","steps":[],"attachments":[],"parameters":[],"shouldDisplayMessage":false,"stepsCount":0,"attachmentsCount":0,"hasContent":false,"attachmentStep":false},{"name":"clear_open_nodes","time":{"start":1729470815781,"stop":1729470815781,"duration":0},"status":"passed","steps":[],"attachments":[],"parameters":[],"shouldDisplayMessage":false,"stepsCount":0,"attachmentsCount":0,"hasContent":false,"attachmentStep":false},{"name":"save_node_logs_on_fail","time":{"start":1729470815781,"stop":1729470815781,"duration":0},"status":"passed","steps":[],"attachments":[],"parameters":[],"shouldDisplayMessage":false,"stepsCount":0,"attachmentsCount":0,"hasContent":false,"attachmentStep":false}],"testStage":{"status":"failed","statusMessage":"AssertionError: Response does not contain 'result' key.","statusTrace":"tests/test_join_community.py:55: in test_join_community_with_latency\n    self.test_join_community_baseline()\ntests/test_join_community.py:33: in test_join_community_baseline\n    response_accept_to_join = status_node.accept_request_to_join_community(request_to_join_id)\nsrc/node/status_node.py:201: in accept_request_to_join_community\n    return self.api.send_rpc_request(\"wakuext_acceptRequestToJoinCommunity\", params)\n/opt/hostedtoolcache/Python/3.12.7/x64/lib/python3.12/site-packages/tenacity/__init__.py:289: in wrapped_f\n    return self(f, *args, **kw)\n/opt/hostedtoolcache/Python/3.12.7/x64/lib/python3.12/site-packages/tenacity/__init__.py:379: in __call__\n    do = self.iter(retry_state=retry_state)\n/opt/hostedtoolcache/Python/3.12.7/x64/lib/python3.12/site-packages/tenacity/__init__.py:325: in iter\n    raise retry_exc.reraise()\n/opt/hostedtoolcache/Python/3.12.7/x64/lib/python3.12/site-packages/tenacity/__init__.py:158: in reraise\n    raise self.last_attempt.result()\n/opt/hostedtoolcache/Python/3.12.7/x64/lib/python3.12/concurrent/futures/_base.py:449: in result\n    return self.__get_result()\n/opt/hostedtoolcache/Python/3.12.7/x64/lib/python3.12/concurrent/futures/_base.py:401: in __get_result\n    raise self._exception\n/opt/hostedtoolcache/Python/3.12.7/x64/lib/python3.12/site-packages/tenacity/__init__.py:382: in __call__\n    result = fn(*args, **kwargs)\nsrc/node/rpc_client.py:27: in send_rpc_request\n    assert \"result\" in response.json(), \"Response does not contain 'result' key.\"\nE   AssertionError: Response does not contain 'result' key.","steps":[],"attachments":[{"uid":"9ede8e882a091d5f","name":"log","source":"9ede8e882a091d5f.txt","type":"text/plain","size":176779}],"parameters":[],"shouldDisplayMessage":true,"stepsCount":0,"attachmentsCount":1,"hasContent":true,"attachmentStep":false},"afterStages":[{"name":"save_node_logs_on_fail::0","time":{"start":1729470927789,"stop":1729470927792,"duration":3},"status":"passed","steps":[],"attachments":[],"parameters":[],"shouldDisplayMessage":false,"stepsCount":0,"attachmentsCount":0,"hasContent":false,"attachmentStep":false},{"name":"clear_open_nodes::0","time":{"start":1729470927792,"stop":1729470927991,"duration":199},"status":"passed","steps":[],"attachments":[],"parameters":[],"shouldDisplayMessage":false,"stepsCount":0,"attachmentsCount":0,"hasContent":false,"attachmentStep":false},{"name":"set_allure_env_variables::0","time":{"start":1729471682120,"stop":1729471682120,"duration":0},"status":"passed","steps":[],"attachments":[],"parameters":[],"shouldDisplayMessage":false,"stepsCount":0,"attachmentsCount":0,"hasContent":false,"attachmentStep":false}],"labels":[{"name":"tag","value":"@pytest.mark.usefixtures('start_1_node')"},{"name":"parentSuite","value":"tests"},{"name":"suite","value":"test_join_community"},{"name":"subSuite","value":"TestJoinCommunity"},{"name":"host","value":"fv-az1385-15"},{"name":"thread","value":"76819-MainThread"},{"name":"framework","value":"pytest"},{"name":"language","value":"cpython3"},{"name":"package","value":"tests.test_join_community"},{"name":"resultFormat","value":"allure2"}],"parameters":[],"links":[],"hidden":false,"retry":false,"extra":{"severity":"normal","retries":[],"categories":[{"name":"Product defects","matchedStatuses":[],"flaky":false}],"history":{"statistic":{"failed":7,"broken":2,"skipped":0,"passed":3,"unknown":0,"total":12},"items":[{"uid":"70395c150f13b4bb","reportUrl":"https://status-im.github.io/status-cli-tests/249//#testresult/70395c150f13b4bb","status":"failed","statusDetails":"AssertionError: Response does not contain 'result' key.","time":{"start":1729384474743,"stop":1729384558634,"duration":83891}},{"uid":"8d667e96cda08bfa","reportUrl":"https://status-im.github.io/status-cli-tests/248//#testresult/8d667e96cda08bfa","status":"passed","time":{"start":1729297896246,"stop":1729297964364,"duration":68118}},{"uid":"44b60e3c9b00fde","reportUrl":"https://status-im.github.io/status-cli-tests/247//#testresult/44b60e3c9b00fde","status":"broken","statusDetails":"RuntimeError: Request to http://127.0.0.1:7746 usig method wakuext_fetchCommunity timed out after 10 seconds. Node: first_node","time":{"start":1729211654602,"stop":1729211739063,"duration":84461}},{"uid":"9519628a56a891ec","reportUrl":"https://status-im.github.io/status-cli-tests/246//#testresult/9519628a56a891ec","status":"failed","statusDetails":"AssertionError: Response does not contain 'result' key.","time":{"start":1729125159950,"stop":1729125238557,"duration":78607}},{"uid":"2292fcd344eb21db","reportUrl":"https://status-im.github.io/status-cli-tests/245//#testresult/2292fcd344eb21db","status":"broken","statusDetails":"RuntimeError: Request to http://127.0.0.1:45931 usig method wakuext_fetchCommunity timed out after 10 seconds. Node: first_node","time":{"start":1729068164149,"stop":1729068218577,"duration":54428}},{"uid":"cb50871aa9dc5d82","reportUrl":"https://status-im.github.io/status-cli-tests/244//#testresult/cb50871aa9dc5d82","status":"failed","statusDetails":"AssertionError: Response does not contain 'result' key.","time":{"start":1729039154167,"stop":1729039234652,"duration":80485}},{"uid":"8076c9109b6652d5","reportUrl":"https://status-im.github.io/status-cli-tests/243//#testresult/8076c9109b6652d5","status":"passed","time":{"start":1729006436002,"stop":1729006518289,"duration":82287}},{"uid":"36728de258a302","reportUrl":"https://status-im.github.io/status-cli-tests/242//#testresult/36728de258a302","status":"failed","statusDetails":"AssertionError: Response does not contain 'result' key.","time":{"start":1729003787217,"stop":1729003865932,"duration":78715}},{"uid":"1f0120c34da68e63","reportUrl":"https://status-im.github.io/status-cli-tests/241//#testresult/1f0120c34da68e63","status":"failed","statusDetails":"AssertionError: Response does not contain 'result' key.","time":{"start":1728990151427,"stop":1728990225221,"duration":73794}},{"uid":"117097c361963ac8","reportUrl":"https://status-im.github.io/status-cli-tests/240//#testresult/117097c361963ac8","status":"failed","statusDetails":"AssertionError: Response does not contain 'result' key.","time":{"start":1728952513844,"stop":1728952589078,"duration":75234}},{"uid":"bae2fe3d8e65d5bc","reportUrl":"https://status-im.github.io/status-cli-tests/239//#testresult/bae2fe3d8e65d5bc","status":"passed","time":{"start":1728888959830,"stop":1728889020186,"duration":60356}}]},"tags":["@pytest.mark.usefixtures('start_1_node')"]},"source":"f670d5120955fd8.json","parameterValues":[]}