{"uid":"a775ef2de7f31c13","name":"test_community_messages_with_node_pause_30_seconds","fullName":"tests.test_community_messages.TestCommunityMessages#test_community_messages_with_node_pause_30_seconds","historyId":"6b2d6dc00da0a51e504a132375754954","time":{"start":1730593414419,"stop":1730593447680,"duration":33261},"status":"failed","statusMessage":"AssertionError: Response does not contain 'result' key.","statusTrace":"tests/test_community_messages.py:85: in test_community_messages_with_node_pause_30_seconds\n    self.join_created_communities()\nsrc/steps/common.py:186: in join_created_communities\n    response = community_node.accept_request_to_join_community(request_to_join_id)\nsrc/node/status_node.py:201: in accept_request_to_join_community\n    return self.api.send_rpc_request(\"wakuext_acceptRequestToJoinCommunity\", params)\n/opt/hostedtoolcache/Python/3.12.7/x64/lib/python3.12/site-packages/tenacity/__init__.py:289: in wrapped_f\n    return self(f, *args, **kw)\n/opt/hostedtoolcache/Python/3.12.7/x64/lib/python3.12/site-packages/tenacity/__init__.py:379: in __call__\n    do = self.iter(retry_state=retry_state)\n/opt/hostedtoolcache/Python/3.12.7/x64/lib/python3.12/site-packages/tenacity/__init__.py:325: in iter\n    raise retry_exc.reraise()\n/opt/hostedtoolcache/Python/3.12.7/x64/lib/python3.12/site-packages/tenacity/__init__.py:158: in reraise\n    raise self.last_attempt.result()\n/opt/hostedtoolcache/Python/3.12.7/x64/lib/python3.12/concurrent/futures/_base.py:449: in result\n    return self.__get_result()\n/opt/hostedtoolcache/Python/3.12.7/x64/lib/python3.12/concurrent/futures/_base.py:401: in __get_result\n    raise self._exception\n/opt/hostedtoolcache/Python/3.12.7/x64/lib/python3.12/site-packages/tenacity/__init__.py:382: in __call__\n    result = fn(*args, **kwargs)\nsrc/node/rpc_client.py:27: in send_rpc_request\n    assert \"result\" in response.json(), \"Response does not contain 'result' key.\"\nE   AssertionError: Response does not contain 'result' key.","flaky":false,"newFailed":false,"newBroken":false,"newPassed":false,"retriesCount":2,"retriesStatusChange":false,"beforeStages":[{"name":"set_allure_env_variables","time":{"start":1730593038260,"stop":1730593038260,"duration":0},"status":"passed","steps":[],"attachments":[],"parameters":[],"shouldDisplayMessage":false,"stepsCount":0,"attachmentsCount":0,"hasContent":false,"attachmentStep":false},{"name":"start_1_node","time":{"start":1730593406609,"stop":1730593414418,"duration":7809},"status":"passed","steps":[],"attachments":[],"parameters":[],"shouldDisplayMessage":false,"stepsCount":0,"attachmentsCount":0,"hasContent":false,"attachmentStep":false},{"name":"clear_open_nodes","time":{"start":1730593406609,"stop":1730593406609,"duration":0},"status":"passed","steps":[],"attachments":[],"parameters":[],"shouldDisplayMessage":false,"stepsCount":0,"attachmentsCount":0,"hasContent":false,"attachmentStep":false},{"name":"save_node_logs_on_fail","time":{"start":1730593406609,"stop":1730593406609,"duration":0},"status":"passed","steps":[],"attachments":[],"parameters":[],"shouldDisplayMessage":false,"stepsCount":0,"attachmentsCount":0,"hasContent":false,"attachmentStep":false}],"testStage":{"status":"failed","statusMessage":"AssertionError: Response does not contain 'result' key.","statusTrace":"tests/test_community_messages.py:85: in test_community_messages_with_node_pause_30_seconds\n    self.join_created_communities()\nsrc/steps/common.py:186: in join_created_communities\n    response = community_node.accept_request_to_join_community(request_to_join_id)\nsrc/node/status_node.py:201: in accept_request_to_join_community\n    return self.api.send_rpc_request(\"wakuext_acceptRequestToJoinCommunity\", params)\n/opt/hostedtoolcache/Python/3.12.7/x64/lib/python3.12/site-packages/tenacity/__init__.py:289: in wrapped_f\n    return self(f, *args, **kw)\n/opt/hostedtoolcache/Python/3.12.7/x64/lib/python3.12/site-packages/tenacity/__init__.py:379: in __call__\n    do = self.iter(retry_state=retry_state)\n/opt/hostedtoolcache/Python/3.12.7/x64/lib/python3.12/site-packages/tenacity/__init__.py:325: in iter\n    raise retry_exc.reraise()\n/opt/hostedtoolcache/Python/3.12.7/x64/lib/python3.12/site-packages/tenacity/__init__.py:158: in reraise\n    raise self.last_attempt.result()\n/opt/hostedtoolcache/Python/3.12.7/x64/lib/python3.12/concurrent/futures/_base.py:449: in result\n    return self.__get_result()\n/opt/hostedtoolcache/Python/3.12.7/x64/lib/python3.12/concurrent/futures/_base.py:401: in __get_result\n    raise self._exception\n/opt/hostedtoolcache/Python/3.12.7/x64/lib/python3.12/site-packages/tenacity/__init__.py:382: in __call__\n    result = fn(*args, **kwargs)\nsrc/node/rpc_client.py:27: in send_rpc_request\n    assert \"result\" in response.json(), \"Response does not contain 'result' key.\"\nE   AssertionError: Response does not contain 'result' key.","steps":[],"attachments":[{"uid":"3265a7aea29ac077","name":"log","source":"3265a7aea29ac077.txt","type":"text/plain","size":193754}],"parameters":[],"shouldDisplayMessage":true,"stepsCount":0,"attachmentsCount":1,"hasContent":true,"attachmentStep":false},"afterStages":[{"name":"save_node_logs_on_fail::0","time":{"start":1730593447728,"stop":1730593447730,"duration":2},"status":"passed","steps":[],"attachments":[],"parameters":[],"shouldDisplayMessage":false,"stepsCount":0,"attachmentsCount":0,"hasContent":false,"attachmentStep":false},{"name":"clear_open_nodes::0","time":{"start":1730593447730,"stop":1730593447763,"duration":33},"status":"passed","steps":[],"attachments":[],"parameters":[],"shouldDisplayMessage":false,"stepsCount":0,"attachmentsCount":0,"hasContent":false,"attachmentStep":false},{"name":"set_allure_env_variables::0","time":{"start":1730595071580,"stop":1730595071580,"duration":0},"status":"passed","steps":[],"attachments":[],"parameters":[],"shouldDisplayMessage":false,"stepsCount":0,"attachmentsCount":0,"hasContent":false,"attachmentStep":false}],"labels":[{"name":"tag","value":"flaky(reruns=2)"},{"name":"tag","value":"@pytest.mark.usefixtures('start_1_node')"},{"name":"parentSuite","value":"tests"},{"name":"suite","value":"test_community_messages"},{"name":"subSuite","value":"TestCommunityMessages"},{"name":"host","value":"fv-az1020-72"},{"name":"thread","value":"76760-MainThread"},{"name":"framework","value":"pytest"},{"name":"language","value":"cpython3"},{"name":"package","value":"tests.test_community_messages"},{"name":"resultFormat","value":"allure2"}],"parameters":[],"links":[],"hidden":false,"retry":false,"extra":{"severity":"normal","retries":[{"uid":"41957da7b6023563","status":"failed","statusDetails":"AssertionError: Response does not contain 'result' key.","time":{"start":1730593372681,"stop":1730593406520,"duration":33839}},{"uid":"5a8d4627b5698957","status":"failed","statusDetails":"AssertionError: Response does not contain 'result' key.","time":{"start":1730593326437,"stop":1730593364786,"duration":38349}}],"categories":[{"name":"Product defects","matchedStatuses":[],"flaky":false}],"history":{"statistic":{"failed":19,"broken":2,"skipped":0,"passed":4,"unknown":0,"total":25},"items":[{"uid":"c3f21941d81ff3f","reportUrl":"https://status-im.github.io/status-cli-tests/262//#testresult/c3f21941d81ff3f","status":"failed","statusDetails":"AssertionError: Response does not contain 'result' key.","time":{"start":1730506936608,"stop":1730506967378,"duration":30770}},{"uid":"cc969d2e1ee5774c","reportUrl":"https://status-im.github.io/status-cli-tests/261//#testresult/cc969d2e1ee5774c","status":"broken","statusDetails":"RuntimeError: Request to http://127.0.0.1:58949 usig method wakuext_fetchCommunity timed out after 10 seconds. Node: first_node","time":{"start":1730420568050,"stop":1730420604342,"duration":36292}},{"uid":"271a443e430894d3","reportUrl":"https://status-im.github.io/status-cli-tests/260//#testresult/271a443e430894d3","status":"broken","statusDetails":"RuntimeError: Request to http://127.0.0.1:17952 usig method wakuext_fetchCommunity timed out after 10 seconds. Node: first_node","time":{"start":1730334158409,"stop":1730334194706,"duration":36297}},{"uid":"7875c250ed47724b","reportUrl":"https://status-im.github.io/status-cli-tests/259//#testresult/7875c250ed47724b","status":"failed","statusDetails":"AssertionError: Response does not contain 'result' key.","time":{"start":1730247702343,"stop":1730247731121,"duration":28778}},{"uid":"ab87ba361b80440c","reportUrl":"https://status-im.github.io/status-cli-tests/258//#testresult/ab87ba361b80440c","status":"failed","statusDetails":"AssertionError: Response does not contain 'result' key.","time":{"start":1730161273952,"stop":1730161305197,"duration":31245}},{"uid":"2f098506081c03b0","reportUrl":"https://status-im.github.io/status-cli-tests/257//#testresult/2f098506081c03b0","status":"failed","statusDetails":"AssertionError: Response does not contain 'result' key.","time":{"start":1730074891123,"stop":1730074912256,"duration":21133}},{"uid":"be37d579c70ef257","reportUrl":"https://status-im.github.io/status-cli-tests/256//#testresult/be37d579c70ef257","status":"failed","statusDetails":"AssertionError: Response does not contain 'result' key.","time":{"start":1729988523574,"stop":1729988554780,"duration":31206}},{"uid":"ae1f12717b675a14","reportUrl":"https://status-im.github.io/status-cli-tests/255//#testresult/ae1f12717b675a14","status":"failed","statusDetails":"AssertionError: Response does not contain 'result' key.","time":{"start":1729902071359,"stop":1729902092421,"duration":21062}},{"uid":"b77227616064cff4","reportUrl":"https://status-im.github.io/status-cli-tests/254//#testresult/b77227616064cff4","status":"failed","statusDetails":"AssertionError: Response does not contain 'result' key.","time":{"start":1729815676921,"stop":1729815707887,"duration":30966}},{"uid":"4112fec374c861b","reportUrl":"https://status-im.github.io/status-cli-tests/253//#testresult/4112fec374c861b","status":"failed","statusDetails":"AssertionError: Response does not contain 'result' key.","time":{"start":1729729281515,"stop":1729729312435,"duration":30920}},{"uid":"3a8f04ef7ae0770a","reportUrl":"https://status-im.github.io/status-cli-tests/252//#testresult/3a8f04ef7ae0770a","status":"failed","statusDetails":"AssertionError: Response does not contain 'result' key.","time":{"start":1729642836358,"stop":1729642857148,"duration":20790}},{"uid":"c4129eef7ad8aebc","reportUrl":"https://status-im.github.io/status-cli-tests/251//#testresult/c4129eef7ad8aebc","status":"failed","statusDetails":"AssertionError: Response does not contain 'result' key.","time":{"start":1729556452347,"stop":1729556473104,"duration":20757}},{"uid":"f817018e52635616","reportUrl":"https://status-im.github.io/status-cli-tests/250//#testresult/f817018e52635616","status":"failed","statusDetails":"AssertionError: Response does not contain 'result' key.","time":{"start":1729470054363,"stop":1729470075182,"duration":20819}},{"uid":"faee91916992e551","reportUrl":"https://status-im.github.io/status-cli-tests/249//#testresult/faee91916992e551","status":"passed","time":{"start":1729383704739,"stop":1729383729285,"duration":24546}},{"uid":"ec7b44dda996587","reportUrl":"https://status-im.github.io/status-cli-tests/248//#testresult/ec7b44dda996587","status":"failed","statusDetails":"AssertionError: Response does not contain 'result' key.","time":{"start":1729297274166,"stop":1729297304816,"duration":30650}},{"uid":"9bd6c796cf3062a9","reportUrl":"https://status-im.github.io/status-cli-tests/247//#testresult/9bd6c796cf3062a9","status":"failed","statusDetails":"AssertionError: Response does not contain 'result' key.","time":{"start":1729210894846,"stop":1729210925472,"duration":30626}},{"uid":"84cfc677e131c4c1","reportUrl":"https://status-im.github.io/status-cli-tests/246//#testresult/84cfc677e131c4c1","status":"failed","statusDetails":"AssertionError: Response does not contain 'result' key.","time":{"start":1729124412621,"stop":1729124443103,"duration":30482}},{"uid":"b940f5c7bb732746","reportUrl":"https://status-im.github.io/status-cli-tests/245//#testresult/b940f5c7bb732746","status":"failed","statusDetails":"AssertionError: Response does not contain 'result' key.","time":{"start":1729067492621,"stop":1729067523073,"duration":30452}},{"uid":"80dfc9b84698fe86","reportUrl":"https://status-im.github.io/status-cli-tests/244//#testresult/80dfc9b84698fe86","status":"failed","statusDetails":"AssertionError: Response does not contain 'result' key.","time":{"start":1729038237804,"stop":1729038274676,"duration":36872}},{"uid":"b5f27c8875745dea","reportUrl":"https://status-im.github.io/status-cli-tests/243//#testresult/b5f27c8875745dea","status":"failed","statusDetails":"AssertionError: Response does not contain 'result' key.","time":{"start":1729005740922,"stop":1729005771426,"duration":30504}}]},"tags":["@pytest.mark.usefixtures('start_1_node')","flaky(reruns=2)"]},"source":"a775ef2de7f31c13.json","parameterValues":[]}