{"uid":"d728c873086b511f","name":"test_join_community_baseline","fullName":"tests.test_join_community.TestJoinCommunity#test_join_community_baseline","historyId":"0045b227df045106355999bb08fb6547","time":{"start":1741307549858,"stop":1741307594415,"duration":44557},"status":"failed","statusMessage":"AssertionError: Response does not contain 'result' key.","statusTrace":"tests/test_join_community.py:20: in test_join_community_baseline\n    response_to_join = self.first_node.request_to_join_community(community_id)\nsrc/node/status_node.py:197: in request_to_join_community\n    return self.api.send_rpc_request(\"wakuext_requestToJoinCommunity\", params)\n/opt/hostedtoolcache/Python/3.12.9/x64/lib/python3.12/site-packages/tenacity/__init__.py:289: in wrapped_f\n    return self(f, *args, **kw)\n/opt/hostedtoolcache/Python/3.12.9/x64/lib/python3.12/site-packages/tenacity/__init__.py:379: in __call__\n    do = self.iter(retry_state=retry_state)\n/opt/hostedtoolcache/Python/3.12.9/x64/lib/python3.12/site-packages/tenacity/__init__.py:325: in iter\n    raise retry_exc.reraise()\n/opt/hostedtoolcache/Python/3.12.9/x64/lib/python3.12/site-packages/tenacity/__init__.py:158: in reraise\n    raise self.last_attempt.result()\n/opt/hostedtoolcache/Python/3.12.9/x64/lib/python3.12/concurrent/futures/_base.py:449: in result\n    return self.__get_result()\n/opt/hostedtoolcache/Python/3.12.9/x64/lib/python3.12/concurrent/futures/_base.py:401: in __get_result\n    raise self._exception\n/opt/hostedtoolcache/Python/3.12.9/x64/lib/python3.12/site-packages/tenacity/__init__.py:382: in __call__\n    result = fn(*args, **kwargs)\nsrc/node/rpc_client.py:27: in send_rpc_request\n    assert \"result\" in response.json(), \"Response does not contain 'result' key.\"\nE   AssertionError: Response does not contain 'result' key.","flaky":false,"newFailed":false,"newBroken":false,"newPassed":false,"retriesCount":2,"retriesStatusChange":false,"beforeStages":[{"name":"set_allure_env_variables","time":{"start":1741306524384,"stop":1741306524384,"duration":0},"status":"passed","steps":[],"attachments":[],"parameters":[],"shouldDisplayMessage":false,"stepsCount":0,"attachmentsCount":0,"hasContent":false,"attachmentStep":false},{"name":"clear_open_nodes","time":{"start":1741307542049,"stop":1741307542049,"duration":0},"status":"passed","steps":[],"attachments":[],"parameters":[],"shouldDisplayMessage":false,"stepsCount":0,"attachmentsCount":0,"hasContent":false,"attachmentStep":false},{"name":"start_1_node","time":{"start":1741307542050,"stop":1741307549858,"duration":7808},"status":"passed","steps":[],"attachments":[],"parameters":[],"shouldDisplayMessage":false,"stepsCount":0,"attachmentsCount":0,"hasContent":false,"attachmentStep":false},{"name":"save_node_logs_on_fail","time":{"start":1741307542050,"stop":1741307542050,"duration":0},"status":"passed","steps":[],"attachments":[],"parameters":[],"shouldDisplayMessage":false,"stepsCount":0,"attachmentsCount":0,"hasContent":false,"attachmentStep":false}],"testStage":{"status":"failed","statusMessage":"AssertionError: Response does not contain 'result' key.","statusTrace":"tests/test_join_community.py:20: in test_join_community_baseline\n    response_to_join = self.first_node.request_to_join_community(community_id)\nsrc/node/status_node.py:197: in request_to_join_community\n    return self.api.send_rpc_request(\"wakuext_requestToJoinCommunity\", params)\n/opt/hostedtoolcache/Python/3.12.9/x64/lib/python3.12/site-packages/tenacity/__init__.py:289: in wrapped_f\n    return self(f, *args, **kw)\n/opt/hostedtoolcache/Python/3.12.9/x64/lib/python3.12/site-packages/tenacity/__init__.py:379: in __call__\n    do = self.iter(retry_state=retry_state)\n/opt/hostedtoolcache/Python/3.12.9/x64/lib/python3.12/site-packages/tenacity/__init__.py:325: in iter\n    raise retry_exc.reraise()\n/opt/hostedtoolcache/Python/3.12.9/x64/lib/python3.12/site-packages/tenacity/__init__.py:158: in reraise\n    raise self.last_attempt.result()\n/opt/hostedtoolcache/Python/3.12.9/x64/lib/python3.12/concurrent/futures/_base.py:449: in result\n    return self.__get_result()\n/opt/hostedtoolcache/Python/3.12.9/x64/lib/python3.12/concurrent/futures/_base.py:401: in __get_result\n    raise self._exception\n/opt/hostedtoolcache/Python/3.12.9/x64/lib/python3.12/site-packages/tenacity/__init__.py:382: in __call__\n    result = fn(*args, **kwargs)\nsrc/node/rpc_client.py:27: in send_rpc_request\n    assert \"result\" in response.json(), \"Response does not contain 'result' key.\"\nE   AssertionError: Response does not contain 'result' key.","steps":[],"attachments":[{"uid":"ac45a6aaf2e8464e","name":"log","source":"ac45a6aaf2e8464e.txt","type":"text/plain","size":534140}],"parameters":[],"shouldDisplayMessage":true,"stepsCount":0,"attachmentsCount":1,"hasContent":true,"attachmentStep":false},"afterStages":[{"name":"save_node_logs_on_fail::0","time":{"start":1741307594453,"stop":1741307594462,"duration":9},"status":"passed","steps":[],"attachments":[],"parameters":[],"shouldDisplayMessage":false,"stepsCount":0,"attachmentsCount":0,"hasContent":false,"attachmentStep":false},{"name":"clear_open_nodes::0","time":{"start":1741307594462,"stop":1741307594586,"duration":124},"status":"passed","steps":[],"attachments":[],"parameters":[],"shouldDisplayMessage":false,"stepsCount":0,"attachmentsCount":0,"hasContent":false,"attachmentStep":false},{"name":"set_allure_env_variables::0","time":{"start":1741308280020,"stop":1741308280021,"duration":1},"status":"passed","steps":[],"attachments":[],"parameters":[],"shouldDisplayMessage":false,"stepsCount":0,"attachmentsCount":0,"hasContent":false,"attachmentStep":false}],"labels":[{"name":"tag","value":"flaky(reruns=2)"},{"name":"tag","value":"@pytest.mark.usefixtures('start_1_node')"},{"name":"parentSuite","value":"tests"},{"name":"suite","value":"test_join_community"},{"name":"subSuite","value":"TestJoinCommunity"},{"name":"host","value":"fv-az1784-935"},{"name":"thread","value":"50879-MainThread"},{"name":"framework","value":"pytest"},{"name":"language","value":"cpython3"},{"name":"package","value":"tests.test_join_community"},{"name":"resultFormat","value":"allure2"}],"parameters":[],"links":[],"hidden":false,"retry":false,"extra":{"severity":"normal","retries":[{"uid":"8ac91c20a24714dc","status":"failed","statusDetails":"AssertionError: Response does not contain 'result' key.","time":{"start":1741307497551,"stop":1741307541866,"duration":44315}},{"uid":"1bd7852255f922bc","status":"failed","statusDetails":"AssertionError: Response does not contain 'result' key.","time":{"start":1741307445234,"stop":1741307489573,"duration":44339}}],"categories":[{"name":"Product defects","matchedStatuses":[],"flaky":false}],"history":{"statistic":{"failed":98,"broken":8,"skipped":0,"passed":44,"unknown":0,"total":150},"items":[{"uid":"d89d83de8e386c3f","reportUrl":"https://status-im.github.io/status-cli-tests/388//#testresult/d89d83de8e386c3f","status":"failed","statusDetails":"AssertionError: Response does not contain 'result' key.","time":{"start":1741221209420,"stop":1741221262990,"duration":53570}},{"uid":"e74e82ec33329372","reportUrl":"https://status-im.github.io/status-cli-tests/387//#testresult/e74e82ec33329372","status":"failed","statusDetails":"AssertionError: Response does not contain 'result' key.","time":{"start":1741134813507,"stop":1741134857344,"duration":43837}},{"uid":"21050ae0d28c1f80","reportUrl":"https://status-im.github.io/status-cli-tests/386//#testresult/21050ae0d28c1f80","status":"broken","statusDetails":"RuntimeError: Request to http://127.0.0.1:29410 usig method wakuext_fetchCommunity timed out after 10 seconds. Node: first_node","time":{"start":1741048620838,"stop":1741048675285,"duration":54447}},{"uid":"3290f7b97d8a8752","reportUrl":"https://status-im.github.io/status-cli-tests/385//#testresult/3290f7b97d8a8752","status":"failed","statusDetails":"AssertionError: Response does not contain 'result' key.","time":{"start":1740961966521,"stop":1740962009793,"duration":43272}},{"uid":"e77925d0f3af81c","reportUrl":"https://status-im.github.io/status-cli-tests/384//#testresult/e77925d0f3af81c","status":"failed","statusDetails":"AssertionError: Response does not contain 'result' key.","time":{"start":1740875563276,"stop":1740875612414,"duration":49138}},{"uid":"e8fe60a18fd8dd6c","reportUrl":"https://status-im.github.io/status-cli-tests/383//#testresult/e8fe60a18fd8dd6c","status":"failed","statusDetails":"AssertionError: Response does not contain 'result' key.","time":{"start":1740789158278,"stop":1740789200581,"duration":42303}},{"uid":"9a018fef79990274","reportUrl":"https://status-im.github.io/status-cli-tests/382//#testresult/9a018fef79990274","status":"failed","statusDetails":"AssertionError: Response does not contain 'result' key.","time":{"start":1740702668294,"stop":1740702709912,"duration":41618}},{"uid":"a531db8a1ce4db39","reportUrl":"https://status-im.github.io/status-cli-tests/381//#testresult/a531db8a1ce4db39","status":"failed","statusDetails":"AssertionError: Response does not contain 'result' key.","time":{"start":1740616261062,"stop":1740616305379,"duration":44317}},{"uid":"1c282eec2c60a0ba","reportUrl":"https://status-im.github.io/status-cli-tests/380//#testresult/1c282eec2c60a0ba","status":"failed","statusDetails":"AssertionError: Response does not contain 'result' key.","time":{"start":1740529850291,"stop":1740529893680,"duration":43389}},{"uid":"1d234cc2fd96a687","reportUrl":"https://status-im.github.io/status-cli-tests/379//#testresult/1d234cc2fd96a687","status":"failed","statusDetails":"AssertionError: Response does not contain 'result' key.","time":{"start":1740443398023,"stop":1740443436278,"duration":38255}},{"uid":"138a8aa34337bb98","reportUrl":"https://status-im.github.io/status-cli-tests/378//#testresult/138a8aa34337bb98","status":"failed","statusDetails":"AssertionError: Response does not contain 'result' key.","time":{"start":1740356974288,"stop":1740357012675,"duration":38387}},{"uid":"37f0eeaddf824491","reportUrl":"https://status-im.github.io/status-cli-tests/377//#testresult/37f0eeaddf824491","status":"failed","statusDetails":"AssertionError: Response does not contain 'result' key.","time":{"start":1740270667838,"stop":1740270709835,"duration":41997}},{"uid":"6fdac5850d68fbb4","reportUrl":"https://status-im.github.io/status-cli-tests/376//#testresult/6fdac5850d68fbb4","status":"failed","statusDetails":"AssertionError: Response does not contain 'result' key.","time":{"start":1740184379702,"stop":1740184437801,"duration":58099}},{"uid":"73cc170cf5adf158","reportUrl":"https://status-im.github.io/status-cli-tests/375//#testresult/73cc170cf5adf158","status":"failed","statusDetails":"AssertionError: Response does not contain 'result' key.","time":{"start":1740097758889,"stop":1740097797105,"duration":38216}},{"uid":"6680e904308667ac","reportUrl":"https://status-im.github.io/status-cli-tests/374//#testresult/6680e904308667ac","status":"passed","time":{"start":1740011336395,"stop":1740011385679,"duration":49284}},{"uid":"4183cc37a2923b48","reportUrl":"https://status-im.github.io/status-cli-tests/373//#testresult/4183cc37a2923b48","status":"passed","time":{"start":1739924761282,"stop":1739924804425,"duration":43143}},{"uid":"f18dd84e50354e8c","reportUrl":"https://status-im.github.io/status-cli-tests/372//#testresult/f18dd84e50354e8c","status":"failed","statusDetails":"AssertionError: Response does not contain 'result' key.","time":{"start":1739838560784,"stop":1739838599035,"duration":38251}},{"uid":"cd3742517a8376fa","reportUrl":"https://status-im.github.io/status-cli-tests/371//#testresult/cd3742517a8376fa","status":"failed","statusDetails":"AssertionError: Response does not contain 'result' key.","time":{"start":1739752326963,"stop":1739752365203,"duration":38240}},{"uid":"609e48f84ef3f6c1","reportUrl":"https://status-im.github.io/status-cli-tests/370//#testresult/609e48f84ef3f6c1","status":"failed","statusDetails":"AssertionError: Response does not contain 'result' key.","time":{"start":1739665941697,"stop":1739665985114,"duration":43417}},{"uid":"77d1ba45d6e5ec0e","reportUrl":"https://status-im.github.io/status-cli-tests/369//#testresult/77d1ba45d6e5ec0e","status":"failed","statusDetails":"AssertionError: Response does not contain 'result' key.","time":{"start":1739579396042,"stop":1739579434318,"duration":38276}}]},"tags":["@pytest.mark.usefixtures('start_1_node')","flaky(reruns=2)"]},"source":"d728c873086b511f.json","parameterValues":[]}