{"uid":"487d0c3e5fa6bba5","name":"test_join_community_with_low_bandwith","fullName":"tests.test_join_community.TestJoinCommunity#test_join_community_with_low_bandwith","historyId":"acec66a9fe6a2fbcbf702c9ea545d881","time":{"start":1733964027493,"stop":1733964072464,"duration":44971},"status":"failed","statusMessage":"AssertionError: Response does not contain 'result' key.","statusTrace":"tests/test_join_community.py:65: in test_join_community_with_low_bandwith\n    self.test_join_community_baseline()\ntests/test_join_community.py:20: in test_join_community_baseline\n    response_to_join = self.first_node.request_to_join_community(community_id)\nsrc/node/status_node.py:197: in request_to_join_community\n    return self.api.send_rpc_request(\"wakuext_requestToJoinCommunity\", params)\n/opt/hostedtoolcache/Python/3.12.7/x64/lib/python3.12/site-packages/tenacity/__init__.py:289: in wrapped_f\n    return self(f, *args, **kw)\n/opt/hostedtoolcache/Python/3.12.7/x64/lib/python3.12/site-packages/tenacity/__init__.py:379: in __call__\n    do = self.iter(retry_state=retry_state)\n/opt/hostedtoolcache/Python/3.12.7/x64/lib/python3.12/site-packages/tenacity/__init__.py:325: in iter\n    raise retry_exc.reraise()\n/opt/hostedtoolcache/Python/3.12.7/x64/lib/python3.12/site-packages/tenacity/__init__.py:158: in reraise\n    raise self.last_attempt.result()\n/opt/hostedtoolcache/Python/3.12.7/x64/lib/python3.12/concurrent/futures/_base.py:449: in result\n    return self.__get_result()\n/opt/hostedtoolcache/Python/3.12.7/x64/lib/python3.12/concurrent/futures/_base.py:401: in __get_result\n    raise self._exception\n/opt/hostedtoolcache/Python/3.12.7/x64/lib/python3.12/site-packages/tenacity/__init__.py:382: in __call__\n    result = fn(*args, **kwargs)\nsrc/node/rpc_client.py:27: in send_rpc_request\n    assert \"result\" in response.json(), \"Response does not contain 'result' key.\"\nE   AssertionError: Response does not contain 'result' key.","flaky":false,"newFailed":true,"newBroken":false,"newPassed":false,"retriesCount":0,"retriesStatusChange":false,"beforeStages":[{"name":"set_allure_env_variables","time":{"start":1733962628302,"stop":1733962628302,"duration":0},"status":"passed","steps":[],"attachments":[],"parameters":[],"shouldDisplayMessage":false,"stepsCount":0,"attachmentsCount":0,"hasContent":false,"attachmentStep":false},{"name":"clear_open_nodes","time":{"start":1733964019680,"stop":1733964019680,"duration":0},"status":"passed","steps":[],"attachments":[],"parameters":[],"shouldDisplayMessage":false,"stepsCount":0,"attachmentsCount":0,"hasContent":false,"attachmentStep":false},{"name":"start_1_node","time":{"start":1733964019681,"stop":1733964027492,"duration":7811},"status":"passed","steps":[],"attachments":[],"parameters":[],"shouldDisplayMessage":false,"stepsCount":0,"attachmentsCount":0,"hasContent":false,"attachmentStep":false},{"name":"save_node_logs_on_fail","time":{"start":1733964019681,"stop":1733964019681,"duration":0},"status":"passed","steps":[],"attachments":[],"parameters":[],"shouldDisplayMessage":false,"stepsCount":0,"attachmentsCount":0,"hasContent":false,"attachmentStep":false}],"testStage":{"status":"failed","statusMessage":"AssertionError: Response does not contain 'result' key.","statusTrace":"tests/test_join_community.py:65: in test_join_community_with_low_bandwith\n    self.test_join_community_baseline()\ntests/test_join_community.py:20: in test_join_community_baseline\n    response_to_join = self.first_node.request_to_join_community(community_id)\nsrc/node/status_node.py:197: in request_to_join_community\n    return self.api.send_rpc_request(\"wakuext_requestToJoinCommunity\", params)\n/opt/hostedtoolcache/Python/3.12.7/x64/lib/python3.12/site-packages/tenacity/__init__.py:289: in wrapped_f\n    return self(f, *args, **kw)\n/opt/hostedtoolcache/Python/3.12.7/x64/lib/python3.12/site-packages/tenacity/__init__.py:379: in __call__\n    do = self.iter(retry_state=retry_state)\n/opt/hostedtoolcache/Python/3.12.7/x64/lib/python3.12/site-packages/tenacity/__init__.py:325: in iter\n    raise retry_exc.reraise()\n/opt/hostedtoolcache/Python/3.12.7/x64/lib/python3.12/site-packages/tenacity/__init__.py:158: in reraise\n    raise self.last_attempt.result()\n/opt/hostedtoolcache/Python/3.12.7/x64/lib/python3.12/concurrent/futures/_base.py:449: in result\n    return self.__get_result()\n/opt/hostedtoolcache/Python/3.12.7/x64/lib/python3.12/concurrent/futures/_base.py:401: in __get_result\n    raise self._exception\n/opt/hostedtoolcache/Python/3.12.7/x64/lib/python3.12/site-packages/tenacity/__init__.py:382: in __call__\n    result = fn(*args, **kwargs)\nsrc/node/rpc_client.py:27: in send_rpc_request\n    assert \"result\" in response.json(), \"Response does not contain 'result' key.\"\nE   AssertionError: Response does not contain 'result' key.","steps":[],"attachments":[{"uid":"e6027d89d93ddafc","name":"log","source":"e6027d89d93ddafc.txt","type":"text/plain","size":261053}],"parameters":[],"shouldDisplayMessage":true,"stepsCount":0,"attachmentsCount":1,"hasContent":true,"attachmentStep":false},"afterStages":[{"name":"save_node_logs_on_fail::0","time":{"start":1733964072517,"stop":1733964072519,"duration":2},"status":"passed","steps":[],"attachments":[],"parameters":[],"shouldDisplayMessage":false,"stepsCount":0,"attachmentsCount":0,"hasContent":false,"attachmentStep":false},{"name":"clear_open_nodes::0","time":{"start":1733964072519,"stop":1733964072648,"duration":129},"status":"passed","steps":[],"attachments":[],"parameters":[],"shouldDisplayMessage":false,"stepsCount":0,"attachmentsCount":0,"hasContent":false,"attachmentStep":false},{"name":"set_allure_env_variables::0","time":{"start":1733964562664,"stop":1733964562664,"duration":0},"status":"passed","steps":[],"attachments":[],"parameters":[],"shouldDisplayMessage":false,"stepsCount":0,"attachmentsCount":0,"hasContent":false,"attachmentStep":false}],"labels":[{"name":"tag","value":"@pytest.mark.usefixtures('start_1_node')"},{"name":"parentSuite","value":"tests"},{"name":"suite","value":"test_join_community"},{"name":"subSuite","value":"TestJoinCommunity"},{"name":"host","value":"fv-az1672-752"},{"name":"thread","value":"60506-MainThread"},{"name":"framework","value":"pytest"},{"name":"language","value":"cpython3"},{"name":"package","value":"tests.test_join_community"},{"name":"resultFormat","value":"allure2"}],"parameters":[],"links":[],"hidden":false,"retry":false,"extra":{"severity":"normal","retries":[],"categories":[{"name":"Product defects","matchedStatuses":[],"flaky":false}],"history":{"statistic":{"failed":34,"broken":8,"skipped":0,"passed":22,"unknown":0,"total":64},"items":[{"uid":"8bae91b1ae2ab228","reportUrl":"https://status-im.github.io/status-cli-tests/301//#testresult/8bae91b1ae2ab228","status":"broken","statusDetails":"RuntimeError: Request to http://127.0.0.1:22399 usig method wakuext_fetchCommunity timed out after 10 seconds. Node: first_node","time":{"start":1733877956996,"stop":1733878059778,"duration":102782}},{"uid":"97db5ef468267d4c","reportUrl":"https://status-im.github.io/status-cli-tests/300//#testresult/97db5ef468267d4c","status":"failed","statusDetails":"AssertionError: Response does not contain 'result' key.","time":{"start":1733790980446,"stop":1733791034624,"duration":54178}},{"uid":"2a0d4a76d87551f1","reportUrl":"https://status-im.github.io/status-cli-tests/299//#testresult/2a0d4a76d87551f1","status":"failed","statusDetails":"AssertionError: Response does not contain 'result' key.","time":{"start":1733704579288,"stop":1733704622817,"duration":43529}},{"uid":"31b3efa39704d5b0","reportUrl":"https://status-im.github.io/status-cli-tests/298//#testresult/31b3efa39704d5b0","status":"failed","statusDetails":"AssertionError: Response does not contain 'result' key.","time":{"start":1733618475234,"stop":1733618523500,"duration":48266}},{"uid":"bc88b3f0c9e9aea0","reportUrl":"https://status-im.github.io/status-cli-tests/297//#testresult/bc88b3f0c9e9aea0","status":"failed","statusDetails":"AssertionError: Response does not contain 'result' key.","time":{"start":1733532109438,"stop":1733532167238,"duration":57800}},{"uid":"1a2b8d5e33ba4ab7","reportUrl":"https://status-im.github.io/status-cli-tests/296//#testresult/1a2b8d5e33ba4ab7","status":"failed","statusDetails":"AssertionError: Response does not contain 'result' key.","time":{"start":1733445896322,"stop":1733445969762,"duration":73440}},{"uid":"3b7305f1352d3974","reportUrl":"https://status-im.github.io/status-cli-tests/295//#testresult/3b7305f1352d3974","status":"failed","statusDetails":"AssertionError: Response does not contain 'result' key.","time":{"start":1733359518206,"stop":1733359583081,"duration":64875}},{"uid":"bdbde753a515c7f","reportUrl":"https://status-im.github.io/status-cli-tests/294//#testresult/bdbde753a515c7f","status":"failed","statusDetails":"AssertionError: Response does not contain 'result' key.","time":{"start":1733273164300,"stop":1733273234249,"duration":69949}},{"uid":"55b05d0d408a93d3","reportUrl":"https://status-im.github.io/status-cli-tests/293//#testresult/55b05d0d408a93d3","status":"failed","statusDetails":"AssertionError: Response does not contain 'result' key.","time":{"start":1733186673611,"stop":1733186745495,"duration":71884}},{"uid":"385dc3d0ab0fe31","reportUrl":"https://status-im.github.io/status-cli-tests/292//#testresult/385dc3d0ab0fe31","status":"failed","statusDetails":"AssertionError: Response does not contain 'result' key.","time":{"start":1733100213972,"stop":1733100281638,"duration":67666}},{"uid":"fe00404370c6c819","reportUrl":"https://status-im.github.io/status-cli-tests/291//#testresult/fe00404370c6c819","status":"failed","statusDetails":"AssertionError: Response does not contain 'result' key.","time":{"start":1733013951852,"stop":1733014019216,"duration":67364}},{"uid":"1c96411821aa79a0","reportUrl":"https://status-im.github.io/status-cli-tests/290//#testresult/1c96411821aa79a0","status":"failed","statusDetails":"AssertionError: Response does not contain 'result' key.","time":{"start":1732927459372,"stop":1732927527766,"duration":68394}},{"uid":"e1534dc8462ed1c8","reportUrl":"https://status-im.github.io/status-cli-tests/289//#testresult/e1534dc8462ed1c8","status":"failed","statusDetails":"AssertionError: Response does not contain 'result' key.","time":{"start":1732841018705,"stop":1732841084429,"duration":65724}},{"uid":"5c2889a73c49ca3d","reportUrl":"https://status-im.github.io/status-cli-tests/288//#testresult/5c2889a73c49ca3d","status":"broken","statusDetails":"RuntimeError: Request to http://127.0.0.1:40928 usig method wakuext_fetchCommunity timed out after 10 seconds. Node: first_node","time":{"start":1732754648992,"stop":1732754711520,"duration":62528}},{"uid":"74e32136666d4e49","reportUrl":"https://status-im.github.io/status-cli-tests/287//#testresult/74e32136666d4e49","status":"failed","statusDetails":"AssertionError: Response does not contain 'result' key.","time":{"start":1732668115678,"stop":1732668189212,"duration":73534}},{"uid":"6cd8617e2a063490","reportUrl":"https://status-im.github.io/status-cli-tests/286//#testresult/6cd8617e2a063490","status":"broken","statusDetails":"RuntimeError: Request to http://127.0.0.1:49590 usig method wakuext_fetchCommunity timed out after 10 seconds. Node: first_node","time":{"start":1732581758058,"stop":1732581819656,"duration":61598}},{"uid":"3a742307c8739e92","reportUrl":"https://status-im.github.io/status-cli-tests/285//#testresult/3a742307c8739e92","status":"failed","statusDetails":"AssertionError: Response does not contain 'result' key.","time":{"start":1732495075017,"stop":1732495129488,"duration":54471}},{"uid":"f82800e1ae07d32e","reportUrl":"https://status-im.github.io/status-cli-tests/284//#testresult/f82800e1ae07d32e","status":"failed","statusDetails":"AssertionError: Response does not contain 'result' key.","time":{"start":1732408717205,"stop":1732408772132,"duration":54927}},{"uid":"1fe58fe531f16a2c","reportUrl":"https://status-im.github.io/status-cli-tests/283//#testresult/1fe58fe531f16a2c","status":"failed","statusDetails":"AssertionError: Response does not contain 'result' key.","time":{"start":1732322242432,"stop":1732322299021,"duration":56589}},{"uid":"738b7dabccb02ff2","reportUrl":"https://status-im.github.io/status-cli-tests/282//#testresult/738b7dabccb02ff2","status":"failed","statusDetails":"AssertionError: Response does not contain 'result' key.","time":{"start":1732236071608,"stop":1732236124730,"duration":53122}}]},"tags":["@pytest.mark.usefixtures('start_1_node')"]},"source":"487d0c3e5fa6bba5.json","parameterValues":[]}