{"uid":"fa8ac4dec36a58a0","name":"test_join_community_baseline","fullName":"tests.test_join_community.TestJoinCommunity#test_join_community_baseline","historyId":"0045b227df045106355999bb08fb6547","time":{"start":1739061081786,"stop":1739061125193,"duration":43407},"status":"failed","statusMessage":"AssertionError: Response does not contain 'result' key.","statusTrace":"tests/test_join_community.py:20: in test_join_community_baseline\n    response_to_join = self.first_node.request_to_join_community(community_id)\nsrc/node/status_node.py:197: in request_to_join_community\n    return self.api.send_rpc_request(\"wakuext_requestToJoinCommunity\", params)\n/opt/hostedtoolcache/Python/3.12.8/x64/lib/python3.12/site-packages/tenacity/__init__.py:289: in wrapped_f\n    return self(f, *args, **kw)\n/opt/hostedtoolcache/Python/3.12.8/x64/lib/python3.12/site-packages/tenacity/__init__.py:379: in __call__\n    do = self.iter(retry_state=retry_state)\n/opt/hostedtoolcache/Python/3.12.8/x64/lib/python3.12/site-packages/tenacity/__init__.py:325: in iter\n    raise retry_exc.reraise()\n/opt/hostedtoolcache/Python/3.12.8/x64/lib/python3.12/site-packages/tenacity/__init__.py:158: in reraise\n    raise self.last_attempt.result()\n/opt/hostedtoolcache/Python/3.12.8/x64/lib/python3.12/concurrent/futures/_base.py:449: in result\n    return self.__get_result()\n/opt/hostedtoolcache/Python/3.12.8/x64/lib/python3.12/concurrent/futures/_base.py:401: in __get_result\n    raise self._exception\n/opt/hostedtoolcache/Python/3.12.8/x64/lib/python3.12/site-packages/tenacity/__init__.py:382: in __call__\n    result = fn(*args, **kwargs)\nsrc/node/rpc_client.py:27: in send_rpc_request\n    assert \"result\" in response.json(), \"Response does not contain 'result' key.\"\nE   AssertionError: Response does not contain 'result' key.","flaky":false,"newFailed":false,"newBroken":false,"newPassed":false,"retriesCount":2,"retriesStatusChange":false,"beforeStages":[{"name":"set_allure_env_variables","time":{"start":1739060227919,"stop":1739060227919,"duration":0},"status":"passed","steps":[],"attachments":[],"parameters":[],"shouldDisplayMessage":false,"stepsCount":0,"attachmentsCount":0,"hasContent":false,"attachmentStep":false},{"name":"start_1_node","time":{"start":1739061073975,"stop":1739061081786,"duration":7811},"status":"passed","steps":[],"attachments":[],"parameters":[],"shouldDisplayMessage":false,"stepsCount":0,"attachmentsCount":0,"hasContent":false,"attachmentStep":false},{"name":"save_node_logs_on_fail","time":{"start":1739061073975,"stop":1739061073975,"duration":0},"status":"passed","steps":[],"attachments":[],"parameters":[],"shouldDisplayMessage":false,"stepsCount":0,"attachmentsCount":0,"hasContent":false,"attachmentStep":false},{"name":"clear_open_nodes","time":{"start":1739061073975,"stop":1739061073975,"duration":0},"status":"passed","steps":[],"attachments":[],"parameters":[],"shouldDisplayMessage":false,"stepsCount":0,"attachmentsCount":0,"hasContent":false,"attachmentStep":false}],"testStage":{"status":"failed","statusMessage":"AssertionError: Response does not contain 'result' key.","statusTrace":"tests/test_join_community.py:20: in test_join_community_baseline\n    response_to_join = self.first_node.request_to_join_community(community_id)\nsrc/node/status_node.py:197: in request_to_join_community\n    return self.api.send_rpc_request(\"wakuext_requestToJoinCommunity\", params)\n/opt/hostedtoolcache/Python/3.12.8/x64/lib/python3.12/site-packages/tenacity/__init__.py:289: in wrapped_f\n    return self(f, *args, **kw)\n/opt/hostedtoolcache/Python/3.12.8/x64/lib/python3.12/site-packages/tenacity/__init__.py:379: in __call__\n    do = self.iter(retry_state=retry_state)\n/opt/hostedtoolcache/Python/3.12.8/x64/lib/python3.12/site-packages/tenacity/__init__.py:325: in iter\n    raise retry_exc.reraise()\n/opt/hostedtoolcache/Python/3.12.8/x64/lib/python3.12/site-packages/tenacity/__init__.py:158: in reraise\n    raise self.last_attempt.result()\n/opt/hostedtoolcache/Python/3.12.8/x64/lib/python3.12/concurrent/futures/_base.py:449: in result\n    return self.__get_result()\n/opt/hostedtoolcache/Python/3.12.8/x64/lib/python3.12/concurrent/futures/_base.py:401: in __get_result\n    raise self._exception\n/opt/hostedtoolcache/Python/3.12.8/x64/lib/python3.12/site-packages/tenacity/__init__.py:382: in __call__\n    result = fn(*args, **kwargs)\nsrc/node/rpc_client.py:27: in send_rpc_request\n    assert \"result\" in response.json(), \"Response does not contain 'result' key.\"\nE   AssertionError: Response does not contain 'result' key.","steps":[],"attachments":[{"uid":"14646196fa0dfc9","name":"log","source":"14646196fa0dfc9.txt","type":"text/plain","size":697399}],"parameters":[],"shouldDisplayMessage":true,"stepsCount":0,"attachmentsCount":1,"hasContent":true,"attachmentStep":false},"afterStages":[{"name":"save_node_logs_on_fail::0","time":{"start":1739061125233,"stop":1739061125235,"duration":2},"status":"passed","steps":[],"attachments":[],"parameters":[],"shouldDisplayMessage":false,"stepsCount":0,"attachmentsCount":0,"hasContent":false,"attachmentStep":false},{"name":"clear_open_nodes::0","time":{"start":1739061125236,"stop":1739061125363,"duration":127},"status":"passed","steps":[],"attachments":[],"parameters":[],"shouldDisplayMessage":false,"stepsCount":0,"attachmentsCount":0,"hasContent":false,"attachmentStep":false},{"name":"set_allure_env_variables::0","time":{"start":1739061814268,"stop":1739061814268,"duration":0},"status":"passed","steps":[],"attachments":[],"parameters":[],"shouldDisplayMessage":false,"stepsCount":0,"attachmentsCount":0,"hasContent":false,"attachmentStep":false}],"labels":[{"name":"tag","value":"flaky(reruns=2)"},{"name":"tag","value":"@pytest.mark.usefixtures('start_1_node')"},{"name":"parentSuite","value":"tests"},{"name":"suite","value":"test_join_community"},{"name":"subSuite","value":"TestJoinCommunity"},{"name":"host","value":"fv-az1110-414"},{"name":"thread","value":"60345-MainThread"},{"name":"framework","value":"pytest"},{"name":"language","value":"cpython3"},{"name":"package","value":"tests.test_join_community"},{"name":"resultFormat","value":"allure2"}],"parameters":[],"links":[],"hidden":false,"retry":false,"extra":{"severity":"normal","retries":[{"uid":"935053da5ffa00f7","status":"failed","statusDetails":"AssertionError: Response does not contain 'result' key.","time":{"start":1739061029775,"stop":1739061073818,"duration":44043}},{"uid":"9862f44b6bacf227","status":"failed","statusDetails":"AssertionError: Response does not contain 'result' key.","time":{"start":1739060971701,"stop":1739061021796,"duration":50095}}],"categories":[{"name":"Product defects","matchedStatuses":[],"flaky":false}],"history":{"statistic":{"failed":78,"broken":7,"skipped":0,"passed":39,"unknown":0,"total":124},"items":[{"uid":"269fbcf4edee2785","reportUrl":"https://status-im.github.io/status-cli-tests/362//#testresult/269fbcf4edee2785","status":"failed","statusDetails":"AssertionError: Response does not contain 'result' key.","time":{"start":1738974726748,"stop":1738974770846,"duration":44098}},{"uid":"b592fea343270078","reportUrl":"https://status-im.github.io/status-cli-tests/361//#testresult/b592fea343270078","status":"failed","statusDetails":"AssertionError: Response does not contain 'result' key.","time":{"start":1738888343587,"stop":1738888390574,"duration":46987}},{"uid":"f25c675eacf1237f","reportUrl":"https://status-im.github.io/status-cli-tests/360//#testresult/f25c675eacf1237f","status":"failed","statusDetails":"AssertionError: Response does not contain 'result' key.","time":{"start":1738801911468,"stop":1738801958793,"duration":47325}},{"uid":"e96e06dee0240396","reportUrl":"https://status-im.github.io/status-cli-tests/359//#testresult/e96e06dee0240396","status":"failed","statusDetails":"AssertionError: Response does not contain 'result' key.","time":{"start":1738715463679,"stop":1738715512363,"duration":48684}},{"uid":"72ce36135df580fc","reportUrl":"https://status-im.github.io/status-cli-tests/358//#testresult/72ce36135df580fc","status":"failed","statusDetails":"AssertionError: Response does not contain 'result' key.","time":{"start":1738629170732,"stop":1738629211416,"duration":40684}},{"uid":"810d08f4a0b3974d","reportUrl":"https://status-im.github.io/status-cli-tests/357//#testresult/810d08f4a0b3974d","status":"failed","statusDetails":"AssertionError: Response does not contain 'result' key.","time":{"start":1738542705608,"stop":1738542752580,"duration":46972}},{"uid":"af63f3d123d920d4","reportUrl":"https://status-im.github.io/status-cli-tests/356//#testresult/af63f3d123d920d4","status":"passed","time":{"start":1738456302897,"stop":1738456342540,"duration":39643}},{"uid":"e1f25b788532ecf8","reportUrl":"https://status-im.github.io/status-cli-tests/355//#testresult/e1f25b788532ecf8","status":"passed","time":{"start":1738369839077,"stop":1738369883620,"duration":44543}},{"uid":"15833b4891cbb04b","reportUrl":"https://status-im.github.io/status-cli-tests/354//#testresult/15833b4891cbb04b","status":"passed","time":{"start":1738283352127,"stop":1738283391587,"duration":39460}},{"uid":"b56198a63852423a","reportUrl":"https://status-im.github.io/status-cli-tests/353//#testresult/b56198a63852423a","status":"failed","statusDetails":"AssertionError: Response does not contain 'result' key.","time":{"start":1738197103210,"stop":1738197143781,"duration":40571}},{"uid":"ea6d6f747376c774","reportUrl":"https://status-im.github.io/status-cli-tests/352//#testresult/ea6d6f747376c774","status":"failed","statusDetails":"AssertionError: Response does not contain 'result' key.","time":{"start":1738110685518,"stop":1738110740781,"duration":55263}},{"uid":"a4a24e4278bcc4d9","reportUrl":"https://status-im.github.io/status-cli-tests/351//#testresult/a4a24e4278bcc4d9","status":"failed","statusDetails":"AssertionError: Response does not contain 'result' key.","time":{"start":1738024308488,"stop":1738024348723,"duration":40235}},{"uid":"7b120ec7307495ca","reportUrl":"https://status-im.github.io/status-cli-tests/350//#testresult/7b120ec7307495ca","status":"failed","statusDetails":"AssertionError: Response does not contain 'result' key.","time":{"start":1737937871993,"stop":1737937912212,"duration":40219}},{"uid":"4879b2df34b5c085","reportUrl":"https://status-im.github.io/status-cli-tests/349//#testresult/4879b2df34b5c085","status":"failed","statusDetails":"AssertionError: Response does not contain 'result' key.","time":{"start":1737851602497,"stop":1737851645799,"duration":43302}},{"uid":"c6c0bfac95163136","reportUrl":"https://status-im.github.io/status-cli-tests/348//#testresult/c6c0bfac95163136","status":"failed","statusDetails":"AssertionError: Response does not contain 'result' key.","time":{"start":1737765003214,"stop":1737765044768,"duration":41554}},{"uid":"c6cf07b814243cda","reportUrl":"https://status-im.github.io/status-cli-tests/347//#testresult/c6cf07b814243cda","status":"failed","statusDetails":"AssertionError: Response does not contain 'result' key.","time":{"start":1737678675308,"stop":1737678715569,"duration":40261}},{"uid":"ab4de90c2c48eae6","reportUrl":"https://status-im.github.io/status-cli-tests/346//#testresult/ab4de90c2c48eae6","status":"failed","statusDetails":"AssertionError: Response does not contain 'result' key.","time":{"start":1737592229876,"stop":1737592269488,"duration":39612}},{"uid":"a121f45af31f8cae","reportUrl":"https://status-im.github.io/status-cli-tests/345//#testresult/a121f45af31f8cae","status":"failed","statusDetails":"AssertionError: Response does not contain 'result' key.","time":{"start":1737505800982,"stop":1737505843241,"duration":42259}},{"uid":"34092a2fe0107dc2","reportUrl":"https://status-im.github.io/status-cli-tests/344//#testresult/34092a2fe0107dc2","status":"passed","time":{"start":1737419264024,"stop":1737419300085,"duration":36061}},{"uid":"e4ebc2eee53d6934","reportUrl":"https://status-im.github.io/status-cli-tests/343//#testresult/e4ebc2eee53d6934","status":"passed","time":{"start":1737332835976,"stop":1737332873474,"duration":37498}}]},"tags":["@pytest.mark.usefixtures('start_1_node')","flaky(reruns=2)"]},"source":"fa8ac4dec36a58a0.json","parameterValues":[]}