{"uid":"3fd54c4f20dae26e","name":"test_leave_community_baseline","fullName":"tests.test_leave_community.TestLeaveCommunity#test_leave_community_baseline","historyId":"ba5f179862c2394ab88a56b56e94ab6d","time":{"start":1735864939396,"stop":1735864982317,"duration":42921},"status":"failed","statusMessage":"AssertionError: Response does not contain 'result' key.","statusTrace":"tests/test_leave_community.py:13: in test_leave_community_baseline\n    self.join_created_communities()\nsrc/steps/common.py:176: in join_created_communities\n    response_to_join = self.first_node.request_to_join_community(community_id)\nsrc/node/status_node.py:197: in request_to_join_community\n    return self.api.send_rpc_request(\"wakuext_requestToJoinCommunity\", params)\n/opt/hostedtoolcache/Python/3.12.8/x64/lib/python3.12/site-packages/tenacity/__init__.py:289: in wrapped_f\n    return self(f, *args, **kw)\n/opt/hostedtoolcache/Python/3.12.8/x64/lib/python3.12/site-packages/tenacity/__init__.py:379: in __call__\n    do = self.iter(retry_state=retry_state)\n/opt/hostedtoolcache/Python/3.12.8/x64/lib/python3.12/site-packages/tenacity/__init__.py:325: in iter\n    raise retry_exc.reraise()\n/opt/hostedtoolcache/Python/3.12.8/x64/lib/python3.12/site-packages/tenacity/__init__.py:158: in reraise\n    raise self.last_attempt.result()\n/opt/hostedtoolcache/Python/3.12.8/x64/lib/python3.12/concurrent/futures/_base.py:449: in result\n    return self.__get_result()\n/opt/hostedtoolcache/Python/3.12.8/x64/lib/python3.12/concurrent/futures/_base.py:401: in __get_result\n    raise self._exception\n/opt/hostedtoolcache/Python/3.12.8/x64/lib/python3.12/site-packages/tenacity/__init__.py:382: in __call__\n    result = fn(*args, **kwargs)\nsrc/node/rpc_client.py:27: in send_rpc_request\n    assert \"result\" in response.json(), \"Response does not contain 'result' key.\"\nE   AssertionError: Response does not contain 'result' key.","flaky":false,"newFailed":false,"newBroken":false,"newPassed":false,"retriesCount":2,"retriesStatusChange":false,"beforeStages":[{"name":"set_allure_env_variables","time":{"start":1735863370582,"stop":1735863370582,"duration":0},"status":"passed","steps":[],"attachments":[],"parameters":[],"shouldDisplayMessage":false,"stepsCount":0,"attachmentsCount":0,"hasContent":false,"attachmentStep":false},{"name":"save_node_logs_on_fail","time":{"start":1735864931586,"stop":1735864931587,"duration":1},"status":"passed","steps":[],"attachments":[],"parameters":[],"shouldDisplayMessage":false,"stepsCount":0,"attachmentsCount":0,"hasContent":false,"attachmentStep":false},{"name":"clear_open_nodes","time":{"start":1735864931586,"stop":1735864931586,"duration":0},"status":"passed","steps":[],"attachments":[],"parameters":[],"shouldDisplayMessage":false,"stepsCount":0,"attachmentsCount":0,"hasContent":false,"attachmentStep":false},{"name":"start_1_node","time":{"start":1735864931587,"stop":1735864939395,"duration":7808},"status":"passed","steps":[],"attachments":[],"parameters":[],"shouldDisplayMessage":false,"stepsCount":0,"attachmentsCount":0,"hasContent":false,"attachmentStep":false}],"testStage":{"status":"failed","statusMessage":"AssertionError: Response does not contain 'result' key.","statusTrace":"tests/test_leave_community.py:13: in test_leave_community_baseline\n    self.join_created_communities()\nsrc/steps/common.py:176: in join_created_communities\n    response_to_join = self.first_node.request_to_join_community(community_id)\nsrc/node/status_node.py:197: in request_to_join_community\n    return self.api.send_rpc_request(\"wakuext_requestToJoinCommunity\", params)\n/opt/hostedtoolcache/Python/3.12.8/x64/lib/python3.12/site-packages/tenacity/__init__.py:289: in wrapped_f\n    return self(f, *args, **kw)\n/opt/hostedtoolcache/Python/3.12.8/x64/lib/python3.12/site-packages/tenacity/__init__.py:379: in __call__\n    do = self.iter(retry_state=retry_state)\n/opt/hostedtoolcache/Python/3.12.8/x64/lib/python3.12/site-packages/tenacity/__init__.py:325: in iter\n    raise retry_exc.reraise()\n/opt/hostedtoolcache/Python/3.12.8/x64/lib/python3.12/site-packages/tenacity/__init__.py:158: in reraise\n    raise self.last_attempt.result()\n/opt/hostedtoolcache/Python/3.12.8/x64/lib/python3.12/concurrent/futures/_base.py:449: in result\n    return self.__get_result()\n/opt/hostedtoolcache/Python/3.12.8/x64/lib/python3.12/concurrent/futures/_base.py:401: in __get_result\n    raise self._exception\n/opt/hostedtoolcache/Python/3.12.8/x64/lib/python3.12/site-packages/tenacity/__init__.py:382: in __call__\n    result = fn(*args, **kwargs)\nsrc/node/rpc_client.py:27: in send_rpc_request\n    assert \"result\" in response.json(), \"Response does not contain 'result' key.\"\nE   AssertionError: Response does not contain 'result' key.","steps":[],"attachments":[{"uid":"ac806ec249f986e0","name":"log","source":"ac806ec249f986e0.txt","type":"text/plain","size":608093}],"parameters":[],"shouldDisplayMessage":true,"stepsCount":0,"attachmentsCount":1,"hasContent":true,"attachmentStep":false},"afterStages":[{"name":"save_node_logs_on_fail::0","time":{"start":1735864982358,"stop":1735864982360,"duration":2},"status":"passed","steps":[],"attachments":[],"parameters":[],"shouldDisplayMessage":false,"stepsCount":0,"attachmentsCount":0,"hasContent":false,"attachmentStep":false},{"name":"clear_open_nodes::0","time":{"start":1735864982361,"stop":1735864982481,"duration":120},"status":"passed","steps":[],"attachments":[],"parameters":[],"shouldDisplayMessage":false,"stepsCount":0,"attachmentsCount":0,"hasContent":false,"attachmentStep":false},{"name":"set_allure_env_variables::0","time":{"start":1735865239875,"stop":1735865239875,"duration":0},"status":"passed","steps":[],"attachments":[],"parameters":[],"shouldDisplayMessage":false,"stepsCount":0,"attachmentsCount":0,"hasContent":false,"attachmentStep":false}],"labels":[{"name":"tag","value":"flaky(reruns=2)"},{"name":"tag","value":"@pytest.mark.usefixtures('start_1_node')"},{"name":"parentSuite","value":"tests"},{"name":"suite","value":"test_leave_community"},{"name":"subSuite","value":"TestLeaveCommunity"},{"name":"host","value":"fv-az1971-667"},{"name":"thread","value":"60436-MainThread"},{"name":"framework","value":"pytest"},{"name":"language","value":"cpython3"},{"name":"package","value":"tests.test_leave_community"},{"name":"resultFormat","value":"allure2"}],"parameters":[],"links":[],"hidden":false,"retry":false,"extra":{"severity":"normal","retries":[{"uid":"feb8e759c1cc2334","status":"failed","statusDetails":"AssertionError: Response does not contain 'result' key.","time":{"start":1735864892978,"stop":1735864931418,"duration":38440}},{"uid":"1bc5ee507478542b","status":"failed","statusDetails":"AssertionError: Response does not contain 'result' key.","time":{"start":1735864846451,"stop":1735864884993,"duration":38542}}],"categories":[{"name":"Product defects","matchedStatuses":[],"flaky":false}],"history":{"statistic":{"failed":73,"broken":4,"skipped":0,"passed":9,"unknown":0,"total":86},"items":[{"uid":"16e46376a2be4990","reportUrl":"https://status-im.github.io/status-cli-tests/323//#testresult/16e46376a2be4990","status":"failed","statusDetails":"AssertionError: Response does not contain 'result' key.","time":{"start":1735778644808,"stop":1735778683281,"duration":38473}},{"uid":"6e39c07eff008054","reportUrl":"https://status-im.github.io/status-cli-tests/322//#testresult/6e39c07eff008054","status":"failed","statusDetails":"AssertionError: Response does not contain 'result' key.","time":{"start":1735692300194,"stop":1735692338748,"duration":38554}},{"uid":"d42ac549e1210ad1","reportUrl":"https://status-im.github.io/status-cli-tests/321//#testresult/d42ac549e1210ad1","status":"failed","statusDetails":"AssertionError: Response does not contain 'result' key.","time":{"start":1735605741868,"stop":1735605783875,"duration":42007}},{"uid":"6e84fad31ecae93b","reportUrl":"https://status-im.github.io/status-cli-tests/320//#testresult/6e84fad31ecae93b","status":"failed","statusDetails":"AssertionError: Response does not contain 'result' key.","time":{"start":1735519388698,"stop":1735519428714,"duration":40016}},{"uid":"dc69824e57f53271","reportUrl":"https://status-im.github.io/status-cli-tests/319//#testresult/dc69824e57f53271","status":"failed","statusDetails":"AssertionError: Response does not contain 'result' key.","time":{"start":1735433178253,"stop":1735433229685,"duration":51432}},{"uid":"e251c6afbc1fd011","reportUrl":"https://status-im.github.io/status-cli-tests/318//#testresult/e251c6afbc1fd011","status":"failed","statusDetails":"AssertionError: Response does not contain 'result' key.","time":{"start":1735346667672,"stop":1735346730436,"duration":62764}},{"uid":"c2f9225da9a3819b","reportUrl":"https://status-im.github.io/status-cli-tests/317//#testresult/c2f9225da9a3819b","status":"failed","statusDetails":"AssertionError: Response does not contain 'result' key.","time":{"start":1735260518609,"stop":1735260586218,"duration":67609}},{"uid":"f4e52ce96a3260f5","reportUrl":"https://status-im.github.io/status-cli-tests/316//#testresult/f4e52ce96a3260f5","status":"failed","statusDetails":"AssertionError: Response does not contain 'result' key.","time":{"start":1735173946694,"stop":1735173997701,"duration":51007}},{"uid":"487c905e88fbbe17","reportUrl":"https://status-im.github.io/status-cli-tests/315//#testresult/487c905e88fbbe17","status":"failed","statusDetails":"AssertionError: Response does not contain 'result' key.","time":{"start":1735087629697,"stop":1735087695722,"duration":66025}},{"uid":"abfeaba24d6561d4","reportUrl":"https://status-im.github.io/status-cli-tests/314//#testresult/abfeaba24d6561d4","status":"failed","statusDetails":"AssertionError: Response does not contain 'result' key.","time":{"start":1735001164392,"stop":1735001214329,"duration":49937}},{"uid":"5fb5edd9b7193d5e","reportUrl":"https://status-im.github.io/status-cli-tests/313//#testresult/5fb5edd9b7193d5e","status":"failed","statusDetails":"AssertionError: Response does not contain 'result' key.","time":{"start":1734914817924,"stop":1734914873630,"duration":55706}},{"uid":"b44638d2cc9bcbe9","reportUrl":"https://status-im.github.io/status-cli-tests/312//#testresult/b44638d2cc9bcbe9","status":"failed","statusDetails":"AssertionError: Response does not contain 'result' key.","time":{"start":1734828408733,"stop":1734828457716,"duration":48983}},{"uid":"381190ef1df8df2f","reportUrl":"https://status-im.github.io/status-cli-tests/311//#testresult/381190ef1df8df2f","status":"failed","statusDetails":"AssertionError: Response does not contain 'result' key.","time":{"start":1734741905359,"stop":1734741954393,"duration":49034}},{"uid":"84dadcb6d047bb59","reportUrl":"https://status-im.github.io/status-cli-tests/310//#testresult/84dadcb6d047bb59","status":"failed","statusDetails":"AssertionError: Response does not contain 'result' key.","time":{"start":1734655367519,"stop":1734655428759,"duration":61240}},{"uid":"9c7c07f3ef33056d","reportUrl":"https://status-im.github.io/status-cli-tests/309//#testresult/9c7c07f3ef33056d","status":"failed","statusDetails":"AssertionError: Response does not contain 'result' key.","time":{"start":1734568994851,"stop":1734569047025,"duration":52174}},{"uid":"e2060ef42e30904b","reportUrl":"https://status-im.github.io/status-cli-tests/308//#testresult/e2060ef42e30904b","status":"failed","statusDetails":"AssertionError: Response does not contain 'result' key.","time":{"start":1734482878453,"stop":1734482927982,"duration":49529}},{"uid":"2212162be13ff26a","reportUrl":"https://status-im.github.io/status-cli-tests/307//#testresult/2212162be13ff26a","status":"failed","statusDetails":"AssertionError: Response does not contain 'result' key.","time":{"start":1734396229512,"stop":1734396276338,"duration":46826}},{"uid":"5445c5ce9384b967","reportUrl":"https://status-im.github.io/status-cli-tests/306//#testresult/5445c5ce9384b967","status":"failed","statusDetails":"AssertionError: Response does not contain 'result' key.","time":{"start":1734310101770,"stop":1734310154642,"duration":52872}},{"uid":"2e44d50ef577baf","reportUrl":"https://status-im.github.io/status-cli-tests/305//#testresult/2e44d50ef577baf","status":"failed","statusDetails":"AssertionError: Response does not contain 'result' key.","time":{"start":1734223625606,"stop":1734223680437,"duration":54831}},{"uid":"a104d3d4fa55447f","reportUrl":"https://status-im.github.io/status-cli-tests/304//#testresult/a104d3d4fa55447f","status":"failed","statusDetails":"AssertionError: Response does not contain 'result' key.","time":{"start":1734137200786,"stop":1734137256765,"duration":55979}}]},"tags":["@pytest.mark.usefixtures('start_1_node')","flaky(reruns=2)"]},"source":"3fd54c4f20dae26e.json","parameterValues":[]}