{"uid":"7f6880054eb37bac","name":"test_community_messages_with_node_pause_30_seconds","fullName":"tests.test_community_messages.TestCommunityMessages#test_community_messages_with_node_pause_30_seconds","historyId":"6b2d6dc00da0a51e504a132375754954","time":{"start":1731630127462,"stop":1731630158970,"duration":31508},"status":"failed","statusMessage":"AssertionError: Response does not contain 'result' key.","statusTrace":"tests/test_community_messages.py:91: in test_community_messages_with_node_pause_30_seconds\n    self.first_node.send_community_chat_message(message_chat_id, message)\nsrc/node/status_node.py:205: in send_community_chat_message\n    return self.api.send_rpc_request(\"wakuext_sendChatMessage\", params)\n/opt/hostedtoolcache/Python/3.12.7/x64/lib/python3.12/site-packages/tenacity/__init__.py:289: in wrapped_f\n    return self(f, *args, **kw)\n/opt/hostedtoolcache/Python/3.12.7/x64/lib/python3.12/site-packages/tenacity/__init__.py:379: in __call__\n    do = self.iter(retry_state=retry_state)\n/opt/hostedtoolcache/Python/3.12.7/x64/lib/python3.12/site-packages/tenacity/__init__.py:325: in iter\n    raise retry_exc.reraise()\n/opt/hostedtoolcache/Python/3.12.7/x64/lib/python3.12/site-packages/tenacity/__init__.py:158: in reraise\n    raise self.last_attempt.result()\n/opt/hostedtoolcache/Python/3.12.7/x64/lib/python3.12/concurrent/futures/_base.py:449: in result\n    return self.__get_result()\n/opt/hostedtoolcache/Python/3.12.7/x64/lib/python3.12/concurrent/futures/_base.py:401: in __get_result\n    raise self._exception\n/opt/hostedtoolcache/Python/3.12.7/x64/lib/python3.12/site-packages/tenacity/__init__.py:382: in __call__\n    result = fn(*args, **kwargs)\nsrc/node/rpc_client.py:27: in send_rpc_request\n    assert \"result\" in response.json(), \"Response does not contain 'result' key.\"\nE   AssertionError: Response does not contain 'result' key.","flaky":false,"newFailed":false,"newBroken":false,"newPassed":false,"retriesCount":2,"retriesStatusChange":false,"beforeStages":[{"name":"set_allure_env_variables","time":{"start":1731629805861,"stop":1731629805861,"duration":0},"status":"passed","steps":[],"attachments":[],"parameters":[],"shouldDisplayMessage":false,"stepsCount":0,"attachmentsCount":0,"hasContent":false,"attachmentStep":false},{"name":"clear_open_nodes","time":{"start":1731630119649,"stop":1731630119649,"duration":0},"status":"passed","steps":[],"attachments":[],"parameters":[],"shouldDisplayMessage":false,"stepsCount":0,"attachmentsCount":0,"hasContent":false,"attachmentStep":false},{"name":"save_node_logs_on_fail","time":{"start":1731630119649,"stop":1731630119649,"duration":0},"status":"passed","steps":[],"attachments":[],"parameters":[],"shouldDisplayMessage":false,"stepsCount":0,"attachmentsCount":0,"hasContent":false,"attachmentStep":false},{"name":"start_1_node","time":{"start":1731630119649,"stop":1731630127461,"duration":7812},"status":"passed","steps":[],"attachments":[],"parameters":[],"shouldDisplayMessage":false,"stepsCount":0,"attachmentsCount":0,"hasContent":false,"attachmentStep":false}],"testStage":{"status":"failed","statusMessage":"AssertionError: Response does not contain 'result' key.","statusTrace":"tests/test_community_messages.py:91: in test_community_messages_with_node_pause_30_seconds\n    self.first_node.send_community_chat_message(message_chat_id, message)\nsrc/node/status_node.py:205: in send_community_chat_message\n    return self.api.send_rpc_request(\"wakuext_sendChatMessage\", params)\n/opt/hostedtoolcache/Python/3.12.7/x64/lib/python3.12/site-packages/tenacity/__init__.py:289: in wrapped_f\n    return self(f, *args, **kw)\n/opt/hostedtoolcache/Python/3.12.7/x64/lib/python3.12/site-packages/tenacity/__init__.py:379: in __call__\n    do = self.iter(retry_state=retry_state)\n/opt/hostedtoolcache/Python/3.12.7/x64/lib/python3.12/site-packages/tenacity/__init__.py:325: in iter\n    raise retry_exc.reraise()\n/opt/hostedtoolcache/Python/3.12.7/x64/lib/python3.12/site-packages/tenacity/__init__.py:158: in reraise\n    raise self.last_attempt.result()\n/opt/hostedtoolcache/Python/3.12.7/x64/lib/python3.12/concurrent/futures/_base.py:449: in result\n    return self.__get_result()\n/opt/hostedtoolcache/Python/3.12.7/x64/lib/python3.12/concurrent/futures/_base.py:401: in __get_result\n    raise self._exception\n/opt/hostedtoolcache/Python/3.12.7/x64/lib/python3.12/site-packages/tenacity/__init__.py:382: in __call__\n    result = fn(*args, **kwargs)\nsrc/node/rpc_client.py:27: in send_rpc_request\n    assert \"result\" in response.json(), \"Response does not contain 'result' key.\"\nE   AssertionError: Response does not contain 'result' key.","steps":[],"attachments":[{"uid":"884a1b1b63535af6","name":"log","source":"884a1b1b63535af6.txt","type":"text/plain","size":210443}],"parameters":[],"shouldDisplayMessage":true,"stepsCount":0,"attachmentsCount":1,"hasContent":true,"attachmentStep":false},"afterStages":[{"name":"save_node_logs_on_fail::0","time":{"start":1731630159015,"stop":1731630159017,"duration":2},"status":"passed","steps":[],"attachments":[],"parameters":[],"shouldDisplayMessage":false,"stepsCount":0,"attachmentsCount":0,"hasContent":false,"attachmentStep":false},{"name":"clear_open_nodes::0","time":{"start":1731630159017,"stop":1731630159036,"duration":19},"status":"passed","steps":[],"attachments":[],"parameters":[],"shouldDisplayMessage":false,"stepsCount":0,"attachmentsCount":0,"hasContent":false,"attachmentStep":false},{"name":"set_allure_env_variables::0","time":{"start":1731631397983,"stop":1731631397983,"duration":0},"status":"passed","steps":[],"attachments":[],"parameters":[],"shouldDisplayMessage":false,"stepsCount":0,"attachmentsCount":0,"hasContent":false,"attachmentStep":false}],"labels":[{"name":"tag","value":"flaky(reruns=2)"},{"name":"tag","value":"@pytest.mark.usefixtures('start_1_node')"},{"name":"parentSuite","value":"tests"},{"name":"suite","value":"test_community_messages"},{"name":"subSuite","value":"TestCommunityMessages"},{"name":"host","value":"fv-az1986-134"},{"name":"thread","value":"60975-MainThread"},{"name":"framework","value":"pytest"},{"name":"language","value":"cpython3"},{"name":"package","value":"tests.test_community_messages"},{"name":"resultFormat","value":"allure2"}],"parameters":[],"links":[],"hidden":false,"retry":false,"extra":{"severity":"normal","retries":[{"uid":"302c26c7b6b5e50e","status":"failed","statusDetails":"AssertionError: Response does not contain 'result' key.","time":{"start":1731630088829,"stop":1731630119543,"duration":30714}},{"uid":"417e2a773a93137b","status":"failed","statusDetails":"AssertionError: Response does not contain 'result' key.","time":{"start":1731630050237,"stop":1731630080926,"duration":30689}}],"categories":[{"name":"Product defects","matchedStatuses":[],"flaky":false}],"history":{"statistic":{"failed":26,"broken":6,"skipped":0,"passed":5,"unknown":0,"total":37},"items":[{"uid":"cc2e20f00012a3fa","reportUrl":"https://status-im.github.io/status-cli-tests/274//#testresult/cc2e20f00012a3fa","status":"failed","statusDetails":"AssertionError: Response does not contain 'result' key.","time":{"start":1731543655109,"stop":1731543685726,"duration":30617}},{"uid":"1c1bcf619591c457","reportUrl":"https://status-im.github.io/status-cli-tests/273//#testresult/1c1bcf619591c457","status":"broken","statusDetails":"RuntimeError: Request to http://127.0.0.1:13850 usig method wakuext_fetchCommunity timed out after 10 seconds. Node: first_node","time":{"start":1731457344208,"stop":1731457380506,"duration":36298}},{"uid":"97428f1c54a62e6","reportUrl":"https://status-im.github.io/status-cli-tests/272//#testresult/97428f1c54a62e6","status":"passed","time":{"start":1731370932035,"stop":1731370987536,"duration":55501}},{"uid":"cb885720573c9c44","reportUrl":"https://status-im.github.io/status-cli-tests/271//#testresult/cb885720573c9c44","status":"broken","statusDetails":"RuntimeError: Request to http://127.0.0.1:24067 usig method wakuext_fetchCommunity timed out after 10 seconds. Node: first_node","time":{"start":1731284536323,"stop":1731284572609,"duration":36286}},{"uid":"d8412ceb1f429e3c","reportUrl":"https://status-im.github.io/status-cli-tests/270//#testresult/d8412ceb1f429e3c","status":"broken","statusDetails":"RuntimeError: Request to http://127.0.0.1:33220 usig method wakuext_fetchCommunity timed out after 10 seconds. Node: first_node","time":{"start":1731198178513,"stop":1731198214813,"duration":36300}},{"uid":"9f5ef7461517ee59","reportUrl":"https://status-im.github.io/status-cli-tests/269//#testresult/9f5ef7461517ee59","status":"failed","statusDetails":"AssertionError: Response does not contain 'result' key.","time":{"start":1731111718040,"stop":1731111762017,"duration":43977}},{"uid":"1d0a69aede497e9a","reportUrl":"https://status-im.github.io/status-cli-tests/268//#testresult/1d0a69aede497e9a","status":"failed","statusDetails":"AssertionError: Response does not contain 'result' key.","time":{"start":1731025338668,"stop":1731025381065,"duration":42397}},{"uid":"35ed4d7e59b14ffb","reportUrl":"https://status-im.github.io/status-cli-tests/267//#testresult/35ed4d7e59b14ffb","status":"failed","statusDetails":"AssertionError: Response does not contain 'result' key.","time":{"start":1730938939547,"stop":1730938991624,"duration":52077}},{"uid":"38ead5cbf64aa0bb","reportUrl":"https://status-im.github.io/status-cli-tests/266//#testresult/38ead5cbf64aa0bb","status":"broken","statusDetails":"RuntimeError: Request to http://127.0.0.1:11375 usig method wakuext_fetchCommunity timed out after 10 seconds. Node: first_node","time":{"start":1730852549333,"stop":1730852585634,"duration":36301}},{"uid":"643c70035b898431","reportUrl":"https://status-im.github.io/status-cli-tests/265//#testresult/643c70035b898431","status":"failed","statusDetails":"AssertionError: Response does not contain 'result' key.","time":{"start":1730766168487,"stop":1730766211444,"duration":42957}},{"uid":"90088f03d389e0a9","reportUrl":"https://status-im.github.io/status-cli-tests/264//#testresult/90088f03d389e0a9","status":"failed","statusDetails":"AssertionError: Response does not contain 'result' key.","time":{"start":1730679749534,"stop":1730679771280,"duration":21746}},{"uid":"a775ef2de7f31c13","reportUrl":"https://status-im.github.io/status-cli-tests/263//#testresult/a775ef2de7f31c13","status":"failed","statusDetails":"AssertionError: Response does not contain 'result' key.","time":{"start":1730593414419,"stop":1730593447680,"duration":33261}},{"uid":"c3f21941d81ff3f","reportUrl":"https://status-im.github.io/status-cli-tests/262//#testresult/c3f21941d81ff3f","status":"failed","statusDetails":"AssertionError: Response does not contain 'result' key.","time":{"start":1730506936608,"stop":1730506967378,"duration":30770}},{"uid":"cc969d2e1ee5774c","reportUrl":"https://status-im.github.io/status-cli-tests/261//#testresult/cc969d2e1ee5774c","status":"broken","statusDetails":"RuntimeError: Request to http://127.0.0.1:58949 usig method wakuext_fetchCommunity timed out after 10 seconds. Node: first_node","time":{"start":1730420568050,"stop":1730420604342,"duration":36292}},{"uid":"271a443e430894d3","reportUrl":"https://status-im.github.io/status-cli-tests/260//#testresult/271a443e430894d3","status":"broken","statusDetails":"RuntimeError: Request to http://127.0.0.1:17952 usig method wakuext_fetchCommunity timed out after 10 seconds. Node: first_node","time":{"start":1730334158409,"stop":1730334194706,"duration":36297}},{"uid":"7875c250ed47724b","reportUrl":"https://status-im.github.io/status-cli-tests/259//#testresult/7875c250ed47724b","status":"failed","statusDetails":"AssertionError: Response does not contain 'result' key.","time":{"start":1730247702343,"stop":1730247731121,"duration":28778}},{"uid":"ab87ba361b80440c","reportUrl":"https://status-im.github.io/status-cli-tests/258//#testresult/ab87ba361b80440c","status":"failed","statusDetails":"AssertionError: Response does not contain 'result' key.","time":{"start":1730161273952,"stop":1730161305197,"duration":31245}},{"uid":"2f098506081c03b0","reportUrl":"https://status-im.github.io/status-cli-tests/257//#testresult/2f098506081c03b0","status":"failed","statusDetails":"AssertionError: Response does not contain 'result' key.","time":{"start":1730074891123,"stop":1730074912256,"duration":21133}},{"uid":"be37d579c70ef257","reportUrl":"https://status-im.github.io/status-cli-tests/256//#testresult/be37d579c70ef257","status":"failed","statusDetails":"AssertionError: Response does not contain 'result' key.","time":{"start":1729988523574,"stop":1729988554780,"duration":31206}},{"uid":"ae1f12717b675a14","reportUrl":"https://status-im.github.io/status-cli-tests/255//#testresult/ae1f12717b675a14","status":"failed","statusDetails":"AssertionError: Response does not contain 'result' key.","time":{"start":1729902071359,"stop":1729902092421,"duration":21062}}]},"tags":["@pytest.mark.usefixtures('start_1_node')","flaky(reruns=2)"]},"source":"7f6880054eb37bac.json","parameterValues":[]}