{"uid":"ad386da1edc9730a","name":"test_community_messages_baseline","fullName":"tests.test_community_messages.TestCommunityMessages#test_community_messages_baseline","historyId":"f81ba855c3f5610f48a9dff9cb031738","time":{"start":1732234700505,"stop":1732234732629,"duration":32124},"status":"failed","statusMessage":"AssertionError: Response does not contain 'result' key.","statusTrace":"tests/test_community_messages.py:30: in test_community_messages_baseline\n    timestamp, message_id = self.send_with_timestamp(sending_node.send_community_chat_message, message_chat_id, message)\nsrc/steps/common.py:79: in send_with_timestamp\n    response = send_method(id, message)\nsrc/node/status_node.py:205: in send_community_chat_message\n    return self.api.send_rpc_request(\"wakuext_sendChatMessage\", params)\n/opt/hostedtoolcache/Python/3.12.7/x64/lib/python3.12/site-packages/tenacity/__init__.py:289: in wrapped_f\n    return self(f, *args, **kw)\n/opt/hostedtoolcache/Python/3.12.7/x64/lib/python3.12/site-packages/tenacity/__init__.py:379: in __call__\n    do = self.iter(retry_state=retry_state)\n/opt/hostedtoolcache/Python/3.12.7/x64/lib/python3.12/site-packages/tenacity/__init__.py:325: in iter\n    raise retry_exc.reraise()\n/opt/hostedtoolcache/Python/3.12.7/x64/lib/python3.12/site-packages/tenacity/__init__.py:158: in reraise\n    raise self.last_attempt.result()\n/opt/hostedtoolcache/Python/3.12.7/x64/lib/python3.12/concurrent/futures/_base.py:449: in result\n    return self.__get_result()\n/opt/hostedtoolcache/Python/3.12.7/x64/lib/python3.12/concurrent/futures/_base.py:401: in __get_result\n    raise self._exception\n/opt/hostedtoolcache/Python/3.12.7/x64/lib/python3.12/site-packages/tenacity/__init__.py:382: in __call__\n    result = fn(*args, **kwargs)\nsrc/node/rpc_client.py:27: in send_rpc_request\n    assert \"result\" in response.json(), \"Response does not contain 'result' key.\"\nE   AssertionError: Response does not contain 'result' key.","flaky":false,"newFailed":false,"newBroken":false,"newPassed":false,"retriesCount":2,"retriesStatusChange":false,"beforeStages":[{"name":"set_allure_env_variables","time":{"start":1732234607743,"stop":1732234607743,"duration":0},"status":"passed","steps":[],"attachments":[],"parameters":[],"shouldDisplayMessage":false,"stepsCount":0,"attachmentsCount":0,"hasContent":false,"attachmentStep":false},{"name":"clear_open_nodes","time":{"start":1732234692696,"stop":1732234692696,"duration":0},"status":"passed","steps":[],"attachments":[],"parameters":[],"shouldDisplayMessage":false,"stepsCount":0,"attachmentsCount":0,"hasContent":false,"attachmentStep":false},{"name":"save_node_logs_on_fail","time":{"start":1732234692696,"stop":1732234692696,"duration":0},"status":"passed","steps":[],"attachments":[],"parameters":[],"shouldDisplayMessage":false,"stepsCount":0,"attachmentsCount":0,"hasContent":false,"attachmentStep":false},{"name":"start_1_node","time":{"start":1732234692696,"stop":1732234700505,"duration":7809},"status":"passed","steps":[],"attachments":[],"parameters":[],"shouldDisplayMessage":false,"stepsCount":0,"attachmentsCount":0,"hasContent":false,"attachmentStep":false}],"testStage":{"status":"failed","statusMessage":"AssertionError: Response does not contain 'result' key.","statusTrace":"tests/test_community_messages.py:30: in test_community_messages_baseline\n    timestamp, message_id = self.send_with_timestamp(sending_node.send_community_chat_message, message_chat_id, message)\nsrc/steps/common.py:79: in send_with_timestamp\n    response = send_method(id, message)\nsrc/node/status_node.py:205: in send_community_chat_message\n    return self.api.send_rpc_request(\"wakuext_sendChatMessage\", params)\n/opt/hostedtoolcache/Python/3.12.7/x64/lib/python3.12/site-packages/tenacity/__init__.py:289: in wrapped_f\n    return self(f, *args, **kw)\n/opt/hostedtoolcache/Python/3.12.7/x64/lib/python3.12/site-packages/tenacity/__init__.py:379: in __call__\n    do = self.iter(retry_state=retry_state)\n/opt/hostedtoolcache/Python/3.12.7/x64/lib/python3.12/site-packages/tenacity/__init__.py:325: in iter\n    raise retry_exc.reraise()\n/opt/hostedtoolcache/Python/3.12.7/x64/lib/python3.12/site-packages/tenacity/__init__.py:158: in reraise\n    raise self.last_attempt.result()\n/opt/hostedtoolcache/Python/3.12.7/x64/lib/python3.12/concurrent/futures/_base.py:449: in result\n    return self.__get_result()\n/opt/hostedtoolcache/Python/3.12.7/x64/lib/python3.12/concurrent/futures/_base.py:401: in __get_result\n    raise self._exception\n/opt/hostedtoolcache/Python/3.12.7/x64/lib/python3.12/site-packages/tenacity/__init__.py:382: in __call__\n    result = fn(*args, **kwargs)\nsrc/node/rpc_client.py:27: in send_rpc_request\n    assert \"result\" in response.json(), \"Response does not contain 'result' key.\"\nE   AssertionError: Response does not contain 'result' key.","steps":[],"attachments":[{"uid":"66aec112756d2d4f","name":"log","source":"66aec112756d2d4f.txt","type":"text/plain","size":277098}],"parameters":[],"shouldDisplayMessage":true,"stepsCount":0,"attachmentsCount":1,"hasContent":true,"attachmentStep":false},"afterStages":[{"name":"save_node_logs_on_fail::0","time":{"start":1732234732675,"stop":1732234732677,"duration":2},"status":"passed","steps":[],"attachments":[],"parameters":[],"shouldDisplayMessage":false,"stepsCount":0,"attachmentsCount":0,"hasContent":false,"attachmentStep":false},{"name":"clear_open_nodes::0","time":{"start":1732234732677,"stop":1732234732725,"duration":48},"status":"passed","steps":[],"attachments":[],"parameters":[],"shouldDisplayMessage":false,"stepsCount":0,"attachmentsCount":0,"hasContent":false,"attachmentStep":false},{"name":"set_allure_env_variables::0","time":{"start":1732236746013,"stop":1732236746013,"duration":0},"status":"passed","steps":[],"attachments":[],"parameters":[],"shouldDisplayMessage":false,"stepsCount":0,"attachmentsCount":0,"hasContent":false,"attachmentStep":false}],"labels":[{"name":"tag","value":"flaky(reruns=2)"},{"name":"tag","value":"@pytest.mark.usefixtures('start_1_node')"},{"name":"parentSuite","value":"tests"},{"name":"suite","value":"test_community_messages"},{"name":"subSuite","value":"TestCommunityMessages"},{"name":"host","value":"fv-az1144-688"},{"name":"thread","value":"60914-MainThread"},{"name":"framework","value":"pytest"},{"name":"language","value":"cpython3"},{"name":"package","value":"tests.test_community_messages"},{"name":"resultFormat","value":"allure2"}],"parameters":[],"links":[],"hidden":false,"retry":false,"extra":{"severity":"normal","retries":[{"uid":"f987d1f2b0dafb5d","status":"failed","statusDetails":"AssertionError: Response does not contain 'result' key.","time":{"start":1732234660105,"stop":1732234692584,"duration":32479}},{"uid":"60eac9d9d1083ff1","status":"failed","statusDetails":"AssertionError: Response does not contain 'result' key.","time":{"start":1732234616156,"stop":1732234652199,"duration":36043}}],"categories":[{"name":"Product defects","matchedStatuses":[],"flaky":false}],"history":{"statistic":{"failed":27,"broken":13,"skipped":0,"passed":4,"unknown":0,"total":44},"items":[{"uid":"49225e42b6adda5c","reportUrl":"https://status-im.github.io/status-cli-tests/281//#testresult/49225e42b6adda5c","status":"failed","statusDetails":"AssertionError: Response does not contain 'result' key.","time":{"start":1732148298501,"stop":1732148320488,"duration":21987}},{"uid":"cfa8b002fd447381","reportUrl":"https://status-im.github.io/status-cli-tests/280//#testresult/cfa8b002fd447381","status":"failed","statusDetails":"AssertionError: Response does not contain 'result' key.","time":{"start":1732061909999,"stop":1732061941906,"duration":31907}},{"uid":"2d1dbbe8705f17d9","reportUrl":"https://status-im.github.io/status-cli-tests/279//#testresult/2d1dbbe8705f17d9","status":"failed","statusDetails":"AssertionError: Response does not contain 'result' key.","time":{"start":1731975503097,"stop":1731975534865,"duration":31768}},{"uid":"ab0fa8c475c08ad2","reportUrl":"https://status-im.github.io/status-cli-tests/278//#testresult/ab0fa8c475c08ad2","status":"failed","statusDetails":"AssertionError: Response does not contain 'result' key.","time":{"start":1731889111002,"stop":1731889142817,"duration":31815}},{"uid":"feaa600e198b2fa4","reportUrl":"https://status-im.github.io/status-cli-tests/277//#testresult/feaa600e198b2fa4","status":"failed","statusDetails":"AssertionError: Response does not contain 'result' key.","time":{"start":1731802736274,"stop":1731802767928,"duration":31654}},{"uid":"d34b76b2f8c02869","reportUrl":"https://status-im.github.io/status-cli-tests/276//#testresult/d34b76b2f8c02869","status":"failed","statusDetails":"AssertionError: Response does not contain 'result' key.","time":{"start":1731716306015,"stop":1731716337727,"duration":31712}},{"uid":"5446d1667775d039","reportUrl":"https://status-im.github.io/status-cli-tests/275//#testresult/5446d1667775d039","status":"failed","statusDetails":"AssertionError: Response does not contain 'result' key.","time":{"start":1731629893610,"stop":1731629925319,"duration":31709}},{"uid":"8544c2e79d061289","reportUrl":"https://status-im.github.io/status-cli-tests/274//#testresult/8544c2e79d061289","status":"passed","time":{"start":1731543384326,"stop":1731543454565,"duration":70239}},{"uid":"7170a588e9758c19","reportUrl":"https://status-im.github.io/status-cli-tests/273//#testresult/7170a588e9758c19","status":"broken","statusDetails":"RuntimeError: Request to http://127.0.0.1:63026 usig method wakuext_fetchCommunity timed out after 10 seconds. Node: first_node","time":{"start":1731457078077,"stop":1731457114376,"duration":36299}},{"uid":"ba59217e203f75ab","reportUrl":"https://status-im.github.io/status-cli-tests/272//#testresult/ba59217e203f75ab","status":"broken","statusDetails":"RuntimeError: Request to http://127.0.0.1:27773 usig method wakuext_fetchCommunity timed out after 10 seconds. Node: first_node","time":{"start":1731370665879,"stop":1731370702163,"duration":36284}},{"uid":"8480b97ff4d5a400","reportUrl":"https://status-im.github.io/status-cli-tests/271//#testresult/8480b97ff4d5a400","status":"broken","statusDetails":"RuntimeError: Request to http://127.0.0.1:48567 usig method wakuext_fetchCommunity timed out after 10 seconds. Node: first_node","time":{"start":1731284270274,"stop":1731284306566,"duration":36292}},{"uid":"5d5298c59ed45c0d","reportUrl":"https://status-im.github.io/status-cli-tests/270//#testresult/5d5298c59ed45c0d","status":"broken","statusDetails":"RuntimeError: Request to http://127.0.0.1:44208 usig method wakuext_fetchCommunity timed out after 10 seconds. Node: first_node","time":{"start":1731197912269,"stop":1731197948564,"duration":36295}},{"uid":"c592636930a3761d","reportUrl":"https://status-im.github.io/status-cli-tests/269//#testresult/c592636930a3761d","status":"broken","statusDetails":"RuntimeError: Request to http://127.0.0.1:5306 usig method wakuext_fetchCommunity timed out after 10 seconds. Node: first_node","time":{"start":1731111451919,"stop":1731111488211,"duration":36292}},{"uid":"6f39d5751330f8cc","reportUrl":"https://status-im.github.io/status-cli-tests/268//#testresult/6f39d5751330f8cc","status":"broken","statusDetails":"RuntimeError: Request to http://127.0.0.1:46812 usig method wakuext_fetchCommunity timed out after 10 seconds. Node: first_node","time":{"start":1731025072549,"stop":1731025108847,"duration":36298}},{"uid":"9e717c19a0286fce","reportUrl":"https://status-im.github.io/status-cli-tests/267//#testresult/9e717c19a0286fce","status":"broken","statusDetails":"RuntimeError: Request to http://127.0.0.1:25428 usig method wakuext_fetchCommunity timed out after 10 seconds. Node: first_node","time":{"start":1730938673424,"stop":1730938709716,"duration":36292}},{"uid":"7ad08aa3a5264229","reportUrl":"https://status-im.github.io/status-cli-tests/266//#testresult/7ad08aa3a5264229","status":"broken","statusDetails":"RuntimeError: Request to http://127.0.0.1:62392 usig method wakuext_fetchCommunity timed out after 10 seconds. Node: first_node","time":{"start":1730852269050,"stop":1730852305348,"duration":36298}},{"uid":"99671ec29a6f2706","reportUrl":"https://status-im.github.io/status-cli-tests/265//#testresult/99671ec29a6f2706","status":"broken","statusDetails":"RuntimeError: Request to http://127.0.0.1:38704 usig method wakuext_fetchCommunity timed out after 10 seconds. Node: first_node","time":{"start":1730765869494,"stop":1730765905791,"duration":36297}},{"uid":"6808409c9af5677e","reportUrl":"https://status-im.github.io/status-cli-tests/264//#testresult/6808409c9af5677e","status":"broken","statusDetails":"RuntimeError: Request to http://127.0.0.1:46318 usig method wakuext_fetchCommunity timed out after 10 seconds. Node: first_node","time":{"start":1730679489623,"stop":1730679525928,"duration":36305}},{"uid":"5639c00c106f1d3a","reportUrl":"https://status-im.github.io/status-cli-tests/263//#testresult/5639c00c106f1d3a","status":"broken","statusDetails":"RuntimeError: Request to http://127.0.0.1:13500 usig method wakuext_fetchCommunity timed out after 10 seconds. Node: first_node","time":{"start":1730593135678,"stop":1730593171984,"duration":36306}},{"uid":"c39ec200a846e280","reportUrl":"https://status-im.github.io/status-cli-tests/262//#testresult/c39ec200a846e280","status":"broken","statusDetails":"RuntimeError: Request to http://127.0.0.1:64927 usig method wakuext_fetchCommunity timed out after 10 seconds. Node: first_node","time":{"start":1730506662984,"stop":1730506699280,"duration":36296}}]},"tags":["@pytest.mark.usefixtures('start_1_node')","flaky(reruns=2)"]},"source":"ad386da1edc9730a.json","parameterValues":[]}